8.516008743151184390e+00
8.299994333878752073e+00
8.268379987174968804e+00
8.284003650066869895e+00
8.543458630106167462e+00
9.019051182204590233e+00
9.406881398795935212e+00
9.649407945180367818e+00
9.611979308815756795e+00
9.722074468685489634e+00
9.862616601082248025e+00
9.925648017281710977e+00
1.005382655934524827e+01
1.016565927035067674e+01
1.007171747207617862e+01
1.007865037607458447e+01
1.012615302670722350e+01
1.026922126945235014e+01
1.023842554161253382e+01
1.007252471847822051e+01
1.017617854446702275e+01
1.030787695240780266e+01
1.032597896967486406e+01
1.032340640793024811e+01
1.027175931826710098e+01
1.025104152064805874e+01
1.024885383501769809e+01
1.018434050944021330e+01
1.004347627045729219e+01
9.856939168640749926e+00
9.669543753940162745e+00
9.628951007376201687e+00
9.465819293084264174e+00
9.346839649430965125e+00
9.091533788851275943e+00
8.856119077578686216e+00
8.714941961112169011e+00
8.488876987081535930e+00
8.368575427435347436e+00
8.991424434080593997e+00
9.218330587251456265e+00
9.045927541336446609e+00
8.935114239653369594e+00
9.218043406917614035e+00
9.309734833207947702e+00
9.375501290873513582e+00
9.243046189200839535e+00
9.115458419793311506e+00
8.980002504472503588e+00
8.875068569835995902e+00
8.744479656339768425e+00
8.642697182179190918e+00
8.769058806665126937e+00
8.881169452665957920e+00
8.837462210119307215e+00
8.974634374808269754e+00
9.237092839046447068e+00
9.349515782835238653e+00
9.298778424096134643e+00
9.301779239203138872e+00
9.318319325566006839e+00
9.424687638135811341e+00
9.650609536866992855e+00
9.481125042507574818e+00
9.283611700036695780e+00
9.240671686849164956e+00
9.271965003852809417e+00
9.233353899733666381e+00
9.169678198682472470e+00
9.077333308901689435e+00
9.115833964606617101e+00
9.108514145023598019e+00
9.044100660656328117e+00
8.969255860466844865e+00
8.825994704427095883e+00
8.810238051989925268e+00
8.722320199131504026e+00
8.519966962441131386e+00
8.625218311989431896e+00
8.558796798611782108e+00
8.554057360405403543e+00
8.522673585475789793e+00
8.377551424476713748e+00
8.265327192621251484e+00
8.178463788804696932e+00
8.484740450531807809e+00
8.259125189786377774e+00
7.802557922801528711e+00
7.670842075879858335e+00
7.655337850077630790e+00
7.711616301336073676e+00
7.468617436689758193e+00
7.243299569360976520e+00
7.266925798673300463e+00
7.324929589584951550e+00
6.851984193382881116e+00
6.569371918186309500e+00
6.127325185633726079e+00
5.944510188649156923e+00
5.700902924619533962e+00
5.403270633133406164e+00
5.642797907698922089e+00
5.810575226347999944e+00
5.908961890673526618e+00
6.216893478862955291e+00
6.351127003820643324e+00
6.472701897799440829e+00
6.632976237207134140e+00
6.659501707726545483e+00
6.759213141357779620e+00
6.682753710347285825e+00
6.635170164157881523e+00
6.836080782774324405e+00
6.955264651141463972e+00
6.963451434502579751e+00
7.280098166387699798e+00
7.730715701389997641e+00
7.509596793445522778e+00
7.580331662479099286e+00
7.669688161012273575e+00
7.645248867254617053e+00
7.579959063175573775e+00
7.581552966557474349e+00
7.519316969029791409e+00
7.462630550729809187e+00
7.421832276739132261e+00
7.557267680865074944e+00
7.591863245178849695e+00
7.730199784770519500e+00
7.530061077015741233e+00
7.471300015451930676e+00
7.395462234555504111e+00
7.130001006581956347e+00
7.164009710978284318e+00
7.032855623517013655e+00
6.908764043556281820e+00
6.718704351507041039e+00
6.737736171906581362e+00
6.869605010507041420e+00
6.580369744092656070e+00
6.292808916045719236e+00
6.109126383522289316e+00
5.663801473078970972e+00
5.255000656319241514e+00
5.352009588741204027e+00
5.555584088722753222e+00
5.806601205916480879e+00
5.413168916562410615e+00
4.953553381420300994e+00
4.619933784046795999e+00
4.220961372437654013e+00
3.863766329507636321e+00
3.865873138227763128e+00
3.733231807527820578e+00
3.512924163213636319e+00
3.528771392471358403e+00
3.732849944205052672e+00
4.172058518506159608e+00
4.468701273283091524e+00
4.480733674780029041e+00
4.504058422552541074e+00
4.502911813560015020e+00
4.806359521745761754e+00
5.150082541207195774e+00
5.284646385497001830e+00
5.497988918171202499e+00
5.426873165231659968e+00
5.601423510366394964e+00
5.685702761540348149e+00
5.751696157075202542e+00
5.847463916583558685e+00
5.880981897348807941e+00
5.842784345072019825e+00
5.938339793017672008e+00
5.999894845422081957e+00
5.989001358303308820e+00
6.168774323946161431e+00
6.514593081492190407e+00
6.524300355185722822e+00
6.510612894571902842e+00
6.592111389301955171e+00
6.556576728072045945e+00
6.467114346442492945e+00
6.538354376824453418e+00
6.500561651268641938e+00
6.213311294122973116e+00
6.048640994560959605e+00
6.004069400663071931e+00
5.954967500020860172e+00
5.902155879221684387e+00
5.617730815825975554e+00
5.403697222245579468e+00
5.333702623890507866e+00
5.132834432577766393e+00
5.276980027052694311e+00
4.835258946036864458e+00
5.272024914360944337e+00
5.687051299182123820e+00
5.415654492966559985e+00
4.965817973210153724e+00
4.605994395990212098e+00
4.147463685903798769e+00
3.856635582306526366e+00
3.394293114873599748e+00
3.667182465803901614e+00
3.377416126396022733e+00
3.828649908581632566e+00
3.940919670080510251e+00
3.768980897290776788e+00
4.051030029463206006e+00
4.151505694413742731e+00
4.681059850269273070e+00
4.739425449505898946e+00
4.812214014471862811e+00
4.810517826497511251e+00
4.826985997568186804e+00
5.462537969065676791e+00
5.863531906958524331e+00
5.954428353745439217e+00
5.880921092668046413e+00
5.911048149358388848e+00
5.955434541256956926e+00
5.976178247543506572e+00
5.870188923651225466e+00
5.823203106814954566e+00
5.963299834975645197e+00
6.002378730934848861e+00
5.956206276699890445e+00
5.987691873950991450e+00
6.295379658079099272e+00
6.920960021143391927e+00
7.561357768645666333e+00
7.838907941731690698e+00
7.771772274901579181e+00
7.542882732776360122e+00
7.547928940795331165e+00
7.533688747011824560e+00
7.726971190331172856e+00
7.755586515145290960e+00
7.716747687439871939e+00
7.587620338555756128e+00
7.667385919213593581e+00
7.769913208574378949e+00
8.061183833210208149e+00
9.024930965297434327e+00
9.549936413618915765e+00
9.317736550792419692e+00
9.183324940040304085e+00
8.990802340293008399e+00
8.768464883192358172e+00
8.482339154281824278e+00
7.970630061525326049e+00
7.626383110265960497e+00
7.261205356389526244e+00
6.810452622882868567e+00
6.620218896717786627e+00
6.651196637364489739e+00
6.409166809672502296e+00
6.032078722954361538e+00
6.068876578738676031e+00
6.093388789427903518e+00
5.623697945827176525e+00
5.754407355319680839e+00
6.091834938174302216e+00
6.529286399248534600e+00
6.796582730216735868e+00
6.938288701814063764e+00
7.269554734980314237e+00
7.308109145835429032e+00
7.575996782188500589e+00
7.627363194820093284e+00
7.556229692102069073e+00
7.672966852831956786e+00
8.131986381036144351e+00
8.599227300219160597e+00
8.652486516399509497e+00
8.641402670727211799e+00
8.722048074655592842e+00
8.757492151857555029e+00
8.687277682267001921e+00
8.639179589996079045e+00
8.584984892821056590e+00
8.655182785193590078e+00
8.837823598389626056e+00
8.837195433435743652e+00
8.688861399120478168e+00
8.717243489683099256e+00
8.691064358874822204e+00
8.591632836696208031e+00
8.547387752248113202e+00
8.466027571656530526e+00
8.192806382328800652e+00
8.313269723821955282e+00
8.404313166440994465e+00
8.473818448254320401e+00
8.412255774514715512e+00
8.409598026161862805e+00
8.573663555963294769e+00
8.430702580502934751e+00
7.891559548084397413e+00
7.506056153018961119e+00
7.423628715315160775e+00
7.307249157621506619e+00
7.168535474009526176e+00
6.957593190037261621e+00
6.568448595919436528e+00
6.091774557001228274e+00
5.762586689277586771e+00
5.921896783192799774e+00
6.121196075984566498e+00
6.228704871322692682e+00
6.427642864595672023e+00
6.482564614024418859e+00
6.734997832373050386e+00
6.851316196914072343e+00
6.976938169737772810e+00
7.058409570565825852e+00
7.143914183465224887e+00
7.066901628497289423e+00
6.944214524161607116e+00
6.981115983149567938e+00
6.979957127047760501e+00
6.954843196757273915e+00
6.880831404667947737e+00
6.884170810946972807e+00
6.724356250044325023e+00
6.752287019177476424e+00
6.841048485133612189e+00
6.896102988205269568e+00
6.887624126504320543e+00
6.902771313407488840e+00
6.914624052736521698e+00
6.896618079124595901e+00
6.767438487211568265e+00
6.490340613885611454e+00
6.480644807834469390e+00
6.280982805179311512e+00
6.057584975901725066e+00
6.002516600109370160e+00
5.846555495504853539e+00
5.892183815628969867e+00
5.896777358216418463e+00
5.614416441887694731e+00
5.395525640002397871e+00
5.483522959096690741e+00
5.360296453842170905e+00
5.128586934391981877e+00
4.651383194559958412e+00
4.443070111503293340e+00
4.149985972456306627e+00
3.815342069126220537e+00
3.578319232256892413e+00
2.902639911269681683e+00
2.380461353089598830e+00
2.191612640389271505e+00
2.046916267083117802e+00
2.192663221186132105e+00
2.727320156589790656e+00
2.623847251481429943e+00
2.274820879634416038e+00
1.729892700189356702e+00
1.885654774521531074e+00
2.797094385374744085e+00
3.209820774800862253e+00
3.705675725285938249e+00
4.132114814324542529e+00
5.259993164551207911e+00
5.878063193494252658e+00
6.076217248106931201e+00
6.109798418621254612e+00
6.221524014671681257e+00
6.226716060790980833e+00
6.181236058498994268e+00
6.470918929741555914e+00
7.038758320084358644e+00
7.089935201604488313e+00
7.108562138872649427e+00
7.107547881983679261e+00
7.241322565497883446e+00
7.259006650887463330e+00
7.235625856691918045e+00
7.209854653847491690e+00
7.293619853341492210e+00
7.772294103823519151e+00
9.412762524751901339e+00
9.445682810638196258e+00
9.431771423723228409e+00
9.749388229555840724e+00
1.000795965298412504e+01
9.977675145858173167e+00
9.665161918558958121e+00
9.758108604405329345e+00
9.968392564195022842e+00
9.916156349493656208e+00
9.860247832165612181e+00
1.004030193148104289e+01
1.011550648518948847e+01
1.006335492115113261e+01
9.953266008220598593e+00
1.004070697633853726e+01
1.009380679918387180e+01
1.000559861242596682e+01
9.790183880440689990e+00
9.789544723890374556e+00
9.542425821520710727e+00
9.444244474122495348e+00
9.465749985983338277e+00
9.295288291069677911e+00
9.127575192774921575e+00
9.069759752638177019e+00
8.845319986499232456e+00
8.584196271084417518e+00
8.361910252714384484e+00
8.287621586889128977e+00
7.998629758363843045e+00
8.049929574544460564e+00
7.855579138534050543e+00
8.214609597350332137e+00
8.145395081140543780e+00
8.290633103605468790e+00
8.425500193948334271e+00
8.520864489365845174e+00
8.611012355750659708e+00
8.628638311601472211e+00
8.421304821435233734e+00
8.434127030708872041e+00
8.432213559049801077e+00
8.478306548924738451e+00
8.527167817786603266e+00
8.679666799772391528e+00
8.641518950251143139e+00
8.707848086649979891e+00
8.778545927890819556e+00
8.689138416590363789e+00
8.657781471149526453e+00
8.680525342273238465e+00
8.603546542440700051e+00
8.616124408309325133e+00
8.575555042054775257e+00
8.728515487858675925e+00
8.890863250957776742e+00
8.847653681992710517e+00
8.853649695871153469e+00
9.098586481426606198e+00
9.204721950637885897e+00
9.177339471312627950e+00
8.817196475478748852e+00
8.791295092892367435e+00
8.885233851299171093e+00
9.121678247601083811e+00
9.185074789524094285e+00
9.482908464025346262e+00
9.652993127824355923e+00
9.592700099987940376e+00
9.323866748538092608e+00
9.372134539864013902e+00
9.107553931444027029e+00
8.685273396864348072e+00
8.333317534793117431e+00
8.114515979371333287e+00
7.615978202279285902e+00
7.304222113582611087e+00
7.126959086204415428e+00
6.909783724461224352e+00
6.618001100925790858e+00
5.951656980848987644e+00
5.787685945067339688e+00
6.427837075087553309e+00
7.101575228001324902e+00
7.338900310078170897e+00
7.156600652252821604e+00
7.207720669326548979e+00
7.323203897808676643e+00
7.598679365849861256e+00
7.695437648386576512e+00
7.700693954589314494e+00
7.786231885664790298e+00
7.874843518969906420e+00
8.013677822620739022e+00
8.128680658924187341e+00
8.265268892123710742e+00
8.336049455948520759e+00
8.425137829072538054e+00
8.568453103411272309e+00
8.631803845952477516e+00
8.762230781256569401e+00
8.755309178853252661e+00
8.744572488499162688e+00
8.677642152913056961e+00
8.564801527270322623e+00
8.634626669651078501e+00
8.726822726392468255e+00
8.825976963517636165e+00
8.922986949342165630e+00
9.365230979602221950e+00
9.502638201978225396e+00
9.553779702060921863e+00
9.563833095073068336e+00
9.511079654122756466e+00
9.435208240100386945e+00
9.503677669678813444e+00
9.427232679045829400e+00
9.382181566244259585e+00
9.116342821257140017e+00
9.050134780520089350e+00
9.228362960332219700e+00
1.006409505202389099e+01
1.060377933846100440e+01
1.023841760892049813e+01
9.821039227608384437e+00
9.357485364488489665e+00
9.226449147681673679e+00
8.837199594639159272e+00
8.487630047652015008e+00
8.378991173299093376e+00
8.095087455537967713e+00
7.869506288174856756e+00
7.946467479275217016e+00
7.726650197759807881e+00
7.436721388442012248e+00
7.404912581946561545e+00
7.307625244616831495e+00
7.356562913808392778e+00
7.727410281180220331e+00
7.885106961578427942e+00
7.913780691185206884e+00
8.037699850496753839e+00
8.142279267388564890e+00
8.288397063914125340e+00
8.277436118796829945e+00
8.168720140857089973e+00
8.140910792370190663e+00
8.167211396629953768e+00
8.099933173141138809e+00
8.119022871964059362e+00
8.156459728780708573e+00
8.157238017993279300e+00
8.053912396170321841e+00
8.015154221524946720e+00
7.931154915692719243e+00
7.814322144828809158e+00
7.561778527455124355e+00
7.435305388374279012e+00
7.139851322292170011e+00
6.973300285121187159e+00
6.945744081422156491e+00
6.888888308493266166e+00
6.728275507400516275e+00
6.422661039174231590e+00
5.960196680904902067e+00
5.832434151175553971e+00
5.517756499867790154e+00
5.262267785270601905e+00
5.351610806893847716e+00
5.203895260915949450e+00
4.858783121420318984e+00
4.792917620700285930e+00
4.464918784894405412e+00
4.317734973784915553e+00
3.974372285929592685e+00
2.926472454720700611e+00
2.761344182638822531e+00
3.323593087611631525e+00
3.909765356051008389e+00
3.790974813793288156e+00
3.331372526598562978e+00
2.783474613526900399e+00
2.872682382428139114e+00
4.360308564888954130e+00
5.249377109744782999e+00
5.886145431201226685e+00
6.066104508461583222e+00
6.185701678349378341e+00
6.435579125012978352e+00
6.551813638114068361e+00
6.696620011832182584e+00
6.917858068983099074e+00
6.991987427993264781e+00
7.226205024972164992e+00
7.440043459456957997e+00
7.851919363341798075e+00
8.056472286935603577e+00
8.040853613629673546e+00
8.239380308767703553e+00
8.489153960560731349e+00
8.793704944837514859e+00
8.906502024478683666e+00
8.936861202775626012e+00
8.941840577835209913e+00
9.088958136925285203e+00
9.159667546289691487e+00
9.092041119422047402e+00
9.050623912497870904e+00
9.106691923493192675e+00
9.114763748255855447e+00
9.139818331758652548e+00
9.047887201486872755e+00
8.837718616917074499e+00
8.638972438169551182e+00
8.605286685566145621e+00
8.515245650957947277e+00
8.468336737638622935e+00
8.182489184445369546e+00
7.960001841799923206e+00
7.534973471096648723e+00
7.188032741486756194e+00
7.000835668652700683e+00
7.224778326509593285e+00
8.599560193397330465e+00
1.001551804553293046e+01
1.034750769984883689e+01
1.022816187991310244e+01
9.632058583299121679e+00
9.530622201989039866e+00
9.372276387410206411e+00
9.249322507661510429e+00
8.949067909590707970e+00
8.692072213353409182e+00
8.755004709283031872e+00
8.701529436221267844e+00
8.680512558034573445e+00
8.792098294428694061e+00
8.769253684357947165e+00
8.529311423073682619e+00
8.507372093879652653e+00
8.476792125012376999e+00
8.386540328301299141e+00
8.379629516240568066e+00
8.347839668736504848e+00
8.486568665788865928e+00
8.461507205432708290e+00
8.518854018887555668e+00
8.554553945226762934e+00
8.749640655485443119e+00
8.881065415924076945e+00
8.948925176932817749e+00
9.087013304780121814e+00
9.269275739220987020e+00
9.237038356005548678e+00
9.170349441697826620e+00
9.177145720663810735e+00
9.146827160299345394e+00
9.181624496095023957e+00
9.191936574082042455e+00
9.145135101323131011e+00
9.226851731333798767e+00
9.169586930331471208e+00
9.076504136941862200e+00
8.997416338192223861e+00
9.233973753751598679e+00
9.528913863744506330e+00
9.475208194923336436e+00
9.532816875529979583e+00
9.600913442215530225e+00
9.523977637160266241e+00
9.511878407041605143e+00
9.700365570116975533e+00
1.013380942806090701e+01
1.046562784585059802e+01
1.044462674417141912e+01
1.042682881632007152e+01
1.044694741624796919e+01
1.014174597400765343e+01
9.987152107144906310e+00
9.534491217547424569e+00
9.921771215355283502e+00
1.039165437450013307e+01
1.078631671596901143e+01
1.088615084370104746e+01
1.124360692865118772e+01
1.186644898625136157e+01
1.248165444136755298e+01
1.184138927159848897e+01
1.127150732375517173e+01
1.104542184184836628e+01
1.089156379264093921e+01
1.072363402848838376e+01
1.104480847409200628e+01
1.102783439393150466e+01
1.120804414204070198e+01
1.156668172623711044e+01
1.230411653522621229e+01
1.328713841249032868e+01
1.391606837661241869e+01
1.318738403180701901e+01
1.304048555726499359e+01
1.287786054162145177e+01
1.269786429705858311e+01
1.259231923339279113e+01
1.255555981841266799e+01
1.246724120248892653e+01
1.243930802761270016e+01
1.230671318545060089e+01
1.221743936455035318e+01
1.218569876083581960e+01
1.215049848132005472e+01
1.211264423416353786e+01
1.221126666073787170e+01
1.219009665522135322e+01
1.212950474169532100e+01
1.204190748835977232e+01
1.206543221098739949e+01
1.179351939280144279e+01
1.143513818170401208e+01
1.141869626829285345e+01
1.140352371467188242e+01
1.117703032043761269e+01
1.093917309663286019e+01
1.071180725737974626e+01
1.067286802313443594e+01
1.062051501432765122e+01
1.066172453718921354e+01
1.074510712049557171e+01
1.075598662802082472e+01
1.068716231518283699e+01
1.072167572619560616e+01
1.057194919675217548e+01
1.038052829711976699e+01
1.009401955237393445e+01
9.863860480708559919e+00
9.438193340442715851e+00
9.405719662174075069e+00
9.426180292753983281e+00
9.110974278582379071e+00
8.751822622457687828e+00
9.091397734830323429e+00
9.323846581723842064e+00
9.165766668713690279e+00
9.421045708971345078e+00
9.811972212214021383e+00
1.016724996399546299e+01
1.055957553479713695e+01
1.047121315551495435e+01
1.039062379853977092e+01
1.036736409489641808e+01
1.037165845424253519e+01
1.067676567854665848e+01
1.103907015672693426e+01
1.107158610322772851e+01
1.092431553904729213e+01
1.114769378701066849e+01
1.152619309730675212e+01
1.131037812377597973e+01
1.144443661303713178e+01
1.153739363305417953e+01
1.162211660459903051e+01
1.157046128382848948e+01
1.147393566480244509e+01
1.135703703469611625e+01
1.122591244121207943e+01
1.118532205566149429e+01
1.161482463259990183e+01
1.180974371001772560e+01
1.182744503858940988e+01
1.193387065007034309e+01
1.191153393667321758e+01
1.161368203807878530e+01
1.159949051866837522e+01
1.160607993902469381e+01
1.149106542166832234e+01
1.150325820434313862e+01
1.151515480102218092e+01
1.137453441510063712e+01
1.136547715862470120e+01
1.179421154138193728e+01
1.199314075919806477e+01
1.198599322274449541e+01
1.269549616063976849e+01
1.257900327892890502e+01
1.265391176397228534e+01
1.240975399208614682e+01
1.192909605708645060e+01
1.186968976908022100e+01
1.163157621826000288e+01
1.145528555353806688e+01
1.123144903562273988e+01
1.119268193798945177e+01
1.106568135965976829e+01
1.073572687055018982e+01
1.048786008576721684e+01
1.033993053337717605e+01
1.026635665834117361e+01
1.028440295720284681e+01
1.027360802485655888e+01
1.035269263719142074e+01
1.031285949620165177e+01
1.027098809288001213e+01
1.028594657165727710e+01
1.033251786086324842e+01
1.032461614817928997e+01
1.014127792891298085e+01
1.017398085688468434e+01
1.017840605645699981e+01
1.014366292324519847e+01
1.032069584821186758e+01
1.016181729696419644e+01
1.010797920219511781e+01
1.027772037217699008e+01
1.029463841298886173e+01
1.007260972688590783e+01
9.963499238392618196e+00
9.896564396435641342e+00
9.564617850571789148e+00
9.503877468457938349e+00
9.434846325848393889e+00
9.458487131252940827e+00
9.235066455925439399e+00
9.007896261972160090e+00
8.865927389134451886e+00
8.938647981923208974e+00
9.041242734283455817e+00
9.057000395807637716e+00
8.911521347519682834e+00
9.247447232689028240e+00
9.591021786810184580e+00
9.771944515683323118e+00
1.029075406378842317e+01
1.124019960420412190e+01
1.162731911646335270e+01
1.170887401517401294e+01
1.195924341993141837e+01
1.185361928887554939e+01
1.125663208614252575e+01
1.083030819859170535e+01
1.056588787950534680e+01
1.055813768301837996e+01
1.137954302261994677e+01
1.088356876798724748e+01
1.068600754951882159e+01
1.034770609372373684e+01
9.940140298893370030e+00
9.745176475576064590e+00
9.783150427943395400e+00
9.852678197637249724e+00
9.978728038449347082e+00
9.689369489966063398e+00
9.887218681663229702e+00
1.022902428106487172e+01
1.044108443018695809e+01
1.066187319292984625e+01
1.094310605067132691e+01
1.152739511885741130e+01
1.147148929470568035e+01
1.134613103262452860e+01
1.149688025191638729e+01
1.155116272330228178e+01
1.158652589523248544e+01
1.167732776675375561e+01
1.189236995644663963e+01
1.191865151188905436e+01
1.174059723348372941e+01
1.156670196193671174e+01
1.185553314465573038e+01
1.208358925431758379e+01
1.223983209802160843e+01
1.230088677849208167e+01
1.231100511874854853e+01
1.231626739393375303e+01
1.223670641873741971e+01
1.199056083024573915e+01
1.168506177389024892e+01
1.154592671569233886e+01
1.131702861417959838e+01
1.123822410242874525e+01
1.124496224311283044e+01
1.183614976802872221e+01
1.328390239513259097e+01
1.363929384924070121e+01
1.304937869213085300e+01
1.265330265260059583e+01
1.243022739770091434e+01
1.209030214779400403e+01
1.182463773676447971e+01
1.152113035801931673e+01
1.134104550416300938e+01
1.143868550294269504e+01
1.127658239333648105e+01
1.097520315167468041e+01
1.068370279712498316e+01
1.051627665432351577e+01
1.043562226866214537e+01
1.012439429485895381e+01
9.837556629331531965e+00
9.565470106758342084e+00
9.477825330898351552e+00
9.401706366408857818e+00
9.359616329000932211e+00
9.543550317878807476e+00
9.603079941897467720e+00
9.670583469676952149e+00
9.697983467984480299e+00
9.586315240747866895e+00
9.425395624938801120e+00
9.488558276600910446e+00
9.750653243874577214e+00
1.014534366176922120e+01
1.039894556619259092e+01
1.032241323349288109e+01
1.036098384018384166e+01
1.036523347961780495e+01
1.032904714786085876e+01
1.029103335887011106e+01
1.028252021172451158e+01
1.026241642414756505e+01
1.020781152071092635e+01
1.005124328339204354e+01
9.922775041244671357e+00
9.727481018827942805e+00
9.983188128868130562e+00
9.858205064112542715e+00
9.803324806652682355e+00
9.707170746123637173e+00
9.560352020875733103e+00
9.509236925400434970e+00
9.275753693707875058e+00
9.190259061022299392e+00
9.009806633234115125e+00
8.976507667256608869e+00
9.189009800411866991e+00
8.992731823893885590e+00
8.848015448398417249e+00
8.657149002581196129e+00
8.491417160099061334e+00
8.091819872055895146e+00
7.976548158465097238e+00
8.294167259672038384e+00
8.393591296721838901e+00
8.182314232583612679e+00
7.818488625796218727e+00
7.311341134764030691e+00
6.827743181856467558e+00
6.370306036942768202e+00
6.454519184004944066e+00
7.503009291338097242e+00
9.029746512303587380e+00
9.164413474542751459e+00
8.888115411248548980e+00
7.770744666731141947e+00
7.570702098579359607e+00
8.788097189838303791e+00
9.336781734030758173e+00
9.378676387215156396e+00
9.372786426414183580e+00
9.541519800043591459e+00
9.699180098550296947e+00
9.766669805543322980e+00
9.677809248478006054e+00
9.692109957800527198e+00
9.991151207402428014e+00
1.023132679237262721e+01
1.055870481439104402e+01
1.050919119581740446e+01
1.065734101629807817e+01
1.063356598854564439e+01
1.068740748847100619e+01
1.082488243602701061e+01
1.133621320790268250e+01
1.158729836828956827e+01
1.169704144919149869e+01
1.185666950699208932e+01
1.199559450208412059e+01
1.187043010516144292e+01
1.160495457689516385e+01
1.135567630791104321e+01
1.117535240338881408e+01
1.079651464599657551e+01
1.078923031346105077e+01
1.108251935182221359e+01
1.098436869387119508e+01
1.089466698784718091e+01
1.100712685626913512e+01
1.119229297517478905e+01
1.153514505844118077e+01
1.149326000883760912e+01
1.131336543309516252e+01
1.115803047247304747e+01
1.106142864790975011e+01
1.235090146919816867e+01
1.248415476420781189e+01
1.232369094775895135e+01
1.212706876058143024e+01
1.197045716597039444e+01
1.180523369596435401e+01
1.176351449960846196e+01
1.194740848097175601e+01
1.217494412123000025e+01
1.199652576816197680e+01
1.197016752131135853e+01
1.185606690290752319e+01
1.183567446739454176e+01
1.157429621518705432e+01
1.141162121524152617e+01
1.128026156557447379e+01
1.121182909984790754e+01
1.102850744460180010e+01
1.078126349612321278e+01
1.050308803344294084e+01
1.023255570172718976e+01
1.009376695316162831e+01
1.000250749171742903e+01
9.796906100721823663e+00
9.799731663075510468e+00
9.882057359558622522e+00
9.793371763831514087e+00
9.824298962840337879e+00
1.006447664108711670e+01
1.019388734455852941e+01
1.033795919055434531e+01
1.029711028023366204e+01
1.025349097152822608e+01
1.018594232367968111e+01
1.023160448530997257e+01
1.008440165820895018e+01
9.978810960923835793e+00
9.865984520478313868e+00
9.679009508587423483e+00
9.362236962627076053e+00
9.134553957251403844e+00
9.113054631522132354e+00
9.086422249865844236e+00
9.126221354127340035e+00
8.931392763452851824e+00
8.586086339541692425e+00
8.398793777680495509e+00
8.134958834573810194e+00
8.176406949737463847e+00
8.617717961967217732e+00
9.159397196273031838e+00
8.855458535983647295e+00
8.517004666944474778e+00
8.191301940162189155e+00
7.749754673590274479e+00
7.169717245333603550e+00
6.467710634347634269e+00
5.782853779642959324e+00
5.478020235997100862e+00
5.264800823727142642e+00
5.308392163274164410e+00
5.362578867118626746e+00
5.952394251114210277e+00
6.109686745609269387e+00
5.990969492572099320e+00
6.168022833737642152e+00
6.729322021012669630e+00
6.751567706350108722e+00
6.874262149162179369e+00
6.979904555298691804e+00
7.159587916557922149e+00
7.173012503555671771e+00
7.357847635091560257e+00
7.683484361723670553e+00
7.632611704345493742e+00
7.745830881606774021e+00
7.869744023528443932e+00
8.074961147881985823e+00
8.174861688188409303e+00
8.172219782752874195e+00
8.244651515633462324e+00
8.343657135216240306e+00
8.438937796338528585e+00
8.479518154421965548e+00
8.383619525237124392e+00
8.512303145813294947e+00
8.537475614697132897e+00
8.478449591733399515e+00
8.453461661119181514e+00
8.458543716506257581e+00
8.346654845925922217e+00
8.347220091417423049e+00
8.342102425307096780e+00
8.360799561284830261e+00
8.223421123598495086e+00
8.064287130926498293e+00
7.888420837711252354e+00
7.810660930432194782e+00
7.843429688572529201e+00
8.197721853498928013e+00
8.256966532370537237e+00
8.301986699658071345e+00
8.159570470011461296e+00
8.179441923220984734e+00
8.547605953251046884e+00
9.170023111366820245e+00
1.068989560282675200e+01
1.056981843257783282e+01
1.026549961097239816e+01
9.871278792048439499e+00
9.583785074153247763e+00
9.312668130272845346e+00
9.081901758028651628e+00
8.603999508213586722e+00
8.446897603503037644e+00
8.620851318757187798e+00
8.828107711955059500e+00
8.893983358887597390e+00
9.048279195863150548e+00
9.060638091332272381e+00
8.807404990955266300e+00
8.620763475746889171e+00
8.737679397564384942e+00
8.923667772490261996e+00
8.923263359716512966e+00
9.030039861004841129e+00
9.311053319882656609e+00
9.469286133517893944e+00
9.433971213990727023e+00
9.454991821860840417e+00
9.511319412032641196e+00
9.548455999911793057e+00
9.522173936679157791e+00
9.567907839127208547e+00
9.417559962312319399e+00
9.268424169904422527e+00
9.273820658933590977e+00
9.234283389503598727e+00
9.234886858177528524e+00
9.113256665938365586e+00
9.078741038401332730e+00
8.916844047807435558e+00
8.712072469375783612e+00
8.648152097739592037e+00
8.525999271770013266e+00
8.425904469193307378e+00
8.279346252053404243e+00
8.135045461007344159e+00
8.095607545800371341e+00
7.926856531707047182e+00
8.164062487968383408e+00
8.284441469666539604e+00
8.589663651717998505e+00
9.126057310609141382e+00
9.204458253824709502e+00
9.100527510845239476e+00
8.941545725929854527e+00
8.659854349224181291e+00
8.416399252638658623e+00
8.165853332344868321e+00
7.886842700811275364e+00
7.607794358194961859e+00
7.314198351965186973e+00
7.054132575984514375e+00
6.685055595063420952e+00
6.381571894739516360e+00
6.411990386520215246e+00
6.262675819929931720e+00
6.207014963942523167e+00
5.970685549900132116e+00
5.853181914918116568e+00
5.963267985318437603e+00
6.105838444077524407e+00
6.233050259255493053e+00
6.260792885657211038e+00
6.441390767647428461e+00
6.624425100269233369e+00
6.610658152960334988e+00
6.714080272856172371e+00
6.780458234684317631e+00
6.880240458680924931e+00
7.130167495045236947e+00
7.367463204220085160e+00
7.367953202020223635e+00
7.371315979080747205e+00
7.614392121690181980e+00
7.743586389512989498e+00
7.763895871757269695e+00
7.704593136021689048e+00
7.871813864628147250e+00
7.880831488242660221e+00
7.717534747605046874e+00
7.660010419518897606e+00
7.543922556433843241e+00
7.572952118882959383e+00
7.468045626606047094e+00
7.402758268948000264e+00
7.185040985612952014e+00
7.465712562871747338e+00
7.732423287939652390e+00
7.559932498116173960e+00
7.451704249284455628e+00
7.228225446186923975e+00
7.012577584955699272e+00
6.741714319336225891e+00
6.366909106839637289e+00
6.594284478038234809e+00
6.951410005969633765e+00
6.901863859528353018e+00
6.900735498882353269e+00
6.843714632669071207e+00
6.799656299549134530e+00
6.500701248783014918e+00
6.070032464211200463e+00
6.208590219270707422e+00
6.421944588526429243e+00
6.318671743498272875e+00
6.048936971884589120e+00
6.152782195472660476e+00
6.170765706328301903e+00
5.776672413015917940e+00
5.370479711538653333e+00
5.267123815163170519e+00
5.465743367706856759e+00
5.707551336243487761e+00
5.713669721387711675e+00
5.717763953482521089e+00
5.840198243199050232e+00
5.925217355707613542e+00
5.929789039489113733e+00
6.049339557462493744e+00
6.239210187585667811e+00
6.292121303416065459e+00
6.282007105322454876e+00
6.517865821529754911e+00
6.583660383424247087e+00
6.481933552204437454e+00
6.331675400020680300e+00
6.293810621600348654e+00
6.273942165651359204e+00
6.262057008477201592e+00
6.356975189516116842e+00
6.388989983866354194e+00
6.463286902121483379e+00
6.279730095072459051e+00
6.169716522977293671e+00
6.148061418562768665e+00
6.059743025799838811e+00
5.954654564165602793e+00
5.821898444079557144e+00
5.787312278222810136e+00
5.463944113382206424e+00
4.993313570952667035e+00
4.393204886877955850e+00
3.945261562410130374e+00
3.445813164324912137e+00
2.785091402238704106e+00
2.555024172953944905e+00
2.799542706782905732e+00
3.133574146323848453e+00
2.780006505071143330e+00
2.572175852390554240e+00
2.530172985138501751e+00
2.114968788698552871e+00
1.517829325148119857e+00
1.197349017203220178e+00
8.977160870866605080e-01
7.903192780560095443e-01
8.792031264834463400e-01
8.268914082753200390e-01
8.026366428851847701e-01
1.225353043260916763e+00
1.179033216406490503e+00
1.068873720109208669e+00
1.171217751491545833e+00
1.206490112941887460e+00
1.144793290909046135e+00
1.236412592792095921e+00
1.662844524191623208e+00
2.563172357332695661e+00
3.294973848881023848e+00
3.765479338523748609e+00
4.068621936011463269e+00
4.169398050162914870e+00
4.302586015034330025e+00
4.493277115517837039e+00
4.511454389595110470e+00
4.466377240408457183e+00
4.559052307482495792e+00
4.853540614515644336e+00
4.976105090820183818e+00
5.239262143310666531e+00
5.641557080373776678e+00
5.923442459499333346e+00
6.100407195280739714e+00
6.153097901320061069e+00
6.233055976731726844e+00
6.233666127463121320e+00
6.320998907731029348e+00
6.399024833953893321e+00
6.468298852945769895e+00
6.686359969063234487e+00
6.971336826342416693e+00
7.149907793348222462e+00
7.132850448420532175e+00
7.328465425254329091e+00
7.453845788986390275e+00
7.330256117747769196e+00
7.220081493197291422e+00
7.023580974909715557e+00
6.719301416124615400e+00
6.696102218545203932e+00
6.435653512480448590e+00
6.431009777961259388e+00
6.760514124372487998e+00
6.971918221803734994e+00
7.346739638580665144e+00
7.417892025522985655e+00
8.002284343513670350e+00
7.879090150850936780e+00
7.396779394100486904e+00
7.247893565204812205e+00
6.792498276101636812e+00
6.485397341533250426e+00
6.086070135524289881e+00
5.830754991264011977e+00
5.689178412616104907e+00
5.956100957490066961e+00
6.201929682795910281e+00
6.460431860541595128e+00
6.853848990431290034e+00
6.893954868483859855e+00
7.176488063585576782e+00
7.828704910996759025e+00
8.126641670552215757e+00
8.122263584248917923e+00
8.222986864073870805e+00
8.377509763466216341e+00
8.699541713316635949e+00
9.103097358195192612e+00
9.156479743839877727e+00
9.208872293587953450e+00
9.219848083222725421e+00
9.132638501242070106e+00
9.160943070746689898e+00
9.141485670217649684e+00
9.120366023079595763e+00
8.873649407016433344e+00
9.048297376473376730e+00
9.183688933665621335e+00
9.026847505053581244e+00
8.696539951896328446e+00
8.474637563596960632e+00
8.496474614488414900e+00
8.439692321488761806e+00
8.181603241563918161e+00
7.915231821485448904e+00
7.689955580327653806e+00
7.572205703897164852e+00
7.334703098868787130e+00
6.907703784019417093e+00
6.878588846779715382e+00
6.894473913780139185e+00
6.798198222756964171e+00
7.005575075527846529e+00
8.357476004334422726e+00
8.912232764087868020e+00
9.021600472260132619e+00
9.156183212137309013e+00
9.061703839373452141e+00
8.727258032352747108e+00
8.379438594548091146e+00
7.959359437196814824e+00
7.353504264621177455e+00
6.896611082884540167e+00
6.738217077139426969e+00
6.404697118224102148e+00
6.609955749746450060e+00
6.980884480797937108e+00
7.274979524740427195e+00
7.296167233005599329e+00
7.449942371800255536e+00
7.285654409173974777e+00
7.328296732559593352e+00
7.772753227978881796e+00
8.203740264660988046e+00
8.418254098219179582e+00
8.522847970894543934e+00
8.683021859463531555e+00
8.707004255261683312e+00
8.870921990096306331e+00
8.896702826698941635e+00
8.998769556193222385e+00
9.091574388689755537e+00
9.776762808476696875e+00
1.052624631495250540e+01
1.024826267515839184e+01
1.000641112737190674e+01
1.000093853857372572e+01
9.967078989159553259e+00
9.933567201464308383e+00
9.810867114010845214e+00
9.792033474825911910e+00
1.022780511308446094e+01
1.047712864529098908e+01
1.048467116257739207e+01
1.041326203201495026e+01
1.033920314460525880e+01
1.014653941664931658e+01
1.001350881556310668e+01
9.836811709269712267e+00
9.618995054106918019e+00
9.337812954468114768e+00
9.203778243151520044e+00
9.203034217784626492e+00
9.351164860381205202e+00
9.830796493386747770e+00
1.061652661899269745e+01
1.135196525142105273e+01
1.162740940596409800e+01
1.140761339326337875e+01
1.132617526376930783e+01
1.110582138273958819e+01
1.084982653792429375e+01
1.062326489475572444e+01
1.060766192435032984e+01
1.044728138402640027e+01
1.032006056406863337e+01
9.876707374989251775e+00
9.706473516277707603e+00
9.597067629440292791e+00
9.849968166943003922e+00
9.987048811107303692e+00
1.008055635278553908e+01
1.002078860199314292e+01
9.994254375745004637e+00
9.957632214815944849e+00
1.005560919498687866e+01
1.007318198759796424e+01
1.006806742112904018e+01
1.008385274288234967e+01
1.024677393229792699e+01
1.045980235709798301e+01
1.043895437875116450e+01
1.042802409151058463e+01
1.050233359997635496e+01
1.058273455758178905e+01
1.037455147332000926e+01
1.032427671304228767e+01
1.029773662880789686e+01
1.027138658836179808e+01
1.010977454929560615e+01
1.019724391026893429e+01
1.003267835965945309e+01
9.913801011266858865e+00
9.910731565635119367e+00
9.565509050268843794e+00
9.489347195941030932e+00
9.456163517649923023e+00
9.369237567565553704e+00
9.297274213539697740e+00
9.223258325089636500e+00
9.228992933288589384e+00
9.031972615961604944e+00
8.787533180323865878e+00
8.678390062313953379e+00
8.365816145741858278e+00
8.134918738290121354e+00
7.781728406045287372e+00
7.661882345664605687e+00
7.860610667319445355e+00
7.324147874878901732e+00
6.803030797840376565e+00
6.758999311351294281e+00
6.772249864253032214e+00
6.662126892193745320e+00
6.672342807775279994e+00
6.905421407165581726e+00
6.936220470972202179e+00
6.860585994912539398e+00
6.742912371138334748e+00
6.684571420134899356e+00
6.352261682011755894e+00
6.098965640660297893e+00
6.081648242179655384e+00
6.192584069912209443e+00
6.443503413407047020e+00
6.509983013054095657e+00
6.557039147861173589e+00
6.477995876514434315e+00
6.408107826433912635e+00
6.450552433808795172e+00
6.590277571422619829e+00
6.594028430867687085e+00
6.623291418248669515e+00
6.646395488470777657e+00
6.661402484134579360e+00
6.772281816490165696e+00
6.756939927454870265e+00
6.866270678982646203e+00
6.859686358801251771e+00
6.921821081228780592e+00
6.956693089754230286e+00
7.153987993591979233e+00
7.189354857340029881e+00
7.165028492043232333e+00
7.167950764846159117e+00
7.123513569338839169e+00
7.179418757921203209e+00
7.114329180504667782e+00
6.990621079517432612e+00
6.664954425108568614e+00
6.680637522023545216e+00
6.834484082679726846e+00
6.556311740691309176e+00
6.620368989628161671e+00
6.702288560333250267e+00
6.526479465309284578e+00
6.220607200677958026e+00
5.632372325554563908e+00
4.537369656691802255e+00
3.528683312187522958e+00
2.932539052268481328e+00
3.468766194300063610e+00
3.624645066380757008e+00
3.431518525574250411e+00
2.755776530918418565e+00
2.484194354935532978e+00
2.078529327306847030e+00
2.308349993828088920e+00
2.248124775005403642e+00
2.260545138771110629e+00
2.193327055118616364e+00
2.071181463245491905e+00
1.889757064464736125e+00
1.729496150863950810e+00
2.336250727196639509e+00
2.378496123751372870e+00
2.321947478277016863e+00
2.499171180012685234e+00
2.880776447906805871e+00
2.931640970470231977e+00
3.001634331494119401e+00
3.733875690045431739e+00
3.797349009571029832e+00
3.964715607956414978e+00
4.291993465696435806e+00
4.597168025734146291e+00
4.688331587407479795e+00
4.815422359519580198e+00
4.779207093575478460e+00
4.648986740971726483e+00
4.734359703874059022e+00
4.803388010584349388e+00
4.889754642122299266e+00
4.930311343532189028e+00
4.915073965493997221e+00
4.893434084679899598e+00
4.912863272676728066e+00
4.994112828194637643e+00
5.116017349600568309e+00
5.328287796847034130e+00
5.406015534727856675e+00
5.626609159502947932e+00
5.803398096091898495e+00
5.984226064307629933e+00
6.100238834174033009e+00
6.037442436344706564e+00
6.122244151383253730e+00
6.567659892836790192e+00
6.672390214246557427e+00
6.395686808895244546e+00
6.007563806657588046e+00
5.196939133045331616e+00
4.373765427354131319e+00
3.339116521894495371e+00
2.232756280272568894e+00
1.578266100491531709e+00
1.701218383524199851e+00
1.906744484812104901e+00
3.873602512209395776e+00
4.570824193782426548e+00
4.768804236905632266e+00
4.935494546163315732e+00
4.749896701939981369e+00
4.341429073868541266e+00
4.259161104586496549e+00
4.599828374418812871e+00
4.826721057342092891e+00
5.070228212092828812e+00
5.020783387413269239e+00
4.890821973955963742e+00
5.024906103481564301e+00
5.333486288054291258e+00
5.368371270525547523e+00
5.321937977142011889e+00
5.601535513159960900e+00
5.780825621033439887e+00
5.938035522038410008e+00
5.994709864705766833e+00
5.962601540507780129e+00
5.914465176297327709e+00
5.891775254173842846e+00
5.891463493097498727e+00
5.980601746866151203e+00
6.179498961358760312e+00
6.454710739904175654e+00
6.692464278737291217e+00
6.682125077605864938e+00
6.895431473273264444e+00
7.113798154356515191e+00
7.004458991041012439e+00
6.975263893944485538e+00
6.853871218598939663e+00
6.827145050148065941e+00
6.636802936235943307e+00
6.620790027058971461e+00
6.791230142828408312e+00
7.284123799878027938e+00
7.576442953451888229e+00
7.372347425119808229e+00
7.588789705742797764e+00
8.101551239757602829e+00
8.375979545715937391e+00
8.292710829233412184e+00
7.834704836334886124e+00
7.354838544847163817e+00
6.873135126317419186e+00
6.500454359376330871e+00
6.562379241518678796e+00
6.723719316967467385e+00
6.925100424863650517e+00
6.779674297090875434e+00
6.566543999063421566e+00
6.188130252612678461e+00
5.759481607491764521e+00
5.332809433486854545e+00
5.245230868643605326e+00
5.450857482945473897e+00
5.677075885390301835e+00
5.721920585478786236e+00
5.822255298261048928e+00
5.966143649807516880e+00
6.123480264221804248e+00
6.048025536696785665e+00
5.889352606317206806e+00
5.704453942702341074e+00
5.784657406412504699e+00
5.904698270656641768e+00
5.922883986244872112e+00
5.977028070215848032e+00
6.111918325225909498e+00
6.200371044124212361e+00
6.506241782134464913e+00
7.491472714207979777e+00
9.862464034837545412e+00
1.034431423133138495e+01
1.036639401501099833e+01
1.040245733916984427e+01
1.040517154889667495e+01
1.130975670441222825e+01
1.223452670865079561e+01
1.257124969944227644e+01
1.271793734287466116e+01
1.297861654495355133e+01
1.324789971853323323e+01
1.341706781698336393e+01
1.334689331469097695e+01
1.379840213034756857e+01
1.378402784458390684e+01
1.333005430420227810e+01
1.339895289550983293e+01
1.323895143753653869e+01
1.310024659265463498e+01
1.284881467416488832e+01
1.253643301665084664e+01
1.300728201692338359e+01
1.354632253823711707e+01
1.372236280938180286e+01
1.382881124535640538e+01
1.365541976890241571e+01
1.324080110992934323e+01
1.322475506518205179e+01
1.310673728851847031e+01
1.306131048437669051e+01
1.305560001700299466e+01
1.318600244210531613e+01
1.332374812483880611e+01
1.339750434765640108e+01
1.308392145986152499e+01
1.277769863005860529e+01
1.260036599324876327e+01
1.231803801515540897e+01
1.206664903279198064e+01
1.187285322128871101e+01
1.169513380392494284e+01
1.164129096123384066e+01
1.149644501514680783e+01
1.149555118848360280e+01
1.150081150622493631e+01
1.159516168534924674e+01
1.155954032960925915e+01
1.185999733618882601e+01
1.192795854419584600e+01
1.180462192885247319e+01
1.184945855230370881e+01
1.199292280135556865e+01
1.201424919792115276e+01
1.202849621080638087e+01
1.186464320523079152e+01
1.178101722551895314e+01
1.175332615186400531e+01
1.176526571328662207e+01
1.179365602797638601e+01
1.195798058614459336e+01
1.191022720876287089e+01
1.182020366508304221e+01
1.160971313135154404e+01
1.170636778122470645e+01
1.159626443617231573e+01
1.167922082945985096e+01
1.174903070965412333e+01
1.169679003006573481e+01
1.163494977596456792e+01
1.121724202419487959e+01
1.111697921254668842e+01
1.135025524962117593e+01
1.198013530027311546e+01
1.177492000506465075e+01
1.205936018280703159e+01
1.190255765963530621e+01
1.157110062747266177e+01
1.151212279099634550e+01
1.186561023760271993e+01
1.185495108625695160e+01
1.163276479883771586e+01
1.132111264087082247e+01
1.099815907401479365e+01
1.082242541255958912e+01
1.060385801583017340e+01
1.033524738783747665e+01
1.003816440653905318e+01
9.794753847933447943e+00
9.624288446168383970e+00
9.570488739377434939e+00
9.594997655179954066e+00
9.534270807817941673e+00
9.509298979030440080e+00
9.483771763994106152e+00
9.506485515523641183e+00
9.696223015403781176e+00
9.947542352275219102e+00
9.922889434156045851e+00
1.000365906274879357e+01
1.004004493623049221e+01
9.999328320292534045e+00
1.007134285710855615e+01
1.006243626313361439e+01
1.008120635978887236e+01
1.000803201237809681e+01
9.993152405493191281e+00
9.953727510087524877e+00
9.895639112722848907e+00
9.986547493436376044e+00
1.006363250739248372e+01
9.975554917671859201e+00
9.909115337149223990e+00
9.902784838669324685e+00
9.744303715408438649e+00
9.667721086043600920e+00
9.599433689130224323e+00
9.723500052283059247e+00
9.889275932668571301e+00
9.777403303915772170e+00
9.495978618384794956e+00
9.363406942774377129e+00
9.222743226257007265e+00
9.314494000912636906e+00
9.499996258604909372e+00
9.531504052074120992e+00
9.888018972849186738e+00
9.960643801483476167e+00
9.506777296828524015e+00
9.142054900292762909e+00
8.890928900218517228e+00
8.756671390376292052e+00
8.670453616401205821e+00
8.255758215667825084e+00
7.941087909054822980e+00
7.463727715516533578e+00
7.067329500188263225e+00
6.858867238832724311e+00
7.101761209248953932e+00
7.330887021696760542e+00
7.165305245070245022e+00
7.168941489793684951e+00
7.384590594410648023e+00
7.895529785838093062e+00
7.943744193257074926e+00
7.845441492229743297e+00
7.943437144108426828e+00
8.433131268437032091e+00
8.689254759276810347e+00
8.898129628551458836e+00
8.961659450180029296e+00
8.841538642461411968e+00
8.828703948654585076e+00
8.796256321328263184e+00
8.782105368614605112e+00
8.840964589461108858e+00
8.972215722216983380e+00
9.000943083053595473e+00
9.084861329076678871e+00
9.152991634910144114e+00
9.173369551274436873e+00
9.150384495883947977e+00
9.169855653958759234e+00
8.921113352292181276e+00
8.837360915375933601e+00
8.709749011519020812e+00
8.679589418284951563e+00
8.656024786658848669e+00
8.617135320638883655e+00
8.620950500503964165e+00
8.630052563225099505e+00
8.598640697446604975e+00
8.597596063738238925e+00
8.700161515836361659e+00
8.602742751312403513e+00
8.480844679040204781e+00
8.100986578436865315e+00
7.803437428024413869e+00
7.738773818393826609e+00
7.556461019133348778e+00
7.719236740785850870e+00
8.235708851235409966e+00
8.158623377237075758e+00
7.995143459912180894e+00
8.028431629011837600e+00
8.243592405761779318e+00
8.167036846938946937e+00
7.763842677553490113e+00
7.403066841810385768e+00
7.137711187370013199e+00
7.007168996900734470e+00
6.699643506977853491e+00
6.617513485743625523e+00
6.743312512739316311e+00
6.619509041026844898e+00
6.483631099841590029e+00
6.747236185841942735e+00
7.041650453421004485e+00
7.042621548031041456e+00
6.935636839036776635e+00
6.951191215246707245e+00
6.903385048841290228e+00
6.995891953965909238e+00
7.114800605474975725e+00
7.238471500437952066e+00
7.329480115468952839e+00
7.525891376641922648e+00
7.555332252024149930e+00
7.580696343577736585e+00
7.610538348309228596e+00
7.706881711797877621e+00
7.598042904466908887e+00
7.540203029748675512e+00
7.464904680317901331e+00
7.404071987535349564e+00
7.242986696970385552e+00
7.057858448017372055e+00
6.921450358909616796e+00
6.445877544586721797e+00
6.296267946784332104e+00
6.276505782630707131e+00
6.200357749935706764e+00
6.206609271582113507e+00
6.185880561353990892e+00
6.195943960728248712e+00
5.936101123263075152e+00
5.805546903144486848e+00
5.578471141281046819e+00
5.499563434725903477e+00
5.220019203843012434e+00
4.769684517422140502e+00
4.127376019689282138e+00
3.961946598675652353e+00
3.928669552388670994e+00
3.318262736886032016e+00
2.638713933772069531e+00
2.613107258575473324e+00
2.419695734441770441e+00
2.317453276421153063e+00
2.417786347032929939e+00
2.548416611127065856e+00
2.955151957893178860e+00
2.639775405061755897e+00
2.394949144964803267e+00
2.647721833844461692e+00
3.373942569066236352e+00
3.864450939867094093e+00
4.049645990314994393e+00
4.350611137239709159e+00
4.531768627843860031e+00
4.842723112544771169e+00
4.940523305476080651e+00
4.697871411752465143e+00
4.643405679649472262e+00
4.633710061279330716e+00
4.623428777628173947e+00
4.702523458351987706e+00
4.954887807527377674e+00
5.099363125656807938e+00
5.259671025157960145e+00
5.315116917233375204e+00
5.453611875209519511e+00
5.507777322658201413e+00
5.524375689891841468e+00
5.615952350914101388e+00
5.606769024973603521e+00
5.489387392729779158e+00
5.480932476072036152e+00
5.550893195878165542e+00
5.728774092927094941e+00
5.821227229463293185e+00
6.078439224851710065e+00
6.145869640119006050e+00
6.277810277498234726e+00
6.328283770838893929e+00
6.417394431832190271e+00
6.638982825983534397e+00
7.118574286061260636e+00
7.171205235029490588e+00
7.298133068495058495e+00
7.250328654079630120e+00
7.192929576876858633e+00
7.174135923886688637e+00
7.389235746333799426e+00
7.376431473690333362e+00
7.463283144358586974e+00
7.700206367071896096e+00
8.102826266402633593e+00
8.698970862031076834e+00
8.752047665637659790e+00
8.508897796227488541e+00
8.345826631081674662e+00
8.261809025395292494e+00
8.312974346564805828e+00
8.304660793621245318e+00
7.983906223440610184e+00
7.859921088336738748e+00
7.697232729696961151e+00
7.472658715124092410e+00
7.635812823222872581e+00
7.579102631024615455e+00
7.545810289284333727e+00
7.599430283638049843e+00
7.772130832365155229e+00
7.983914746626314063e+00
8.015645343479041784e+00
7.914193850125839980e+00
7.935996051273179752e+00
8.090548013963559271e+00
8.158995952876633595e+00
8.082334212288591502e+00
8.176466062007699875e+00
8.197167171854630396e+00
8.482989049239479940e+00
8.619567178001672048e+00
8.586906904717999112e+00
8.648534447122457891e+00
8.690940555118523037e+00
8.742018385278305104e+00
8.821758340487097172e+00
8.905890782802732275e+00
9.027311631395118496e+00
9.263560600002367806e+00
9.348334028260794071e+00
9.298265307924513223e+00
9.389595843063986536e+00
9.504001100842604188e+00
9.605614219968009238e+00
9.459598269489594813e+00
9.248254792483507458e+00
9.109292846674115651e+00
9.034747058122384544e+00
8.902098026810371323e+00
8.446539693142804950e+00
7.841030277322902364e+00
7.260220892410610638e+00
6.825420166921865928e+00
6.655624365736920289e+00
6.106485089612173844e+00
5.932410505069752205e+00
5.429106093063645666e+00
5.619517587263903380e+00
5.669174641266850223e+00
5.519989479006438771e+00
5.343114493992384695e+00
5.094030587904756047e+00
4.948709891159313479e+00
5.411414026696146351e+00
6.160577169827829991e+00
6.918397065918377109e+00
6.986027524043898040e+00
6.984641009238154119e+00
7.455728891548574211e+00
7.507596421593900615e+00
7.439240462845225110e+00
7.440151350429865751e+00
7.871036687503184304e+00
9.851129281490919709e+00
1.201080969338374871e+01
1.217088291986484094e+01
1.235760868158531522e+01
1.224275978544204690e+01
1.213712259257671278e+01
1.208990690647391908e+01
1.214346909049350387e+01
1.208723963157021508e+01
1.198275351478286588e+01
1.183073587309745811e+01
1.169184438913961444e+01
1.171822478933821898e+01
1.166590015542180048e+01
1.163937352380241563e+01
1.153961135566877161e+01
1.145834404579800037e+01
1.124981903219935475e+01
1.109282849165047580e+01
1.096223996892986108e+01
1.083679617712071774e+01
1.093084316641282072e+01
1.097667211624527717e+01
1.089218380949719034e+01
1.067161427540497876e+01
1.059184805062637835e+01
1.044211225744998828e+01
1.033320363749203175e+01
1.022558689520497133e+01
1.021907558072993538e+01
1.030503601233090016e+01
1.011071505359613099e+01
9.799209857817409386e+00
9.247746058915826239e+00
9.209066152747912071e+00
9.451064219855798143e+00
9.653170215575752167e+00
9.812763515480595444e+00
9.809596337680282829e+00
9.839461997580208674e+00
9.705657094609412283e+00
9.444553355193720634e+00
9.117466472830155766e+00
8.756117805158499579e+00
8.772063025828471083e+00
8.756853055860453594e+00
8.641069179248562548e+00
8.448999586106850757e+00
8.260371425859084127e+00
8.108045584483390300e+00
8.045794504994551843e+00
7.956091407961120687e+00
7.991100294394617443e+00
8.196362994043823846e+00
8.317103235313927811e+00
8.366930699718775344e+00
8.401801778557494771e+00
8.457652998082680895e+00
8.549401279851554847e+00
8.560677047958144215e+00
8.593519404744064616e+00
8.437256529577888742e+00
8.361914764040447423e+00
8.592187138950629688e+00
8.554430593381376013e+00
8.577646689816427639e+00
8.534411930802923152e+00
8.667001105561746854e+00
8.684477060408092086e+00
8.522709539739498297e+00
8.563843449974124056e+00
8.510207150095274287e+00
8.294137715636315633e+00
8.303254896525324114e+00
8.207268919877025226e+00
8.152914783611848293e+00
8.175298995214166808e+00
8.157019221893563099e+00
7.931932743795552021e+00
7.567016058181552651e+00
7.141766904333596067e+00
7.484953469630752920e+00
7.172249528904558247e+00
6.926389198396817548e+00
6.651202118323150003e+00
6.859981070074744558e+00
7.712692986960114183e+00
7.660056736353809015e+00
7.433969641084790858e+00
6.905589884455781480e+00
6.464205374674554250e+00
5.890915395736525895e+00
5.584433188628906919e+00
5.450682376967669107e+00
5.201207915207486820e+00
4.999260330815845421e+00
4.706740562850962206e+00
4.505748125118492098e+00
4.021978730404418556e+00
4.270650486789620892e+00
4.911159720723476951e+00
5.212496333810243243e+00
5.246039426462287381e+00
5.661148470135990429e+00
6.274020380091695159e+00
6.827122568916510481e+00
7.740821450114868441e+00
9.023273472231728931e+00
9.181302440222950167e+00
9.555528405626425581e+00
9.749878997527444469e+00
9.862864728450979612e+00
9.930934668322729308e+00
9.969295310935393672e+00
9.849148413933752622e+00
9.817108519625387331e+00
9.957384537254782231e+00
1.010733754416284746e+01
1.012427654304813807e+01
1.006128500386227920e+01
1.019545734774800927e+01
1.021641077533914199e+01
1.013626960045975345e+01
1.005575975118384768e+01
1.002925531622435784e+01
1.011383564496629894e+01
1.004338349707004951e+01
1.002490965834870096e+01
9.937065144027052099e+00
9.868832084752135358e+00
9.849489626834506240e+00
9.880656654472518952e+00
1.027782650619001714e+01
1.049531248548678697e+01
1.024672692756439929e+01
1.008024800566987977e+01
1.005063962079754347e+01
9.721393225188950993e+00
9.307681600024226398e+00
9.109654339982215632e+00
9.068154358768461876e+00
8.851550400429863075e+00
8.674866871844105987e+00
8.368223139072137329e+00
7.929499929323975849e+00
7.673603054023732994e+00
7.238161174619165195e+00
6.992053193143524581e+00
6.893797016735200067e+00
7.720854238604737851e+00
8.895672171077970702e+00
9.368227427371870419e+00
9.234077041156586674e+00
9.417134838560894394e+00
9.502812931508316296e+00
9.581750656908761599e+00
9.657237175247651351e+00
9.737510581092751138e+00
9.587550731161131878e+00
9.618863395318726361e+00
9.955681048613971740e+00
1.052206738157020993e+01
1.094433205624241268e+01
1.117781839775090447e+01
1.144569352236374904e+01
1.166466332274867668e+01
1.158090158944963299e+01
1.149751661865997576e+01
1.132820913601737622e+01
1.118622491694599042e+01
1.100989377948643266e+01
1.080228987978322586e+01
1.067957466754930707e+01
1.078728455850215084e+01
1.080157953918975089e+01
1.085182323984197872e+01
1.071639158634401490e+01
1.049682197661735827e+01
1.035430785474179949e+01
1.037144927229749847e+01
1.034193127277659485e+01
1.023206343090706305e+01
1.015720602464224065e+01
1.012903130312968081e+01
9.836430475751813063e+00
9.381773511418581180e+00
9.263036629576996361e+00
9.129260994730566736e+00
8.823890046020544276e+00
8.536354832721849917e+00
8.100644850705206679e+00
7.602746291803896383e+00
7.436365399918480001e+00
1.033739168500246741e+01
1.117224265017516771e+01
1.125275923350319829e+01
1.105007917899080283e+01
1.085497560514255255e+01
1.081496712818267270e+01
1.082606167258351526e+01
1.064824412678835941e+01
1.057322193913691954e+01
1.039485677507284400e+01
1.103378142067318635e+01
1.123939111577672634e+01
1.112767661444099687e+01
1.075043100234145399e+01
1.098027800238807394e+01
1.110469510874805010e+01
1.153379263188159598e+01
1.204949953601750323e+01
1.253457976599201729e+01
1.256848701376602762e+01
1.255912761883419293e+01
1.240182266432610092e+01
1.255454311271784817e+01
1.272036816835972495e+01
1.276627806308421853e+01
1.276809630801009376e+01
1.287879206934718113e+01
1.283691833435589658e+01
1.272298211646532984e+01
1.265085450994455840e+01
1.245402712257104305e+01
1.234420714675119513e+01
1.227987100538535969e+01
1.244233545265124263e+01
1.248592066376240339e+01
1.237598419876782430e+01
1.206556195195414105e+01
1.199455346224389807e+01
1.181937065982349466e+01
1.177223197716210912e+01
1.171073408482460110e+01
1.148896578729944373e+01
1.138974470289684149e+01
1.119149477050432040e+01
1.102195594634136988e+01
1.078022573966985576e+01
1.064420686531655313e+01
1.017757273464051515e+01
1.006318589844477707e+01
1.035354434753678277e+01
1.061698848344076396e+01
1.041796671660370777e+01
1.034664136099553389e+01
1.067146607778608214e+01
1.080507190929641581e+01
1.084804136351797688e+01
1.065237952683593825e+01
1.038085527747542969e+01
1.029809927465072938e+01
1.030198105899289907e+01
1.010129764478952730e+01
1.014952948450792292e+01
1.044520124359944724e+01
1.086382902593102528e+01
1.096526842165558335e+01
1.082199682185414247e+01
1.086386867985347138e+01
1.087122210289617286e+01
1.074991738450847834e+01
1.044239434219278806e+01
1.037057563580832387e+01
1.030745917853903038e+01
1.032849058976909795e+01
1.035493796652555076e+01
1.026982808327587371e+01
1.029328643676326216e+01
1.029778403564604083e+01
1.028712067930955421e+01
1.020348563062875868e+01
1.009176887519613075e+01
9.991249739715664546e+00
1.009375435113256181e+01
1.009474737804710642e+01
1.002376944264494085e+01
1.005221905796103954e+01
1.006449857183941710e+01
1.001024907365500560e+01
1.006968822323332802e+01
1.014136098497798777e+01
1.007954741527972331e+01
9.975928664144092295e+00
1.005230695018048337e+01
1.025284375551941984e+01
1.038070577833330610e+01
1.053069456841193663e+01
1.031613847594841538e+01
1.020969986915815753e+01
1.000348429264963812e+01
9.935950095259212134e+00
9.658451804446844591e+00
9.471503552720783148e+00
1.075938521385794289e+01
1.173871935578900505e+01
1.076628744372897906e+01
1.115048823991776317e+01
1.108776386475855347e+01
1.092196260450701928e+01
1.059210316541020802e+01
1.042308911571744190e+01
1.069701080224988843e+01
1.066995233190947800e+01
1.049758517064757157e+01
1.050613023419058045e+01
1.046289968820821237e+01
1.026552715895742196e+01
1.016972901774130200e+01
1.024045133367107852e+01
1.029797216420641703e+01
1.066770988401254527e+01
1.078472649952130880e+01
1.105343886299976930e+01
1.170992955215078801e+01
1.177083178525202101e+01
1.185077955948501938e+01
1.292402998141798776e+01
1.446839908370824901e+01
1.406855848721042967e+01
1.334143692252103541e+01
1.283717528013093556e+01
1.249848269347481988e+01
1.247876020925972718e+01
1.247719670096263656e+01
1.243845285272309731e+01
1.230062889728550957e+01
1.253447305677240564e+01
1.260749956263860660e+01
1.270917166702799506e+01
1.266321763014993529e+01
1.268007929972090331e+01
1.289577502464116954e+01
1.295156106155757314e+01
1.316712372741356774e+01
1.298312183343579918e+01
1.286249806170528132e+01
1.267760946102284336e+01
1.266683461824921686e+01
1.247478700361545023e+01
1.233453922214653709e+01
1.218958251676632543e+01
1.208328628284767170e+01
1.202076221500543696e+01
1.178356561845269468e+01
1.176002704141768795e+01
1.172977668530473672e+01
1.129754492438300950e+01
1.100556889642366087e+01
1.062562501865149578e+01
1.027579941366740002e+01
1.012629658548495826e+01
1.019058921825162933e+01
1.033384198336826465e+01
1.026182941149302508e+01
1.019324405534424471e+01
1.032659477758699218e+01
1.010028033149799853e+01
1.001990952745860142e+01
1.001692892035048388e+01
1.021140654952487381e+01
1.023206700379214951e+01
1.016219437834298844e+01
1.014225041903923064e+01
1.026124923327094152e+01
1.033753553459751728e+01
1.034680771356657836e+01
1.032394984073026833e+01
1.026389892376107582e+01
1.014106937457635382e+01
1.001369392731505847e+01
1.006000402718542830e+01
9.957198295180027969e+00
9.847475103323418466e+00
9.978041609950212276e+00
9.689697404599744601e+00
9.519832151003454257e+00
9.390478137093611011e+00
9.274006945329780649e+00
9.249041166184813534e+00
9.177390999300538255e+00
9.106353067383686550e+00
9.062962270899173944e+00
8.833003807856780298e+00
8.684750974836584092e+00
8.438973359796555940e+00
8.157721159858439819e+00
8.294565295510409442e+00
8.779538187040738961e+00
8.831226606037491322e+00
8.610839079418648012e+00
8.359416741678677099e+00
8.373373013841288071e+00
8.402069323203255280e+00
8.597635410706354619e+00
8.293592873480971406e+00
7.944036098297501347e+00
7.592286569070692437e+00
7.274755421054720728e+00
7.035662453504782476e+00
6.981568754240550234e+00
6.925708182773329114e+00
6.837295462534196844e+00
7.081300491516359763e+00
6.790130031480271278e+00
6.348135218220726017e+00
6.264434592071068231e+00
5.997432808892479983e+00
5.912553591448665102e+00
5.717088706753010285e+00
5.692501676962692159e+00
5.990159461135848851e+00
6.562113152881836164e+00
6.953182393360358482e+00
7.037197819749704486e+00
6.859771019086772448e+00
6.975203758927169595e+00
7.123980317845495236e+00
7.334711639039173114e+00
7.184953517796186517e+00
7.203214609014390035e+00
7.295993530976430108e+00
7.275279143599480136e+00
7.394614481131067230e+00
7.404306076378306400e+00
7.456729339672424572e+00
7.655854725621920487e+00
7.702089170075714364e+00
7.747180844985700254e+00
7.795700435745077428e+00
8.028248491808730236e+00
8.317753578611585041e+00
8.310483322620905611e+00
8.229020801045932032e+00
8.051401105143217052e+00
7.842728675937855165e+00
7.477715996059475678e+00
7.365282410193370488e+00
7.711632307212590298e+00
8.228605837933278266e+00
8.427645145190389542e+00
8.743346643747134550e+00
8.831034528509674075e+00
8.810734208401692413e+00
9.035132285604323243e+00
9.256153095972177169e+00
9.327479491708887238e+00
9.080112166310478017e+00
9.093977521006614495e+00
9.053181974808813592e+00
8.824023743212555004e+00
8.313419348508732654e+00
8.629083764962899750e+00
9.075631230076105282e+00
1.037826721299337152e+01
1.027138006929346226e+01
1.168162505176677435e+01
1.364795590301338635e+01
1.297196922440669908e+01
1.286121384199434559e+01
1.272475160407604022e+01
1.279295448417075676e+01
1.277203859009735254e+01
1.273627523541934181e+01
1.262167973048261871e+01
1.250776913586521388e+01
1.219662419567402623e+01
1.208615968085065617e+01
1.207143736705910619e+01
1.200835698534459439e+01
1.208508495038919150e+01
1.203818234784119134e+01
1.184471636073093492e+01
1.177689809716299152e+01
1.178538288179561633e+01
1.182440805244138815e+01
1.177995748786180918e+01
1.179185117468793820e+01
1.173015674369297656e+01
1.161677939569221962e+01
1.159508176504402854e+01
1.158729668732107498e+01
1.149517657086084910e+01
1.138515662562836361e+01
1.121331671027683541e+01
1.103398229658701624e+01
1.103211515229300232e+01
1.098279905258321953e+01
1.094214667354560611e+01
1.067624269176983987e+01
1.057583731901121560e+01
1.063005562418639016e+01
1.048509995532792338e+01
1.026875196966203063e+01
1.022334955762247155e+01
1.023339164436233339e+01
1.002846794810259823e+01
9.923902586495986000e+00
9.746520008787278755e+00
9.630382434785909496e+00
9.473263783551679751e+00
9.186353318752178865e+00
8.539358888038856676e+00
8.192936035070818690e+00
7.762939396417859683e+00
7.272013567454545857e+00
7.362217386973426869e+00
7.713946527026013023e+00
7.772126879857733428e+00
7.723761180021782913e+00
7.945434388361115374e+00
8.048491714242420159e+00
8.102257827144132563e+00
8.400217539169052117e+00
8.730845550303556024e+00
8.561687680123426958e+00
8.520195267784998805e+00
8.561204119259846479e+00
8.384833210904666601e+00
8.243861264955107515e+00
8.174551116874814838e+00
8.107015887203980142e+00
8.171907581005646293e+00
8.093767811074936702e+00
8.065793612329887452e+00
8.107691113564946761e+00
8.111650975882822578e+00
8.048100375956007468e+00
8.029582332543620637e+00
8.145218068923835375e+00
8.199150992352739920e+00
8.200288828620941217e+00
