5.782609557252763821e+00
5.513476522335718499e+00
5.419136421739580101e+00
5.268366698528955006e+00
5.371190940662615709e+00
5.899821354897710535e+00
5.841359625861715088e+00
6.248968427088315458e+00
6.475147141357982861e+00
6.734834943539189211e+00
6.723046253437096276e+00
6.743243441252655401e+00
6.921147015909129507e+00
6.887533469967303645e+00
6.873919110858798476e+00
6.852733866879385793e+00
6.758231603664659914e+00
6.707070286618753485e+00
6.664643648342964077e+00
6.630597324924621283e+00
6.544240359035303101e+00
6.765265664487998265e+00
6.801368871450721443e+00
6.984187244825394103e+00
6.781890467355025542e+00
6.520423930366447074e+00
6.436048507056551848e+00
6.299696365073156556e+00
6.233720898841788483e+00
6.225293780994936022e+00
6.112467722970311712e+00
6.078282340272355810e+00
6.196549947050524310e+00
6.070822484701470678e+00
5.966756577868621569e+00
5.766676916706842349e+00
5.785092951439793296e+00
5.505517874329160399e+00
5.403795703199889111e+00
5.406141731358423463e+00
5.842285268807135168e+00
5.796224517419852340e+00
5.411261966384332212e+00
5.169297516881174559e+00
5.120442757486967089e+00
4.973080236365848172e+00
4.966305567764410789e+00
4.886760264393615216e+00
4.847255121330023897e+00
4.832019234808907271e+00
4.681480261039201451e+00
4.359499692064478182e+00
4.265287305176610033e+00
4.332387821562615926e+00
4.254575057838640539e+00
4.291771058438140329e+00
4.383729796644206367e+00
4.334682046725919058e+00
4.325364889407225633e+00
4.215792367279431296e+00
4.209750385212676527e+00
4.319606462313867468e+00
4.439986932434774936e+00
4.269741531195379025e+00
4.225516692452846002e+00
4.273909396401048610e+00
4.181517353967523221e+00
4.159168226528389134e+00
4.021042196676066993e+00
3.993576752801344387e+00
3.988907656922087153e+00
4.037586065230474475e+00
3.974158944438612284e+00
3.951183485937324935e+00
3.876473092629336925e+00
3.831662149879078605e+00
3.769847520517077388e+00
3.747974944998076818e+00
3.709700228431935365e+00
3.653234691672716306e+00
3.711897533472908961e+00
3.761034345843997428e+00
3.725174045413616852e+00
3.687166783184664176e+00
3.712159198945284011e+00
3.732126555856728700e+00
3.638363946509413083e+00
3.660518542784156892e+00
3.596114969730527910e+00
3.607179237182957188e+00
3.552417823628310600e+00
3.449646900076049683e+00
3.201450150986458354e+00
3.206294460103134014e+00
3.100707253667123631e+00
2.966934612315811126e+00
2.921009018584051820e+00
2.952509184869226644e+00
2.940841512882097053e+00
3.054934413873169774e+00
3.070820431927895555e+00
3.051814086038823426e+00
3.127225937072713791e+00
3.247801002798391679e+00
3.615150812747976339e+00
3.823510368036364682e+00
4.276048406922459577e+00
4.960898206638838737e+00
4.895757493834908658e+00
4.714929096780725359e+00
4.579810641613563327e+00
4.395949511892721873e+00
4.219232383445028489e+00
3.974763708429485121e+00
3.977471429036159467e+00
4.004308732547608329e+00
3.975137392286204552e+00
3.835100917337729065e+00
3.744641477727839618e+00
3.747573368650254366e+00
3.722615725820841881e+00
3.651310746642322691e+00
3.563438690267488163e+00
3.529858801655433531e+00
3.535528580224588602e+00
3.511155842076622235e+00
3.405900411809538397e+00
3.543822062307820708e+00
3.541057038445130534e+00
3.784943947244459928e+00
3.642845750392962323e+00
3.388699628148111209e+00
3.393816202641146695e+00
3.619379466257620415e+00
3.636900837871830827e+00
3.579013664990408294e+00
3.522801824514168345e+00
3.540862496789675795e+00
3.553245739941758075e+00
3.521005943616350997e+00
3.503904354547415778e+00
3.506321202382966185e+00
3.567462822183317783e+00
3.486362494467178941e+00
3.506349995226264671e+00
3.587400584317844920e+00
3.665616865715999761e+00
3.370060190567981895e+00
3.071274976932070633e+00
2.793497740041607891e+00
2.682450246857100318e+00
2.709809050973266409e+00
2.797810989720885377e+00
2.779249644455779045e+00
2.700173594154020584e+00
2.647039144069639249e+00
2.635035527469306693e+00
2.557560488408298749e+00
2.489790355821403622e+00
2.457140157253372426e+00
2.331722014737150683e+00
2.311777459458612682e+00
2.323470266232621206e+00
2.375852782946913155e+00
2.457437612592104248e+00
2.437760774079970272e+00
2.474001474093626030e+00
2.408325342856000528e+00
2.440277430912089596e+00
2.487011103968679748e+00
2.467943274107636586e+00
2.446165254278589440e+00
2.438564784890446813e+00
2.420956574921943272e+00
2.351662092068711463e+00
2.384173175346898432e+00
2.515452758641678610e+00
2.446172983329813366e+00
2.403931452576480776e+00
2.394073344448297558e+00
2.432185468933383721e+00
2.456051848770356205e+00
2.474297581485662700e+00
2.492646101738548392e+00
2.489836761439330637e+00
2.610084661145295026e+00
2.642629046050664510e+00
2.646036359171876295e+00
2.715069261777125043e+00
2.912431309633274346e+00
2.941159928402232282e+00
2.945012067454901850e+00
2.861789552635885858e+00
2.968675647699767328e+00
2.825834421854771517e+00
2.616771418061409449e+00
2.954543174782763959e+00
3.299884880216586769e+00
3.238136517845204843e+00
3.111596440361870108e+00
3.000832090288697351e+00
2.774304103962712098e+00
2.810751342009757181e+00
2.749283969576570730e+00
2.549798964028128001e+00
2.594109762300924160e+00
2.587666904500079745e+00
2.581256792966486913e+00
2.523250241770674140e+00
2.626454224085258193e+00
2.895326244868323240e+00
2.908410770669977108e+00
2.922015085361465037e+00
2.951765964519903918e+00
2.912004972566576200e+00
2.914726053720648302e+00
3.144730103055445092e+00
3.138748671748715857e+00
3.053650017805093597e+00
2.879354804021670766e+00
2.741872671109208515e+00
2.814965946419714093e+00
2.894503672358763158e+00
2.967746805692272449e+00
2.960583266906667621e+00
2.848986110142978312e+00
2.796643297648904181e+00
3.091767262969995933e+00
3.385764865320844308e+00
3.776006824181559640e+00
4.316054095007109126e+00
5.401347546535342659e+00
5.736978911056384689e+00
5.439329794895665593e+00
5.142190330386023689e+00
4.885902996270164778e+00
4.706323771906007813e+00
4.770178126731768664e+00
4.850138096262651466e+00
5.038441893957620543e+00
4.763675709707039907e+00
4.634115857755214840e+00
4.498826605908711862e+00
4.531768591925918521e+00
5.081503136532517395e+00
7.102048290434941791e+00
6.560698155620932503e+00
6.649378638154506582e+00
6.470080231230546985e+00
6.035652317780054510e+00
5.768693836770182770e+00
5.730872148862174775e+00
5.709165418454523078e+00
5.548830262180112882e+00
5.371106309376243892e+00
5.057691371940658875e+00
5.091709681416595856e+00
4.896995384662704787e+00
4.795586083411624401e+00
4.646423503746847317e+00
4.474294261040122400e+00
4.367846533580645563e+00
4.392539010217662465e+00
4.343002364626816991e+00
4.200091420994345626e+00
4.189472835359363323e+00
4.193075431855204371e+00
4.134873291072585388e+00
3.981466403259776410e+00
3.854674754039920437e+00
3.881534737488848918e+00
3.790363348322808079e+00
4.361549460301079151e+00
5.673659117389466822e+00
5.639049447784396207e+00
5.710413717940591383e+00
5.836736487241314109e+00
5.602686505329184996e+00
5.490381703255090784e+00
5.464992151101172979e+00
5.224199311905746157e+00
5.134935141433850880e+00
4.973672895556271456e+00
5.006863808086702505e+00
5.180377366425719110e+00
5.068402082907063289e+00
4.955202698784754389e+00
4.937304492580095960e+00
5.166869173090557155e+00
5.208166506819651431e+00
5.198256117289114187e+00
4.915804416603029026e+00
4.727775936217258668e+00
4.607299366053458023e+00
4.907560480952120052e+00
4.908506285511938572e+00
4.762148555017929219e+00
4.678544495877833498e+00
4.729000755233672137e+00
4.733266015971688390e+00
4.604825437485936312e+00
4.629472700476995328e+00
4.670473868668888251e+00
4.508465410494747694e+00
4.379490627476848807e+00
4.209302397789110195e+00
4.133628721551385610e+00
4.063448206983000688e+00
4.239165465615815975e+00
4.196610874124173662e+00
4.066561854609394899e+00
4.028181256653059705e+00
4.049900681200266916e+00
3.857620358430892793e+00
3.716766925198704108e+00
3.711915646346470865e+00
3.700073347129559931e+00
3.671714710367827816e+00
3.639413874824759532e+00
3.522842560209400897e+00
3.382376003789966390e+00
3.283615323041389367e+00
3.194692732029531967e+00
3.342988309592829665e+00
3.253985146549323471e+00
3.207285264217193621e+00
3.163792191676998211e+00
3.109594809560639384e+00
3.177494873119934837e+00
3.178720447277632921e+00
3.136039300553379316e+00
3.073805978009887419e+00
3.017505333836967729e+00
2.890870819469698372e+00
2.826334905662076125e+00
2.751553217618929459e+00
2.721321060293135918e+00
2.729512420213430879e+00
2.736805292407728629e+00
2.799996960016653880e+00
2.872125767442644584e+00
2.964416814946921441e+00
3.079280397738338060e+00
3.146405202521422861e+00
3.126856408010104005e+00
3.095546415766722070e+00
3.032611078591026299e+00
2.874516763582079637e+00
2.902033457273190287e+00
2.901947236398827901e+00
2.941710342717264393e+00
2.905356271251728462e+00
2.797853029313473794e+00
2.655245121072724590e+00
2.514190268365390502e+00
2.501619723093803316e+00
2.336847418272677945e+00
2.302883688644902449e+00
2.355090633955616131e+00
2.371192656975239288e+00
2.260378826106028249e+00
2.314611983346524848e+00
2.407894943629790951e+00
2.445350950834164205e+00
2.572875175700870098e+00
2.655576858031392984e+00
3.015407161789829260e+00
3.096317593683718172e+00
3.242788286038688739e+00
3.309966479245530557e+00
3.298786033031426257e+00
3.381568421648695644e+00
3.428242619178684780e+00
4.083430829664372652e+00
4.205049536642540886e+00
3.944257656397419431e+00
4.167840598616349368e+00
4.201440404474187318e+00
4.187483533325946361e+00
4.076791091461872796e+00
3.942517756958743291e+00
3.929937306928692919e+00
4.005079037931049690e+00
5.001307189265307152e+00
8.166517322336584783e+00
7.967153473755992366e+00
7.852297983429492589e+00
7.585896094367122977e+00
7.451004449323422207e+00
6.970823026702471559e+00
6.840165540398064792e+00
6.870727369384442618e+00
6.675135960743404873e+00
6.421100696628686322e+00
6.460715139685692776e+00
6.557645926724127605e+00
6.466028077011055863e+00
6.420245069934587434e+00
6.330634304179254102e+00
6.493178397647959343e+00
6.801609504227285719e+00
6.576129198033115131e+00
6.602140226951777713e+00
6.618308766096814288e+00
6.543089932988189084e+00
6.649931563517879951e+00
6.487519832054047697e+00
6.273658425469505140e+00
6.273800526768565256e+00
6.065437709815325817e+00
5.769250034828791840e+00
5.435644407368227071e+00
5.185156598729186328e+00
4.858069016485002223e+00
4.680287226040639403e+00
4.546110998947189508e+00
4.576595637692843610e+00
4.714714870387075152e+00
4.566736404290930196e+00
4.525292107340462167e+00
4.406408900677635465e+00
4.350451728261333528e+00
4.302029204146989194e+00
4.124493254464056236e+00
4.075303854881287435e+00
4.081444534102250721e+00
4.088991841297803909e+00
4.034706721767735260e+00
4.430567262757568514e+00
4.326430335100844182e+00
4.126535266258348322e+00
4.075849134564774268e+00
4.036717535198622642e+00
3.983619428280853914e+00
3.825781711678810648e+00
3.756754119140402803e+00
3.707903918584190883e+00
3.676301464986367229e+00
3.647505002272898089e+00
3.665795144601976752e+00
3.838773285185598461e+00
3.783250308621966873e+00
3.987822368123833616e+00
4.143845551248859671e+00
4.218733253469486577e+00
4.334455944782226844e+00
4.352557738548122224e+00
4.597250462234726776e+00
4.974530374999477367e+00
5.143168741089067630e+00
5.167886594957821877e+00
5.363724104664199466e+00
5.711119901659713172e+00
6.216265231624660714e+00
6.312262284222385667e+00
6.437436892959146562e+00
6.370219005747618013e+00
5.933724270055607874e+00
5.751261731442375513e+00
5.471012565093011482e+00
5.244410382439585128e+00
5.042722903629469400e+00
5.042657758089051256e+00
4.788954813245262621e+00
4.576049811388983812e+00
4.493415554635052267e+00
4.431323931454171472e+00
4.540755957044110502e+00
4.370046598653394732e+00
4.309758419770570725e+00
4.223134921124818142e+00
4.165428932069514367e+00
4.188418241908602013e+00
4.275457903592615239e+00
4.325103570170538703e+00
4.292142184415572714e+00
4.296304392220650747e+00
4.232287569769160207e+00
4.049619062305905182e+00
4.209472538589113633e+00
4.282564624539026532e+00
4.270960139616422069e+00
4.252856506431094807e+00
4.276423394696894142e+00
4.211712726168397758e+00
4.315585273431480573e+00
4.304904006483113221e+00
4.380359147034638134e+00
4.399781258464104283e+00
4.363782929776078845e+00
4.448485814730709365e+00
4.482941154847470244e+00
4.734386117225375834e+00
4.899703680764023517e+00
5.189048294105328196e+00
5.364008954854844191e+00
5.823200375118172012e+00
5.858276374060252145e+00
5.808898656276225481e+00
5.825958723923116089e+00
5.892313892712657264e+00
5.912586368567941619e+00
5.862194801961679858e+00
5.952589108710908405e+00
6.456334335093990795e+00
7.206259165970477554e+00
7.523469390179180039e+00
7.685552976346860632e+00
7.679337273613004555e+00
7.346609383837630958e+00
6.870794264729151557e+00
6.666332033796051881e+00
6.551637413764092699e+00
6.552079582443532502e+00
6.419986870689399439e+00
5.970070365102139398e+00
5.747684113053401767e+00
5.718758454397677937e+00
5.495530042325476927e+00
5.392324488459303566e+00
5.181110458135760766e+00
5.089766464541774837e+00
4.976176276870619475e+00
5.243651030757439102e+00
5.310039232452610669e+00
5.251959848536066566e+00
5.406811049514571366e+00
5.462938946424168662e+00
5.498002957055112105e+00
5.461467343139429609e+00
5.267631982063278429e+00
5.085060820130957282e+00
5.095108029121986348e+00
5.091731928312825950e+00
4.871920023851729731e+00
4.698560354058830768e+00
4.517275861728238695e+00
4.440649167926087770e+00
4.402720292201362184e+00
4.239813783811414716e+00
4.218980363433582959e+00
4.080479515757540199e+00
4.047594555787890513e+00
3.964801748192861020e+00
4.018953647653971117e+00
4.117633888808533982e+00
4.078095563929402090e+00
3.954079547714120402e+00
3.696164044252876479e+00
3.566919787935954211e+00
3.540458610391235883e+00
3.539902175995447209e+00
3.438727680133559783e+00
3.574487988964567986e+00
3.518923686633669057e+00
3.434267880286779651e+00
3.533489296286993042e+00
3.416785043426576074e+00
3.239077554775526835e+00
3.347362187019133462e+00
3.165596788658858962e+00
3.169308390734021152e+00
3.115182055261494831e+00
3.124811858883864701e+00
3.018948414451291917e+00
2.865113517773607121e+00
2.722832282950348848e+00
2.677115652794358702e+00
3.075159634184065460e+00
3.163249511809344661e+00
3.382607532681708662e+00
3.181369810945664511e+00
3.186101353802822445e+00
3.285929273287268249e+00
3.246072276454265548e+00
3.069975839120248295e+00
3.035746502863506890e+00
3.036492071601391451e+00
2.995111292597084862e+00
3.033060398708681049e+00
3.133055183062409377e+00
3.132662415809175371e+00
3.150074331916003167e+00
3.197462760623885014e+00
3.450006768756185949e+00
4.328876814052465605e+00
4.894730500891508740e+00
5.510819706106681259e+00
5.528880927522864752e+00
5.595152412596097413e+00
5.572275435867994453e+00
5.444122330464165493e+00
5.313373930179940530e+00
5.166400772147719422e+00
4.943776510961538584e+00
4.956830595204839263e+00
4.835089008659195109e+00
4.815073569962539324e+00
4.863958953169435162e+00
4.624325636246767068e+00
4.429636424764298752e+00
4.322474794482459970e+00
4.254591910299077462e+00
4.272746866784013164e+00
4.269467309183621495e+00
4.286272103897361241e+00
4.254567897357783401e+00
4.481631832417947159e+00
4.892960609174912712e+00
5.257832212536082572e+00
4.901472468694275442e+00
4.876232959063758088e+00
4.730364221072994368e+00
4.810238426849739568e+00
4.821016925817766641e+00
4.786181508916063976e+00
4.765807225215678677e+00
4.784794592346775843e+00
4.751810946780412159e+00
4.461954110625842240e+00
4.417942096701144905e+00
4.425298542995586004e+00
4.372058612309401404e+00
4.537316513740239365e+00
4.374682066458750462e+00
4.212001972595337485e+00
4.184728632821068217e+00
4.116516927765017542e+00
4.041094848104148873e+00
3.995383967264047875e+00
3.832913414542293395e+00
3.889484880235809960e+00
4.092876970522028479e+00
3.945799455181658644e+00
4.044279735499776152e+00
4.089955358307783229e+00
4.220613418161583752e+00
4.348900893728560035e+00
4.399534109756669586e+00
4.478763873147697971e+00
4.480615703974434538e+00
4.427315055588733728e+00
4.634372576486912365e+00
4.573371236549910179e+00
4.485638632528885950e+00
4.545189734962479022e+00
4.574495199901957854e+00
4.777353413623660394e+00
5.077738806089818979e+00
5.187822703425442050e+00
5.224750161995866726e+00
5.287427067182765228e+00
5.341930955386594349e+00
5.508613634305303819e+00
5.731111761779316360e+00
5.952653723013584752e+00
5.875368596862243997e+00
5.769992434826288985e+00
5.975611118744429184e+00
5.895999529030442332e+00
5.895919995503254185e+00
5.859405326195918917e+00
5.825870837744645314e+00
5.778423272526570287e+00
5.762961619047326067e+00
6.054022470287183211e+00
6.565923810051224052e+00
6.388016341918445917e+00
6.409652854900758534e+00
6.493945818807184800e+00
7.231944714496236770e+00
6.935767674390954873e+00
6.558017151979135484e+00
6.434369581251033310e+00
6.339932594282815970e+00
6.077981387323223572e+00
5.958308062687418527e+00
5.797586680514657864e+00
5.768793299378527806e+00
5.535797269170462442e+00
5.737887414285780530e+00
5.981317406810721771e+00
6.320503708371703055e+00
7.621971164500534357e+00
8.537665443216701178e+00
8.555768574617099276e+00
8.319723377672204379e+00
7.836772346180993942e+00
7.801947903924970618e+00
7.577618612609441584e+00
7.498820202986127725e+00
7.053786835032956226e+00
6.843630577956624883e+00
6.663358662179968306e+00
6.520460731347226258e+00
6.238119387034670282e+00
5.797525656495794877e+00
5.952140540218151976e+00
5.951197829211453794e+00
5.881596865268583940e+00
5.574933508157938533e+00
5.480781129353296421e+00
5.309115874174937133e+00
5.087547913020006973e+00
4.991180692859966683e+00
4.955424389350707948e+00
5.038480458296537456e+00
4.951188646777485047e+00
4.878625664948307517e+00
4.855270615418042723e+00
4.756790350574577886e+00
4.778569499987810332e+00
5.079829456671603793e+00
5.722350578169902668e+00
5.760438314399245918e+00
5.481816654059401550e+00
5.438330253438564910e+00
5.285017758096049789e+00
5.065643503136136871e+00
4.934337926004182862e+00
4.849748103001992661e+00
4.638588965090895577e+00
4.473215830054018127e+00
4.300145201599225864e+00
4.126725364820635455e+00
4.348063483903295889e+00
4.385365719451120192e+00
4.322283844898214156e+00
4.355201194551732158e+00
4.274252450886381283e+00
4.579565646935350287e+00
4.889996803795019886e+00
5.210573654386084108e+00
5.098642069688299472e+00
4.932676964634959305e+00
4.916059779036109134e+00
4.890164380994590942e+00
4.901938011867059686e+00
5.290165205806375504e+00
5.253528201103415007e+00
5.518828431412187818e+00
6.857111179588581074e+00
6.815915206060573439e+00
6.801373293059771896e+00
6.718082117343856297e+00
6.611486093250721119e+00
6.554579560778806879e+00
6.457161044357279778e+00
6.446682747284245174e+00
6.402622303475133947e+00
6.077184047923088528e+00
7.154732783042884847e+00
7.994612484572103384e+00
7.538995043610993818e+00
7.335194507710943057e+00
6.863272617402777165e+00
6.865669080838442184e+00
6.792107429119244699e+00
6.656282454387197234e+00
6.445583956416095717e+00
6.435851140477629961e+00
6.329931342372226766e+00
6.046235355946878443e+00
6.231112010523121469e+00
7.586475033816576286e+00
7.394941906840126755e+00
7.638639508208123985e+00
8.271403893363949322e+00
8.364660910417299533e+00
8.235028541858275375e+00
8.561749827392377554e+00
8.608809292576687255e+00
8.560913717793228628e+00
7.965332484714913619e+00
7.863321209438289827e+00
7.378466477609650020e+00
7.235932508449917755e+00
7.121101302644381903e+00
6.831060756725807259e+00
6.635222332979163085e+00
6.675387980321704440e+00
6.385364519567636954e+00
6.317066380557283090e+00
5.999809520205708679e+00
5.808607682747678247e+00
5.796423841416524780e+00
5.729728902502649213e+00
5.522210790164503003e+00
5.847290492537761786e+00
5.908883178949899673e+00
5.909771192998364064e+00
5.556076350017428389e+00
5.465100774065325240e+00
5.466068758178562526e+00
5.318616988236642307e+00
5.143749178481840545e+00
5.028953415343860200e+00
5.167545303325500328e+00
5.053989590025876666e+00
4.837496200016732750e+00
4.654778001307575686e+00
4.734883461642484193e+00
4.702878531602851631e+00
4.651510004546953958e+00
4.670866396657177511e+00
4.463303118716978268e+00
4.236486289141683237e+00
4.218958539708650868e+00
4.114157745390466303e+00
4.058674858201817059e+00
3.975746215057022859e+00
3.958776577185946444e+00
3.937243338455579611e+00
4.069824954342438517e+00
4.136342184673096334e+00
4.964099596943785997e+00
5.213918214145540020e+00
5.607733786119512231e+00
5.848272039315403958e+00
5.941180378906254944e+00
6.349304469738847878e+00
6.905437484401794279e+00
6.890386815296620782e+00
6.982023962165115449e+00
6.780153247336622613e+00
6.798911002060829212e+00
7.450316073731139355e+00
7.678811573021904202e+00
6.901468793900708221e+00
6.504902375536758541e+00
6.043124098279309742e+00
5.778083937432083594e+00
5.746277320118017506e+00
5.854359084519442646e+00
5.818815404738232999e+00
5.831055147602140387e+00
5.853815241325294849e+00
5.979847167482972736e+00
6.043696802004787649e+00
6.193320895005731686e+00
6.792834394547444532e+00
7.237738347612726386e+00
7.616551066332938547e+00
7.670762674728936581e+00
7.906129271901117583e+00
7.999222970450965420e+00
7.881183180168082281e+00
7.944949570387221272e+00
7.901230135835390911e+00
7.880059294954632421e+00
7.848617374831763804e+00
7.758449548694777320e+00
7.796114806939743680e+00
7.771472076005222718e+00
7.646068274057900460e+00
7.776140125425999194e+00
8.061796122393767305e+00
8.402823994768942484e+00
8.317510944329876921e+00
8.364299978677795622e+00
8.150021131269941321e+00
8.061584859807798153e+00
7.760859754227207752e+00
7.541418830411664942e+00
7.491318960484026235e+00
7.298388491526167421e+00
8.213979608064395421e+00
8.679862427077006615e+00
8.227282453230230885e+00
7.776189251123046375e+00
7.777280705174381303e+00
7.683182478713510122e+00
7.439081756102824627e+00
7.273509290585327136e+00
6.869754003292510625e+00
6.952664330482129174e+00
6.649399309118509294e+00
6.446215845719111215e+00
6.185441539470161842e+00
5.879980281954364507e+00
5.729343694084233718e+00
5.687729887402730000e+00
5.555267837617412496e+00
5.384921816019506480e+00
5.317772185453252476e+00
5.138131795986753403e+00
5.121284233342184855e+00
5.124681526371529294e+00
5.140648210178682120e+00
5.098175405628331269e+00
4.919074500274738249e+00
4.729857400205328410e+00
4.513961645114665799e+00
4.349659763362900833e+00
4.119355819593279122e+00
4.104820730948751439e+00
4.267081808095191775e+00
4.289215785356911503e+00
4.230892894074435695e+00
4.060162776634095749e+00
3.990615843307036226e+00
3.907888809567414690e+00
3.745163267647123373e+00
3.663674145072538746e+00
3.567860928014312094e+00
3.546030384088097342e+00
3.544009026016722075e+00
3.446587704653113704e+00
3.478464397646720663e+00
3.475771356984177274e+00
3.393441577965306877e+00
3.379842037745408589e+00
3.392162120463393382e+00
3.308997629466289503e+00
3.380008491190150011e+00
3.207198670170792631e+00
3.160748845247248084e+00
3.132884933495384772e+00
3.141337968568775008e+00
3.164840319797894264e+00
3.445215016050210188e+00
3.424768845662840455e+00
3.254757629484185344e+00
3.243634045656460074e+00
3.307110869815813814e+00
3.609980628066599806e+00
3.598023754392584372e+00
3.496440317153560962e+00
3.340889795396047468e+00
3.143129511199364678e+00
3.136976629271614136e+00
3.043172105563852092e+00
2.820732114028720261e+00
3.074677403457133806e+00
3.223734955434951921e+00
3.239242281881694829e+00
3.099965726340754291e+00
3.072128992297124661e+00
3.064975177156142649e+00
3.513847161456479018e+00
4.271718793528806124e+00
3.768584737927482387e+00
3.686588085495113631e+00
3.546674543655810030e+00
3.518053314003462884e+00
3.390983429766265544e+00
3.299261795859328217e+00
3.526037727868104987e+00
3.633069031047674091e+00
3.724976796823478153e+00
4.007262819167835666e+00
3.930850990380461596e+00
4.037698302399761907e+00
3.932186169691565425e+00
3.965062474717733654e+00
4.670410751405245975e+00
5.219691268001506401e+00
5.051273587745497728e+00
5.289556686511211581e+00
5.043131204335462137e+00
5.169867109297223706e+00
5.841664588629430277e+00
6.010738118238389660e+00
5.929689899240379702e+00
6.123073870289121423e+00
6.174783208259628786e+00
6.424789461348949793e+00
7.239091628803622669e+00
6.905889515382479971e+00
6.655622968242428605e+00
6.508182268807230386e+00
6.708464149680624544e+00
7.147756034342624076e+00
7.304027952850772110e+00
7.358380788137937500e+00
7.254842394502862390e+00
6.904013748791643756e+00
6.908429445801549384e+00
6.875998089661559121e+00
6.599151173575766194e+00
6.273577799080111816e+00
6.143896484674648661e+00
5.910836755638360529e+00
5.890387110258175518e+00
6.106066109443937684e+00
6.540250245977127008e+00
6.268402788161790085e+00
5.909126821452080236e+00
5.764872582667435630e+00
5.594862069763882673e+00
5.519223950152212232e+00
5.359092337809760132e+00
5.015210716613680120e+00
5.018892076369248834e+00
4.834365834467863721e+00
4.540537473654967293e+00
4.598679685575866039e+00
4.615781902681739268e+00
4.496408623002076332e+00
4.285008878316761027e+00
4.111410999399915056e+00
4.029896440797952728e+00
4.057186279084361580e+00
4.022559169134392931e+00
4.053257239778715437e+00
4.008084590092440891e+00
4.031127605924339719e+00
3.956437582343679704e+00
3.894146214841931020e+00
3.897609613184475741e+00
3.956006832232593418e+00
3.871387067917827274e+00
3.807665455581499714e+00
3.745128246938460137e+00
3.690973441117292531e+00
3.741115955812289506e+00
3.782520126400957583e+00
3.719123575769485157e+00
3.672832440820117839e+00
3.594586995926666972e+00
3.507481156859195703e+00
3.289363276482309750e+00
3.228692436551491518e+00
3.240071386985126090e+00
3.249967447298842682e+00
3.270136008986713971e+00
3.648413208797531837e+00
4.542938757242096948e+00
4.234403719102715513e+00
4.271224977704710213e+00
4.218332008515807807e+00
4.102322950883356079e+00
4.069612912122798853e+00
4.072294099348440000e+00
3.907305415904574808e+00
3.890802263193744892e+00
3.784523738842171525e+00
3.665683589702469103e+00
3.596320056244374896e+00
3.641071231195006863e+00
3.653945558380377712e+00
3.609730098886542393e+00
3.619386130507318278e+00
3.773399288854852429e+00
3.768895896403822388e+00
3.773654402097369687e+00
3.776129547064632774e+00
3.790800796844731924e+00
3.726280159095465727e+00
3.683741737572434616e+00
3.688841270954010376e+00
3.554886327610216945e+00
3.581866686301347968e+00
3.654708475725336303e+00
3.720343255395499149e+00
3.594828070397278807e+00
3.659266428232794244e+00
3.555551406701559891e+00
3.718784547536923668e+00
3.597961792681922955e+00
3.557596480699183328e+00
3.439772501612119893e+00
3.563862757414322679e+00
3.692650447512556333e+00
3.750846483957729127e+00
3.625969614458843360e+00
3.542747268549922168e+00
3.512398221348406402e+00
3.422624013423941847e+00
3.472364810150816439e+00
3.544268751899731562e+00
3.628470299511523223e+00
3.637621362317493556e+00
3.636730302794055625e+00
3.641150809910128405e+00
3.744083162579498580e+00
3.977963680772815369e+00
3.896270616211749527e+00
3.924933595896775707e+00
3.929782726374845936e+00
3.999791278127247107e+00
4.153144092679282195e+00
5.016487341426907776e+00
9.012539811997278605e+00
9.345526957251006905e+00
9.171776342880503918e+00
8.960136219425587356e+00
8.396260008712834733e+00
7.757464298535323266e+00
7.373114176109693219e+00
7.256795224628469043e+00
6.690048983072856004e+00
6.529045406403394480e+00
6.442737183897549791e+00
6.571445381583090217e+00
6.046915606035277335e+00
6.070269047408928920e+00
5.759368770100607549e+00
5.757643059977478828e+00
5.704728162476001785e+00
5.611165104643638379e+00
5.487241720318772664e+00
5.245869447854207834e+00
5.102845705373240115e+00
5.032605253910825027e+00
4.922081542447836355e+00
4.835847732411544087e+00
4.689591075812959531e+00
4.610252592192624732e+00
4.609601508350825938e+00
4.513467184745875826e+00
4.607105360750696654e+00
4.563277001989371584e+00
4.426222660070147974e+00
4.358975208535176726e+00
4.242638154888715540e+00
4.124245662494580245e+00
4.059380766829713494e+00
4.046895472515680048e+00
4.018687973769913491e+00
3.962912779015648645e+00
3.789556945748120853e+00
3.649849518069420373e+00
3.683411574652883047e+00
3.640523442868855319e+00
3.656098513146914364e+00
3.524645164642880690e+00
3.617767926805302015e+00
3.568938617481052678e+00
3.521649998285433014e+00
3.909431329775846287e+00
4.537714161895494591e+00
4.180147559861937978e+00
3.956280350965460713e+00
3.906598856391759522e+00
3.719225662288812018e+00
3.607424160053104956e+00
3.620839742793203531e+00
3.611202201050308425e+00
3.525652739721281570e+00
3.512190768398458562e+00
3.520047683355780777e+00
3.508860548978939953e+00
3.490033538830562776e+00
3.433255940897833813e+00
3.321459936043243744e+00
3.283038270377908407e+00
3.244585700249762006e+00
3.310222133452955351e+00
3.393788204134302600e+00
3.369134723506777007e+00
3.401771334598639562e+00
3.419360418259233647e+00
3.405759770389268137e+00
3.313809329026537576e+00
3.238588687997715709e+00
3.258499646673085781e+00
3.243765008300142583e+00
3.273756204943508497e+00
3.487847674739748882e+00
3.495490870100781855e+00
3.247423310863751134e+00
3.223388890251166039e+00
3.500087043841768608e+00
3.459724547686048979e+00
3.261619460776342461e+00
3.259547271370101029e+00
3.193806817159595024e+00
3.266707477023232276e+00
3.241949298049381589e+00
3.288166122382079060e+00
3.417110188270938043e+00
3.501208184774225352e+00
3.506452410021400290e+00
3.612253998620079010e+00
4.213722169868427514e+00
4.813590399472871262e+00
4.719120031891606004e+00
4.697150039757803874e+00
4.601039593415154449e+00
4.432052887646164230e+00
4.230756991408835432e+00
4.162321268632418914e+00
4.657046203077915614e+00
5.070948643247543686e+00
5.230826443262285075e+00
4.948352841758229204e+00
5.017371872804213595e+00
5.255617931262430709e+00
5.169941795363428128e+00
4.931222565545149372e+00
4.958558051119707599e+00
4.997456350468850061e+00
4.820915151035997326e+00
4.658059504665164496e+00
4.715769933690142857e+00
4.516707905004688328e+00
4.349043130354009357e+00
4.264514177044756771e+00
4.095614019283512874e+00
4.040440856821529536e+00
4.328553225356658984e+00
4.363660663892542146e+00
4.075099549537442911e+00
3.947363302687811881e+00
3.926402652171688601e+00
3.805991910903669506e+00
3.747296043120532438e+00
3.781764927181217040e+00
3.663892401285557376e+00
3.690690574880937547e+00
3.722310480345783823e+00
3.714755804729256816e+00
3.675518022580253508e+00
3.639318949123309999e+00
3.621772039202109994e+00
3.594840605875727846e+00
3.701940308799946067e+00
3.654618318717541392e+00
3.613687189769501984e+00
3.573000925122610916e+00
3.595106196259207465e+00
3.540232765157290906e+00
3.301956164490235324e+00
3.351500570525188127e+00
3.257231217136443924e+00
3.259799584899642610e+00
3.258164107365261408e+00
3.185231838014781491e+00
3.099176058568017922e+00
3.051501694369316731e+00
3.001370739705621737e+00
2.977671686265868978e+00
2.892515842558240458e+00
2.867402823441919324e+00
2.824842889180004590e+00
2.730295594614959853e+00
2.789900998398332277e+00
2.779471796247384052e+00
2.824448312373827985e+00
2.915530895741696327e+00
2.760033205593964478e+00
2.616868356775098103e+00
2.528371280976724034e+00
2.378880080345104453e+00
2.364259654901600172e+00
2.226380029446678233e+00
2.055204417092654001e+00
2.061188550780108653e+00
2.211271648560095837e+00
2.046815439994247754e+00
2.097757971828818402e+00
2.071691600106127851e+00
2.099861859766802397e+00
2.096057416651515126e+00
2.116856613006948606e+00
2.173692973611273338e+00
2.489296461744008315e+00
2.531817656009633044e+00
2.727528031911959694e+00
2.723545135952454288e+00
2.767276385761561208e+00
2.792220993182603195e+00
2.776261283035445171e+00
2.840007495666817761e+00
2.825480599808817050e+00
2.969060143847977784e+00
3.330126158080773724e+00
3.511050429931892314e+00
3.676903702665823559e+00
3.541067154049930998e+00
3.934667285057757535e+00
3.977758698829432227e+00
3.986869689957164287e+00
4.036653595210317746e+00
4.122572487578342937e+00
4.351378711650762732e+00
4.410037372355514407e+00
4.405851995017766143e+00
4.543595833717841259e+00
4.596013435658471202e+00
4.665832962386873284e+00
4.738759718609367511e+00
4.782443550639675856e+00
4.787434381897767821e+00
4.725124640731726444e+00
4.532383911354531669e+00
4.410641352407768778e+00
4.426590663126282799e+00
4.232805232422970576e+00
4.539356552501716990e+00
5.129422444760952438e+00
5.508639121389336424e+00
6.178796019447333698e+00
6.677166190965115433e+00
6.980548438732631311e+00
6.814511047786287357e+00
6.533162727368727829e+00
6.433629748601574327e+00
6.159111414649572680e+00
5.729594357085066036e+00
5.497319058506117351e+00
5.350996360428712073e+00
5.230430659216643186e+00
5.279625982724716948e+00
5.245776488232796630e+00
5.149918426421008277e+00
5.009883066830458809e+00
4.806685053433079169e+00
4.656680303255166464e+00
4.664198119025407152e+00
4.463912075716344852e+00
4.379525148405946311e+00
4.450826659116140505e+00
5.028620165899076788e+00
7.499929787781413282e+00
7.444535299358211233e+00
7.051736756341758117e+00
6.885863244592586696e+00
6.722150049119177240e+00
6.655323600379245086e+00
6.554053417018088190e+00
6.376941306439758428e+00
6.255608957098170109e+00
5.858025727508126224e+00
5.841764670349052224e+00
5.882412844379643069e+00
5.460358568681064284e+00
5.395942710366036899e+00
5.435557956860996853e+00
5.436335652151507603e+00
5.359671368159281357e+00
5.096406775544394918e+00
4.846206047819091367e+00
4.716455876030549277e+00
4.691111429687459200e+00
4.562528056114366848e+00
4.457844346548654357e+00
4.967191261189770835e+00
5.960398015234438240e+00
5.601591143787015170e+00
6.176629970234230882e+00
6.782267256809396017e+00
6.888883020293980586e+00
6.942350316424126255e+00
7.050611644949833945e+00
6.957325198313739634e+00
6.669865497890357098e+00
6.546226117409554845e+00
6.395157284468119485e+00
6.275935972196376333e+00
6.015711392123498591e+00
5.776015212408261768e+00
5.755386228567076934e+00
5.622703752706661007e+00
5.606718433968159054e+00
5.565195514542252475e+00
5.379035132650632711e+00
5.018761689312216667e+00
4.997096719165914358e+00
5.293581683277691852e+00
5.480236118600052997e+00
5.495894602412167984e+00
5.621947751730568932e+00
5.526396102316564196e+00
5.273495031591039606e+00
5.131190664041777261e+00
5.025320050284517670e+00
4.883871367181402690e+00
4.875618567960015248e+00
5.056642247389963707e+00
6.308191090580034022e+00
7.658910051811530728e+00
7.460525112804924142e+00
7.407006508396582589e+00
6.906695912317693420e+00
6.727556206453691345e+00
6.531055053189568582e+00
6.250213291203609245e+00
5.900846868744774376e+00
6.173772941337739795e+00
6.729479742273731802e+00
6.959176473565746868e+00
7.137677137685153994e+00
6.918876242909915320e+00
6.851404454751758522e+00
6.558247249931984157e+00
6.296662347624637945e+00
6.005158666038227011e+00
5.883274813502195499e+00
5.946714153808818182e+00
5.739348638975846129e+00
5.444435575754015488e+00
5.741784419125615102e+00
8.725598837573301125e+00
1.153501621133608879e+01
1.127519677490203343e+01
1.057073511601400995e+01
9.925026110038587035e+00
9.485276479558205409e+00
9.026123870638794955e+00
9.482119527753340549e+00
9.572424269920478679e+00
9.290401936864391530e+00
8.831157724165205281e+00
8.565273353111805932e+00
8.442087398639170459e+00
8.305392729007868624e+00
7.776814938302383240e+00
7.773009358924845458e+00
7.571286532014189774e+00
7.147543721258378113e+00
6.741167103285907736e+00
6.344994664130306106e+00
6.022718005954828868e+00
5.779928363244586365e+00
5.554741883405410974e+00
5.507662616666594069e+00
5.450612873088837240e+00
5.553707120047650214e+00
5.842941317268003587e+00
5.890080874130830146e+00
5.987094578253276289e+00
5.891816317429542593e+00
5.636500569230098456e+00
5.349378030177154741e+00
5.180764511044310794e+00
4.852459734856706675e+00
4.711198888076197910e+00
4.711749194925584305e+00
4.654450946506508480e+00
4.619860041353629931e+00
4.636992987958741708e+00
4.568929902888489991e+00
4.474805620238181625e+00
4.582985914948625172e+00
4.545389477109329057e+00
4.416614725516383899e+00
4.278880603082038547e+00
4.254177625235515237e+00
4.266183978828090417e+00
4.324412002807471289e+00
4.279171360591577766e+00
4.329649887536164421e+00
4.378371788233689443e+00
4.332844015731456722e+00
4.155374672633198152e+00
4.500268808169788137e+00
4.425997718526112124e+00
4.279672222027723905e+00
4.090862220219031897e+00
4.119899952954432898e+00
3.997746246679584559e+00
3.938134266420888707e+00
3.749800873993913264e+00
3.628596382231807471e+00
3.512489579770230463e+00
3.421688621527887442e+00
3.341599569561988226e+00
3.379700703979947818e+00
3.357940954935106248e+00
3.259221433197982520e+00
3.219110809761753345e+00
3.284151688439136407e+00
3.414196182809480007e+00
3.365697309793855396e+00
3.334194265574006000e+00
3.362153592803929669e+00
3.303286585079177495e+00
3.353162652205424532e+00
3.354132554382200482e+00
3.249786940962812842e+00
3.211346069299736428e+00
3.253530887521129511e+00
3.237276497600056757e+00
3.223051991061222310e+00
3.231095821092198506e+00
3.227768484184107667e+00
3.340792145330045315e+00
3.323529375894647586e+00
3.371472673700707912e+00
3.326209112954524372e+00
3.277623058646893295e+00
3.207886953030653743e+00
3.144724919578943290e+00
3.141699042892789784e+00
3.146756025728990380e+00
3.158286743470275049e+00
3.133911061631405204e+00
3.122082230259867863e+00
3.070937972254345727e+00
3.152666018579273199e+00
3.103023502376220932e+00
3.171550020485605970e+00
3.232629427952051770e+00
3.275608774267154466e+00
3.271153172269000819e+00
3.167775920467229334e+00
3.112996644335996876e+00
3.061244843594620679e+00
3.107617646080659490e+00
3.094178804892093737e+00
3.086311447847403855e+00
3.007338386752655524e+00
2.974989037421057247e+00
2.901923761818843150e+00
2.857726888960113953e+00
2.825222156017090924e+00
2.884523149918248208e+00
2.777204400316418020e+00
2.704317534985404059e+00
2.664638772942780953e+00
2.538331724148999324e+00
2.475003319799755186e+00
2.431998565239274157e+00
2.391897407096811978e+00
2.349100804574371537e+00
2.311741452025903865e+00
2.353504541784194437e+00
2.349697058662531646e+00
2.368692703963664048e+00
2.359814428340265557e+00
2.365290474920780373e+00
2.315077751292502040e+00
2.378595792329774916e+00
2.421650369779350775e+00
2.378879075219075823e+00
2.378722591157989452e+00
2.362031148379884815e+00
2.339080509147724918e+00
2.394855529946277262e+00
2.440470191915925735e+00
2.387991414908210874e+00
2.399557064764350933e+00
2.408670313116469508e+00
2.377858711360481436e+00
2.369449724502003640e+00
2.429163314926850337e+00
2.498459828926215209e+00
2.623929300016045740e+00
2.679763731356354928e+00
2.755249723348519808e+00
2.831579487434887632e+00
2.993252500879879818e+00
3.000016446192030450e+00
3.072662919383668978e+00
3.277755794705508041e+00
3.460372957668709226e+00
3.691266351092612030e+00
3.729601663293195202e+00
3.653057529498627609e+00
3.585064837327536669e+00
3.512882844468642851e+00
3.393410670166824961e+00
3.363963734058691202e+00
3.342531300696692576e+00
3.563422905681565389e+00
3.772051288292031845e+00
3.861476629404272831e+00
3.842771219399167215e+00
3.944216842717144900e+00
3.895892648635878253e+00
3.693254688127920460e+00
3.636348577832315243e+00
3.661398842020295419e+00
3.793051593749551476e+00
3.535067892298277226e+00
3.423224727297194292e+00
3.353630922495349331e+00
3.423106395667548263e+00
3.325483327058456062e+00
3.394750559546019009e+00
3.284689247855279604e+00
3.370025881212249885e+00
3.667203516763191118e+00
3.429115006054297865e+00
3.404957935482345821e+00
3.382319328206214060e+00
3.360087042621356712e+00
3.373721656180362238e+00
3.300393886796668230e+00
3.410174195975925748e+00
3.933118082840742602e+00
4.841847518504073022e+00
5.028727622789744167e+00
5.340952867515874836e+00
5.247290394355328402e+00
5.349039682168318599e+00
5.383996701183887623e+00
5.451325926859385440e+00
5.419744743460944036e+00
5.497669604581715497e+00
5.383188922959166511e+00
5.358327241601885227e+00
5.495840650709535424e+00
5.782811626752720535e+00
6.082704289740366477e+00
6.013036442499095635e+00
6.077244404298665081e+00
6.222644940287219484e+00
6.228428863907160995e+00
6.267169644081358015e+00
6.255163972186224441e+00
6.199030690648641873e+00
6.133262366261629239e+00
6.244956768578270534e+00
5.914542039714444144e+00
5.933265934467413238e+00
5.919555335237465243e+00
5.768817356081777703e+00
5.803457916302295239e+00
5.511073464867406457e+00
5.426923662069853549e+00
5.413360796290957566e+00
5.259244325796280428e+00
5.125454515301059999e+00
5.165587942801216137e+00
5.156907878853024485e+00
4.938813185319992805e+00
5.020708728395049114e+00
4.745120141385419821e+00
4.491970547123441015e+00
4.311453270721546716e+00
4.166325714797041613e+00
4.100760553353152815e+00
4.060820074221094700e+00
4.039097016276103069e+00
3.982559053754993972e+00
3.987720480287011871e+00
3.950738772812927291e+00
3.953180538013771894e+00
5.322778260052078991e+00
1.074770065469713032e+01
1.080219224568380199e+01
1.101643993969118895e+01
1.068039159563614859e+01
1.095805388334482444e+01
1.145799946690037530e+01
1.171736175808156943e+01
1.183739014416939561e+01
1.182569805454028966e+01
1.216929240311974780e+01
1.265870855245861115e+01
1.262615654917586383e+01
1.231603711619860775e+01
1.230517239586559342e+01
1.243195434074529260e+01
1.210856940037628959e+01
1.229226183035203945e+01
1.210195530631047234e+01
1.174845648059899261e+01
1.122991191451607662e+01
1.113105296828218016e+01
1.157110079842140316e+01
1.180764900434153830e+01
1.179445331708894962e+01
1.218315826777775968e+01
1.204089833523524433e+01
1.130485315003283020e+01
1.103410140307585507e+01
1.102914218247105538e+01
1.061219575217249655e+01
1.080328351415305832e+01
1.036852948922490114e+01
1.007354993038337199e+01
9.241968402627371404e+00
8.974002876030716891e+00
8.395638000569292103e+00
7.874848849884984681e+00
7.878757060971560477e+00
7.586227207841154119e+00
7.446472876470731528e+00
7.306629900732513505e+00
6.797442359257597211e+00
6.721112973123512191e+00
6.584148232822311542e+00
6.608777626810525163e+00
6.597151521320503420e+00
6.383644117629827974e+00
6.272203761067938643e+00
6.295626550696634460e+00
6.100289052075272167e+00
5.889952036324600293e+00
5.973368377936866480e+00
5.957486399148608669e+00
5.871458407673081581e+00
5.802189552461003430e+00
5.750735965141232420e+00
5.642577518215165178e+00
5.554756254840642171e+00
5.585833302757714058e+00
5.513126367776576942e+00
5.440223748300509143e+00
5.603711148296386391e+00
5.587511472369120824e+00
5.523114294507930566e+00
5.511797113549084415e+00
5.621012517338222381e+00
5.612991221947979170e+00
5.606948495728734549e+00
5.549096998163488337e+00
5.482360460711385386e+00
5.438239914825035548e+00
5.715141121631387655e+00
6.239457968586999748e+00
6.504899643969222822e+00
6.393509555529234056e+00
6.292197912739323051e+00
6.249557116842836990e+00
6.349334518654200288e+00
6.418534369093281455e+00
6.233897463980239806e+00
6.351337268870910435e+00
6.237908206890486085e+00
6.089964040186417904e+00
5.945899877496769292e+00
5.800254956002190987e+00
5.725971207348091951e+00
5.433730838149633868e+00
5.400727907759041990e+00
5.211748552665452117e+00
5.110057651097108078e+00
5.121151981164525857e+00
5.042341207393218561e+00
4.582477358658056055e+00
4.480732001883986015e+00
4.444541334930534049e+00
4.798977896323076919e+00
4.583484938888373605e+00
4.582228791699701098e+00
4.462704497925069624e+00
4.451956969313654255e+00
4.329964760937544455e+00
4.267030793159311663e+00
4.283072323209642818e+00
4.306675567663518223e+00
4.274540962162350688e+00
4.230289556891227321e+00
4.141390857039654705e+00
4.071593934063958642e+00
4.114142093435115832e+00
4.061068786552528564e+00
4.047658987724293667e+00
4.008464327035738961e+00
4.002039062614882958e+00
4.017346665505856507e+00
3.967249625543908476e+00
3.946600775737122202e+00
3.948265084788537216e+00
3.929477948841863189e+00
3.821633605178581305e+00
3.819106805867258370e+00
3.765738789213522342e+00
3.754041531135668297e+00
3.860986233502507581e+00
4.086714095043302741e+00
4.140905256744956020e+00
4.521329329673696051e+00
3.969123364193509307e+00
4.002594227427109352e+00
3.964069234753216708e+00
3.936954667296615362e+00
3.901446660206445927e+00
3.913813230788302455e+00
3.749880864162802752e+00
3.649094363102443062e+00
3.580323388724650613e+00
3.490767346848942410e+00
3.476766452419263409e+00
3.536766554108200289e+00
3.573688609237215985e+00
3.510036958519840322e+00
3.487193845210152965e+00
3.565766280196910998e+00
3.639440438706833092e+00
3.618744750159911927e+00
3.483245986756030810e+00
3.650654096403871840e+00
3.816795887588334324e+00
3.654659871022859718e+00
4.089625988704181481e+00
4.300591659081296037e+00
3.960329202745773269e+00
4.033239648995490256e+00
4.117368615308997448e+00
4.200729523913091512e+00
4.080595633755677021e+00
4.501345489917683906e+00
4.222286622925717658e+00
4.405085991686019220e+00
4.595682404624120032e+00
4.651760511499593242e+00
4.589710227778753371e+00
4.462596042847458477e+00
4.289839209750804905e+00
4.083946897248737606e+00
4.008619855879526739e+00
4.090096040304345593e+00
4.144807312455211168e+00
4.157235371228077625e+00
4.291221779474290621e+00
4.395441578674912364e+00
4.462254905901097857e+00
4.682939104165213529e+00
4.969295079007058469e+00
4.618417688105290075e+00
4.451800764055642290e+00
4.391106097123356200e+00
4.254899259863764271e+00
4.224681777867417942e+00
4.124219792654519878e+00
4.753247686913462111e+00
6.324136021681342257e+00
5.908475271089669079e+00
5.823447838037149715e+00
5.761177125167620261e+00
5.762056348463858058e+00
5.415866978670099030e+00
5.200913697309669459e+00
4.945328129597771571e+00
4.934703292240250505e+00
4.895547720095713373e+00
4.694889503841013223e+00
4.638392116101289986e+00
4.569990863189434371e+00
4.483137323213297165e+00
4.395392558708612896e+00
4.678002234435652440e+00
4.101143633073863981e+00
4.154172921377524474e+00
4.019711315811004049e+00
3.956970300980298560e+00
3.903014763571800216e+00
4.068092972451617051e+00
4.152167187926273151e+00
4.120940451303376939e+00
3.984591739414343081e+00
3.910583396119358568e+00
3.830149445736504177e+00
3.728749833707305505e+00
3.658327468659992476e+00
3.653817652536102134e+00
3.603635171858291741e+00
3.481967153679125904e+00
3.392379086551291500e+00
3.219167422276822954e+00
3.206757632164929817e+00
3.123271613037147176e+00
3.082257881559080204e+00
3.014815729045960069e+00
2.981070759335232800e+00
3.007433858044878505e+00
2.999270102931406612e+00
3.035194895057584219e+00
3.047883635749491393e+00
3.035516772400158381e+00
2.994157713417195055e+00
2.945783384782822090e+00
2.812365321165556153e+00
2.777285488133165448e+00
2.775154480332429952e+00
2.820572158934014251e+00
2.801052361706964700e+00
2.730170018271786514e+00
2.894486199488261580e+00
2.748195379190065957e+00
2.665107908200811337e+00
2.673427733876553081e+00
2.527397222029241775e+00
2.501295496708557664e+00
2.378448731810855143e+00
2.243012885692770908e+00
2.262653337258664354e+00
2.232663428508933290e+00
2.266674553294024008e+00
2.338820660642777938e+00
2.559679126975813901e+00
2.986106582222923578e+00
2.952723101395455796e+00
3.085335230437120657e+00
3.207503015454238771e+00
3.120419270298256720e+00
3.065184529771549204e+00
3.049862585945758653e+00
3.065140178429745621e+00
2.996485851736484740e+00
2.943814828139243556e+00
2.795895435271256169e+00
2.740965064089404990e+00
2.554196881806171326e+00
2.504168191777154995e+00
2.518106373167281031e+00
2.523490283301684567e+00
2.621947795315240359e+00
2.706740757227487304e+00
2.794367176457286828e+00
2.887559128824138455e+00
2.855680123960981920e+00
2.767547861125360331e+00
2.760099306325576318e+00
2.757578438719415548e+00
2.773958278934937294e+00
2.831869425665531903e+00
2.940145025967061176e+00
3.088352466941641339e+00
3.170933345888796051e+00
3.292786167605300740e+00
3.496305160575763793e+00
4.030601276756817342e+00
3.811630472748464449e+00
4.102738020928531348e+00
4.305739842442689813e+00
4.894171009480100309e+00
4.851463027466536460e+00
5.030321601676966736e+00
5.258431344741836710e+00
5.963752453321800040e+00
7.018934140814059752e+00
8.342237509506645665e+00
9.145961345926677311e+00
9.000075339287977982e+00
8.939651555153531604e+00
8.477529914496432895e+00
8.374196146660233708e+00
8.258193910632991575e+00
7.828877246952334445e+00
7.798279945931348323e+00
7.561980435906965781e+00
7.257204246316119267e+00
6.738857503169310093e+00
6.585997372828042984e+00
6.460278545345195411e+00
6.176868752945195773e+00
5.944734621327087076e+00
6.087777684195187611e+00
5.985732522709508174e+00
5.633869284384666720e+00
5.416220099776186458e+00
5.262491074699218174e+00
5.326143514813083790e+00
5.256932611635130925e+00
4.965807182041085177e+00
4.791911159863119885e+00
4.757969109683488185e+00
4.710314179953314806e+00
4.713148364062086593e+00
4.687884738332934731e+00
4.767046944776375916e+00
4.749057118661298205e+00
4.717354620294456069e+00
4.733969971128337839e+00
4.769621136657218763e+00
4.991591595996766273e+00
5.122771176802333848e+00
5.349404397802789646e+00
5.442964464238724709e+00
5.655838296793035624e+00
5.619552037701555314e+00
5.883812943547332530e+00
6.005042252913502132e+00
5.975644299476895682e+00
5.802748219461081547e+00
5.764781897893673346e+00
5.467763566234924433e+00
5.359729712134448931e+00
5.093085651187734264e+00
4.809929309176078860e+00
4.806510442500491642e+00
4.704556314408131712e+00
4.564861678623128860e+00
4.655792703218069484e+00
4.618833439227098658e+00
4.501332885013934693e+00
4.562339564329213282e+00
4.503511720596624635e+00
4.356354265280661053e+00
4.213511501747637666e+00
4.181206799830746945e+00
4.147870376669189341e+00
4.383502675643853763e+00
4.826593061498319237e+00
4.777985146964873309e+00
5.066428936663286642e+00
5.815064406292856702e+00
5.593664254567565663e+00
5.814357709708118271e+00
5.936957786849611729e+00
6.393509105489375344e+00
9.298610019771610169e+00
1.096795836123324364e+01
1.079822760921314817e+01
1.081904611823290452e+01
1.053689538449214957e+01
1.054721843228298894e+01
1.032463064220149818e+01
1.044800874200355345e+01
1.011441293923974172e+01
9.699565405786113814e+00
9.532377212813269551e+00
9.013856151489189727e+00
8.976776113158408066e+00
8.506571798618075775e+00
8.398058585420391964e+00
8.286351385605017938e+00
8.061079487724164494e+00
7.747775083986028655e+00
7.438130945308964570e+00
7.233631534949737762e+00
6.765341120112963402e+00
6.566728483780662984e+00
6.348222908004451881e+00
5.944748124527488464e+00
5.834898992689357300e+00
5.725945574186479980e+00
5.460940384948021808e+00
5.200237022520600050e+00
5.131628360900947428e+00
5.005937235362159399e+00
4.979244444055554553e+00
5.078113340702421041e+00
5.052236082396171390e+00
4.944121550440877755e+00
5.025196442930788265e+00
5.465808606639299683e+00
5.368279917217678054e+00
5.262753529702444588e+00
5.240450279125001387e+00
4.996603845125181742e+00
4.833383216968571539e+00
4.630553990033051015e+00
4.342678164459222501e+00
4.131177064433899204e+00
3.983661028531223280e+00
3.886035796339997184e+00
3.717418462236799392e+00
3.595137994527558334e+00
3.555416982992978703e+00
3.509407574366104399e+00
3.488626105333529459e+00
3.250819767347937983e+00
3.214349038799109604e+00
3.188421390980622938e+00
3.096769306588987192e+00
3.047048288455041387e+00
3.077911781505976663e+00
3.154109005834867752e+00
3.356791065831875365e+00
3.372733685062649478e+00
3.302952736070378315e+00
3.222932234897316839e+00
3.191362800652638221e+00
3.292777982348634502e+00
3.147063603184025560e+00
3.117743834946299586e+00
3.150390006545013222e+00
3.172871955938279420e+00
3.172046530517889540e+00
3.224369244868817042e+00
3.290544041043871992e+00
3.294798021899677742e+00
3.228473851289359153e+00
3.310431576020813615e+00
3.299455291812886326e+00
3.252955993422594005e+00
3.216453883479259979e+00
3.210786309389729531e+00
3.147843656678763757e+00
3.177830314901962439e+00
3.527514870303816608e+00
3.682911219528965496e+00
3.583334340486344693e+00
3.562922957118576761e+00
3.427893769944924784e+00
3.559079274761583811e+00
4.972992727166063887e+00
5.381512769897429216e+00
5.281367397215049664e+00
5.027657652346998240e+00
4.546329797800450656e+00
4.282803501311959415e+00
4.000813421199541864e+00
3.883634164512736575e+00
3.683154786292471172e+00
3.469528151829408991e+00
3.422304600281424136e+00
3.346347122684961484e+00
3.175640275517731759e+00
3.187667013882352851e+00
3.158190766091268031e+00
3.085818929840615787e+00
3.165471561222428676e+00
3.254564399544706887e+00
3.478600153652112503e+00
3.453895893983434107e+00
3.609225800445905463e+00
5.222400199331748816e+00
6.633607529420727289e+00
6.505372917932821686e+00
6.464774436047491690e+00
6.484613219601778056e+00
6.296303964759164984e+00
6.123161808082022262e+00
5.926305561545511580e+00
6.094446165950934358e+00
6.496009649202787450e+00
6.650389022620785795e+00
6.739593020514014654e+00
6.836108007388402186e+00
6.849902583481642715e+00
6.943291917561400517e+00
7.094106588605503916e+00
7.309045399951143551e+00
7.051709431297936703e+00
7.236217726558875185e+00
7.261620632559043997e+00
7.336807610636694399e+00
7.328086702382261564e+00
7.313026847815660147e+00
7.259368646457623697e+00
6.928863490718574880e+00
7.158173727178873236e+00
7.077598527581177024e+00
6.577869078223224086e+00
6.637208643504248329e+00
6.571032506606996115e+00
6.297281253723554073e+00
5.934128927360391437e+00
5.842959458264846972e+00
5.789221188743720603e+00
5.660398529459920169e+00
5.413607879905101505e+00
5.331673336994428247e+00
5.135756972523263464e+00
5.041628743947294211e+00
4.916940953632116695e+00
4.909428012800426622e+00
4.831645962400889616e+00
5.350651186039060647e+00
6.253378565970043823e+00
6.270870739797777205e+00
5.878506181976149492e+00
5.814324643186931318e+00
5.794342924667137851e+00
5.543212776718186241e+00
5.622594737025126577e+00
5.630017620039215132e+00
5.534891505393649602e+00
5.396233804427485126e+00
5.515503591269771633e+00
6.383382621915593802e+00
8.340186024297912226e+00
8.597327996411381790e+00
8.816402965261376679e+00
9.208050267704052771e+00
9.017848482832793167e+00
8.982599668801384496e+00
8.714587315359077380e+00
8.602689848576474674e+00
8.398916478014060161e+00
8.418195985697719763e+00
8.386445993584169756e+00
8.125210407171497451e+00
7.817063419972825500e+00
7.786789897659504689e+00
7.667584063835544583e+00
7.459778168402440457e+00
7.199598278305890275e+00
6.793647223255786294e+00
6.688412822489190113e+00
6.363106994814804906e+00
6.062678816510388202e+00
5.802343836022928691e+00
5.753846058322804602e+00
5.513012079146466071e+00
5.460222341821098446e+00
5.422710557668395381e+00
5.363676299375235601e+00
5.262924695664322527e+00
4.982355406221763872e+00
4.821778693900569124e+00
4.948933816403506825e+00
6.770491285111887692e+00
8.271994282410577881e+00
8.675751870525195031e+00
8.630114910297338682e+00
8.782308098355240844e+00
8.756036152978769138e+00
8.650140774919679032e+00
8.416934206954991282e+00
8.221038266452556087e+00
8.479771460578058750e+00
8.232866512666568326e+00
8.365786188316358007e+00
8.206945364803376108e+00
7.798980754930830983e+00
7.948804252313609986e+00
7.596096237176226396e+00
8.030935403357563729e+00
7.912805096585005415e+00
8.434990661853156269e+00
9.653896826844661661e+00
9.597707386709013022e+00
9.037115241451463277e+00
9.309425545798617918e+00
9.433225971256858244e+00
9.107633996688754507e+00
8.824861658799738606e+00
8.575897580266442333e+00
8.840553649347478782e+00
8.833393163575667728e+00
8.826309600329432570e+00
8.661725636977378073e+00
8.636184194326220975e+00
8.481972072596407841e+00
8.770473125098472877e+00
8.770708301028157905e+00
8.712531181960827098e+00
8.476089398368877426e+00
8.358419399323828713e+00
8.134421392297195297e+00
8.059038756463541731e+00
8.048481202331304374e+00
7.741735996394528030e+00
7.611011588667359717e+00
7.474969079551680551e+00
7.422696553286039389e+00
6.891575160676470801e+00
6.727230567801435690e+00
6.558704097466422134e+00
6.534935915099936210e+00
6.900076130029042076e+00
6.562155740054717690e+00
6.390934511162718934e+00
6.324130844948635755e+00
6.316422725403080918e+00
6.296467188606241550e+00
6.037825639285797408e+00
5.749024603761283103e+00
5.468760014894677113e+00
5.436352728335037909e+00
5.361675836979006071e+00
5.335231974228696217e+00
5.176716393820060880e+00
5.395221173941217252e+00
6.360493715076561472e+00
5.563976309369611073e+00
5.421970698619002604e+00
5.424548300859813210e+00
5.330024016679392851e+00
5.240303662740242174e+00
5.098113004778698887e+00
4.946001997005177842e+00
4.843919553479458351e+00
4.903558640982137895e+00
4.919754316060688026e+00
4.689880691344871622e+00
4.616417974814357450e+00
4.536416037674745994e+00
4.462247073921959739e+00
4.410824150621516893e+00
4.313874789367895701e+00
4.472554535291083155e+00
4.549158292275656379e+00
4.421317586188089344e+00
4.422364984796439025e+00
4.528871308823510411e+00
4.473631073670649272e+00
4.356826500889013687e+00
4.299000946920761734e+00
4.313737116931231519e+00
4.156397790052226426e+00
4.150769726979739005e+00
4.239877714776961071e+00
4.302612435901001398e+00
4.286765285381253676e+00
4.338003856311090090e+00
4.459779845721789648e+00
4.613385781754173465e+00
4.856627820927664096e+00
5.013492867977716649e+00
4.970337101724013884e+00
5.030872410319982890e+00
5.694383545134688696e+00
6.646970557102474864e+00
6.723386245950667472e+00
6.708371943932115222e+00
7.354781978577744184e+00
7.240672517038000855e+00
7.248198899225256397e+00
6.935008029148748143e+00
6.754348574594708943e+00
6.576347297061409414e+00
6.366911806350719516e+00
6.174882323901049297e+00
6.056459455682798421e+00
5.932079888439965032e+00
5.954909169273692626e+00
5.578830046271521681e+00
5.485871458461466510e+00
5.254496307457224624e+00
5.238887399188978833e+00
5.299273140865644827e+00
5.512335335384518586e+00
6.666725957028001304e+00
6.795960708872142320e+00
7.604007078649612339e+00
9.631034616747662369e+00
1.046391965085888742e+01
1.016478733243372190e+01
1.021946519474048287e+01
1.034814920682451422e+01
1.009086431483471458e+01
9.916238118402517898e+00
9.926870416023458432e+00
9.106153926273401922e+00
9.112268875849883543e+00
8.988668353199173566e+00
9.118498203561578919e+00
9.102670190160511154e+00
8.760880108147222955e+00
8.721005041334167984e+00
8.681139663790226280e+00
8.610649625545626407e+00
8.373096639422616505e+00
8.318373705973900911e+00
8.434887843835500831e+00
8.302499291740494058e+00
8.241355605506484494e+00
7.775486777599240007e+00
7.824946982872543089e+00
7.797120339730290617e+00
7.546393490977488128e+00
7.482181541159345528e+00
7.096753952116947595e+00
7.358898370886077345e+00
7.027286303378412313e+00
6.566541081993519491e+00
6.187425121248605109e+00
6.027521653223992359e+00
5.868670051797082898e+00
5.951489486647918881e+00
5.796261907744404418e+00
5.692718385531644110e+00
5.540354872090055949e+00
5.442568787770230898e+00
5.337303287674101782e+00
5.178189852659376591e+00
5.065314357926734345e+00
4.946235238289832026e+00
5.030604647977129140e+00
5.062025474394189040e+00
4.959503908979558062e+00
5.090693790873300983e+00
5.071064167345507023e+00
4.893905087196884551e+00
4.692411724170021614e+00
4.566921781461650731e+00
4.389466365570390494e+00
4.304125279214225053e+00
4.308330809972356512e+00
4.143280241100391059e+00
4.015251929813627108e+00
3.979604624516078992e+00
3.994971507965244584e+00
3.979097462877336788e+00
3.955192734535165400e+00
3.943070400044108581e+00
3.803499892432683716e+00
3.690513254359835571e+00
3.662694813220397805e+00
3.640537472952592779e+00
3.564472349607687107e+00
3.613143721446777867e+00
3.609772258402136558e+00
3.598798404786268890e+00
3.559487650392668900e+00
3.557664402364668632e+00
3.510936216533448118e+00
3.391109282858565610e+00
3.291021571997593043e+00
3.482351774463770866e+00
3.438388222628961266e+00
3.714951240429670065e+00
3.617723411332632644e+00
3.372131915780219646e+00
3.367450619744412066e+00
3.253979193992003971e+00
3.265771696391244205e+00
3.262993948792037635e+00
3.179725665264272916e+00
3.156347642701329725e+00
3.156350058569344696e+00
3.102369465654970959e+00
2.979282340156614417e+00
2.899620070076647682e+00
2.860976535577497870e+00
2.791737394743180722e+00
2.781692890494825043e+00
2.687014973235166693e+00
2.672418546486763802e+00
2.671812827055625394e+00
2.622333675149680854e+00
2.593596315824315823e+00
2.622889163611982877e+00
2.654973745734320989e+00
2.919267040769065957e+00
2.924271630868794603e+00
2.804633105244107139e+00
2.725705076417817008e+00
2.715444072515505791e+00
2.721078384348573742e+00
2.809656573957637349e+00
2.768007671188641883e+00
2.768678039320918050e+00
3.143768872709856055e+00
2.923224457714992841e+00
2.976073941908893961e+00
3.226143915348368640e+00
4.440819629732077445e+00
5.370377788424255172e+00
5.061896967515254531e+00
4.882664827402009244e+00
4.737488410260156435e+00
4.662862372140389233e+00
4.691313844119965992e+00
4.804993077037519988e+00
5.142461988541858098e+00
5.864850089618044215e+00
6.320413894234515162e+00
6.909298001885773033e+00
6.577453991355186602e+00
6.371938970868805896e+00
6.089012556946276078e+00
6.088198437997379919e+00
6.065093561736327743e+00
5.922376653494453080e+00
5.893263579294184318e+00
5.888621314047647992e+00
6.678334944579955135e+00
6.888779737091926592e+00
6.867761229347330243e+00
7.002473215898003644e+00
7.439154981324893612e+00
7.637087599619002631e+00
8.040510841148782006e+00
9.563925233424043881e+00
1.081425327497895594e+01
1.169283868097268453e+01
1.193989171710901687e+01
1.184391373091515476e+01
1.199191833080424985e+01
1.190677116528315693e+01
1.165405509618820190e+01
1.105491956965236255e+01
1.061061920046609686e+01
1.004980494144963998e+01
9.418809862667664845e+00
8.961554286747821507e+00
8.576972730156347424e+00
8.245112422285785669e+00
7.793884303610711939e+00
7.767853675835111105e+00
7.734734343232149811e+00
7.503163926904891312e+00
7.204458118453993976e+00
6.862251264452694954e+00
6.703607400049944154e+00
6.564565802748480117e+00
6.280922104031896325e+00
5.965504494209158182e+00
5.886423038840389310e+00
5.817005291689451241e+00
5.525469246385050326e+00
5.344503267896355325e+00
5.178363814755714500e+00
5.121050636380260812e+00
4.944243910451699087e+00
4.931392017339745415e+00
5.016070894679579339e+00
5.058876219722829859e+00
4.763519700688663150e+00
4.722884886058711373e+00
4.722817210803922805e+00
4.688317945516841334e+00
4.501785975742445878e+00
4.207077245314480685e+00
4.092839119518119517e+00
4.008780489327302909e+00
3.797986372170375269e+00
3.651625983962734523e+00
3.651572613981506787e+00
3.690295513698617746e+00
3.629145332493701304e+00
3.596286394751540882e+00
3.593926093599568716e+00
3.619523583817463752e+00
3.662983075210941131e+00
3.663523442933318996e+00
3.612831088989869599e+00
3.547926737120103091e+00
3.511335399063373330e+00
3.428688531020509522e+00
3.436318892079057719e+00
3.434283729825733822e+00
3.344814155335117611e+00
3.344621002727602210e+00
3.190582771349447455e+00
3.182554856952618749e+00
3.157785390584280094e+00
3.160103866327506061e+00
3.111177468525582412e+00
3.037642284519904035e+00
2.967972664990694120e+00
2.953516305252993135e+00
2.956395500042509283e+00
2.914839436457036914e+00
2.909489823718601986e+00
2.852441456397888597e+00
2.809433775677787626e+00
2.770704442226628483e+00
