5.711091995239257812e+00
5.541016578674316406e+00
5.370751380920410156e+00
5.271858215332031250e+00
5.211325168609619141e+00
5.395490646362304688e+00
5.638269901275634766e+00
6.459951877593994141e+00
6.921311378479003906e+00
6.679098129272460938e+00
6.848560333251953125e+00
6.727332115173339844e+00
6.799824237823486328e+00
7.018393039703369141e+00
6.921148777008056641e+00
6.751298427581787109e+00
6.719040393829345703e+00
6.796303749084472656e+00
6.754690170288085938e+00
6.653857707977294922e+00
6.653987407684326172e+00
6.945053100585937500e+00
7.212922096252441406e+00
6.969027996063232422e+00
6.655704975128173828e+00
6.557226181030273438e+00
6.461439132690429688e+00
6.337343215942382812e+00
6.314952850341796875e+00
6.266592979431152344e+00
6.218662738800048828e+00
6.289277553558349609e+00
6.241687297821044922e+00
6.145228385925292969e+00
6.051806449890136719e+00
5.854782104492187500e+00
5.712608814239501953e+00
5.450500965118408203e+00
5.331256866455078125e+00
5.331228256225585938e+00
5.736339569091796875e+00
5.392031192779541016e+00
5.113012790679931641e+00
5.088368892669677734e+00
5.016741275787353516e+00
5.065563201904296875e+00
4.991497039794921875e+00
5.038439750671386719e+00
5.012505054473876953e+00
4.834547996520996094e+00
4.365551948547363281e+00
4.402635097503662109e+00
4.464606761932373047e+00
4.323860645294189453e+00
4.364458560943603516e+00
4.486616134643554688e+00
4.468086242675781250e+00
4.365436077117919922e+00
4.224894046783447266e+00
4.263529777526855469e+00
4.203332901000976562e+00
4.324811458587646484e+00
4.303731918334960938e+00
4.323496341705322266e+00
4.324241638183593750e+00
4.223810195922851562e+00
4.259585380554199219e+00
4.102046489715576172e+00
4.020429611206054688e+00
4.021368980407714844e+00
4.061347484588623047e+00
4.039638042449951172e+00
3.960268259048461914e+00
3.878318786621093750e+00
3.847228050231933594e+00
3.790011405944824219e+00
3.742231607437133789e+00
3.697302818298339844e+00
3.817109823226928711e+00
3.777855396270751953e+00
3.839230775833129883e+00
3.778099298477172852e+00
3.737192153930664062e+00
3.675414800643920898e+00
3.697584867477416992e+00
3.817287206649780273e+00
3.736835956573486328e+00
3.679285764694213867e+00
3.594668626785278320e+00
3.483516693115234375e+00
3.495028972625732422e+00
3.327944993972778320e+00
3.173331499099731445e+00
3.054386615753173828e+00
3.029344797134399414e+00
3.017992496490478516e+00
3.042176723480224609e+00
3.026117086410522461e+00
3.190478324890136719e+00
3.074542760848999023e+00
3.102880001068115234e+00
3.114964008331298828e+00
3.325654268264770508e+00
3.417487859725952148e+00
4.143164157867431641e+00
4.020904064178466797e+00
4.615106105804443359e+00
5.015452384948730469e+00
4.769153594970703125e+00
4.647606372833251953e+00
4.405791759490966797e+00
4.263405799865722656e+00
4.042046070098876953e+00
3.960193157196044922e+00
3.920243978500366211e+00
3.878182888031005859e+00
3.899981975555419922e+00
3.778010368347167969e+00
3.778831481933593750e+00
3.738522291183471680e+00
3.718878507614135742e+00
3.595959186553955078e+00
3.616211175918579102e+00
3.595982789993286133e+00
3.555584192276000977e+00
3.422145843505859375e+00
3.455843448638916016e+00
3.495259761810302734e+00
3.978905200958251953e+00
3.495844602584838867e+00
3.391833305358886719e+00
3.494257450103759766e+00
3.595728158950805664e+00
3.576455593109130859e+00
3.616957426071166992e+00
3.595701932907104492e+00
3.596076965332031250e+00
3.636061191558837891e+00
3.618498325347900391e+00
3.554551601409912109e+00
3.594766855239868164e+00
3.655737400054931641e+00
3.596819877624511719e+00
3.556820869445800781e+00
3.514109373092651367e+00
3.556102275848388672e+00
3.386525392532348633e+00
3.079067468643188477e+00
2.814781904220581055e+00
2.799575567245483398e+00
2.764253854751586914e+00
2.900610923767089844e+00
2.831558465957641602e+00
2.758997678756713867e+00
2.701292753219604492e+00
2.662010431289672852e+00
2.459071874618530273e+00
2.491623640060424805e+00
2.430978775024414062e+00
2.366839170455932617e+00
2.287257194519042969e+00
2.255417823791503906e+00
2.298220157623291016e+00
2.436039447784423828e+00
2.451260805130004883e+00
2.443269014358520508e+00
2.443334579467773438e+00
2.423058032989501953e+00
2.399366855621337891e+00
2.476585865020751953e+00
2.452002763748168945e+00
2.467072486877441406e+00
2.426432609558105469e+00
2.382758855819702148e+00
2.354596376419067383e+00
2.390035152435302734e+00
2.386522531509399414e+00
2.370736598968505859e+00
2.383070707321166992e+00
2.442972898483276367e+00
2.428845405578613281e+00
2.483647108078002930e+00
2.467777729034423828e+00
2.514354228973388672e+00
2.629339694976806641e+00
2.649619340896606445e+00
2.658232927322387695e+00
2.769703388214111328e+00
2.908449172973632812e+00
2.925607442855834961e+00
2.953078269958496094e+00
2.855261087417602539e+00
2.843592405319213867e+00
2.705881834030151367e+00
2.625335216522216797e+00
2.560910224914550781e+00
3.288545131683349609e+00
3.316473722457885742e+00
3.183919668197631836e+00
2.944865942001342773e+00
2.748822927474975586e+00
2.957553386688232422e+00
2.690519094467163086e+00
2.544884681701660156e+00
2.665486335754394531e+00
2.584399461746215820e+00
2.654631137847900391e+00
2.576927900314331055e+00
2.532728195190429688e+00
2.609321117401123047e+00
2.729959249496459961e+00
2.952974081039428711e+00
2.952950716018676758e+00
2.930930376052856445e+00
2.890458583831787109e+00
2.993334770202636719e+00
3.094509363174438477e+00
2.993312358856201172e+00
2.836318731307983398e+00
2.823088884353637695e+00
2.807984352111816406e+00
2.926013708114624023e+00
2.966150045394897461e+00
2.913145542144775391e+00
2.802570104598999023e+00
2.787354469299316406e+00
2.722604036331176758e+00
3.272773742675781250e+00
3.595871448516845703e+00
3.859049558639526367e+00
4.870162010192871094e+00
5.583099842071533203e+00
5.412716865539550781e+00
5.226323127746582031e+00
4.924597263336181641e+00
4.750755786895751953e+00
4.666102409362792969e+00
4.587743759155273438e+00
4.797816276550292969e+00
4.688043117523193359e+00
4.648368835449218750e+00
4.548171043395996094e+00
4.445915222167968750e+00
4.486332893371582031e+00
6.913407802581787109e+00
6.315522193908691406e+00
6.416202068328857422e+00
6.629648685455322266e+00
6.219501972198486328e+00
6.022460937500000000e+00
5.852806091308593750e+00
5.735467433929443359e+00
5.639115333557128906e+00
5.436472415924072266e+00
5.249823093414306641e+00
5.185434818267822266e+00
5.113902568817138672e+00
4.918451786041259766e+00
4.769453525543212891e+00
4.627466201782226562e+00
4.506709098815917969e+00
4.303910732269287109e+00
4.282968521118164062e+00
4.203484535217285156e+00
4.223248004913330078e+00
4.102034091949462891e+00
4.198892593383789062e+00
3.904045581817626953e+00
3.701344966888427734e+00
3.945710659027099609e+00
3.824759006500244141e+00
3.826032876968383789e+00
4.635472774505615234e+00
5.614236831665039062e+00
5.687630176544189453e+00
5.760064601898193359e+00
5.662962913513183594e+00
5.566399574279785156e+00
5.473034381866455078e+00
5.331663608551025391e+00
5.185101985931396484e+00
5.040360450744628906e+00
5.040904045104980469e+00
5.041146278381347656e+00
5.064743041992187500e+00
5.040978431701660156e+00
5.088618278503417969e+00
5.270570755004882812e+00
5.249819278717041016e+00
5.230128765106201172e+00
5.051233768463134766e+00
4.753296375274658203e+00
4.516009807586669922e+00
4.809837341308593750e+00
4.894650459289550781e+00
4.870378494262695312e+00
4.728557586669921875e+00
4.810213088989257812e+00
4.869600296020507812e+00
4.627299308776855469e+00
4.547451496124267578e+00
4.813287258148193359e+00
4.605557441711425781e+00
4.507240295410156250e+00
4.324640750885009766e+00
4.260581493377685547e+00
4.158947467803955078e+00
4.162302970886230469e+00
4.142596244812011719e+00
4.061818599700927734e+00
4.020688056945800781e+00
3.900279998779296875e+00
3.818420410156250000e+00
3.798912286758422852e+00
3.737750768661499023e+00
3.737996578216552734e+00
3.739417791366577148e+00
3.678926229476928711e+00
3.596754074096679688e+00
3.455761194229125977e+00
3.340990304946899414e+00
3.271890640258789062e+00
3.376040220260620117e+00
3.337686777114868164e+00
3.299500942230224609e+00
3.155688047409057617e+00
3.151108503341674805e+00
3.199566602706909180e+00
3.167046070098876953e+00
3.139755010604858398e+00
3.070171833038330078e+00
2.985605716705322266e+00
2.900862932205200195e+00
2.844491481781005859e+00
2.750009059906005859e+00
2.766114234924316406e+00
2.767292976379394531e+00
2.782047986984252930e+00
2.855182647705078125e+00
2.883387088775634766e+00
3.001585483551025391e+00
3.155243635177612305e+00
3.134690284729003906e+00
3.145976305007934570e+00
3.103858947753906250e+00
2.985639095306396484e+00
2.937043666839599609e+00
2.871834754943847656e+00
2.864723205566406250e+00
2.827754974365234375e+00
2.969180822372436523e+00
2.803620815277099609e+00
2.661411523818969727e+00
2.588547229766845703e+00
2.535887241363525391e+00
2.358621835708618164e+00
2.318737268447875977e+00
2.423102855682373047e+00
2.414497137069702148e+00
2.355000972747802734e+00
2.281491279602050781e+00
2.382439374923706055e+00
2.459798097610473633e+00
2.524193763732910156e+00
2.669700384140014648e+00
2.718351364135742188e+00
2.968787908554077148e+00
3.223844766616821289e+00
3.219781160354614258e+00
3.284738779067993164e+00
3.455589532852172852e+00
3.389493942260742188e+00
3.453784465789794922e+00
3.737354516983032227e+00
4.162683010101318359e+00
4.264187335968017578e+00
4.303678512573242188e+00
4.223622798919677734e+00
4.121864795684814453e+00
3.960364341735839844e+00
3.900745868682861328e+00
3.897983789443969727e+00
4.020690441131591797e+00
4.808735847473144531e+00
8.255519866943359375e+00
7.851208209991455078e+00
7.629701614379882812e+00
7.475812911987304688e+00
7.067883491516113281e+00
6.994502544403076172e+00
6.994224548339843750e+00
6.704192638397216797e+00
6.532983779907226562e+00
6.606097221374511719e+00
6.558265686035156250e+00
6.484279632568359375e+00
6.484313488006591797e+00
6.437642097473144531e+00
6.411167621612548828e+00
6.654286384582519531e+00
6.726536750793457031e+00
6.702556133270263672e+00
6.750980854034423828e+00
6.725004673004150391e+00
6.695468902587890625e+00
6.472554206848144531e+00
6.306599617004394531e+00
6.290618896484375000e+00
6.265859603881835938e+00
5.984034061431884766e+00
5.647345542907714844e+00
5.279761314392089844e+00
4.991334438323974609e+00
4.828722000122070312e+00
4.667489528656005859e+00
4.585453510284423828e+00
4.689197540283203125e+00
4.587172508239746094e+00
4.587409496307373047e+00
4.447001934051513672e+00
4.445641994476318359e+00
4.365602493286132812e+00
4.163450717926025391e+00
4.143223285675048828e+00
4.082864284515380859e+00
4.142986297607421875e+00
4.061633110046386719e+00
3.980516672134399414e+00
4.000850200653076172e+00
4.122200489044189453e+00
4.101763248443603516e+00
4.001420497894287109e+00
3.939650774002075195e+00
3.879165410995483398e+00
3.777751445770263672e+00
3.738459110260009766e+00
3.737450838088989258e+00
3.737950563430786133e+00
3.577523231506347656e+00
3.635923147201538086e+00
3.939540386199951172e+00
4.021090507507324219e+00
4.022970676422119141e+00
4.162405014038085938e+00
4.364546775817871094e+00
4.446199417114257812e+00
4.445409297943115234e+00
4.741026401519775391e+00
5.180938720703125000e+00
5.064403057098388672e+00
5.250675201416015625e+00
5.473810672760009766e+00
5.796895027160644531e+00
6.363434314727783203e+00
6.485265254974365234e+00
6.387718200683593750e+00
6.145122051239013672e+00
5.974510192871093750e+00
5.711172580718994141e+00
5.352047920227050781e+00
5.173575878143310547e+00
5.210042476654052734e+00
4.967671871185302734e+00
4.749157905578613281e+00
4.607218265533447266e+00
4.587509155273437500e+00
4.586941719055175781e+00
4.404684543609619141e+00
4.345110416412353516e+00
4.304070949554443359e+00
4.223365783691406250e+00
4.305251598358154297e+00
4.262664318084716797e+00
4.364744186401367188e+00
4.385746955871582031e+00
4.244135856628417969e+00
4.242572307586669922e+00
4.102582454681396484e+00
4.122353553771972656e+00
4.120593547821044922e+00
3.980219602584838867e+00
3.976074934005737305e+00
4.387918472290039062e+00
4.316362380981445312e+00
4.222897052764892578e+00
4.263299465179443359e+00
4.403924465179443359e+00
4.486637592315673828e+00
4.445533275604248047e+00
4.426106929779052734e+00
4.507617950439453125e+00
4.789502620697021484e+00
4.870785236358642578e+00
5.087510108947753906e+00
5.355588912963867188e+00
5.760045528411865234e+00
5.833047389984130859e+00
5.808318138122558594e+00
5.832333087921142578e+00
5.852356433868408203e+00
5.958793163299560547e+00
6.096127033233642578e+00
6.144685268402099609e+00
6.071846008300781250e+00
6.557511806488037109e+00
7.265737533569335938e+00
7.887954711914062500e+00
7.804355621337890625e+00
7.476632118225097656e+00
7.212469100952148438e+00
7.091251373291015625e+00
6.897656440734863281e+00
6.750781059265136719e+00
6.606123447418212891e+00
6.194848537445068359e+00
6.096787452697753906e+00
5.933811664581298828e+00
5.688050746917724609e+00
5.541140079498291016e+00
5.250460147857666016e+00
5.161379814147949219e+00
5.039305210113525391e+00
5.137841224670410156e+00
5.292043685913085938e+00
5.351754665374755859e+00
5.540679931640625000e+00
5.413168430328369141e+00
5.492071628570556641e+00
5.493103504180908203e+00
5.371524333953857422e+00
5.184834957122802734e+00
5.186372280120849609e+00
5.211040496826171875e+00
5.016039371490478516e+00
4.788759708404541016e+00
4.608289718627929688e+00
4.525965690612792969e+00
4.484993457794189453e+00
4.323703765869140625e+00
4.303499698638916016e+00
4.162622451782226562e+00
4.082195758819580078e+00
4.041420459747314453e+00
4.081992149353027344e+00
4.142786502838134766e+00
4.061622142791748047e+00
3.900224447250366211e+00
3.737980365753173828e+00
3.616036176681518555e+00
3.635963916778564453e+00
3.595745563507080078e+00
3.475417852401733398e+00
3.556725263595581055e+00
3.535516262054443359e+00
3.494508266448974609e+00
3.514450311660766602e+00
3.380913257598876953e+00
3.277024984359741211e+00
3.405145406723022461e+00
3.292271614074707031e+00
3.136480569839477539e+00
3.102808952331542969e+00
3.147059679031372070e+00
3.074515581130981445e+00
2.908835649490356445e+00
2.758871793746948242e+00
2.812280893325805664e+00
2.818403244018554688e+00
3.228479385375976562e+00
3.341120481491088867e+00
3.325290918350219727e+00
3.275917053222656250e+00
3.271933555603027344e+00
3.111262083053588867e+00
2.961161375045776367e+00
3.066028118133544922e+00
2.961118698120117188e+00
2.977653980255126953e+00
2.985750675201416016e+00
3.127464532852172852e+00
3.183176994323730469e+00
3.155524492263793945e+00
3.209742307662963867e+00
3.381162881851196289e+00
3.717755556106567383e+00
3.959949493408203125e+00
5.331253528594970703e+00
5.711564540863037109e+00
5.662460803985595703e+00
5.663073062896728516e+00
5.517762184143066406e+00
5.392067909240722656e+00
5.271359920501708984e+00
5.039917469024658203e+00
4.991572856903076172e+00
4.893489360809326172e+00
4.966337203979492188e+00
4.992162227630615234e+00
4.709019184112548828e+00
4.527683258056640625e+00
4.405608177185058594e+00
4.345335483551025391e+00
4.361149311065673828e+00
4.364101409912109375e+00
4.347841262817382812e+00
4.303748607635498047e+00
4.363378047943115234e+00
4.345132350921630859e+00
4.720937728881835938e+00
4.966339111328125000e+00
4.991036415100097656e+00
4.791009426116943359e+00
4.788510799407958984e+00
4.834475040435791016e+00
4.894783973693847656e+00
4.870587348937988281e+00
4.870147228240966797e+00
4.848923683166503906e+00
4.629655361175537109e+00
4.587689399719238281e+00
4.546927452087402344e+00
4.381838798522949219e+00
4.446341514587402344e+00
4.425513744354248047e+00
4.344885826110839844e+00
4.324868202209472656e+00
4.184519767761230469e+00
4.062529087066650391e+00
4.036701679229736328e+00
3.816591262817382812e+00
3.682569265365600586e+00
3.675865650177001953e+00
4.122756004333496094e+00
4.045429229736328125e+00
4.041042804718017578e+00
4.149480819702148438e+00
4.352852344512939453e+00
4.534097671508789062e+00
4.546767234802246094e+00
4.594686985015869141e+00
4.543987274169921875e+00
4.512467861175537109e+00
4.559745788574218750e+00
4.550728797912597656e+00
4.575730800628662109e+00
4.676676273345947266e+00
4.744319915771484375e+00
4.956529140472412109e+00
4.998888492584228516e+00
5.250481128692626953e+00
5.411703109741210938e+00
5.429353713989257812e+00
5.489962577819824219e+00
5.731635093688964844e+00
5.902881145477294922e+00
5.874050617218017578e+00
5.729661464691162109e+00
5.825595855712890625e+00
5.930599212646484375e+00
6.007068634033203125e+00
6.095664978027343750e+00
5.966644763946533203e+00
5.920048236846923828e+00
5.770306587219238281e+00
5.715729713439941406e+00
6.435262680053710938e+00
6.277740955352783203e+00
6.399585247039794922e+00
6.221247673034667969e+00
6.573657035827636719e+00
7.333462715148925781e+00
6.609920024871826172e+00
6.541663169860839844e+00
6.411027908325195312e+00
6.269870281219482422e+00
6.140778541564941406e+00
5.978538036346435547e+00
5.866004943847656250e+00
5.667748928070068359e+00
5.492504596710205078e+00
5.712494373321533203e+00
5.765296936035156250e+00
6.382872581481933594e+00
8.651874542236328125e+00
8.519063949584960938e+00
8.305150032043457031e+00
8.111295700073242188e+00
7.901005268096923828e+00
7.762629508972167969e+00
7.519870758056640625e+00
7.252867221832275391e+00
7.054395675659179688e+00
6.840840816497802734e+00
6.614263057708740234e+00
6.331048011779785156e+00
6.091797828674316406e+00
5.874330997467041016e+00
5.889539241790771484e+00
5.825947284698486328e+00
5.667287349700927734e+00
5.595077514648437500e+00
5.355613708496093750e+00
5.231456756591796875e+00
5.064481258392333984e+00
5.092637538909912109e+00
5.125662803649902344e+00
5.096765995025634766e+00
4.948720932006835938e+00
4.920283794403076172e+00
4.809930801391601562e+00
4.769864559173583984e+00
4.717912673950195312e+00
5.032789707183837891e+00
5.808907508850097656e+00
5.586750984191894531e+00
5.454339981079101562e+00
5.287044525146484375e+00
5.121134281158447266e+00
5.011635780334472656e+00
4.878235816955566406e+00
4.737267017364501953e+00
4.607932090759277344e+00
4.450350284576416016e+00
4.211439609527587891e+00
4.023451328277587891e+00
4.345213413238525391e+00
4.360643863677978516e+00
4.251837253570556641e+00
4.239588737487792969e+00
4.320626258850097656e+00
4.712593078613281250e+00
5.242641448974609375e+00
5.213473320007324219e+00
5.094543933868408203e+00
4.988276004791259766e+00
4.888315200805664062e+00
4.824539184570312500e+00
4.980086326599121094e+00
5.182332515716552734e+00
5.328591346740722656e+00
5.473197460174560547e+00
6.945402145385742188e+00
6.816672801971435547e+00
6.764025688171386719e+00
6.665995121002197266e+00
6.625886440277099609e+00
6.513105869293212891e+00
6.525590896606445312e+00
6.501219272613525391e+00
6.177200317382812500e+00
6.128411293029785156e+00
7.933353900909423828e+00
7.597224235534667969e+00
7.366550922393798828e+00
7.196929454803466797e+00
7.074295997619628906e+00
7.015877723693847656e+00
6.739376544952392578e+00
6.526185512542724609e+00
6.444360256195068359e+00
6.452877521514892578e+00
6.172771453857421875e+00
5.958449840545654297e+00
6.864306926727294922e+00
7.079588890075683594e+00
7.345825672149658203e+00
7.653258323669433594e+00
8.535073280334472656e+00
7.989698410034179688e+00
8.515277862548828125e+00
8.348903656005859375e+00
8.308957099914550781e+00
8.178893089294433594e+00
7.852348804473876953e+00
7.661382675170898438e+00
7.362497806549072266e+00
7.340888977050781250e+00
7.184706211090087891e+00
6.918451786041259766e+00
6.755272388458251953e+00
6.670088768005371094e+00
6.290090084075927734e+00
6.148716449737548828e+00
5.963956832885742188e+00
5.857567310333251953e+00
5.793524265289306641e+00
5.705193519592285156e+00
5.666738986968994141e+00
5.756296634674072266e+00
5.970413208007812500e+00
5.678844928741455078e+00
5.533603668212890625e+00
5.478197097778320312e+00
5.392056941986083984e+00
5.275722026824951172e+00
5.141129493713378906e+00
5.039451599121093750e+00
5.040055751800537109e+00
4.930611133575439453e+00
4.740657806396484375e+00
4.813537597656250000e+00
4.793836116790771484e+00
4.692337036132812500e+00
4.777840137481689453e+00
4.529777050018310547e+00
4.224995136260986328e+00
4.246493816375732422e+00
4.189699649810791016e+00
4.074598312377929688e+00
3.913130044937133789e+00
4.045690059661865234e+00
3.768288373947143555e+00
3.628647327423095703e+00
3.563290119171142578e+00
5.097472190856933594e+00
4.882504463195800781e+00
5.124125003814697266e+00
6.026651859283447266e+00
5.800904750823974609e+00
6.208794116973876953e+00
6.989899635314941406e+00
7.183653831481933594e+00
7.273284912109375000e+00
7.136805057525634766e+00
6.897866249084472656e+00
6.940899372100830078e+00
7.269772052764892578e+00
7.188055038452148438e+00
6.804217815399169922e+00
6.246211528778076172e+00
6.030856609344482422e+00
6.096848011016845703e+00
6.034586906433105469e+00
6.023876190185546875e+00
5.950897693634033203e+00
5.959260940551757812e+00
5.859352111816406250e+00
5.797588348388671875e+00
5.740334033966064453e+00
5.752017974853515625e+00
6.331059455871582031e+00
7.366009235382080078e+00
7.973319053649902344e+00
7.937166213989257812e+00
7.952495098114013672e+00
7.998385429382324219e+00
7.892570972442626953e+00
7.972734451293945312e+00
8.086303710937500000e+00
8.013858795166015625e+00
7.969174861907958984e+00
7.867770671844482422e+00
7.847214698791503906e+00
7.718663692474365234e+00
7.803038597106933594e+00
7.916173458099365234e+00
8.272768020629882812e+00
8.499432563781738281e+00
8.434559822082519531e+00
8.389477729797363281e+00
8.208022117614746094e+00
7.972679138183593750e+00
7.701956272125244141e+00
7.527293682098388672e+00
7.160885810852050781e+00
7.285699844360351562e+00
8.414072990417480469e+00
8.322188377380371094e+00
7.944813251495361328e+00
7.774817943572998047e+00
7.657230377197265625e+00
7.625969409942626953e+00
7.358266830444335938e+00
7.152060031890869141e+00
6.981549263000488281e+00
6.722130775451660156e+00
6.601854324340820312e+00
6.438836574554443359e+00
6.122351646423339844e+00
6.018438816070556641e+00
5.809999942779541016e+00
5.728653907775878906e+00
5.545252323150634766e+00
5.416621208190917969e+00
5.368862628936767578e+00
5.278856277465820312e+00
5.225884914398193359e+00
5.231358528137207031e+00
5.207027435302734375e+00
5.020000457763671875e+00
4.878233432769775391e+00
4.613330841064453125e+00
4.376904487609863281e+00
4.185560703277587891e+00
4.061475276947021484e+00
4.308353900909423828e+00
4.316584587097167969e+00
4.260105609893798828e+00
4.097043991088867188e+00
4.000418186187744141e+00
3.888126373291015625e+00
3.761804103851318359e+00
3.757753610610961914e+00
3.567462444305419922e+00
3.592378377914428711e+00
3.507596254348754883e+00
3.414337635040283203e+00
3.389254093170166016e+00
3.413804769515991211e+00
3.394051313400268555e+00
3.382618188858032227e+00
3.384824514389038086e+00
3.341500520706176758e+00
3.409624576568603516e+00
3.264095544815063477e+00
3.170859098434448242e+00
3.088062047958374023e+00
3.134719610214233398e+00
3.240523338317871094e+00
3.494011878967285156e+00
3.440041065216064453e+00
3.324775457382202148e+00
3.330183982849121094e+00
3.320884943008422852e+00
3.361375331878662109e+00
3.616897344589233398e+00
3.539458990097045898e+00
3.443603754043579102e+00
3.245306253433227539e+00
3.215050458908081055e+00
2.995269060134887695e+00
2.879953622817993164e+00
2.875673294067382812e+00
3.211800813674926758e+00
3.268821954727172852e+00
3.171255826950073242e+00
3.091192245483398438e+00
3.098351478576660156e+00
3.227549552917480469e+00
3.673189163208007812e+00
3.883634090423583984e+00
3.713888406753540039e+00
3.628463745117187500e+00
3.577046632766723633e+00
3.448481798171997070e+00
3.348044157028198242e+00
3.216619968414306641e+00
3.438062906265258789e+00
3.471537113189697266e+00
3.793954133987426758e+00
4.060873508453369141e+00
4.073589324951171875e+00
3.946787118911743164e+00
3.849591970443725586e+00
3.805787324905395508e+00
4.445612907409667969e+00
5.068768024444580078e+00
5.343805313110351562e+00
5.093163490295410156e+00
4.991553306579589844e+00
5.938297271728515625e+00
5.913473129272460938e+00
6.011343002319335938e+00
6.204696655273437500e+00
6.253471374511718750e+00
6.225771903991699219e+00
6.880816459655761719e+00
6.901224613189697266e+00
6.783468246459960938e+00
6.492636203765869141e+00
6.677927017211914062e+00
7.228325366973876953e+00
7.596696853637695312e+00
7.484133720397949219e+00
7.342605590820312500e+00
7.175340175628662109e+00
6.949596881866455078e+00
6.990719318389892578e+00
6.742985248565673828e+00
6.492495059967041016e+00
6.235479831695556641e+00
6.084694862365722656e+00
5.934394836425781250e+00
5.768332481384277344e+00
5.893595218658447266e+00
6.367215633392333984e+00
6.116357803344726562e+00
6.058210372924804688e+00
5.719181060791015625e+00
5.687848091125488281e+00
5.434170246124267578e+00
5.122988700866699219e+00
5.133695602416992188e+00
4.918774127960205078e+00
4.677287101745605469e+00
4.728822708129882812e+00
4.718951225280761719e+00
4.576528072357177734e+00
4.328402042388916016e+00
4.139292716979980469e+00
4.063993930816650391e+00
4.190370082855224609e+00
4.083169937133789062e+00
4.020623207092285156e+00
4.037321567535400391e+00
3.858698606491088867e+00
3.884887456893920898e+00
3.960550069808959961e+00
3.916123628616333008e+00
3.895274639129638672e+00
3.871728181838989258e+00
3.802859067916870117e+00
3.771178007125854492e+00
3.763421773910522461e+00
3.867408275604248047e+00
3.863663196563720703e+00
3.783312082290649414e+00
3.644922018051147461e+00
3.511217117309570312e+00
3.409739494323730469e+00
3.337763071060180664e+00
3.325302600860595703e+00
3.268543720245361328e+00
3.231157302856445312e+00
3.194631338119506836e+00
3.225045442581176758e+00
3.834741115570068359e+00
4.340234279632568359e+00
4.376747131347656250e+00
4.283477783203125000e+00
4.195551395416259766e+00
4.139666557312011719e+00
4.214949131011962891e+00
4.024748325347900391e+00
3.923854827880859375e+00
3.856019735336303711e+00
3.750453948974609375e+00
3.689102172851562500e+00
3.750040054321289062e+00
3.826535224914550781e+00
3.674107313156127930e+00
3.581393718719482422e+00
3.426726102828979492e+00
3.874702930450439453e+00
3.830570220947265625e+00
3.842318296432495117e+00
3.888972043991088867e+00
3.728540182113647461e+00
3.754011154174804688e+00
3.775241374969482422e+00
3.628458499908447266e+00
3.616863489151000977e+00
3.560779809951782227e+00
3.523104906082153320e+00
3.508534669876098633e+00
3.668719530105590820e+00
3.605029582977294922e+00
3.716968297958374023e+00
3.665781736373901367e+00
3.578964710235595703e+00
3.455579996109008789e+00
3.422793388366699219e+00
3.680795192718505859e+00
3.743957757949829102e+00
3.604242563247680664e+00
3.505059957504272461e+00
3.556509971618652344e+00
3.466525793075561523e+00
3.407504320144653320e+00
3.499731302261352539e+00
3.745243310928344727e+00
3.752539634704589844e+00
3.741225004196166992e+00
3.691057920455932617e+00
3.783383846282958984e+00
3.885165452957153320e+00
3.965056419372558594e+00
3.961544752120971680e+00
3.943523168563842773e+00
3.923673868179321289e+00
4.020575523376464844e+00
4.094466209411621094e+00
4.902906417846679688e+00
9.028425216674804688e+00
9.324332237243652344e+00
8.843950271606445312e+00
8.498605728149414062e+00
8.111005783081054688e+00
7.666698932647705078e+00
7.415186405181884766e+00
7.108333587646484375e+00
6.799806594848632812e+00
6.569532871246337891e+00
6.484723091125488281e+00
6.270742893218994141e+00
6.136465549468994141e+00
5.958616733551025391e+00
5.843848228454589844e+00
5.659118175506591797e+00
5.557228565216064453e+00
5.485620975494384766e+00
5.319345951080322266e+00
5.158039569854736328e+00
5.097457408905029297e+00
5.007631301879882812e+00
4.919219493865966797e+00
4.793870925903320312e+00
4.693406105041503906e+00
4.663046360015869141e+00
4.620271205902099609e+00
4.700810432434082031e+00
4.635292053222656250e+00
4.494504451751708984e+00
4.361536979675292969e+00
4.300876617431640625e+00
4.181399345397949219e+00
4.147646903991699219e+00
4.068850517272949219e+00
3.960524797439575195e+00
3.912913560867309570e+00
3.831246614456176758e+00
3.737354516983032227e+00
3.741692304611206055e+00
3.717782974243164062e+00
3.678353786468505859e+00
3.523529291152954102e+00
3.532223463058471680e+00
3.511610507965087891e+00
3.482928752899169922e+00
3.471078395843505859e+00
4.068859577178955078e+00
4.199401855468750000e+00
3.989274263381958008e+00
3.849948167800903320e+00
3.692989110946655273e+00
3.665577650070190430e+00
3.710133790969848633e+00
3.668975114822387695e+00
3.612374544143676758e+00
3.623841047286987305e+00
3.638066291809082031e+00
3.609472036361694336e+00
3.525989294052124023e+00
3.539201974868774414e+00
3.403420209884643555e+00
3.376795768737792969e+00
3.341314077377319336e+00
3.461969137191772461e+00
3.458413124084472656e+00
3.479745149612426758e+00
3.370453596115112305e+00
3.409378290176391602e+00
3.445983409881591797e+00
3.349070787429809570e+00
3.280727624893188477e+00
3.315774917602539062e+00
3.247403860092163086e+00
3.268248796463012695e+00
3.486892938613891602e+00
3.454271793365478516e+00
3.320800304412841797e+00
3.317293167114257812e+00
3.372310161590576172e+00
3.422016143798828125e+00
3.325216770172119141e+00
3.154283046722412109e+00
3.271994352340698242e+00
3.208044767379760742e+00
3.231644868850708008e+00
3.285137414932250977e+00
3.429929733276367188e+00
3.513547182083129883e+00
3.552310228347778320e+00
3.617268085479736328e+00
3.886484861373901367e+00
4.413442134857177734e+00
4.821664810180664062e+00
4.798201084136962891e+00
4.680588245391845703e+00
4.489967823028564453e+00
4.342898845672607422e+00
4.197373390197753906e+00
4.304927349090576172e+00
4.772910118103027344e+00
5.192830085754394531e+00
5.044561862945556641e+00
5.008251667022705078e+00
4.995133876800537109e+00
5.020787715911865234e+00
5.063693046569824219e+00
4.955226898193359375e+00
5.035862922668457031e+00
4.956422805786132812e+00
4.841710567474365234e+00
4.696928977966308594e+00
4.652496337890625000e+00
4.515073776245117188e+00
4.389243602752685547e+00
4.196088314056396484e+00
4.158383846282958984e+00
4.065618038177490234e+00
4.226996421813964844e+00
3.964893817901611328e+00
3.903781175613403320e+00
3.935076713562011719e+00
3.784352779388427734e+00
3.778397798538208008e+00
3.750288009643554688e+00
3.753661632537841797e+00
3.758276700973510742e+00
3.802960634231567383e+00
3.701709985733032227e+00
3.718656301498413086e+00
3.732799053192138672e+00
3.717185974121093750e+00
3.656543254852294922e+00
3.713985681533813477e+00
3.670337915420532227e+00
3.585156679153442383e+00
3.601110458374023438e+00
3.632325649261474609e+00
3.527768373489379883e+00
3.333289623260498047e+00
3.377678394317626953e+00
3.249046564102172852e+00
3.317083835601806641e+00
3.281016588211059570e+00
3.130217075347900391e+00
3.067084312438964844e+00
3.097993373870849609e+00
2.961518049240112305e+00
3.002058744430541992e+00
2.889398097991943359e+00
2.908743143081665039e+00
2.738112211227416992e+00
2.783112764358520508e+00
2.819596052169799805e+00
2.820205450057983398e+00
2.879901885986328125e+00
2.989731550216674805e+00
2.750314235687255859e+00
2.681925535202026367e+00
2.572049140930175781e+00
2.471923828125000000e+00
2.422579050064086914e+00
2.253124952316284180e+00
2.123815298080444336e+00
1.989911317825317383e+00
2.216710567474365234e+00
2.147657632827758789e+00
2.087883234024047852e+00
2.095439195632934570e+00
2.018299818038940430e+00
1.994090795516967773e+00
2.059127092361450195e+00
2.120669364929199219e+00
2.293043851852416992e+00
2.503175258636474609e+00
2.694820880889892578e+00
2.811176300048828125e+00
2.815492391586303711e+00
2.733631134033203125e+00
2.795030832290649414e+00
2.831601858139038086e+00
2.859845876693725586e+00
2.932479858398437500e+00
3.386128187179565430e+00
3.451426506042480469e+00
3.632642269134521484e+00
3.464045286178588867e+00
3.971696376800537109e+00
3.980206727981567383e+00
4.017194747924804688e+00
4.097115516662597656e+00
4.166279315948486328e+00
4.372811317443847656e+00
4.497926235198974609e+00
4.425751209259033203e+00
4.635911941528320312e+00
4.672683715820312500e+00
4.781018257141113281e+00
4.730259895324707031e+00
4.866272926330566406e+00
4.822681427001953125e+00
4.757010936737060547e+00
4.571724414825439453e+00
4.421623229980468750e+00
4.481410980224609375e+00
4.332789897918701172e+00
4.094053745269775391e+00
5.315316200256347656e+00
5.040319442749023438e+00
5.647252082824707031e+00
6.444272518157958984e+00
6.881145000457763672e+00
7.183862686157226562e+00
6.605816841125488281e+00
6.760037899017333984e+00
6.371653079986572266e+00
5.934632301330566406e+00
5.683871746063232422e+00
5.538180828094482422e+00
5.395922660827636719e+00
5.408683776855468750e+00
5.307690620422363281e+00
5.166613578796386719e+00
5.040649890899658203e+00
4.814571857452392578e+00
4.575471401214599609e+00
4.610910415649414062e+00
4.473217010498046875e+00
4.474334716796875000e+00
4.594612598419189453e+00
4.639786243438720703e+00
4.821743965148925781e+00
7.471491336822509766e+00
7.058946132659912109e+00
7.131418704986572266e+00
6.896118164062500000e+00
6.780000209808349609e+00
6.610748767852783203e+00
6.463350296020507812e+00
6.302501678466796875e+00
5.938345432281494141e+00
5.788170337677001953e+00
5.906228542327880859e+00
5.602822780609130859e+00
5.546100616455078125e+00
5.550287723541259766e+00
5.576156139373779297e+00
5.412289619445800781e+00
5.181420803070068359e+00
4.971203327178955078e+00
4.753392219543457031e+00
4.745098114013671875e+00
4.655701637268066406e+00
4.469785213470458984e+00
4.549616336822509766e+00
4.923740863800048828e+00
5.643685817718505859e+00
5.784937858581542969e+00
5.937273502349853516e+00
6.750457763671875000e+00
7.196256637573242188e+00
7.285885334014892578e+00
7.135991096496582031e+00
6.962931632995605469e+00
6.785281181335449219e+00
6.659186363220214844e+00
6.483475685119628906e+00
6.245001316070556641e+00
5.970412731170654297e+00
5.905261039733886719e+00
5.711301326751708984e+00
5.513780117034912109e+00
5.409344673156738281e+00
5.371691703796386719e+00
5.076801776885986328e+00
5.071958065032958984e+00
5.048597335815429688e+00
4.995831012725830078e+00
5.533339500427246094e+00
5.711691379547119141e+00
5.569832801818847656e+00
5.319285869598388672e+00
5.214487552642822266e+00
5.096610069274902344e+00
4.947126388549804688e+00
4.740618228912353516e+00
4.756567955017089844e+00
5.263116836547851562e+00
7.233118534088134766e+00
7.641371250152587891e+00
7.362544059753417969e+00
7.171857833862304688e+00
6.877041339874267578e+00
6.593852519989013672e+00
6.306252956390380859e+00
5.923581123352050781e+00
5.760924339294433594e+00
6.468290805816650391e+00
7.115997314453125000e+00
7.317945003509521484e+00
7.107320308685302734e+00
7.025659084320068359e+00
6.645895957946777344e+00
6.387042045593261719e+00
6.197338581085205078e+00
5.971534729003906250e+00
5.822748184204101562e+00
5.707382202148437500e+00
5.359702587127685547e+00
5.468781471252441406e+00
5.541541099548339844e+00
9.539136886596679688e+00
1.131448078155517578e+01
1.127856731414794922e+01
1.007210731506347656e+01
9.579333305358886719e+00
9.288617134094238281e+00
9.477081298828125000e+00
9.961245536804199219e+00
9.584216117858886719e+00
9.166524887084960938e+00
8.854987144470214844e+00
8.564635276794433594e+00
8.358408927917480469e+00
8.118637084960937500e+00
7.920797824859619141e+00
7.557175159454345703e+00
7.229007244110107422e+00
6.929462909698486328e+00
6.492658615112304688e+00
6.214669704437255859e+00
5.850042819976806641e+00
5.651957035064697266e+00
5.541837692260742188e+00
5.538755416870117188e+00
5.449843406677246094e+00
5.785083770751953125e+00
6.088155746459960938e+00
5.856984615325927734e+00
5.796943187713623047e+00
5.695992469787597656e+00
5.389519691467285156e+00
5.266607761383056641e+00
4.911268234252929688e+00
4.858294010162353516e+00
4.748301029205322266e+00
4.736900329589843750e+00
4.640709400177001953e+00
4.703531265258789062e+00
4.634785175323486328e+00
4.618805885314941406e+00
4.546544551849365234e+00
4.531156063079833984e+00
4.437334537506103516e+00
4.337096691131591797e+00
4.295001983642578125e+00
4.343892574310302734e+00
4.292657375335693359e+00
4.222099304199218750e+00
4.278771400451660156e+00
4.211671352386474609e+00
4.244156837463378906e+00
4.166866779327392578e+00
4.735431194305419922e+00
4.506134986877441406e+00
4.291580677032470703e+00
4.170558929443359375e+00
4.178687095642089844e+00
4.057091712951660156e+00
3.936161518096923828e+00
3.753996372222900391e+00
3.693056583404541016e+00
3.632716655731201172e+00
3.495734453201293945e+00
3.457833290100097656e+00
3.494428634643554688e+00
3.428900003433227539e+00
3.337400674819946289e+00
3.312670707702636719e+00
3.276169776916503906e+00
3.365197181701660156e+00
3.417630434036254883e+00
3.386699676513671875e+00
3.359137535095214844e+00
3.349091768264770508e+00
3.360990047454833984e+00
3.352587938308715820e+00
3.336440086364746094e+00
3.313050031661987305e+00
3.280788898468017578e+00
3.239911794662475586e+00
3.252650976181030273e+00
3.233309745788574219e+00
3.222941160202026367e+00
3.219846963882446289e+00
3.199596405029296875e+00
3.199628114700317383e+00
3.211398363113403320e+00
3.224653959274291992e+00
3.174783229827880859e+00
3.150795936584472656e+00
3.173940658569335938e+00
3.173188209533691406e+00
3.148915767669677734e+00
3.106773853302001953e+00
3.066262006759643555e+00
3.090917825698852539e+00
3.049971818923950195e+00
3.021758079528808594e+00
3.151885986328125000e+00
3.216273784637451172e+00
3.200661420822143555e+00
3.192152738571166992e+00
3.191944360733032227e+00
3.159270763397216797e+00
3.086312532424926758e+00
3.041876554489135742e+00
3.094951629638671875e+00
3.122497081756591797e+00
3.094169616699218750e+00
3.013724088668823242e+00
2.961598396301269531e+00
2.904762744903564453e+00
2.880740165710449219e+00
2.855074405670166016e+00
2.832294702529907227e+00
2.783997774124145508e+00
2.694497823715209961e+00
2.597076654434204102e+00
2.508280992507934570e+00
2.443327188491821289e+00
2.410772800445556641e+00
2.370566606521606445e+00
2.274224519729614258e+00
2.342012166976928711e+00
2.349242448806762695e+00
2.365955591201782227e+00
2.313995122909545898e+00
2.306236743927001953e+00
2.269513845443725586e+00
2.346624374389648438e+00
2.394813537597656250e+00
2.442943334579467773e+00
2.463579654693603516e+00
2.310114145278930664e+00
2.265523433685302734e+00
2.361792087554931641e+00
2.414106369018554688e+00
2.383170604705810547e+00
2.375169038772583008e+00
2.358444929122924805e+00
2.358837127685546875e+00
2.382717370986938477e+00
2.452128171920776367e+00
2.492240905761718750e+00
2.597219467163085938e+00
2.658433675765991211e+00
2.751559972763061523e+00
2.863838434219360352e+00
2.952370405197143555e+00
3.006606817245483398e+00
3.018519163131713867e+00
3.128285408020019531e+00
3.495391130447387695e+00
3.778131723403930664e+00
3.774226188659667969e+00
3.769744873046875000e+00
3.681098461151123047e+00
3.587899446487426758e+00
3.491537094116210938e+00
3.386309385299682617e+00
3.358179092407226562e+00
3.332941770553588867e+00
3.313530445098876953e+00
3.757791280746459961e+00
3.993144273757934570e+00
3.992664575576782227e+00
3.900572538375854492e+00
3.789361953735351562e+00
3.672137260437011719e+00
3.548245668411254883e+00
3.479640245437622070e+00
3.519767522811889648e+00
3.494936943054199219e+00
3.454711198806762695e+00
3.352954387664794922e+00
3.328807830810546875e+00
3.357321977615356445e+00
3.336992979049682617e+00
3.309264659881591797e+00
3.361521244049072266e+00
3.483185291290283203e+00
3.470877170562744141e+00
3.433551073074340820e+00
3.394280672073364258e+00
3.368690013885498047e+00
3.333181619644165039e+00
3.276732921600341797e+00
3.257191419601440430e+00
4.429217338562011719e+00
5.121310710906982422e+00
5.267251968383789062e+00
5.286576747894287109e+00
5.429690361022949219e+00
5.513664722442626953e+00
5.522075653076171875e+00
5.513331890106201172e+00
5.464886188507080078e+00
5.424912452697753906e+00
5.493582725524902344e+00
5.476333141326904297e+00
5.505917549133300781e+00
5.926479816436767578e+00
6.104026794433593750e+00
6.116858959197998047e+00
6.096351623535156250e+00
6.230772495269775391e+00
6.366560459136962891e+00
6.362951278686523438e+00
6.306763648986816406e+00
6.201231002807617188e+00
6.124011039733886719e+00
6.079362869262695312e+00
5.995731353759765625e+00
5.942656040191650391e+00
5.881052494049072266e+00
5.776076316833496094e+00
5.684320449829101562e+00
5.611767292022705078e+00
5.504524707794189453e+00
5.419908046722412109e+00
5.331707954406738281e+00
5.306946277618408203e+00
5.201622486114501953e+00
5.056410789489746094e+00
4.906157970428466797e+00
4.749340057373046875e+00
4.562222480773925781e+00
4.388059616088867188e+00
4.218643665313720703e+00
4.158536434173583984e+00
4.108810901641845703e+00
4.065324306488037109e+00
4.040923595428466797e+00
4.013070583343505859e+00
3.995635032653808594e+00
3.928434610366821289e+00
3.881494760513305664e+00
5.557585716247558594e+00
1.066696262359619141e+01
1.089768409729003906e+01
1.083385181427001953e+01
1.071537876129150391e+01
1.065021419525146484e+01
1.106358623504638672e+01
1.164980602264404297e+01
1.187265110015869141e+01
1.186503887176513672e+01
1.216413211822509766e+01
1.248433399200439453e+01
1.275922966003417969e+01
1.271396350860595703e+01
1.258552646636962891e+01
1.242328453063964844e+01
1.226897239685058594e+01
1.207095432281494141e+01
1.188896083831787109e+01
1.167008781433105469e+01
1.145177268981933594e+01
1.122184848785400391e+01
1.149735641479492188e+01
1.190135383605957031e+01
1.185279083251953125e+01
1.186103630065917969e+01
1.175532054901123047e+01
1.158051013946533203e+01
1.138346672058105469e+01
1.113252925872802734e+01
1.079634475708007812e+01
1.047286319732666016e+01
1.010943508148193359e+01
9.692094802856445312e+00
9.118042945861816406e+00
8.523821830749511719e+00
8.116582870483398438e+00
7.960755348205566406e+00
7.762557029724121094e+00
7.576948165893554688e+00
7.388792037963867188e+00
7.209228515625000000e+00
7.026547431945800781e+00
6.852324962615966797e+00
6.674308300018310547e+00
6.577870368957519531e+00
6.416143894195556641e+00
6.286627769470214844e+00
6.209584236145019531e+00
6.140906333923339844e+00
6.030781269073486328e+00
5.925366401672363281e+00
5.890073299407958984e+00
5.860960960388183594e+00
5.805564403533935547e+00
5.736015319824218750e+00
5.659440994262695312e+00
5.606423854827880859e+00
5.553494453430175781e+00
5.508030414581298828e+00
5.521888732910156250e+00
5.505462169647216797e+00
5.492234230041503906e+00
5.509571075439453125e+00
5.542504787445068359e+00
5.558935642242431641e+00
5.622803211212158203e+00
5.634032249450683594e+00
5.634473800659179688e+00
5.563309192657470703e+00
5.469324588775634766e+00
5.388092041015625000e+00
5.818117141723632812e+00
6.355048179626464844e+00
6.399492263793945312e+00
6.407875537872314453e+00
6.359344005584716797e+00
6.262202262878417969e+00
6.160179138183593750e+00
6.182249546051025391e+00
6.370643138885498047e+00
6.347698211669921875e+00
6.249817371368408203e+00
6.121850013732910156e+00
5.953610420227050781e+00
5.807052612304687500e+00
5.652616500854492188e+00
5.508275032043457031e+00
5.390473842620849609e+00
5.287763118743896484e+00
5.220707416534423828e+00
5.157472133636474609e+00
4.664822578430175781e+00
4.606857776641845703e+00
4.543931007385253906e+00
4.504769802093505859e+00
4.537454605102539062e+00
4.579015254974365234e+00
4.538640499114990234e+00
4.493933677673339844e+00
4.454235076904296875e+00
4.425865650177001953e+00
4.381361484527587891e+00
4.345762729644775391e+00
4.289608001708984375e+00
4.251845836639404297e+00
4.215943813323974609e+00
4.179739952087402344e+00
4.125531196594238281e+00
4.069633007049560547e+00
4.049753189086914062e+00
4.025110244750976562e+00
3.992911815643310547e+00
3.959976673126220703e+00
3.937020540237426758e+00
3.915955543518066406e+00
3.885612726211547852e+00
3.878080129623413086e+00
3.874947786331176758e+00
3.842534303665161133e+00
3.822151899337768555e+00
3.809383153915405273e+00
3.794306993484497070e+00
3.786019086837768555e+00
3.842861652374267578e+00
3.875387668609619141e+00
4.017452716827392578e+00
3.976455688476562500e+00
3.940440416336059570e+00
3.895102262496948242e+00
3.867306470870971680e+00
3.867207765579223633e+00
3.831255912780761719e+00
3.757521152496337891e+00
3.684278964996337891e+00
3.636466503143310547e+00
3.572803735733032227e+00
3.549449443817138672e+00
3.539738655090332031e+00
3.543070077896118164e+00
3.511975049972534180e+00
3.499714851379394531e+00
3.481575012207031250e+00
3.510943889617919922e+00
3.511504650115966797e+00
3.491094589233398438e+00
3.482084274291992188e+00
3.568531513214111328e+00
3.637042045593261719e+00
3.863676786422729492e+00
3.976668596267700195e+00
4.073268413543701172e+00
4.212903022766113281e+00
4.260608196258544922e+00
4.179071426391601562e+00
4.130689620971679688e+00
4.113728523254394531e+00
4.133652687072753906e+00
4.591168880462646484e+00
4.695861816406250000e+00
4.640610218048095703e+00
4.502320289611816406e+00
4.282252311706542969e+00
4.090149879455566406e+00
4.009053707122802734e+00
4.142551898956298828e+00
4.117342948913574219e+00
4.110287666320800781e+00
4.207331657409667969e+00
4.418045043945312500e+00
4.542798519134521484e+00
4.691847801208496094e+00
4.891963005065917969e+00
4.651125431060791016e+00
4.542532444000244141e+00
4.412383556365966797e+00
4.250926494598388672e+00
4.239294052124023438e+00
4.189617156982421875e+00
4.130692005157470703e+00
5.583581447601318359e+00
5.917744159698486328e+00
5.938436031341552734e+00
5.908730983734130859e+00
5.775637149810791016e+00
5.543963432312011719e+00
5.290874481201171875e+00
5.128871917724609375e+00
5.024666309356689453e+00
5.019259452819824219e+00
4.794546604156494141e+00
4.712357997894287109e+00
4.623734474182128906e+00
4.603321552276611328e+00
4.437707901000976562e+00
4.486281871795654297e+00
4.311707019805908203e+00
4.113588809967041016e+00
4.122533321380615234e+00
4.018007278442382812e+00
3.936384439468383789e+00
3.942750930786132812e+00
4.117469310760498047e+00
4.150363922119140625e+00
3.996738433837890625e+00
3.932786226272583008e+00
3.847107410430908203e+00
3.733604431152343750e+00
3.722387790679931641e+00
3.660843849182128906e+00
3.641093254089355469e+00
3.497616529464721680e+00
3.374158859252929688e+00
3.248820066452026367e+00
3.175791978836059570e+00
3.102531909942626953e+00
3.078369855880737305e+00
3.042263507843017578e+00
2.997721672058105469e+00
3.006894111633300781e+00
3.040240049362182617e+00
3.083732128143310547e+00
3.037205934524536133e+00
3.037908077239990234e+00
2.970077991485595703e+00
2.920251607894897461e+00
2.823345661163330078e+00
2.767205476760864258e+00
2.861339569091796875e+00
2.855843544006347656e+00
2.850762128829956055e+00
2.778984069824218750e+00
2.730076074600219727e+00
2.702626705169677734e+00
2.677217483520507812e+00
2.657890319824218750e+00
2.625533819198608398e+00
2.532198190689086914e+00
2.419096469879150391e+00
2.342147588729858398e+00
2.313384771347045898e+00
2.253011226654052734e+00
2.221280813217163086e+00
2.184141159057617188e+00
2.269035100936889648e+00
2.556787014007568359e+00
3.017626762390136719e+00
3.098245620727539062e+00
3.114538669586181641e+00
3.094776391983032227e+00
3.075241088867187500e+00
3.066401720046997070e+00
3.061428546905517578e+00
3.001863956451416016e+00
2.920324563980102539e+00
2.811223268508911133e+00
2.636870145797729492e+00
2.464310407638549805e+00
2.458489418029785156e+00
2.502992153167724609e+00
2.519750595092773438e+00
2.587838649749755859e+00
2.710943222045898438e+00
2.795123815536499023e+00
2.893045425415039062e+00
2.795137882232666016e+00
2.786478042602539062e+00
2.708342790603637695e+00
2.666694641113281250e+00
2.734251737594604492e+00
2.836295127868652344e+00
2.956368207931518555e+00
3.062363862991333008e+00
3.223877191543579102e+00
3.336553812026977539e+00
3.305014610290527344e+00
3.588602066040039062e+00
3.904634237289428711e+00
3.822760105133056641e+00
4.049680233001708984e+00
4.878749847412109375e+00
4.845307350158691406e+00
4.935480594635009766e+00
5.278362751007080078e+00
5.743857383728027344e+00
5.861126899719238281e+00
7.735384464263916016e+00
8.167175292968750000e+00
9.331892013549804688e+00
9.150534629821777344e+00
8.858451843261718750e+00
8.694414138793945312e+00
8.446229934692382812e+00
8.061951637268066406e+00
7.779136657714843750e+00
7.730484008789062500e+00
7.407083034515380859e+00
7.107054710388183594e+00
6.768212795257568359e+00
6.618222236633300781e+00
6.294129371643066406e+00
6.167435646057128906e+00
5.785152912139892578e+00
5.744807243347167969e+00
5.692685127258300781e+00
5.513597011566162109e+00
5.331688880920410156e+00
5.225333213806152344e+00
5.149294376373291016e+00
4.991209983825683594e+00
4.874670982360839844e+00
4.829643726348876953e+00
4.659729480743408203e+00
4.588702678680419922e+00
4.725392818450927734e+00
4.785474300384521484e+00
4.846839904785156250e+00
4.857434749603271484e+00
4.765636920928955078e+00
4.784500598907470703e+00
4.984543323516845703e+00
5.091547966003417969e+00
5.356431484222412109e+00
5.615995407104492188e+00
5.679656028747558594e+00
5.659457206726074219e+00
6.007585525512695312e+00
6.108467578887939453e+00
6.126607418060302734e+00
6.041231155395507812e+00
5.824514865875244141e+00
5.615235805511474609e+00
5.429166793823242188e+00
5.206529617309570312e+00
4.967627048492431641e+00
4.938998222351074219e+00
4.801697731018066406e+00
4.661077976226806641e+00
4.784741878509521484e+00
4.749552726745605469e+00
4.449141025543212891e+00
4.466478824615478516e+00
4.623693943023681641e+00
4.522203922271728516e+00
4.329043865203857422e+00
4.248734951019287109e+00
4.207216262817382812e+00
4.134515285491943359e+00
4.194998264312744141e+00
4.960367202758789062e+00
4.813731670379638672e+00
4.875010013580322266e+00
5.642824649810791016e+00
5.804900646209716797e+00
5.873974800109863281e+00
6.010962486267089844e+00
6.350552082061767578e+00
9.097840309143066406e+00
1.112812232971191406e+01
1.062243461608886719e+01
1.048960685729980469e+01
1.055838966369628906e+01
1.045281887054443359e+01
1.042062759399414062e+01
1.037038230895996094e+01
1.010005664825439453e+01
9.725052833557128906e+00
9.409966468811035156e+00
9.133523941040039062e+00
8.875894546508789062e+00
8.628328323364257812e+00
8.454773902893066406e+00
8.232221603393554688e+00
7.960521697998046875e+00
7.628351211547851562e+00
7.342140674591064453e+00
6.985427856445312500e+00
6.642131328582763672e+00
6.373100757598876953e+00
6.044712066650390625e+00
5.950893878936767578e+00
5.745839595794677734e+00
5.438418388366699219e+00
5.299366950988769531e+00
5.193993091583251953e+00
5.107846736907958984e+00
5.016328811645507812e+00
5.117588996887207031e+00
5.100934982299804688e+00
5.045193195343017578e+00
4.997610569000244141e+00
4.979541301727294922e+00
5.352284431457519531e+00
5.299598693847656250e+00
5.173520565032958984e+00
5.103665828704833984e+00
4.963377475738525391e+00
4.733282566070556641e+00
4.450641155242919922e+00
4.238137722015380859e+00
4.089550495147705078e+00
3.917450428009033203e+00
3.773749351501464844e+00
3.727704524993896484e+00
3.618115425109863281e+00
3.560767173767089844e+00
3.539126873016357422e+00
3.337182283401489258e+00
3.204740047454833984e+00
3.171713829040527344e+00
3.061053276062011719e+00
3.061708450317382812e+00
3.135688066482543945e+00
3.266251564025878906e+00
3.374394655227661133e+00
3.385260105133056641e+00
3.345057010650634766e+00
3.270522117614746094e+00
3.177068233489990234e+00
3.138902902603149414e+00
3.103679656982421875e+00
3.106849193572998047e+00
3.131732702255249023e+00
3.147365331649780273e+00
3.260301113128662109e+00
3.268970966339111328e+00
3.232145547866821289e+00
3.280067443847656250e+00
3.252242565155029297e+00
3.284828662872314453e+00
3.272840499877929688e+00
3.208645820617675781e+00
3.187545537948608398e+00
3.143071889877319336e+00
3.162414789199829102e+00
3.256049394607543945e+00
3.218654632568359375e+00
3.377640962600708008e+00
3.491442441940307617e+00
3.498704433441162109e+00
3.483308553695678711e+00
3.321730613708496094e+00
3.704584598541259766e+00
5.453115463256835938e+00
5.432675838470458984e+00
5.153625011444091797e+00
4.701332569122314453e+00
4.376886367797851562e+00
4.062597751617431641e+00
3.895007610321044922e+00
3.701427459716796875e+00
3.584553956985473633e+00
3.516901731491088867e+00
3.416469812393188477e+00
3.325241565704345703e+00
3.192228317260742188e+00
3.127720355987548828e+00
3.078071117401123047e+00
3.122792959213256836e+00
3.233214855194091797e+00
3.272548198699951172e+00
3.252537012100219727e+00
3.281284809112548828e+00
3.976424932479858398e+00
6.432261466979980469e+00
6.464722156524658203e+00
6.436560630798339844e+00
6.532126903533935547e+00
6.359820365905761719e+00
6.213498592376708984e+00
6.031118869781494141e+00
6.217554092407226562e+00
6.355561256408691406e+00
6.565760612487792969e+00
6.812071323394775391e+00
6.917514801025390625e+00
7.035007953643798828e+00
7.147916316986083984e+00
7.293129920959472656e+00
7.329622268676757812e+00
7.260258674621582031e+00
7.269718647003173828e+00
7.407229423522949219e+00
7.559161663055419922e+00
7.576738834381103516e+00
7.532641887664794922e+00
7.373874187469482422e+00
7.043166637420654297e+00
6.824819564819335938e+00
6.589555263519287109e+00
6.650637626647949219e+00
6.718841552734375000e+00
6.686689853668212891e+00
6.359624385833740234e+00
6.128161907196044922e+00
5.882141590118408203e+00
5.687702178955078125e+00
5.642688274383544922e+00
5.550118446350097656e+00
5.481522560119628906e+00
5.286191940307617188e+00
5.211864471435546875e+00
5.117648124694824219e+00
5.070232391357421875e+00
4.927795886993408203e+00
4.855028152465820312e+00
5.198818206787109375e+00
6.323439598083496094e+00
6.096904277801513672e+00
6.036387920379638672e+00
5.813476562500000000e+00
5.610394001007080078e+00
5.649586200714111328e+00
5.719318389892578125e+00
5.666232109069824219e+00
5.525836944580078125e+00
5.409070014953613281e+00
5.829385757446289062e+00
8.325414657592773438e+00
8.365774154663085938e+00
8.652163505554199219e+00
9.142160415649414062e+00
9.458570480346679688e+00
9.146340370178222656e+00
9.029453277587890625e+00
8.921640396118164062e+00
8.781685829162597656e+00
8.681577682495117188e+00
8.468163490295410156e+00
8.217313766479492188e+00
7.988787651062011719e+00
8.041875839233398438e+00
7.847159862518310547e+00
7.652811050415039062e+00
7.317512512207031250e+00
6.998514175415039062e+00
6.702620983123779297e+00
6.435983657836914062e+00
6.188609123229980469e+00
6.019799232482910156e+00
5.854298591613769531e+00
5.690973281860351562e+00
5.630906581878662109e+00
5.492694854736328125e+00
5.415935516357421875e+00
5.278966426849365234e+00
5.064515590667724609e+00
4.910797119140625000e+00
4.745378494262695312e+00
4.571061134338378906e+00
6.876746654510498047e+00
8.470116615295410156e+00
8.859080314636230469e+00
9.003923416137695312e+00
9.029635429382324219e+00
8.922483444213867188e+00
8.790962219238281250e+00
8.721391677856445312e+00
8.471344947814941406e+00
8.167750358581542969e+00
8.398365020751953125e+00
8.402546882629394531e+00
8.176651000976562500e+00
7.903969764709472656e+00
7.621393680572509766e+00
7.358113765716552734e+00
7.605365753173828125e+00
7.803691387176513672e+00
9.732460021972656250e+00
9.514239311218261719e+00
9.360629081726074219e+00
9.187508583068847656e+00
9.130276679992675781e+00
9.166416168212890625e+00
8.887430191040039062e+00
8.943851470947265625e+00
9.051680564880371094e+00
9.005027770996093750e+00
9.033415794372558594e+00
8.879180908203125000e+00
8.862119674682617188e+00
8.818808555603027344e+00
8.851008415222167969e+00
8.782522201538085938e+00
8.596989631652832031e+00
8.673083305358886719e+00
8.478384971618652344e+00
8.376332283020019531e+00
8.313426017761230469e+00
8.272394180297851562e+00
8.060848236083984375e+00
7.843991756439208984e+00
7.689143657684326172e+00
7.337677478790283203e+00
7.212190628051757812e+00
7.059074878692626953e+00
6.763182163238525391e+00
6.489195823669433594e+00
6.573276519775390625e+00
6.623084545135498047e+00
6.521293163299560547e+00
6.476915836334228516e+00
6.458967685699462891e+00
6.448945045471191406e+00
6.241971969604492188e+00
5.976813316345214844e+00
5.662690639495849609e+00
5.581962585449218750e+00
5.561870574951171875e+00
5.461682319641113281e+00
5.332404613494873047e+00
5.237844467163085938e+00
5.351936340332031250e+00
5.578495502471923828e+00
5.489612579345703125e+00
5.436064243316650391e+00
5.372711181640625000e+00
5.396195411682128906e+00
5.254650592803955078e+00
5.064446449279785156e+00
4.943360328674316406e+00
4.971730709075927734e+00
4.910335540771484375e+00
4.750062942504882812e+00
4.681866645812988281e+00
4.631395816802978516e+00
4.575197696685791016e+00
4.491275310516357422e+00
4.388476371765136719e+00
4.446262359619140625e+00
4.466237545013427734e+00
4.462401390075683594e+00
4.472530364990234375e+00
4.433467388153076172e+00
4.429125308990478516e+00
4.345116138458251953e+00
4.284350872039794922e+00
4.319237709045410156e+00
4.195825576782226562e+00
4.210158348083496094e+00
4.283636569976806641e+00
4.261024951934814453e+00
4.287275314331054688e+00
4.407438755035400391e+00
4.579518318176269531e+00
4.707535266876220703e+00
4.855027675628662109e+00
4.995470523834228516e+00
5.133508682250976562e+00
5.082116603851318359e+00
5.056238174438476562e+00
6.116752624511718750e+00
6.675190448760986328e+00
6.549234867095947266e+00
7.292991161346435547e+00
7.653490543365478516e+00
7.441901683807373047e+00
7.232427597045898438e+00
7.119929790496826172e+00
6.852004528045654297e+00
6.528538227081298828e+00
6.237719058990478516e+00
6.127601146697998047e+00
5.938822746276855469e+00
5.772009849548339844e+00
5.581644058227539062e+00
5.351637363433837891e+00
5.263421058654785156e+00
5.230896472930908203e+00
5.064880847930908203e+00
5.092615604400634766e+00
6.666089057922363281e+00
6.885038375854492188e+00
6.957099437713623047e+00
7.770534992218017578e+00
9.695842742919921875e+00
1.025064945220947266e+01
1.048957061767578125e+01
1.048927593231201172e+01
1.029518127441406250e+01
1.004024791717529297e+01
9.886512756347656250e+00
9.457791328430175781e+00
9.163137435913085938e+00
9.118146896362304688e+00
9.057841300964355469e+00
9.158415794372558594e+00
8.790356636047363281e+00
8.661415100097656250e+00
8.625083923339843750e+00
8.592315673828125000e+00
8.494723320007324219e+00
8.571536064147949219e+00
8.571434974670410156e+00
8.565040588378906250e+00
8.331750869750976562e+00
8.166325569152832031e+00
8.001410484313964844e+00
7.860003948211669922e+00
7.763753414154052734e+00
7.473217487335205078e+00
7.087534427642822266e+00
7.611994266510009766e+00
7.264306068420410156e+00
6.791590213775634766e+00
6.379431724548339844e+00
6.250674247741699219e+00
5.910568237304687500e+00
5.910545825958251953e+00
5.955219268798828125e+00
5.821485519409179688e+00
5.663419723510742188e+00
5.547713756561279297e+00
5.460241317749023438e+00
5.335369110107421875e+00
5.211174011230468750e+00
5.096690177917480469e+00
5.197633743286132812e+00
5.263273715972900391e+00
5.124999046325683594e+00
5.125094413757324219e+00
5.093921661376953125e+00
4.939588546752929688e+00
4.741748332977294922e+00
4.663248538970947266e+00
4.473996639251708984e+00
4.313006401062011719e+00
4.276115894317626953e+00
4.146891593933105469e+00
4.066203594207763672e+00
4.062024116516113281e+00
4.074046611785888672e+00
4.061763286590576172e+00
4.037471294403076172e+00
3.921174049377441406e+00
3.831021785736083984e+00
3.765310049057006836e+00
3.732493400573730469e+00
3.641148805618286133e+00
3.593399763107299805e+00
3.672475814819335938e+00
3.688752412796020508e+00
3.686589002609252930e+00
3.625166893005371094e+00
3.613023519515991211e+00
3.560812473297119141e+00
3.417008876800537109e+00
3.317584037780761719e+00
3.196235418319702148e+00
3.316724538803100586e+00
3.507186889648437500e+00
3.665751457214355469e+00
3.450734138488769531e+00
3.394356727600097656e+00
3.349014759063720703e+00
3.256169319152832031e+00
3.223119735717773438e+00
3.138745069503784180e+00
3.126239538192749023e+00
3.224393367767333984e+00
3.082939386367797852e+00
3.009535074234008789e+00
2.964578390121459961e+00
2.908661127090454102e+00
2.879833459854125977e+00
2.840187311172485352e+00
2.701215744018554688e+00
2.670041084289550781e+00
2.633913516998291016e+00
2.597133636474609375e+00
2.628836631774902344e+00
2.649522066116333008e+00
2.665881156921386719e+00
2.657152891159057617e+00
2.722600221633911133e+00
2.743571281433105469e+00
2.758770465850830078e+00
2.763036966323852539e+00
2.799308776855468750e+00
2.830879926681518555e+00
2.791559219360351562e+00
2.799270153045654297e+00
2.762401342391967773e+00
2.754504680633544922e+00
2.871628761291503906e+00
2.897231340408325195e+00
3.200493335723876953e+00
5.104769229888916016e+00
5.092995643615722656e+00
4.946966171264648438e+00
4.817839622497558594e+00
4.763001441955566406e+00
4.777266025543212891e+00
4.750477313995361328e+00
4.875602245330810547e+00
5.833230495452880859e+00
6.140326023101806641e+00
6.436139106750488281e+00
6.505205631256103516e+00
6.460401535034179688e+00
6.193871498107910156e+00
6.152768611907958984e+00
6.102897167205810547e+00
5.995138645172119141e+00
5.752663612365722656e+00
5.736627101898193359e+00
6.876026153564453125e+00
7.018446445465087891e+00
6.789288043975830078e+00
7.128570556640625000e+00
7.305555343627929688e+00
7.499978542327880859e+00
7.705931663513183594e+00
8.187654495239257812e+00
1.114471244812011719e+01
1.177186393737792969e+01
1.180808353424072266e+01
1.197865200042724609e+01
1.202151679992675781e+01
1.203545856475830078e+01
1.182783126831054688e+01
1.127839469909667969e+01
1.086158847808837891e+01
1.029130554199218750e+01
9.780925750732421875e+00
9.130096435546875000e+00
8.583288192749023438e+00
8.316756248474121094e+00
8.179726600646972656e+00
7.993693351745605469e+00
7.794771194458007812e+00
7.553278446197509766e+00
7.288999557495117188e+00
7.071231842041015625e+00
6.880727291107177734e+00
6.647351264953613281e+00
6.375820159912109375e+00
6.108911037445068359e+00
5.979145050048828125e+00
5.760624885559082031e+00
5.565714836120605469e+00
5.419620037078857422e+00
5.286708354949951172e+00
5.144691467285156250e+00
5.117174148559570312e+00
5.007647514343261719e+00
5.000039100646972656e+00
4.903746128082275391e+00
4.814741134643554688e+00
4.805026054382324219e+00
4.837419509887695312e+00
4.728729248046875000e+00
4.437955379486083984e+00
4.214375495910644531e+00
4.142903804779052734e+00
3.992686271667480469e+00
3.835169315338134766e+00
3.778604269027709961e+00
3.800985813140869141e+00
3.790114879608154297e+00
3.713039398193359375e+00
3.769462108612060547e+00
3.641813516616821289e+00
3.720546245574951172e+00
3.811066627502441406e+00
3.725777387619018555e+00
3.673823118209838867e+00
3.637092351913452148e+00
3.579321861267089844e+00
3.462882041931152344e+00
3.459468841552734375e+00
3.510726928710937500e+00
3.426414012908935547e+00
3.361802577972412109e+00
3.273999452590942383e+00
3.219348192214965820e+00
3.149754047393798828e+00
3.119503259658813477e+00
3.054544448852539062e+00
3.017759084701538086e+00
2.985315322875976562e+00
2.976419210433959961e+00
2.941761732101440430e+00
2.922435283660888672e+00
2.909243822097778320e+00
2.858398437500000000e+00
2.820904016494750977e+00
2.776269912719726562e+00
2.803889513015747070e+00
