8.418285714285616450e+00
8.260428571428636957e+00
8.426428571428488112e+00
8.426428571428488112e+00
8.511428571428519163e+00
9.057285714285674416e+00
9.251571428571457645e+00
9.704428571428579176e+00
9.688428571428611136e+00
9.789285714285728801e+00
9.850142857142900610e+00
9.870428571428499609e+00
1.016171428571428059e+01
1.001171428571432820e+01
1.005199999999999427e+01
1.013310651891791458e+01
1.028299999999999947e+01
1.033599999999995589e+01
1.021442727363479541e+01
1.009257142857134326e+01
1.024671428571429743e+01
1.044500000000000561e+01
1.039642857142856336e+01
1.037628571428565927e+01
1.043647355495670936e+01
1.043671428571425785e+01
1.029538025356895758e+01
1.015378173105731108e+01
9.991714285714268229e+00
9.789285714285728801e+00
9.850142857142902386e+00
9.708714285714368231e+00
9.628000000000024983e+00
9.372857142857251134e+00
9.174571428571546505e+00
9.032999999999949736e+00
8.855142857142796586e+00
8.576142857142803777e+00
8.414142857142898890e+00
8.931857142857120735e+00
9.235285714285646819e+00
9.150285714285821825e+00
9.138142857142959485e+00
9.348857142857093905e+00
9.150285714285821825e+00
9.271857142857182765e+00
9.222999999999963450e+00
9.222999999999963450e+00
9.105857142857122000e+00
8.996285714285804147e+00
8.810714285714309923e+00
8.640571428571460544e+00
8.936000000000042576e+00
8.895428571428547926e+00
8.955857142857071906e+00
9.085571428571382668e+00
9.231285714285663246e+00
9.247285714285686353e+00
9.231000000000085137e+00
9.231000000000085137e+00
9.255285714285596654e+00
9.655999999999956174e+00
9.425571428571444699e+00
9.231000000000085137e+00
9.231000000000085137e+00
9.247285714285686353e+00
9.296142857142905669e+00
9.231000000000085137e+00
9.182554657082988570e+00
9.198714285714238770e+00
9.117999999999984340e+00
9.117999999999984340e+00
9.057142857142912007e+00
8.955857142857071906e+00
8.847000000000084796e+00
8.722000000000090125e+00
8.656857142857091958e+00
8.608000000000068042e+00
8.624416292303029863e+00
8.608000000000068042e+00
8.467000000000069804e+00
8.446571428571493456e+00
8.426285714285761230e+00
8.228142857142787037e+00
8.325142857142934005e+00
8.507285714285790945e+00
8.224142857142853202e+00
8.082571428571462491e+00
7.791285714285651309e+00
7.742857142857215713e+00
7.759000000000013664e+00
7.661857142857117609e+00
7.354143006888360645e+00
7.402857142857108386e+00
7.289571428571433920e+00
6.933714285714330572e+00
6.593857142857212139e+00
6.225428571428556879e+00
5.934571428571417506e+00
5.712142857142840313e+00
5.533571428571435469e+00
5.545714285714297809e+00
5.760714285714267469e+00
5.954714285714246103e+00
6.400000000000054534e+00
6.383714285714215286e+00
6.456428571428624252e+00
6.626000000000058954e+00
6.593714285714242784e+00
6.512999999999950163e+00
6.545285714285768108e+00
6.836714285714260875e+00
6.853000000000037950e+00
6.853000000000037950e+00
6.982142857142795478e+00
7.184142857142880700e+00
7.435142857142767348e+00
7.451285714285755368e+00
7.588999999999966661e+00
7.662142857142923091e+00
7.646000000000064745e+00
7.629714285714272570e+00
7.532000000000048878e+00
7.515857142857058193e+00
7.418999999999969397e+00
7.418999999999969397e+00
7.322142857142816652e+00
7.686285714285650883e+00
7.580857142857088782e+00
7.580857142857088782e+00
7.451285714285755368e+00
7.338285714285677663e+00
7.175999999999956636e+00
7.103285714285772379e+00
7.127428571428513493e+00
6.982142857142795478e+00
6.755285714285635734e+00
6.775714285714322216e+00
6.816285714285669428e+00
6.496714285714319637e+00
6.391571428571412916e+00
6.140714285714248710e+00
5.740428571428603632e+00
5.416428571428560268e+00
5.525428571428609104e+00
5.692000000000006388e+00
5.692000000000006388e+00
5.379857142857133567e+00
4.935142857142833961e+00
4.526285714285688933e+00
4.203142857142881716e+00
4.017142857142804502e+00
3.972571428571427976e+00
3.818571428571430726e+00
3.596428571428546217e+00
3.588428571428548430e+00
3.725857142857178061e+00
4.477857142857136985e+00
4.684142857142877148e+00
4.684142857142877148e+00
4.623428571428575218e+00
4.623428571428575218e+00
4.854142857142910827e+00
5.137428571428556801e+00
5.335714285714264982e+00
5.493142857142906621e+00
5.452857142857145512e+00
5.626857142857130789e+00
5.692000000000006388e+00
5.728428571428591631e+00
5.857714285714326508e+00
5.889999999999997904e+00
5.938571428571362887e+00
5.974999999999948130e+00
5.974999999999948130e+00
5.974999999999948130e+00
6.185428571428512434e+00
6.416142857142857814e+00
6.512999999999950163e+00
6.529142857142808509e+00
6.569571428571489236e+00
6.480714285714347156e+00
6.448428571428536316e+00
6.432142857142904901e+00
6.286000000000028898e+00
6.249571428571461418e+00
6.104142857142920597e+00
5.942571428571388203e+00
6.039571428571433920e+00
5.950714285714225227e+00
5.606714285714272883e+00
5.505428571428603313e+00
5.157714285714253499e+00
5.282857142857174892e+00
5.210000000000026610e+00
5.044428571428579033e+00
5.521999999999969155e+00
5.647285714285760427e+00
5.298999999999980837e+00
4.850142857142857089e+00
4.538428571428550384e+00
4.126142857142883535e+00
3.653142857142884559e+00
3.430285714285688403e+00
3.661142857142815732e+00
3.312714285714268847e+00
3.859428571428616728e+00
3.867285714285740195e+00
3.766000000000024439e+00
3.863285714285681571e+00
4.231571428571441196e+00
4.732714285714323843e+00
4.829857142857187036e+00
4.817714285714325584e+00
4.720571428571462391e+00
5.020142857142856130e+00
5.452999999999977199e+00
5.728428571428591631e+00
5.809285714285707947e+00
5.926428571428500547e+00
5.857714285714326508e+00
5.918285714285666188e+00
5.889999999999997904e+00
5.889999999999997904e+00
5.926428571428500547e+00
5.938571428571362887e+00
5.889999999999997904e+00
6.007142857142793169e+00
6.007285714285746536e+00
6.318714285714247758e+00
7.010571428571437558e+00
7.677999999999978620e+00
7.823571428571509223e+00
7.662142857142923091e+00
7.646000000000064745e+00
7.597000000000080355e+00
7.532000000000048878e+00
7.645714285714324099e+00
7.694428571428514552e+00
7.775142857142808062e+00
7.775142857142808062e+00
7.759000000000013664e+00
7.694428571428514552e+00
8.078571428571528656e+00
9.174714285714296480e+00
9.506285714285697352e+00
9.275857142857113047e+00
9.259428571428545141e+00
9.012714285714210405e+00
8.705571428571497350e+00
8.341428571428517458e+00
7.936857142857182801e+00
7.499857142857202952e+00
7.127714285714311870e+00
6.787714285714209872e+00
6.642142857142860457e+00
6.561428571428640666e+00
6.338857142857212246e+00
6.104142857142920597e+00
6.039571428571433920e+00
5.878000000000022318e+00
5.541571428571397284e+00
5.663142857142840825e+00
6.241571428571361935e+00
6.739142857142835119e+00
6.739000000000024748e+00
7.221000000000002750e+00
7.306000000000032912e+00
7.418999999999969397e+00
7.515857142857058193e+00
7.499714285714261131e+00
7.418999999999969397e+00
7.827571428571443946e+00
8.329142857142867840e+00
8.660857142857249613e+00
8.640571428571460544e+00
8.722000000000090125e+00
8.722000000000090125e+00
8.624285714285658599e+00
8.608000000000068042e+00
8.608017070979403940e+00
8.624268643306324478e+00
8.903428571428667837e+00
8.838999999999963109e+00
8.705571428571497350e+00
8.738142857142882747e+00
8.722000000000090125e+00
8.656857142857091958e+00
8.624285714285658599e+00
8.486857142857047620e+00
8.308857142857078770e+00
8.131285714285697352e+00
8.131285714285697352e+00
8.260428571428636957e+00
8.406142857142755886e+00
8.567714285714346900e+00
8.567714285714346900e+00
8.467000000000069804e+00
8.268714285714365175e+00
7.815571428571375101e+00
7.354142857142926815e+00
7.378571428571385482e+00
7.402857142857108386e+00
7.257142857142786951e+00
6.949714285714322592e+00
6.435857142857119406e+00
5.882000000000030759e+00
5.626857142857130789e+00
5.970857142857179944e+00
6.176857142857115512e+00
6.144714285714266033e+00
6.416000000000043002e+00
6.545285714285768108e+00
6.787714285714209872e+00
6.998285714285754189e+00
7.030571428571421144e+00
7.095142857142914039e+00
7.014428571428624082e+00
6.965999999999929138e+00
7.014428571428624082e+00
7.079000000000048587e+00
6.917571428571476666e+00
6.853000000000037950e+00
6.853000000000037950e+00
6.787857142857185444e+00
6.739000000000024748e+00
6.820285714285662770e+00
6.853000000000037950e+00
6.965999999999929138e+00
6.965999999999929138e+00
6.965999999999929138e+00
6.965999999999929138e+00
6.868857142857109466e+00
6.593714285714242784e+00
6.496857142857151324e+00
6.318571428571430282e+00
6.286000000000028898e+00
6.205142857142917023e+00
6.027428571428571580e+00
5.768857142857097386e+00
5.898142857142832263e+00
5.853714285714299415e+00
5.521714285714264925e+00
5.509428571428546029e+00
5.565857142857121076e+00
5.481000000000044281e+00
5.177857142857180683e+00
4.696428571428599597e+00
4.170857142857131272e+00
4.077857142857111761e+00
4.012999999999968814e+00
3.499142857142877094e+00
2.969285714285681443e+00
2.517571428571423020e+00
2.133142857142845017e+00
2.089428571428582515e+00
2.274285714285722904e+00
2.777857142857119488e+00
2.642000000000029658e+00
2.077999999999982084e+00
1.658428571428553600e+00
1.918714285714266721e+00
2.839999999999987867e+00
3.021857142857164114e+00
3.717714285714252664e+00
4.174857142857093528e+00
5.242571428571412007e+00
5.991142857142830458e+00
6.023428571428627976e+00
6.075857142857177706e+00
6.213142857142881503e+00
6.071857142857121303e+00
6.160714285714250948e+00
6.654142857142806733e+00
7.046714285714221759e+00
7.143571428571378057e+00
7.079000000000048587e+00
7.159714285714342097e+00
7.192000000000006388e+00
7.192000000000006388e+00
7.192000000000006388e+00
7.192000000000006388e+00
7.402857142857108386e+00
7.847857142857171731e+00
9.522428571428489974e+00
9.413428571428584135e+00
9.546714285714214654e+00
9.951142857142853515e+00
1.007257142857142718e+01
9.768999999999930850e+00
9.789285714285728801e+00
9.931142857142805980e+00
9.931142857142805980e+00
9.911000000000038668e+00
9.931142857142805980e+00
1.014142857142853060e+01
1.002000000000004931e+01
9.971428571428601728e+00
9.890714285714244269e+00
9.999857142857164760e+00
1.016157142857142581e+01
1.001171428571432820e+01
9.898714285714344641e+00
9.870428571428499609e+00
9.575142857142937558e+00
9.506428571428527263e+00
9.348428571428510025e+00
9.198714285714238770e+00
9.057143006888345838e+00
9.016714285714355626e+00
8.895428571428547926e+00
8.636714285714326422e+00
8.519285714285643962e+00
8.224142857142853202e+00
8.082571428571462491e+00
7.661857142857117609e+00
7.888142857142944386e+00
8.106999999999976225e+00
8.296857142857222200e+00
8.446571428571493456e+00
8.547571428571353991e+00
8.575714285714212792e+00
8.507285714285790945e+00
8.406142857142755886e+00
8.313000000000071665e+00
8.260428571428636957e+00
8.365571428571454859e+00
8.324999999999928235e+00
8.462857142857075132e+00
8.624285714285658599e+00
8.640571428571460544e+00
8.746142857142816140e+00
8.672999999999886356e+00
8.673142857142897455e+00
8.640571428571460544e+00
8.608000000000068042e+00
8.624285714285658599e+00
8.608000000000068042e+00
8.583999999999925024e+00
8.673171009284256883e+00
8.834857142857224233e+00
8.855142857142796586e+00
9.045142857142812076e+00
9.125857142857084270e+00
9.198714285714238770e+00
9.008571428571464423e+00
8.895428571428547926e+00
8.931714285714324575e+00
9.117999999999984340e+00
8.996428571428616294e+00
9.190571428571360002e+00
9.534714285714374071e+00
9.607428571428521025e+00
9.575285714285721284e+00
9.514428571428631187e+00
9.166571428571423041e+00
9.142142857142944834e+00
8.608571428571401896e+00
8.268571428571359405e+00
7.952857142857189032e+00
7.621142857142810811e+00
7.322000000000016051e+00
7.321857142857095546e+00
6.925142857142871478e+00
6.383285714285677592e+00
5.853714285714299415e+00
5.768857142857097386e+00
6.496714285714319637e+00
7.208714285714340697e+00
7.306000000000032912e+00
7.240857142857186624e+00
7.289714285714233633e+00
7.216428571428530780e+00
7.378714285714199406e+00
7.678142857142910671e+00
7.759000000000013664e+00
7.791285714285651309e+00
7.969000000000042938e+00
8.115142857142904731e+00
8.171571428571473561e+00
8.212012728361775871e+00
8.268714285714365175e+00
8.567714285714346900e+00
8.640571428571460544e+00
8.689428571428491566e+00
8.738142857142882747e+00
8.681000000000029360e+00
8.705714285714286405e+00
8.640591294798873889e+00
8.600285714285741179e+00
8.762126984126922480e+00
8.863142857142879194e+00
8.818857142857185138e+00
9.142142857142944834e+00
9.417285714285748455e+00
9.546714285714214654e+00
9.628000000000024983e+00
9.647857142857073853e+00
9.628000000000024983e+00
9.526571428571489975e+00
9.567000000000005500e+00
9.486285714285671133e+00
9.279857142857112606e+00
9.166588200059893055e+00
9.057285564540244138e+00
9.417285714285748455e+00
1.023442857142859630e+01
1.035585714285717174e+01
1.021428571428568866e+01
9.696428571428519660e+00
9.356857142857162302e+00
9.105714285714357814e+00
8.652857142857108386e+00
8.446571428571493456e+00
8.252428571428509940e+00
8.082571428571462491e+00
8.099000000000062371e+00
7.880000000000078941e+00
7.580857142857088782e+00
7.532142857142845038e+00
7.370571428571464523e+00
7.159857142857161350e+00
7.467571428571350367e+00
7.613285714285674466e+00
7.839714285714306286e+00
7.952714285714235665e+00
8.058285714285737811e+00
8.292857142857069874e+00
8.244285714285636502e+00
8.211999999999990862e+00
8.228037607495757300e+00
8.211999999999990862e+00
8.131383519445497754e+00
8.115142857142904731e+00
8.115125686333280797e+00
8.099033592892146416e+00
8.115108765099378729e+00
8.099016671658244348e+00
8.050142857142871478e+00
7.920428571428596243e+00
7.807428571428649988e+00
7.467428571428618156e+00
7.289571428571433920e+00
7.143571428571378057e+00
6.917571428571476666e+00
6.909428571428607668e+00
6.901428571428508185e+00
6.723428571428519795e+00
6.237571428571419219e+00
5.970857142857179944e+00
5.626857142857130789e+00
5.432571428571455030e+00
5.291000000000017245e+00
5.501285714285721440e+00
5.157571428571385397e+00
4.817714285714325584e+00
4.882428571428587993e+00
4.429142857142823075e+00
4.380714285714264022e+00
3.806714285714242862e+00
2.825714285714269192e+00
2.845428571428560538e+00
3.551999999999972069e+00
4.122428571428596200e+00
3.936142857142844065e+00
3.353428571428589855e+00
2.767714285714275135e+00
2.819428571428558961e+00
4.449571428571457155e+00
5.246714285714286774e+00
5.995285714285727430e+00
6.177142857142833954e+00
6.176857142857115512e+00
6.172999999999931653e+00
6.545285714285768108e+00
6.755571428571363946e+00
6.820428571428585052e+00
7.030571428571421144e+00
7.192142857142807877e+00
7.516285714285785957e+00
7.888142857142944386e+00
8.017571428571477199e+00
8.155428571428631201e+00
8.309096286313293334e+00
8.567714285714346900e+00
8.604142857142930367e+00
8.899428571428519064e+00
8.915571428571530177e+00
9.093571428571495474e+00
9.247285714285686353e+00
9.057142857142912007e+00
9.077428571428653115e+00
9.117999999999984340e+00
9.150285714285821825e+00
9.117999999999984340e+00
9.117999999999984340e+00
9.049142857142793872e+00
8.766142857142794398e+00
8.754285714285732212e+00
8.689428571428491566e+00
8.656857142857091958e+00
8.317142857142794554e+00
8.066142857142921230e+00
7.823571428571509223e+00
7.386571428571510722e+00
7.014428571428624082e+00
6.990142857142901178e+00
7.115571428571453971e+00
8.576142857142803777e+00
1.014971428571425882e+01
1.061085714285709258e+01
9.838000000000041823e+00
9.453714285714333698e+00
9.469999999999943796e+00
9.563000000000075218e+00
9.073285714285704628e+00
8.919714285714258395e+00
8.810714285714309923e+00
8.705714285714286405e+00
8.648999999999919197e+00
8.652999999999908098e+00
8.802714285714390741e+00
8.600285714285741179e+00
8.487142857142798036e+00
8.608000000000068042e+00
8.446428571428528542e+00
8.329142857142867840e+00
8.296857142857222200e+00
8.531428571428506302e+00
8.648714285714389050e+00
8.466857142857062257e+00
8.410142857142908213e+00
8.656857142857091958e+00
8.794571428571460459e+00
8.818857142857185138e+00
9.020571428571310335e+00
9.223285714285740511e+00
9.247285714285686353e+00
9.166428571428616223e+00
9.117999999999984340e+00
9.117999999999984340e+00
9.077428571428653115e+00
9.247428571428509159e+00
9.134142857142819594e+00
9.166428571428616223e+00
9.215142857142870625e+00
9.162285714285665961e+00
8.935714285714309923e+00
9.052999999999965297e+00
9.437571428571489562e+00
9.648142857142882889e+00
9.627857142857136452e+00
9.696285714285691526e+00
9.466142857142900269e+00
9.486285714285671133e+00
9.445857142857159161e+00
9.514285714285607654e+00
1.035600000000005139e+01
1.051757142857148075e+01
1.049728571428568635e+01
1.049728571428568635e+01
1.041671428571417302e+01
1.026285714285713269e+01
9.878285714285690133e+00
9.409428571428573918e+00
9.971428571428601728e+00
1.029542857142859624e+01
1.076028571428562408e+01
1.070371428571433547e+01
1.121714285714280734e+01
1.212357142857133141e+01
1.260099999999994935e+01
1.148028571428578637e+01
1.115285714285710661e+01
1.105171428571429537e+01
1.095066756513928041e+01
1.102757142857143613e+01
1.094257142857141396e+01
1.096671428571426254e+01
1.105985714285723098e+01
1.164228571428578718e+01
1.232185714285704492e+01
1.334542857142871064e+01
1.403285714285719621e+01
1.304985714285705534e+01
1.303357142857136175e+01
1.283142857142864024e+01
1.268985714285728683e+01
1.262899999999992495e+01
1.259671428571435214e+01
1.252785714285710661e+01
1.236242857142860352e+01
1.228999999999996895e+01
1.224942857142856489e+01
1.214800000000007785e+01
1.214800000000007785e+01
1.218857142857147480e+01
1.231771428571421545e+01
1.212771428571431542e+01
1.216014285714293663e+01
1.220471428571430117e+01
1.190485714285719965e+01
1.171528571428560817e+01
1.152499999999995417e+01
1.150471428571438715e+01
1.127785714285710661e+01
1.114057142857137706e+01
1.082085714285710942e+01
1.074014285714290828e+01
1.072771428571433638e+01
1.069957142857136034e+01
1.052171428571426759e+01
1.060271428571432040e+01
1.100728571428581581e+01
1.087357142857134029e+01
1.078028571428574445e+01
1.053785714285723252e+01
1.028314285714288268e+01
1.007228571428559682e+01
9.728857142857124884e+00
9.546857142857236411e+00
9.485999999999954468e+00
9.445857142857159161e+00
9.012714285714210405e+00
8.491142857142785161e+00
9.065571428571360002e+00
9.279857142857112606e+00
9.113857142857238358e+00
9.591285714285730180e+00
9.870285714285667922e+00
1.027085714285713713e+01
1.039642857142856336e+01
1.046514285714292036e+01
1.047699999999993459e+01
1.047699999999993459e+01
1.047699999999993459e+01
1.067928571428574713e+01
1.091014285714292775e+01
1.099128571428570211e+01
1.100728571428581581e+01
1.101942857142867815e+01
1.161399999999991017e+01
1.135471428571420205e+01
1.167085714285713216e+01
1.166700000000005311e+01
1.158585714285709933e+01
1.152499999999995417e+01
1.139114285714278907e+01
1.133042857142847915e+01
1.118885714285715771e+01
1.107228571428558617e+01
1.176342857142851095e+01
1.190885714285716368e+01
1.204657142857135099e+01
1.195742857142860238e+01
1.169114285714292834e+01
1.166700000000005311e+01
1.166700000000005311e+01
1.154528571428571304e+01
1.143171428571434234e+01
1.153314285714285248e+01
1.146414285714283210e+01
1.127371428571431089e+01
1.149257142857152658e+01
1.179600000000002247e+01
1.184842857142850647e+01
1.188942857142863474e+01
1.299714285714277828e+01
1.261300000000004751e+01
1.258057142857152932e+01
1.230157142857139263e+01
1.190899999999995806e+01
1.190899999999995806e+01
1.152499999999995417e+01
1.144385714285720468e+01
1.137899999999992673e+01
1.107200000000004891e+01
1.101128571428578340e+01
1.062685714285719207e+01
1.042457142857155894e+01
1.039642857142856336e+01
1.033571428571425521e+01
1.039642857142856336e+01
1.046514285714292036e+01
1.030357142857148567e+01
1.047699999999993459e+01
1.043685714285710908e+01
1.027513706698606910e+01
1.016157142857142581e+01
1.021014285714287162e+01
1.021428571428568866e+01
1.015342857142868027e+01
1.019400000000003637e+01
1.033599999999995589e+01
1.021442727363479541e+01
1.019400000000003637e+01
1.017371428571428815e+01
1.024271428571418951e+01
1.014128571428581793e+01
1.013314285714293206e+01
9.914714285714266495e+00
9.688428571428611136e+00
9.668285714285651977e+00
9.668285714285651977e+00
9.648000000000060083e+00
9.340571428571422530e+00
9.065428571428558513e+00
8.762285714285653171e+00
9.016857142857155338e+00
9.182714285714265401e+00
9.101714285714376018e+00
8.879428571428517714e+00
9.012571428571396481e+00
9.251428571428647274e+00
9.757142857142778070e+00
9.769142857142851355e+00
1.048942857142864504e+01
1.152499999999995417e+01
1.174742857142857666e+01
1.193371428571421511e+01
1.222900000000002585e+01
1.176342857142851095e+01
1.103542857142846678e+01
1.063514285714281726e+01
1.034385714285718905e+01
1.051757142857148075e+01
1.136714285714276684e+01
1.072800000000004594e+01
1.053799999999992565e+01
1.014128571428581793e+01
9.850142857142900610e+00
9.809714285714202120e+00
9.789285714285728801e+00
9.939285714285690077e+00
9.708571428571380224e+00
9.777428571428572468e+00
9.951285714285718953e+00
1.018585714285714694e+01
1.027499999999999325e+01
1.044500000000000561e+01
1.085728571428569111e+01
1.160185714285705139e+01
1.141557142857155505e+01
1.121328571428574783e+01
1.158542857142856697e+01
1.148042857142866424e+01
1.148842857142855678e+01
1.178414285714281462e+01
1.212371428571435317e+01
1.182028571428573827e+01
1.162642857142866326e+01
1.172728571428582178e+01
1.197814285714290605e+01
1.200628571428569735e+01
1.229757142857132024e+01
1.228942857142853207e+01
1.243942857142859459e+01
1.245542857142847737e+01
1.205471428571425641e+01
1.183599999999999142e+01
1.171914285714292703e+01
1.141557142857155327e+01
1.134257142857134149e+01
1.137500000000000000e+01
1.139528571428579795e+01
1.218000000000003524e+01
1.329671428571420755e+01
1.361200000000006405e+01
1.298914285714278094e+01
1.248785714285713944e+01
1.222914285714280602e+01
1.193314285714288658e+01
1.183599999999999142e+01
1.167085714285713216e+01
1.146014285714290537e+01
1.146428571428564780e+01
1.119714285714291968e+01
1.088171428571424215e+01
1.073999999999987409e+01
1.059842857142850825e+01
1.034385714285718905e+01
1.001185714285716344e+01
9.728857142857124884e+00
9.587428571428572965e+00
9.567142857142826529e+00
9.389142857142859455e+00
9.437571428571489562e+00
9.611571428571473064e+00
9.753000000000019654e+00
9.696428571428519660e+00
9.607714285714282099e+00
9.389285714285609430e+00
9.324428571428560630e+00
9.405428571428606332e+00
9.728999999999961901e+00
1.025485714285705185e+01
1.033557142857142175e+01
1.025491364680035034e+01
1.031571428571434801e+01
1.033599999999995589e+01
1.033588988719173152e+01
1.035590156733557698e+01
1.031571428571434801e+01
1.028328571428573746e+01
1.013314285714293206e+01
9.931142857142805980e+00
9.769285714285640410e+00
9.890714285714244269e+00
9.850285714285741179e+00
9.850142857142900610e+00
9.829714285714240773e+00
9.648142857142882889e+00
9.623529200359310920e+00
9.312428571428510438e+00
9.247428571428509159e+00
9.198857142857059799e+00
9.016592842168265065e+00
9.113857142857238358e+00
8.935714285714309923e+00
8.935714285714309923e+00
8.855142857142796586e+00
8.583999999999925024e+00
8.203857142857062357e+00
8.066428571428666316e+00
8.025857142857146798e+00
8.381571428571504612e+00
8.329142857142867840e+00
8.179714285714355881e+00
7.718571428571491921e+00
7.265142857142910415e+00
6.699000000000041588e+00
6.472571428571428420e+00
6.610000000000015419e+00
7.592999999999950234e+00
9.385285714285627634e+00
9.215142857142870625e+00
8.244000000000051287e+00
7.257142857142786951e+00
7.427000000000034241e+00
8.798428571428642542e+00
9.332571428571439398e+00
9.344999999999940243e+00
9.530714285714253720e+00
9.768999999999930850e+00
9.768999999999930850e+00
9.587428571428572965e+00
9.486285714285671133e+00
9.878428571428599980e+00
9.906714285714249613e+00
1.014528571428579440e+01
1.062299999999995492e+01
1.061899999999998379e+01
1.061899999999998379e+01
1.061899999999998379e+01
1.062700000000004508e+01
1.095071428571430339e+01
1.141585714285708519e+01
1.172728571428582178e+01
1.173942857142868412e+01
1.193314285714288658e+01
1.200600000000004997e+01
1.176342857142851095e+01
1.142357142857144758e+01
1.121728571428584864e+01
1.060671428571429509e+01
1.064685714285713125e+01
1.105157142857142105e+01
1.105171428571429537e+01
1.111228571428572742e+01
1.080071428571417869e+01
1.103542857142846678e+01
1.103942857142855871e+01
1.177171428571429779e+01
1.160571428571436314e+01
1.107200000000004891e+01
1.100342857142856268e+01
1.096671428571426254e+01
1.246342857142851734e+01
1.252785714285710661e+01
1.245914285714292014e+01
1.209114285714283099e+01
1.194542857142850245e+01
1.174328571428575785e+01
1.173542857142851403e+01
1.191314285714276977e+01
1.220457142857140020e+01
1.209928571428561916e+01
1.193742857142849090e+01
1.192928571428571516e+01
1.177571428571437906e+01
1.158971428571418905e+01
1.140328571428564786e+01
1.136685714285706439e+01
1.121300000000000274e+01
1.086942857142855345e+01
1.058642857142868188e+01
1.033557142857142175e+01
1.012114285714287476e+01
9.951285714285718953e+00
9.769285714285640410e+00
9.708428571428553866e+00
9.809571428571475238e+00
9.768999999999930850e+00
9.768999999999930850e+00
9.910857142857206981e+00
9.959285714285737612e+00
1.027485714285711360e+01
1.033599999999995589e+01
1.029542857142859624e+01
1.021428571428568866e+01
1.033585714285709933e+01
1.013314285714293206e+01
1.001171428571432820e+01
9.971403114705031712e+00
9.829857142857154173e+00
9.486285714285758175e+00
9.344999999999940243e+00
9.199000000000019384e+00
9.057142857142912007e+00
9.073428571428518552e+00
8.963999999999963109e+00
8.693428571428647444e+00
8.543857142857172349e+00
8.236142857142926488e+00
8.106857142857187171e+00
8.195857142857198241e+00
8.834857142857224233e+00
9.004571428571493286e+00
8.996428571428616294e+00
8.511285714285776294e+00
8.289000000000097401e+00
7.544285714285707378e+00
7.059000000000065000e+00
6.294142857142889014e+00
5.768714285714353629e+00
5.392428571428534489e+00
5.440571428571418622e+00
5.299285714285769444e+00
5.331428571428617147e+00
6.080142857142914359e+00
6.233571428571402784e+00
5.987000000000046285e+00
6.047714285714351767e+00
6.715142857142838650e+00
6.885142857142899864e+00
6.885142857142899864e+00
7.224857142857190162e+00
7.175857142857207549e+00
7.208428571428604492e+00
7.564714285714241981e+00
7.613428571428485725e+00
7.597142857142891614e+00
7.637428571428603874e+00
7.908714285714269820e+00
8.034000000000075303e+00
8.066428571428666316e+00
8.228142857142787037e+00
8.308857142857078770e+00
8.515285714285711904e+00
8.547571428571353991e+00
8.426428571428488112e+00
8.426428571428488112e+00
8.494999999999919282e+00
8.389857142857174210e+00
8.438571428571350452e+00
8.487142857142798036e+00
8.426428571428488112e+00
8.264571428571372280e+00
8.292714285714284372e+00
8.409961814914591827e+00
8.292714285714284372e+00
8.244285714285636502e+00
8.066285714285664099e+00
7.904285714285740561e+00
7.823571428571509223e+00
8.167571428571495318e+00
8.224000000000064148e+00
8.478857142857124884e+00
8.260428571428636957e+00
7.871999999999943931e+00
8.034000000000075303e+00
8.693285714285678978e+00
9.194714285714320923e+00
1.090200000000003833e+01
1.051771428571429823e+01
9.991857142857067942e+00
9.850142857142900610e+00
9.567000000000005500e+00
9.251571428571457645e+00
8.952000000000117197e+00
8.640571428571460544e+00
8.620428571428512043e+00
8.814714285714240205e+00
8.851142857142811238e+00
9.085571428571382668e+00
8.996285714285804147e+00
8.911857142857117609e+00
8.778428571428666061e+00
8.563857142857157712e+00
8.665285714285769103e+00
8.754285714285732212e+00
8.903428571428667837e+00
9.020714285714326763e+00
9.421428571428494436e+00
9.465857142857181827e+00
9.506285714285697352e+00
9.485999999999954468e+00
9.538714285714352314e+00
9.546857142857236411e+00
9.546857142857236411e+00
9.506285714285697352e+00
9.365142857142906507e+00
9.328714285714333698e+00
9.316285714285697850e+00
9.247285714285686353e+00
9.150285714285821825e+00
9.166428571428616223e+00
9.016857142857155338e+00
8.612428571428603519e+00
8.652708695218166213e+00
8.656847209743387950e+00
8.587857142857075132e+00
8.280714285714221745e+00
8.228142857142787037e+00
8.203857142857062357e+00
8.211928592820765260e+00
8.114853099730414243e+00
8.292714285714284372e+00
8.349458221024288918e+00
8.551714285714295372e+00
9.138285714285723671e+00
9.150285714285821825e+00
9.190857142857147721e+00
9.036978586403046521e+00
8.543571428571366866e+00
8.568000000000099092e+00
8.098571428571512243e+00
7.787142857142923980e+00
7.661714285714327666e+00
7.354285564540244735e+00
7.062857142857086323e+00
6.755428571428610418e+00
6.358999999999954689e+00
6.529142857142808509e+00
6.448428571428536316e+00
6.116428571428544458e+00
5.926428571428500547e+00
5.849714285714237683e+00
5.926428571428500547e+00
6.241571428571361935e+00
6.164714285714254061e+00
6.201285714285733164e+00
6.512999999999950163e+00
6.601857142857167737e+00
6.476428571428612280e+00
6.601857142857167737e+00
6.755285714285635734e+00
6.885142857142899864e+00
7.063000000000067224e+00
7.224571428571389120e+00
7.322000000000016051e+00
7.532000000000048878e+00
7.613428571428485725e+00
7.791142857142857814e+00
7.815428571428582494e+00
7.742857142857215713e+00
8.013571428571495403e+00
7.771142857142875116e+00
7.742857142857215713e+00
7.431285714285770894e+00
7.625428571428536806e+00
7.467428571428618156e+00
7.435142857142767348e+00
7.248999999999928612e+00
7.159857142857161350e+00
7.451428571428552416e+00
7.609285714285753066e+00
7.653857142857201978e+00
7.402857142857108386e+00
7.184000000000066777e+00
6.982142857142795478e+00
6.549142857142810747e+00
6.322714285714336135e+00
6.597857142857153079e+00
7.054857142857144048e+00
6.998285714285754189e+00
6.901428571428508185e+00
7.111428571428517031e+00
6.909285714285629432e+00
6.391428571428597216e+00
5.837428571428528556e+00
6.120714285714259795e+00
6.674428571428534518e+00
6.258142857142918736e+00
5.869857142857188848e+00
6.241571428571361935e+00
6.063714285714316254e+00
5.586285714285663673e+00
5.133285714285684698e+00
5.076714285714340136e+00
5.355714285714340939e+00
5.667571428571451797e+00
5.647285714285760427e+00
5.521714285714264925e+00
5.853714285714299415e+00
5.938571428571362887e+00
6.023428571428627976e+00
5.995142857142884196e+00
6.225285714285738514e+00
6.237428571428599966e+00
6.351142857142813902e+00
6.424142857142813412e+00
6.432285714285662870e+00
6.367285714285693565e+00
6.351142857142813902e+00
6.225285714285738514e+00
6.168714285714330892e+00
6.265857142857084838e+00
6.391714285714318322e+00
6.537142857142917762e+00
6.265857142857083950e+00
6.217285714285779363e+00
6.088000000000040046e+00
6.104142857142920597e+00
5.978999999999969006e+00
5.744571428571394023e+00
5.780999999999959726e+00
5.659428571428602339e+00
5.190000000000042135e+00
4.740857142857128892e+00
4.332571428571385219e+00
3.871285714285705559e+00
3.296571428571439810e+00
2.837571428571435295e+00
2.490285714285711993e+00
2.661714285714282813e+00
3.102571428571458512e+00
2.640428571428605320e+00
2.548000000000001375e+00
2.491857142857139440e+00
2.037142857142845376e+00
1.345571428571432193e+00
1.204285714285715736e+00
8.482857142857200827e-01
7.500000000000000000e-01
8.515714285714323095e-01
8.531428571428659735e-01
7.950000000000013722e-01
1.119714285714281443e+00
1.171285714285711155e+00
9.431428571428492891e-01
1.070428571428576170e+00
1.266428571428568350e+00
1.135714285714287008e+00
1.207857142857152954e+00
1.676000000000010148e+00
2.580571428571398762e+00
3.337142857142889607e+00
3.887714285714305884e+00
4.106142857142898173e+00
4.163000000000010026e+00
4.199285714285690752e+00
4.320428571428522879e+00
4.429142857142823075e+00
4.409000000000050434e+00
4.570999999999963315e+00
4.890571428571397483e+00
4.894571428571449445e+00
5.291000000000017245e+00
5.586285714285663673e+00
5.982857142857151089e+00
6.148571428571388608e+00
6.273857142857186098e+00
6.277999999999946290e+00
6.261714285714323758e+00
6.310571428571473795e+00
6.440285714285749918e+00
6.472428571428614497e+00
6.771714285714234727e+00
7.119428571428636943e+00
7.306000000000032912e+00
7.228714285714324284e+00
7.346142857142802463e+00
7.370571428571464523e+00
7.305857142857217212e+00
7.216428571428530780e+00
6.787857142857185444e+00
6.650428571428610880e+00
6.642142857142860457e+00
6.508714285714214398e+00
6.468285714285692656e+00
6.739142857142835119e+00
6.860857142857176072e+00
7.289428571428618220e+00
7.354142857142926815e+00
7.981142857142905278e+00
7.819428571428514552e+00
7.447285714285629687e+00
7.103428571428591631e+00
6.755571428571363946e+00
6.269999999999983586e+00
5.889857142857172434e+00
5.869857142857188848e+00
5.565857142857121076e+00
5.954428571428581840e+00
6.310571428571473795e+00
6.431999999999939099e+00
6.820285714285662770e+00
6.933714285714330572e+00
7.342285714285803344e+00
7.952857142857189032e+00
7.944857142857109977e+00
8.195857142857198241e+00
8.292714285714284372e+00
8.377684636118626571e+00
8.996714285714338288e+00
9.166571428571423041e+00
9.198714285714238770e+00
9.247428571428509159e+00
9.296142857142905669e+00
9.219000000000043826e+00
9.150285714285821825e+00
9.206999999999991857e+00
9.036857142857117609e+00
8.960142857142828987e+00
9.057285714285674416e+00
9.182571428571458583e+00
8.859142857142947136e+00
8.664999999999968949e+00
8.616142857142785161e+00
8.446428571428528542e+00
8.300999999999953971e+00
8.066428571428666316e+00
7.839714285714306286e+00
7.807428571428649988e+00
7.548285714285643877e+00
7.103285714285772379e+00
6.933571428571353223e+00
6.869000000000033523e+00
6.869142857142835901e+00
6.779714285714333322e+00
7.054999999999949090e+00
8.398000000000049425e+00
8.830857142857073683e+00
9.012857142857185977e+00
9.065285714285790775e+00
9.012571428571396481e+00
8.661142857142783313e+00
8.369714285714392688e+00
7.783142857142928861e+00
7.200571428571467258e+00
6.941714285714275512e+00
6.674428571428534518e+00
6.476857142857167737e+00
6.694714285714318258e+00
6.965999999999930026e+00
7.273285714285648851e+00
7.418999999999969397e+00
7.354428571428664796e+00
7.043000000000016136e+00
7.143857142857095610e+00
7.876285714285679695e+00
8.337285714285796345e+00
8.470714285714253222e+00
8.632714285714341074e+00
8.660995657382486002e+00
8.729857142857222030e+00
8.830857142857073683e+00
8.814571428571486678e+00
8.899428571428519064e+00
9.243285714285754295e+00
9.947142857142875272e+00
1.057042857142853798e+01
1.002014285714276554e+01
9.931285714285797539e+00
1.002014285714276554e+01
9.890571428571412582e+00
9.785571428571504526e+00
9.773285714285616876e+00
9.902857142857106609e+00
1.023028571428578104e+01
1.057042857142853798e+01
1.053414285714281640e+01
1.048142857142858020e+01
1.021428571428568866e+01
1.007257142857142718e+01
1.020614285714289871e+01
9.789285714285728801e+00
9.405285714285701815e+00
9.247428571428509159e+00
9.271714285714232062e+00
9.093571428571495474e+00
9.344571428571391891e+00
9.684571428571469909e+00
1.060699999999997267e+01
1.132300000000004125e+01
1.171914285714292703e+01
1.153714285714281651e+01
1.131471428571423488e+01
1.093457142857151432e+01
1.078471428571438651e+01
1.065914285714281462e+01
1.076457142857145577e+01
1.057842857142860638e+01
1.022642857142855100e+01
9.801714285714295372e+00
9.672142857142794981e+00
9.797714285714366866e+00
9.850142857142900610e+00
1.003628571428573757e+01
1.003200000000007464e+01
1.004409643605877989e+01
9.999903563941321849e+00
1.003999999999996895e+01
1.004440865528593108e+01
1.005642168313872808e+01
1.000775277029057442e+01
1.016971428571431169e+01
1.035600000000005139e+01
1.047728571428578448e+01
1.046099999999995944e+01
1.047314285714282001e+01
1.052957142857130890e+01
1.048557142857136704e+01
1.042057142857144392e+01
1.039228571428574810e+01
1.029928571428571615e+01
1.021028571428572462e+01
1.028714285714285559e+01
1.004814285714290101e+01
9.967714285714370348e+00
9.915142857142813071e+00
9.692428571428541417e+00
9.667999999999993932e+00
9.538714285714352314e+00
9.449999999999915801e+00
9.465857142857181827e+00
9.352714285714286646e+00
9.284000000000045105e+00
9.182714285714265401e+00
9.004571428571493286e+00
8.847000000000084796e+00
8.661000000000035115e+00
8.333285714285805668e+00
8.005714285714359946e+00
7.815142857142777011e+00
7.851714285714360919e+00
7.690000000000045688e+00
7.034857142857161350e+00
6.508857142857181977e+00
6.686714285714206341e+00
6.706999999999989193e+00
6.634142857142823146e+00
6.658428571428543385e+00
6.706857142857179710e+00
6.917428571428551720e+00
6.909285714285629432e+00
6.815999999999939440e+00
6.545428571428593578e+00
6.169142857142887237e+00
6.051571428571453914e+00
6.027428571428571580e+00
6.440142857142784116e+00
6.427999999999998160e+00
6.537285714285673066e+00
6.517142857142858681e+00
6.383428571428641618e+00
6.383571428571457318e+00
6.585857142857103774e+00
6.573714285714241434e+00
6.618285714285748078e+00
6.654428571428534056e+00
6.621999999999962583e+00
6.710999999999930132e+00
6.808285714285722712e+00
6.937857142857088988e+00
6.970142857142912263e+00
6.933714285714330572e+00
6.958000000000055252e+00
7.002428571428515269e+00
7.091285714285730180e+00
7.196428571428544529e+00
7.156142857142776315e+00
7.224714285714205708e+00
7.334142857142878391e+00
7.317857142857091546e+00
7.224857142857190162e+00
6.763571428571477639e+00
6.779714285714333322e+00
7.002428571428515269e+00
6.597999999999965226e+00
6.569571428571488347e+00
6.731285714285641042e+00
6.630142857142810264e+00
6.472142857142890726e+00
6.023428571428627976e+00
5.651285714285686268e+00
4.288000000000010026e+00
3.482857142857185728e+00
2.818285714285734933e+00
3.446571428571414408e+00
3.499000000000019206e+00
3.390000000000028990e+00
2.918285714285725696e+00
2.521285714285717461e+00
2.054999999999979288e+00
2.419857142857152255e+00
2.241571428571432545e+00
2.258428571428567455e+00
2.218857142857133979e+00
2.010428571428549471e+00
1.832571428571438954e+00
1.944428571428578945e+00
2.366571428571432545e+00
2.403000000000014680e+00
2.357142857142869641e+00
2.350714285714276652e+00
2.827571428571441281e+00
2.852000000000008750e+00
2.930714285714270062e+00
3.555857142857125730e+00
3.814571428571464917e+00
4.032999999999959506e+00
4.376999999999966029e+00
4.550999999999971735e+00
4.801857142857151928e+00
4.805714285714244305e+00
4.732999999999981000e+00
4.490285714285670693e+00
4.777571428571429912e+00
4.939142857142845067e+00
5.011999999999988908e+00
4.979571428571452074e+00
4.979714285714229582e+00
4.894571428571449445e+00
4.789714285714291364e+00
4.874428571428582657e+00
5.076714285714340136e+00
5.376428571428585990e+00
5.590571428571399437e+00
5.647142857142908312e+00
5.797000000000022801e+00
6.071714285714279846e+00
6.156857142857127485e+00
5.906142857142804736e+00
6.011285714285766524e+00
6.500857142857093152e+00
6.666857142857195662e+00
6.318714285714248646e+00
5.800999999999962853e+00
5.068714285714278844e+00
4.105999999999995431e+00
3.148428571428593337e+00
2.074857142857132519e+00
1.388428571428564906e+00
1.614571428571442757e+00
1.917571428571447356e+00
3.911857142857119829e+00
4.571142857142848293e+00
4.826000000000018275e+00
4.854285714285690112e+00
4.672285714285695946e+00
4.396999999999977149e+00
4.186999999999954980e+00
4.478000000000023739e+00
4.753142857142848676e+00
4.959428571428555976e+00
4.996000000000047514e+00
4.866285714285772279e+00
5.044428571428579033e+00
5.186142857142843177e+00
5.339714285714305397e+00
5.335714285714264982e+00
5.606571428571441196e+00
5.821142857142893590e+00
6.014857142857172434e+00
5.987000000000046285e+00
5.922142857142842942e+00
5.917999999999995708e+00
5.910142857142869133e+00
5.881857142857204401e+00
5.987000000000046285e+00
6.197285714285655445e+00
6.338714285714249108e+00
6.626285714285698347e+00
6.662285714285673066e+00
7.046857142857202660e+00
7.054999999999949090e+00
7.050999999999957524e+00
7.075285714285681316e+00
6.901285714285685380e+00
6.747428571428514488e+00
6.763714285714285346e+00
6.601999999999975444e+00
6.678714285714257848e+00
7.447428571428618582e+00
7.500000000000000000e+00
7.475857142857088355e+00
7.508142857142924953e+00
8.244428571428640495e+00
8.446571428571493456e+00
8.244142857142835012e+00
7.811428571428646883e+00
7.152000000000034774e+00
6.727285714285700102e+00
6.464571428571473710e+00
6.719285714285752498e+00
6.909285714285796409e+00
7.055142857142877588e+00
6.735285714285653036e+00
6.423999999999980837e+00
6.003142857142848676e+00
5.691428571428616578e+00
5.291285714285700159e+00
5.157714285714253499e+00
5.283285714285736567e+00
5.554142857142815082e+00
5.675571428571404731e+00
5.804999999999972182e+00
6.144714285714266033e+00
6.059714285714258963e+00
5.990857142857163531e+00
5.748428571428575218e+00
5.643000000000026439e+00
5.736142857142883855e+00
5.881857142857204401e+00
5.978999999999969006e+00
6.059714285714258963e+00
6.250142857142818364e+00
6.375428571428538582e+00
6.553285714285720154e+00
7.519857142857186538e+00
9.910857142857206981e+00
1.026685714285720863e+01
1.036414285714279693e+01
1.021814285714291870e+01
1.015771428571416024e+01
1.146028571428569087e+01
1.231771428571421545e+01
1.260099999999994758e+01
1.294885714285715039e+01
1.292457142857157670e+01
1.319957142857134613e+01
1.328471428571440072e+01
1.343457142857158182e+01
1.403714285714275967e+01
1.374585714285701776e+01
1.331700000000000550e+01
1.343414285714271905e+01
1.327242857142848287e+01
1.319171428571434745e+01
1.258885714285708701e+01
1.249571428571440102e+01
1.306628571428581154e+01
1.351514285714279495e+01
1.371357142857141476e+01
1.385928571428575573e+01
1.374971428571438636e+01
1.333314285714279102e+01
1.319971428571437677e+01
1.318757142857151443e+01
1.304600000000004734e+01
1.321171428571420847e+01
1.324428571428575374e+01
1.340599999999995440e+01
1.341042857142845257e+01
1.311071428571441899e+01
1.272642857142847816e+01
1.248757142857150093e+01
1.222885714285712488e+01
1.204685714285725595e+01
1.184042857142865302e+01
1.171900000000004560e+01
1.160600000000001941e+01
1.156942857142862380e+01
1.156128571428572727e+01
1.149257142857152658e+01
1.154128571428561933e+01
1.161800000000007316e+01
1.176742857142843768e+01
1.183628571428564413e+01
1.186457142857133107e+01
1.188899565738251063e+01
1.197385714285707614e+01
1.191714285714285637e+01
1.199828571428580837e+01
1.180400000000006600e+01
1.181199999999991945e+01
1.188486148547463905e+01
1.179200000000005844e+01
1.178785714285724140e+01
1.190514285714288611e+01
1.178385714285716013e+01
1.165857142857139017e+01
1.169885714285712552e+01
1.162185714285715044e+01
1.167028571428571126e+01
1.174714285714280315e+01
1.167871428571437420e+01
1.177171428571429779e+01
1.141157142857146134e+01
1.125799999999989254e+01
1.114871428571431267e+01
1.134285714285704394e+01
1.197000000000000952e+01
1.175142857142866326e+01
1.198214285714286831e+01
1.180785714285710952e+01
1.155742857142857360e+01
1.159400000000004560e+01
1.189314285714291053e+01
1.179971428571420411e+01
1.157757142857132671e+01
1.135914285714287253e+01
1.111628571428569856e+01
1.080485714285714316e+01
1.054185714285720543e+01
1.025457142857150394e+01
1.002399999999997782e+01
9.769428571428665720e+00
9.692285714285716836e+00
9.603285714285759056e+00
9.656142857142791414e+00
9.591142857142898492e+00
9.574999999999914024e+00
9.542714285714284372e+00
9.554857142857143160e+00
9.741142857142824241e+00
9.822000000000041808e+00
9.895000000000043983e+00
9.943428571428659879e+00
9.984000000000007091e+00
1.002399161425574370e+01
1.003999999999996895e+01
1.005613716681636127e+01
1.002399999999997782e+01
1.004014285714281662e+01
1.005619242288105042e+01
9.959571428571486251e+00
9.915142857142813071e+00
9.951428571428552416e+00
1.000399999999993028e+01
9.947168313866445288e+00
9.911000000000038668e+00
9.842285714285836207e+00
9.708714285714368231e+00
9.583327942497859908e+00
9.522571428571511731e+00
9.789571428571433032e+00
9.591142857142898492e+00
9.595285714285658685e+00
9.502428571428549020e+00
9.381285714285697352e+00
9.271571428571407480e+00
9.182571428571458583e+00
9.485999999999954468e+00
9.530714285714253720e+00
1.004042857142851375e+01
9.862714285714307749e+00
9.563000000000075218e+00
9.049142857142793872e+00
8.846857142857098566e+00
8.923714285714243744e+00
8.616571428571319302e+00
8.292714285714284372e+00
7.912571428571474108e+00
7.410714285714246508e+00
7.139857142857173322e+00
7.099571428571389120e+00
7.330142857142941004e+00
7.362428571428601742e+00
7.208714285714340697e+00
7.164142857142897114e+00
7.338142857142881503e+00
7.847857142857171731e+00
7.940714285714326692e+00
7.867999999999962135e+00
7.892142857142878221e+00
8.325142857142934005e+00
8.664999999999968949e+00
8.766142857142794398e+00
8.745857142857055067e+00
8.721571428571333939e+00
8.733857142857205602e+00
8.709571428571484475e+00
8.782285714285640310e+00
8.859142857142947136e+00
8.976142857142811238e+00
8.919714285714258395e+00
9.146285714285681934e+00
9.202857142857201467e+00
9.283857142857092626e+00
9.199000000000019384e+00
9.045142857142812076e+00
8.923571428571447584e+00
8.806571428571349003e+00
8.661142857142783313e+00
8.592142857142812673e+00
8.551714285714295372e+00
8.685428571428506217e+00
8.786428571428585244e+00
8.648714285714389050e+00
8.604142857142930367e+00
8.766142857142794398e+00
8.693428571428647444e+00
8.636714285714326422e+00
8.405999999999956174e+00
7.989428571428562442e+00
7.912571428571474108e+00
7.653714285714254828e+00
7.370428571428525366e+00
8.114714285714368813e+00
8.078428571428526439e+00
8.228142857142787037e+00
8.062142857142928776e+00
7.872285714285688130e+00
8.268428571428559692e+00
8.199857142857128522e+00
7.847714285714220139e+00
7.325857142857203463e+00
7.159999999999962839e+00
6.925571428571404731e+00
6.812142857142909236e+00
6.715000000000030056e+00
6.678714285714257848e+00
6.492571428571411118e+00
6.533142857142905768e+00
6.747571428571483843e+00
7.046857142857202660e+00
7.075285714285681316e+00
7.002285714285761742e+00
6.909285714285629432e+00
6.860714285714353267e+00
7.107714285714328284e+00
7.265142857142910415e+00
7.289428571428618220e+00
7.435285714285757130e+00
7.479571428571464509e+00
7.492000000000064830e+00
7.536285714285773984e+00
7.597000000000080355e+00
7.653857142857201978e+00
7.637714285714208629e+00
7.552571428571380530e+00
7.451428571428552416e+00
7.370428571428525366e+00
7.261142857142790952e+00
7.087428571428526780e+00
6.812142857142909236e+00
6.375285714285721994e+00
6.213428571428595504e+00
6.383571428571475970e+00
6.371571428571352946e+00
6.294285714285707378e+00
6.213428571428595504e+00
6.152714285714290909e+00
6.116142857142826905e+00
5.732142857142823900e+00
5.614714285714355491e+00
5.424714285714309803e+00
5.121142857142822358e+00
4.801571428571414835e+00
4.162714285714231188e+00
3.883285714285696244e+00
3.879428571428602535e+00
3.406285714285729238e+00
2.677857142857170469e+00
2.508285714285722445e+00
2.584857142857123868e+00
2.471714285714289971e+00
2.597142857142879624e+00
2.596999999999984876e+00
2.876142857142877762e+00
2.613142857142840558e+00
2.370571428571435213e+00
2.677857142857170469e+00
3.474714285714297635e+00
3.879428571428602535e+00
4.093857142857133091e+00
4.356571428571441196e+00
4.664571428571433920e+00
4.801999999999979174e+00
4.700571428571453936e+00
4.607714285714323843e+00
4.591285714285729291e+00
4.652000000000031221e+00
4.664285714285754558e+00
4.712857142857096449e+00
4.834142857142825989e+00
5.085142857142873396e+00
5.246714285714286774e+00
5.323428571428565625e+00
5.517571428571465653e+00
5.545999999999987828e+00
5.554142857142815082e+00
5.554142857142815082e+00
5.521571428571408369e+00
5.562285714285732929e+00
5.525571428571443455e+00
5.550000000000015810e+00
5.748428571428575218e+00
5.865714285714275888e+00
6.043571428571378412e+00
6.172857142857112400e+00
6.294285714285707378e+00
6.492714285714241917e+00
6.423857142857166025e+00
6.755428571428610418e+00
7.148000000000033438e+00
7.152285714285770091e+00
7.216571428571465496e+00
7.330142857142941004e+00
7.172142857142820738e+00
7.200285714285681316e+00
7.325857142857203463e+00
7.475714285714276208e+00
7.528285714285656738e+00
7.823428571428511447e+00
7.912428571428668178e+00
8.927857142857169137e+00
8.838857142857209581e+00
8.640714285714246046e+00
8.499142857142915730e+00
8.592142857142812673e+00
8.438285714285823857e+00
8.236142857142926488e+00
8.122857142857235146e+00
7.859857142857081591e+00
7.702142857142892929e+00
7.621285714285804147e+00
7.750571428571344512e+00
7.528285714285656738e+00
7.596857142857087020e+00
7.532428571428649633e+00
7.734428571428546562e+00
7.900571428571404375e+00
7.936857142857182801e+00
7.936714285714183248e+00
7.888285714285749428e+00
8.038142857142799969e+00
8.062285714285733818e+00
8.139428571428627635e+00
8.224130128781068194e+00
8.353428571428592520e+00
8.385714285714223948e+00
8.515285714285711904e+00
8.494999999999919282e+00
8.790285714285763774e+00
8.766285714285803721e+00
8.758285714285680257e+00
8.810571428571503105e+00
8.992428571428630946e+00
9.073714285714238770e+00
9.194857142857127741e+00
9.316285714285697850e+00
9.340714285714161846e+00
9.280000000000063309e+00
9.558857142857075218e+00
9.526428571428469994e+00
9.376857142857183192e+00
9.284142857142818173e+00
9.146285714285681934e+00
9.057428571428644659e+00
8.766142857142794398e+00
8.256285714285697352e+00
7.580857142857088782e+00
7.285571428571495645e+00
6.933714285714330572e+00
6.484571428571457297e+00
6.257857142857122135e+00
6.019428571428607100e+00
5.582428571428550867e+00
5.732142857142823900e+00
5.877714285714310094e+00
5.614714285714355491e+00
5.254857142857137120e+00
5.036285714285713588e+00
5.157714285714253499e+00
5.525857142857147686e+00
6.104285714285682118e+00
6.897285714285745328e+00
7.018571428571379833e+00
7.067142857142810541e+00
7.483714285714214043e+00
7.516285714285785957e+00
7.374428571428649271e+00
7.528285714285656738e+00
7.835714285714309391e+00
9.870571428571489392e+00
1.220057142857147703e+01
1.218428571428563956e+01
1.225714285714277452e+01
1.205885714285706989e+01
1.211957142857137804e+01
1.214800000000007785e+01
1.210371428571423458e+01
1.205485714285714494e+01
1.189714285714299891e+01
1.185657142857144031e+01
1.179185714285720721e+01
1.176757142857148253e+01
1.173899999999990662e+01
1.166257142857135776e+01
1.154128571428561933e+01
1.137514285714287077e+01
1.121328571428574783e+01
1.106400000000002315e+01
1.100299999999998590e+01
1.095857142857137134e+01
1.086557142857145486e+01
1.086542857142858232e+01
1.085742857142851747e+01
1.074799999999995137e+01
1.055428571428574891e+01
1.040857142857142392e+01
1.036800000000003408e+01
1.025871428571427479e+01
1.023842857142852658e+01
1.019800000000000928e+01
1.004028571428571226e+01
9.639999999999998792e+00
9.158428571428540721e+00
9.166571428571423041e+00
9.668142857142818514e+00
9.773285714285616876e+00
9.846285714285766488e+00
1.000000000000000000e+01
9.914999999999968949e+00
9.692285714285716836e+00
9.385142857142865225e+00
9.085428571428566968e+00
8.721571428571333939e+00
8.741714285714321520e+00
8.754142857142944933e+00
8.596285714285755830e+00
8.385714285714223948e+00
8.215999999999924697e+00
8.103000000000042391e+00
7.985428571428631273e+00
7.871999999999943931e+00
8.131285714285697352e+00
8.264760856543963641e+00
8.373609613656716633e+00
8.409999999999946851e+00
8.398000000000049425e+00
8.515142857142926403e+00
8.531428571428506302e+00
8.579999999999950333e+00
8.377571428571513934e+00
8.425999999999953971e+00
8.527571428571357970e+00
8.579714285714198141e+00
8.612428571428603519e+00
8.507000000000040529e+00
8.579999999999950333e+00
8.717714285714359690e+00
8.664857142857181671e+00
8.608428571428616394e+00
8.523285714285629311e+00
8.402000000000036550e+00
8.349571428571387344e+00
8.304857142857143160e+00
8.232428571428522801e+00
8.118857142857091702e+00
8.114999999999902514e+00
8.110857142857177848e+00
7.876000000000082046e+00
7.326142857142818876e+00
7.443428571428633234e+00
7.265285714285711016e+00
6.986142857142908724e+00
6.836428571428633028e+00
6.528999999999997250e+00
6.804285714285783548e+00
7.681999999999914230e+00
7.625142857142795272e+00
7.265285714285711016e+00
6.929571428571413172e+00
6.395571428571354744e+00
5.922285714285731473e+00
5.493571428571446091e+00
5.517857142857168995e+00
5.283428571428571807e+00
4.939285714285691853e+00
4.749142857142893526e+00
4.401142857142817277e+00
4.069714285714313817e+00
4.583142857142818549e+00
5.064714285714254416e+00
5.222714285714270765e+00
5.246714285714286774e+00
5.954428571428581840e+00
6.282285714285681166e+00
6.965999999999929138e+00
7.867999999999962135e+00
9.130000000000082494e+00
9.178428571428497662e+00
9.651857142857203087e+00
9.829999999999948557e+00
9.971571428571321505e+00
9.914857142857135486e+00
9.826000000000020052e+00
9.838000000000041823e+00
9.785428571428479216e+00
9.975428571428576419e+00
1.008071428571422601e+01
1.010899371069183594e+01
1.032342857142855941e+01
1.024296735549573611e+01
1.018199999999988492e+01
9.947285714285596825e+00
9.987857142857139436e+00
1.008885714285715807e+01
1.010499999999994891e+01
1.010499999999994891e+01
1.010899371069183594e+01
1.005628571428579932e+01
9.939428571428534198e+00
9.854428571428698547e+00
1.010085714285712655e+01
1.027114285714287512e+01
1.039642857142856336e+01
1.031557142857135112e+01
1.027892093441158394e+01
9.907000000000072859e+00
9.566857142857173812e+00
9.219142857142854197e+00
8.972285714285691327e+00
8.927857142857169137e+00
9.073428571428518552e+00
8.717714285714359690e+00
8.308714285714335901e+00
7.936714285714183248e+00
7.613285714285674466e+00
7.285571428571495645e+00
7.075285714285681316e+00
6.998285714285754189e+00
7.766857142857134910e+00
8.952142857142877830e+00
9.291857142857201879e+00
9.373142857142816808e+00
9.510142857142859896e+00
9.469999999999943796e+00
9.570857142857153832e+00
9.789428571428594239e+00
9.647857142857073853e+00
9.611571428571473064e+00
9.611285714285761728e+00
1.002428571428572290e+01
1.091414285714290067e+01
1.104757142857132912e+01
1.139157142857136407e+01
1.156971428571432092e+01
1.176771428571433376e+01
1.151685714285725126e+01
1.144814285714282853e+01
1.127799999999998626e+01
1.108414285714291125e+01
1.082914285714286784e+01
1.061485714285718274e+01
1.090599999999995440e+01
1.107600000000002005e+01
1.096257142857129807e+01
1.073999999999987409e+01
1.071585714285718538e+01
1.049342857142857355e+01
1.043271428571430626e+01
1.028299999999999947e+01
1.021842857142846839e+01
1.012542857142853414e+01
1.016557142857154261e+01
1.006057142857146047e+01
9.765285714285711904e+00
9.393285714285745769e+00
9.073428571428518552e+00
8.903571428571446233e+00
8.851000000000071921e+00
8.483000000000066265e+00
8.037857142857205872e+00
7.592999999999950234e+00
7.354428571428665684e+00
1.043671428571423476e+01
1.114085714285712214e+01
1.118528571428576512e+01
1.109228571428584864e+01
1.093425621443539342e+01
1.086542857142858232e+01
1.097885714285712488e+01
1.071200000000007968e+01
1.044099999999989237e+01
1.043685714285710908e+01
1.129028571428567318e+01
1.102328571428560444e+01
1.093414285714278655e+01
1.089814285714292730e+01
1.106385714285715771e+01
1.106371428571428339e+01
1.155328571428560380e+01
1.198199999999997445e+01
1.262942857142849284e+01
1.261328571428567180e+01
1.247942857142871986e+01
1.248357142857154045e+01
1.260914285714284766e+01
1.284385714285713398e+01
1.265800000000006698e+01
1.303371428571426982e+01
1.294899999999990214e+01
1.273042857142869622e+01
1.276285714285706163e+01
1.258485714285712476e+01
1.246728571428585752e+01
1.236628571428566303e+01
1.230171428571429537e+01
1.245542857142851467e+01
1.245542857142851290e+01
1.225699999999991086e+01
1.193771428571439230e+01
1.187685714285719918e+01
1.188500000000013657e+01
1.183628571428564413e+01
1.167471428571420766e+01
1.151285714285709183e+01
1.143185714285721666e+01
1.118500000000005734e+01
1.110457142857136859e+01
1.090621907756810316e+01
1.051771428571429823e+01
1.022642857142855100e+01
1.031528571428580321e+01
1.056614285714292656e+01
1.076442857142863296e+01
1.045714285714285730e+01
1.030742857142860380e+01
1.064714285714298825e+01
1.080100000000004101e+01
1.083328571428583231e+01
1.055000000000009486e+01
1.034771428571427165e+01
1.032742857142866555e+01
1.013728571428570113e+01
1.004428571428577399e+01
1.016157142857142581e+01
1.038414285714285867e+01
1.081685714285713829e+01
1.093828571428575280e+01
1.084128571428573018e+01
1.101957142857135175e+01
1.088571428571420263e+01
1.043671428571423476e+01
1.044899999999996965e+01
1.024662553658778563e+01
1.033571428571425521e+01
1.042064965558549439e+01
1.023871428571421838e+01
1.030728571428572415e+01
1.034788978736144749e+01
1.031527608066296153e+01
1.029121937705893153e+01
1.018614690026952729e+01
9.898999999999972488e+00
1.001200000000001644e+01
1.003242857142865674e+01
1.004028571428571226e+01
1.010910127782774204e+01
1.014142857142853060e+01
1.006442857142853953e+01
1.010516701607260792e+01
1.012500000000000000e+01
1.004042857142851375e+01
1.012928571428567182e+01
9.931285714285797539e+00
9.959285714285737612e+00
1.023857142857141156e+01
1.066728571428574845e+01
1.033957142857152789e+01
1.008471428571428952e+01
1.000414285714295737e+01
1.010086792452828597e+01
9.878714285714226051e+00
9.623571428571349173e+00
9.886714285714328199e+00
1.097899999999999743e+01
1.186485714285722182e+01
1.060657142857144031e+01
1.109628571428577359e+01
1.108814285714288239e+01
1.071600000000000819e+01
1.049771428571422938e+01
1.098700000000006050e+01
1.077257142857152417e+01
1.066714285714288479e+01
1.052585714285706331e+01
1.053799999999992565e+01
1.025871428571427479e+01
1.021028571428572462e+01
1.024657142857141245e+01
1.011299999999998889e+01
1.019800000000000928e+01
1.086142857142847795e+01
1.092614285714289046e+01
1.099514285714295347e+01
1.176757142857148253e+01
1.166657142857151186e+01
1.167471428571420766e+01
1.331700000000000550e+01
1.440099999999989500e+01
1.417042857142859980e+01
1.336142857142846374e+01
1.267799999999994220e+01
1.254028571428563943e+01
1.254414285714295296e+01
1.250785714285726336e+01
1.246742857142848138e+01
1.247971428571420205e+01
1.248371428571416430e+01
1.266171428571422020e+01
1.272657142857135248e+01
1.261314285714277261e+01
1.273828571428567180e+01
1.286399999999987820e+01
1.324828571428581547e+01
1.317128571428566453e+01
1.297728571428585376e+01
1.288814285714299146e+01
1.283971428571415707e+01
1.266571428571417890e+01
1.252814285714277887e+01
1.230557142857135844e+01
1.212771428571431542e+01
1.214000000000006629e+01
1.204285714285716935e+01
1.187271428571422760e+01
1.192128571428566453e+01
1.169085714285723654e+01
1.135900000000005150e+01
1.090999999999992731e+01
1.058242857142856863e+01
1.033542857142856697e+01
1.011714285714280948e+01
1.043271428571430626e+01
1.040442857142861044e+01
1.027914285714276588e+01
1.029114285714278587e+01
1.026271428571424948e+01
1.014557142857129790e+01
1.010085714285712655e+01
1.017385714285713938e+01
1.033571428571425521e+01
1.033965049415987281e+01
1.022209943096737561e+01
1.018999595687329141e+01
1.036828571428575607e+01
1.032757142857136579e+01
1.031552021563334698e+01
1.033967301587295928e+01
1.013361485474698753e+01
9.996000000000069718e+00
1.002814285714285347e+01
1.001600838574422703e+01
9.830142857142973867e+00
9.907000000000072859e+00
9.838142857142882391e+00
9.692285714285716836e+00
9.458000000000017948e+00
9.389000000000045532e+00
9.360714285714390570e+00
9.259857142857093493e+00
9.255714285714342182e+00
9.138285714285723671e+00
8.867285714285658926e+00
8.835000000000031051e+00
8.681142857142816638e+00
8.309000000000084540e+00
8.111004043126651908e+00
8.911428571428585244e+00
9.029000000000019455e+00
8.947999999999966647e+00
8.673142857142897455e+00
8.393714285714366952e+00
8.361428571428499268e+00
8.474857142857194603e+00
8.592142857142812673e+00
8.308857142857078770e+00
7.791000000000066095e+00
7.686000000000047905e+00
7.394571428571451222e+00
6.982142857142795478e+00
7.123714285714309646e+00
6.775714285714322216e+00
7.318000000000079552e+00
7.123714285714309646e+00
6.654714285714333322e+00
6.504857142857104257e+00
6.318714285714247758e+00
6.245714285714259795e+00
5.950571428571461929e+00
5.813142857142825193e+00
5.817000000000006388e+00
6.124571428571461418e+00
6.573571428571503006e+00
6.961999999999989974e+00
6.982142857142795478e+00
6.933714285714330572e+00
6.945857142857192912e+00
7.160142857142892225e+00
7.091571428571464608e+00
7.123714285714309646e+00
7.305571428571483672e+00
7.317857142857091546e+00
7.342142857142815338e+00
7.342142857142815338e+00
7.402999999999922309e+00
7.459428571428490251e+00
7.459428571428490251e+00
7.471714285714343262e+00
7.584857142857218015e+00
7.690000000000045688e+00
8.151285714285684492e+00
8.244285714285636502e+00
8.264714285714374498e+00
8.179714285714355881e+00
8.030000000000079297e+00
7.673857142857185565e+00
7.382571428571387706e+00
7.176428571428494330e+00
7.997571428571490060e+00
8.114999999999902514e+00
8.446285714285744817e+00
8.693142857142889923e+00
8.838857142857209581e+00
8.956000000000047478e+00
9.138285714285723671e+00
9.255714285714342182e+00
9.134000000000012776e+00
9.016714285714355626e+00
9.053285714285697949e+00
9.097857142857158408e+00
8.442285714285757692e+00
8.454428571428618255e+00
8.612428571428603519e+00
9.219142857142800906e+00
1.035185714285709047e+01
1.019785714285716871e+01
1.201028571428562230e+01
1.378214285714301646e+01
1.294471428571432270e+01
1.278700000000002923e+01
1.272242857142852479e+01
1.279899999999997995e+01
1.275457142857151993e+01
1.277485714285716689e+01
1.270614285714297331e+01
1.247957142857133128e+01
1.231000000000008754e+01
1.219642857142850190e+01
1.209128571428573018e+01
1.201857142857145533e+01
1.200628571428569735e+01
1.188900000000006152e+01
1.178399999999996162e+01
1.185242857142846873e+01
1.183642857142868721e+01
1.183614285714279113e+01
1.177999999999999581e+01
1.175142857142866326e+01
1.171500000000007802e+01
1.169499999999997542e+01
1.164628571428575476e+01
1.160600000000001941e+01
1.142371428571432368e+01
1.125785714285722960e+01
1.125371428571426158e+01
1.118528571428576512e+01
1.112057142857149650e+01
1.105571428571422210e+01
1.092214285714278610e+01
1.059471428571425911e+01
1.057842857142860638e+01
1.055014285714278621e+01
1.044899999999996965e+01
1.038814285714297192e+01
1.025884672057501135e+01
1.013728571428570113e+01
1.011700000000009680e+01
1.002785714285710661e+01
9.874714285714297546e+00
9.712714285714334039e+00
9.526714285714271924e+00
8.976571428571359590e+00
8.579999999999948557e+00
8.284714285714361637e+00
7.795285714285791201e+00
7.443285714285693189e+00
7.495857142857072830e+00
7.791000000000066095e+00
7.782999999999931973e+00
7.952857142857189032e+00
8.308857142857078770e+00
8.232142857142774162e+00
8.208000000000055252e+00
8.499142857142915730e+00
8.616571428571319302e+00
8.563714285714359775e+00
8.563571428571350452e+00
8.487000000000056943e+00
8.406142857142755886e+00
8.264571428571372280e+00
8.171428571428469567e+00
8.199999999999930012e+00
8.151199033072385802e+00
8.086762974372163626e+00
8.106999999999976225e+00
8.082488519516758174e+00
8.057999999999994500e+00
8.090562893081720830e+00
8.098714285714315508e+00
8.130949585704255966e+00
8.187836349634119770e+00
8.248423351730563624e+00
