8.535058743593346264e+00
8.313561213928114313e+00
8.285908468711136621e+00
8.332705641389519968e+00
8.530010415531064538e+00
8.993819040224389383e+00
9.435185070606154412e+00
9.650389337471624529e+00
9.737408405347020235e+00
9.744102223518803285e+00
9.844166267077069321e+00
9.830106743858804563e+00
1.010205435711377220e+01
1.018624529374518595e+01
1.002337368377647842e+01
1.006582679538211345e+01
1.013633154650851509e+01
1.020707905538137794e+01
1.021282047633526346e+01
1.011479892312977391e+01
1.021222357775428513e+01
1.029718497665891697e+01
1.040376998163601918e+01
1.032693693170891258e+01
1.027085697667437714e+01
1.036947175321679282e+01
1.035176029438288303e+01
1.011261841907796821e+01
1.007164109859618151e+01
9.875369168076664650e+00
9.735888942826999681e+00
9.665944833969085437e+00
9.555345328197306642e+00
9.366373118129965647e+00
9.114919177678013185e+00
8.930090500908768547e+00
8.762331642655444952e+00
8.548665656820571002e+00
8.363153994430371441e+00
9.111923048353190779e+00
9.160010034108836408e+00
9.096712737943548177e+00
8.963554383228583333e+00
9.306115310432925725e+00
9.410834020905037178e+00
9.315302388352629137e+00
9.098112085605595922e+00
9.125504587547361268e+00
9.099496083867334661e+00
8.782601628598174059e+00
8.742352262613142244e+00
8.675331451857760001e+00
8.795578644252247003e+00
8.976429164429749363e+00
8.877608855918904140e+00
9.052012191498301164e+00
9.243155560475308619e+00
9.352550149851143857e+00
9.248811573857222967e+00
9.276477834137466516e+00
9.289196442693324229e+00
9.478311103631037682e+00
9.677573341224187331e+00
9.446220763445158042e+00
9.256465201475549520e+00
9.265264029473275542e+00
9.279216316573062784e+00
9.262981502295447811e+00
9.175225637808773982e+00
9.118734670483361171e+00
9.143361373235018519e+00
9.121630446207113607e+00
9.042596426449510005e+00
8.952952210289980783e+00
8.822298397271771009e+00
8.809509407450690333e+00
8.667486613864475942e+00
8.543313602075985003e+00
8.600866007393992874e+00
8.556302702968563878e+00
8.538625264458787001e+00
8.465186413547581168e+00
8.408218602070869352e+00
8.221837627363996148e+00
8.210017984768400723e+00
8.428991472454198330e+00
8.270227610116560157e+00
7.830918675768004711e+00
7.707428308783219606e+00
7.566306236289253029e+00
7.740869834889504197e+00
7.429470209471301878e+00
7.250999021588850013e+00
7.349740917041676980e+00
7.300957060117018393e+00
6.837125561354775449e+00
6.494054817705802840e+00
6.241268747512345172e+00
5.919827448317617424e+00
5.725754504403818501e+00
5.377931226181577706e+00
5.633709260428780397e+00
5.849153691218311302e+00
5.938971340382291686e+00
6.215742770266247774e+00
6.389088331007504173e+00
6.466790640788663502e+00
6.553602554509956768e+00
6.579457364752230752e+00
6.655474736177422024e+00
6.696841139212374117e+00
6.605169734933545200e+00
6.919939165773295819e+00
6.883532931100646124e+00
6.913312967997827130e+00
7.420942024363017531e+00
7.997482210272273129e+00
7.509204083648515216e+00
7.538941860378077564e+00
7.635126942244873760e+00
7.581041287707130039e+00
7.566695570149431838e+00
7.563752513004031286e+00
7.499994174500640653e+00
7.479297120861159165e+00
7.364805592036669069e+00
7.465479618107825566e+00
7.614697870093305454e+00
7.672728941106347733e+00
7.555695535707040555e+00
7.472786058076214211e+00
7.329745459119696882e+00
7.103726810211552056e+00
7.132698038815329156e+00
7.029520956533624521e+00
6.892955308522782154e+00
6.718635894109005413e+00
6.828364573700537399e+00
6.820186921594344476e+00
6.559883619767847840e+00
6.271924891894787635e+00
6.091559806060695692e+00
5.687277784989388074e+00
5.260368771194735338e+00
5.395351289476082002e+00
5.613247491259324207e+00
5.816110675841109412e+00
5.374087814113717165e+00
5.052174526210914784e+00
4.456999374293896921e+00
4.228113162282538973e+00
3.905005900094439042e+00
3.983747642065506689e+00
3.748100208248871468e+00
3.584534607792103422e+00
3.429560636827424958e+00
3.711949299686585491e+00
4.249258939597352125e+00
4.546757595793343931e+00
4.624571274586678271e+00
4.614747939856027159e+00
4.627595474274658116e+00
4.793514514887323941e+00
5.132164884617928635e+00
5.186298796502272879e+00
5.560537167145374937e+00
5.383258084611252769e+00
5.559008125201320816e+00
5.711293565148663376e+00
5.801651463164783529e+00
5.879181939840066207e+00
5.929656498436117751e+00
5.855504861328890698e+00
5.956365281062645956e+00
6.061921198131316579e+00
6.021358053390271081e+00
6.145434664329647134e+00
6.552111901293867113e+00
6.503337321548202432e+00
6.536031082187656160e+00
6.658213585589876082e+00
6.535665869583318077e+00
6.461174363771645446e+00
6.483619203614945370e+00
6.423794687637803591e+00
6.155839092759493703e+00
6.045185051138236787e+00
5.940654655633245795e+00
5.977178109084750446e+00
5.849402723802976212e+00
5.620811750022665088e+00
5.363086838300636039e+00
5.313408463299417406e+00
5.297212814489825838e+00
5.308724332121698808e+00
4.904337176028569445e+00
5.261817611709970421e+00
5.837393405539841318e+00
5.249770443848248647e+00
4.887481325668490584e+00
4.614551288941526330e+00
4.244462295917229788e+00
3.797168141843056954e+00
3.372550395647795352e+00
3.576849229015898413e+00
3.372549813837942168e+00
3.804860965774478743e+00
3.902659560464965871e+00
3.865735657868603070e+00
4.097607847949827686e+00
4.172921221747629694e+00
4.718499591999709253e+00
4.782111594721307313e+00
4.760340374188571033e+00
4.754451019002111423e+00
4.922562826915778622e+00
5.554294907896093925e+00
5.936690587357230875e+00
5.952784167296889528e+00
5.922591615811370502e+00
5.887736144048878906e+00
5.979062917589646808e+00
5.905373789031194143e+00
5.915285355230929909e+00
5.928418919485681116e+00
5.959658442645850762e+00
5.980171513182368948e+00
6.021319839935522111e+00
6.086926875421863059e+00
6.247706142937238916e+00
6.848519867140219652e+00
7.539707730619602977e+00
7.886588734951701873e+00
7.851401121343678291e+00
7.554255428014267082e+00
7.508160909627838109e+00
7.491087776414385502e+00
7.721978141683853103e+00
7.618806119003071586e+00
7.700682728089190299e+00
7.595486766296544623e+00
7.693742443142385312e+00
7.790339753428144220e+00
8.118153321982187975e+00
9.096287841486937253e+00
9.626997814136766252e+00
9.283685022228889139e+00
9.185754469535794442e+00
9.017495786990547657e+00
8.729600099958084058e+00
8.417157338938693556e+00
7.982777237426977202e+00
7.552121634626125513e+00
7.202082817347194243e+00
6.795029478052597938e+00
6.686744586650955391e+00
6.680841810633902256e+00
6.409791789079044122e+00
6.034912504605641992e+00
5.961084712113258632e+00
6.024114153516136660e+00
5.585719550591164761e+00
5.693109537956863697e+00
6.078980876389017851e+00
6.577625612729901761e+00
6.904679388472377610e+00
7.013884670677925648e+00
7.304127212907787658e+00
7.345626882899284560e+00
7.474202121514998964e+00
7.563306600034773730e+00
7.482009426276792219e+00
7.756541258850970344e+00
8.341554902221636425e+00
8.577372782811806928e+00
8.698752122719884738e+00
8.638336199249337710e+00
8.697881455573735821e+00
8.725292043294899713e+00
8.718878533274073916e+00
8.656484421546908337e+00
8.565473009180905706e+00
8.732677064623388219e+00
8.925292544883317802e+00
8.877342088522132357e+00
8.662988425527913705e+00
8.723417466653359043e+00
8.619306041530236939e+00
8.638648023753962235e+00
8.581205039570795279e+00
8.426026911497293881e+00
8.137241587413564403e+00
8.205353435122868078e+00
8.398682850918818943e+00
8.429833938913569469e+00
8.465709029090284332e+00
8.452683012034455601e+00
8.590915690090119128e+00
8.343547577717547625e+00
7.803667047746294827e+00
7.560958475256230216e+00
7.481880779158100125e+00
7.258125884792030469e+00
7.191812706093115182e+00
6.894654211321246784e+00
6.506448656169485645e+00
5.962163866557965264e+00
5.722858509288889728e+00
5.931421517559966716e+00
6.095515975814094212e+00
6.155957878982162512e+00
6.508528405138454431e+00
6.508148643066441252e+00
6.736522188903460773e+00
6.923374166926509865e+00
7.026064124744664241e+00
7.106401982881782153e+00
7.101334302640683660e+00
7.067202747627678860e+00
6.987059169794707536e+00
7.018266970445194097e+00
7.009885213340568022e+00
6.909994127565294519e+00
6.852319180442595581e+00
6.855009506416660514e+00
6.795558258731649204e+00
6.856366707040472797e+00
6.892890369627482805e+00
6.878722569234878570e+00
6.896534851880605999e+00
6.966878211369165186e+00
6.912443256243174794e+00
6.914866802439449955e+00
6.773106906392917459e+00
6.491277462862194092e+00
6.477711535060086234e+00
6.256653354163009162e+00
6.181351442264429785e+00
5.993247608818082384e+00
5.784792421324323364e+00
5.854566414142613695e+00
5.942339099256746415e+00
5.656555830103809690e+00
5.451949263992045047e+00
5.463058585936923173e+00
5.296129285163477363e+00
5.178529223261817194e+00
4.694998179450114328e+00
4.391319181167684604e+00
3.994476499714513462e+00
3.884205214235953108e+00
3.592243868350704972e+00
2.901736574972050509e+00
2.491077091282417832e+00
2.220569898455631908e+00
1.977899260584237151e+00
1.963139950036455472e+00
2.773353820973969430e+00
2.681160207152408326e+00
2.341445860174204974e+00
1.648639204869456254e+00
1.766998291997749604e+00
2.738531759402097254e+00
3.377133782528000783e+00
3.764817229587082981e+00
4.139290922008010298e+00
5.227622229562983058e+00
5.872465799572879064e+00
6.146348064773930808e+00
6.119263888673211582e+00
6.232776809364609427e+00
6.149809768843770286e+00
6.146230796340917735e+00
6.481969756222816237e+00
7.044051381547874691e+00
7.121328602563925969e+00
7.140901275779478752e+00
7.096198838949004717e+00
7.274144589270037820e+00
7.285119763107976709e+00
7.203006934088760360e+00
7.161245714347326263e+00
7.279709358077456116e+00
7.997799085001235930e+00
9.282013152886328555e+00
9.642694073941319388e+00
9.458866615752288709e+00
9.711468219185778850e+00
9.978304806917437375e+00
9.993218849477063515e+00
9.703485353928988033e+00
9.834823168182015962e+00
9.958053139374376528e+00
9.879989780650811682e+00
9.847014101468142044e+00
1.001001863659305791e+01
1.018156112973620431e+01
1.000229402108670129e+01
9.931862138503982251e+00
1.004028541009920872e+01
1.015838694763853312e+01
1.000611454794021782e+01
9.804055591698784156e+00
9.830181309090839648e+00
9.561062875756929813e+00
9.364995720061207507e+00
9.476500284832395593e+00
9.164867862472206639e+00
9.088210191520770920e+00
9.004353129436717396e+00
8.791531480549073407e+00
8.661488525093723467e+00
8.441139810492376938e+00
8.324423209863885731e+00
7.975025076941061108e+00
8.006605798745825453e+00
7.826278768395085628e+00
8.157402255739114594e+00
8.205858200666419577e+00
8.331363858151751955e+00
8.484222329216839498e+00
8.543093581482031240e+00
8.569355104828540348e+00
8.548753933822901274e+00
8.447458944929573832e+00
8.393078001703297986e+00
8.326717280039570568e+00
8.455540277905990720e+00
8.507541108395223262e+00
8.599802126905627730e+00
8.640522296081043052e+00
8.706389065119255477e+00
8.740563403325197100e+00
8.684304742704529900e+00
8.606826073849573433e+00
8.677626447633171480e+00
8.561375875114332956e+00
8.648468069340369269e+00
8.564014025520874540e+00
8.660352330687066669e+00
8.859993677458337658e+00
8.869657239655193592e+00
8.869722298235483748e+00
9.180836821934898140e+00
9.144710521741039599e+00
9.131190715728278562e+00
8.826687822432353059e+00
8.793196119038407588e+00
8.945771083283796443e+00
9.046525180202047878e+00
9.206056286858116167e+00
9.463980229485676077e+00
9.662375651029291745e+00
9.556922956566539895e+00
9.365535913801789292e+00
9.276279433967802746e+00
9.063706891901803786e+00
8.677635702566062648e+00
8.289610711665432063e+00
8.038092307678953219e+00
7.645175813830479505e+00
7.279863430573655592e+00
7.165084653125743941e+00
6.964426712260594066e+00
6.537545839157905547e+00
5.948862864645795945e+00
5.719605778815602726e+00
6.324052814680113599e+00
7.072538422130923763e+00
7.316431087686425805e+00
7.243265420825117040e+00
7.249178651255607342e+00
7.218777462226852570e+00
7.517197472868188513e+00
7.718984848000430610e+00
7.624203452286783644e+00
7.787493210031533053e+00
7.856348242564823892e+00
8.061067258977843153e+00
8.192822613786812980e+00
8.324534215162454842e+00
8.351770514809958357e+00
8.460073618293092679e+00
8.605811061730669564e+00
8.615280834926842601e+00
8.797891441221889153e+00
8.762167814811780531e+00
8.713380386997584992e+00
8.691797910767485646e+00
8.619375398109342612e+00
8.653198623141021173e+00
8.746128825165536469e+00
8.923735861120425383e+00
9.017527955853404720e+00
9.445247197215287827e+00
9.498267734618551117e+00
9.573956119054193081e+00
9.600154261986890702e+00
9.564105644151517538e+00
9.482296360094053966e+00
9.509210307539413876e+00
9.454265555986365754e+00
9.310404781086527137e+00
9.117459899192903450e+00
9.038267845745698637e+00
9.119993806839721273e+00
1.004335138278011996e+01
1.081668436221564988e+01
1.019476252917958803e+01
9.862735291275889438e+00
9.378481073995457606e+00
9.188321660088979215e+00
8.708059257342293691e+00
8.449733573611805326e+00
8.333360953767041224e+00
8.027016929378648413e+00
7.944841454548862814e+00
7.976192238802316758e+00
7.690932635078871371e+00
7.458151063863010855e+00
7.426120537432633562e+00
7.349887098345437408e+00
7.514119618309794468e+00
7.698827368225974688e+00
7.819966300045463115e+00
7.994489077109604658e+00
8.087004560972077982e+00
8.157321712650480450e+00
8.282748705478208961e+00
8.221759047849824142e+00
8.219431831953265544e+00
8.183085488981959088e+00
8.216925058259787917e+00
8.125217321104328150e+00
8.156193767890457025e+00
8.163136433110871337e+00
8.194344291561886706e+00
8.106784542693203477e+00
8.119062356288406335e+00
7.939240325142412402e+00
7.847319238113679596e+00
7.543464078505728310e+00
7.377589368849552187e+00
7.089862747348427696e+00
6.977590459747593066e+00
6.880965707347415972e+00
6.884163202828608163e+00
6.724194940967952228e+00
6.402458028518716482e+00
5.947541446819084143e+00
5.753119901907516542e+00
5.292320718158012305e+00
5.344160622136542749e+00
5.391179781225708290e+00
5.151541208490063362e+00
4.846101940908082994e+00
4.644870732845694405e+00
4.585613159615900436e+00
4.258494931163939512e+00
3.995993332482162153e+00
2.976992101211009434e+00
2.756296601003412672e+00
3.450949441995643241e+00
3.929220678681805801e+00
3.913773775957286816e+00
3.341781147461839740e+00
2.786140690108767970e+00
2.729756164401189622e+00
4.143003457160495451e+00
5.220376493507299820e+00
5.920729298215115399e+00
6.126252211064691977e+00
6.205744282909798848e+00
6.352824029243315351e+00
6.556664279246890992e+00
6.708345346625295136e+00
6.944031019321495357e+00
7.027153145301491932e+00
7.105761696444502284e+00
7.495731732527683100e+00
7.817484493639172527e+00
8.007249055167207530e+00
8.034324995514399603e+00
8.166555153489634122e+00
8.544115524440170972e+00
8.675509727683996530e+00
8.903363341359273875e+00
8.960211964913325389e+00
8.970924623750029525e+00
9.038377632325829580e+00
9.201470762811307935e+00
9.024265281135244621e+00
8.970999372451982978e+00
9.065603227893225480e+00
9.092796856300344288e+00
9.076173158803268137e+00
9.016374498317738073e+00
8.836732322604772705e+00
8.608871616666412763e+00
8.663931025946048692e+00
8.531449967062874506e+00
8.486689505403965939e+00
8.136167134038680970e+00
7.870687017218813253e+00
7.478191749214390782e+00
7.094799345351892939e+00
6.981303752536119234e+00
7.460482212525323398e+00
8.564553417830891746e+00
9.626159423732199016e+00
1.037331976365135056e+01
1.034249030119508816e+01
9.566590043753532058e+00
9.562879751576039311e+00
9.454651647337911413e+00
9.223986103167716166e+00
8.809353004535527276e+00
8.766101257151539983e+00
8.866706433800219500e+00
8.647085249124051742e+00
8.614828050827771477e+00
8.794785383775364451e+00
8.708273082189931458e+00
8.510163334188776574e+00
8.523924216726221914e+00
8.451564169868357013e+00
8.342285983983568798e+00
8.336315064599624236e+00
8.403229551761873140e+00
8.557887105427187890e+00
8.524447254720104894e+00
8.414131663641322589e+00
8.616105998241497588e+00
8.808911567536798159e+00
8.870318475343033526e+00
8.907069190214976118e+00
9.096035048881212504e+00
9.249405160715614471e+00
9.269796300180864534e+00
9.137413131331824090e+00
9.120868588797417686e+00
9.065287333014344640e+00
9.158150027755882050e+00
9.231310922521823059e+00
9.122453607250271546e+00
9.244537550153525629e+00
9.178417247703785975e+00
9.072966687821121923e+00
9.008702332134884472e+00
9.259021074619059988e+00
9.475506019584448936e+00
9.585558032010862206e+00
9.625219698156351811e+00
9.628275505182847027e+00
9.447401459537774215e+00
9.506778915495917914e+00
9.688949084506251808e+00
1.031578106675571682e+01
1.053467192448897016e+01
1.048376795232468339e+01
1.045967156575308366e+01
1.051300436881935774e+01
1.017256861855516803e+01
9.959984312673965334e+00
9.602073912275576717e+00
9.925710452258510230e+00
1.043858677182984529e+01
1.090566834392660844e+01
1.084607416070404362e+01
1.111896420436782940e+01
1.162789380620219148e+01
1.248863371580408277e+01
1.191149024282505309e+01
1.129416990473121452e+01
1.094371426777339451e+01
1.090411917767058725e+01
1.078300385583082210e+01
1.118001147786739935e+01
1.102786870540260722e+01
1.122343825967761255e+01
1.144874848193562045e+01
1.236988371725518654e+01
1.296105083993658802e+01
1.384253362911516483e+01
1.324413575867633419e+01
1.297255835780956446e+01
1.283238244121059779e+01
1.268819402737786106e+01
1.265822013444712368e+01
1.264074224467511165e+01
1.241048334458201019e+01
1.239534478352942237e+01
1.229117646869751823e+01
1.213481843412044903e+01
1.211367330958870348e+01
1.212984151653664178e+01
1.208999157002799052e+01
1.219072675629726099e+01
1.223467264981042391e+01
1.204859591114624173e+01
1.206346708217088093e+01
1.204371014795668415e+01
1.182354811832693464e+01
1.153752083544424600e+01
1.149270153469951339e+01
1.142706750656435766e+01
1.117128345319107474e+01
1.088724012761206517e+01
1.057013884642325685e+01
1.060560187352197659e+01
1.057110653450697413e+01
1.059780287226966600e+01
1.070320735338600926e+01
1.073312224860221065e+01
1.087018134555113313e+01
1.074483985983902912e+01
1.061706655518388587e+01
1.027480608100640325e+01
1.011404104136572712e+01
9.788659861459054312e+00
9.455808763759129931e+00
9.397286691993716801e+00
9.435479655760904194e+00
9.201985375977780990e+00
8.636908674936172758e+00
9.158379493070645694e+00
9.293835484831536320e+00
9.157627358164289078e+00
9.429760398998961790e+00
9.851002354822558260e+00
1.023088882146442558e+01
1.064577705573691624e+01
1.041362691267926088e+01
1.041203158042717369e+01
1.042877265069526516e+01
1.044751763710358716e+01
1.063427326000975270e+01
1.113121731550014282e+01
1.101517357311418266e+01
1.098540536657773004e+01
1.115073794917926797e+01
1.138325455236380890e+01
1.145312215556143443e+01
1.138948319294438605e+01
1.162602005737613275e+01
1.161877640186300908e+01
1.154451112372127675e+01
1.146185279840004867e+01
1.129528169406430926e+01
1.122694632774513046e+01
1.114827702893988359e+01
1.161295864839577874e+01
1.183842585191368180e+01
1.188410861270405050e+01
1.197004323607013099e+01
1.182598117976245611e+01
1.170379211755151161e+01
1.162088830732878186e+01
1.158811385327807564e+01
1.150175261231093771e+01
1.155918531273938221e+01
1.144249212339674848e+01
1.130061996488017684e+01
1.143589203472039806e+01
1.188040796622573758e+01
1.195359954503351219e+01
1.204538553526312761e+01
1.252327590677522551e+01
1.269929307905355387e+01
1.277282817351832378e+01
1.249650326151043700e+01
1.193496739699371112e+01
1.177477668806554867e+01
1.163520009115447351e+01
1.147641095271397838e+01
1.126952072032523589e+01
1.122941904834569016e+01
1.095445533852526943e+01
1.080884391286139490e+01
1.048862146483894087e+01
1.040861818125796923e+01
1.030125207290134881e+01
1.030119609200726849e+01
1.035707888859180414e+01
1.041642196673960541e+01
1.021328763082528468e+01
1.041725981240951704e+01
1.037428501076689358e+01
1.022798132609661970e+01
1.035197403072375444e+01
1.016842098307777498e+01
1.017469190305078719e+01
1.014108573367393262e+01
1.021363818311746385e+01
1.027897729432443086e+01
1.016845201543189248e+01
1.013109891187619382e+01
1.021071998634877787e+01
1.024121643874376275e+01
1.002073333504673869e+01
9.984254220085160725e+00
9.861201616228346012e+00
9.594932988316157818e+00
9.576477179297805620e+00
9.544339194165308626e+00
9.498508220431789439e+00
9.164326461412628078e+00
8.951868680904073727e+00
8.771309446451557079e+00
8.938024529882891756e+00
9.090902362031977546e+00
8.978320135345841280e+00
8.956318905978204015e+00
9.282788649965549865e+00
9.607501937250967572e+00
9.891885091774865302e+00
1.022357199132022032e+01
1.128305761508200611e+01
1.157398095367662627e+01
1.177453707090151624e+01
1.194300671364476329e+01
1.189387372150613409e+01
1.123586201291487363e+01
1.083315797354917009e+01
1.054192095884267744e+01
1.051313175001857125e+01
1.136308193536634015e+01
1.097331543775079510e+01
1.047418342623147502e+01
1.031991875290346528e+01
9.894686351155979054e+00
9.734172471760089707e+00
9.770678219386569552e+00
9.915677401583714357e+00
9.913819933156364783e+00
9.709501806480684394e+00
9.901839115771245758e+00
1.026218615269575807e+01
1.037186372357640352e+01
1.065156629211477757e+01
1.098407078259585923e+01
1.163790527534001917e+01
1.164687880273875109e+01
1.135440931471061354e+01
1.151040100798648425e+01
1.155768823408347501e+01
1.156657327970460436e+01
1.164377649229243872e+01
1.195618160103535033e+01
1.196992472758333648e+01
1.172647010049639249e+01
1.157837741500401130e+01
1.182220394162426658e+01
1.210851465800800497e+01
1.217279227572360512e+01
1.231911705852618155e+01
1.221638050827780475e+01
1.232309410266875105e+01
1.222561890733970813e+01
1.202282362614886679e+01
1.169363300202484979e+01
1.153498952558214974e+01
1.131752367196721387e+01
1.127713559783598285e+01
1.128317595312871191e+01
1.187222714376125410e+01
1.316486697880043799e+01
1.363967973913201703e+01
1.308661474223589849e+01
1.264630596284722230e+01
1.229822230094817037e+01
1.201032087912392754e+01
1.188286689180912603e+01
1.155896960509961069e+01
1.133411203049637983e+01
1.143170522411876178e+01
1.130726465647875933e+01
1.091878361665212616e+01
1.068261488433525130e+01
1.051264816041066297e+01
1.039723027965252200e+01
1.016694410621925826e+01
9.749474791612231073e+00
9.552931661335401614e+00
9.397503537673378204e+00
9.407290513633322249e+00
9.399368103536032137e+00
9.649403566785981212e+00
9.625698588485986917e+00
9.735383026605045842e+00
9.653516004835578812e+00
9.558522372314881110e+00
9.399939903083820880e+00
9.430819373504007785e+00
9.725089155050500977e+00
1.007348944504255073e+01
1.036572368646920594e+01
1.024994123336232477e+01
1.024569518168682869e+01
1.031663043878132591e+01
1.028404063668522461e+01
1.027517696306202843e+01
1.028967535137251588e+01
1.022740923293295090e+01
1.021030272754710744e+01
1.007183915580007216e+01
9.936759562722654593e+00
9.743016024771964823e+00
1.002785675046721181e+01
9.889839096136695318e+00
9.769616841517986927e+00
9.683471701286107347e+00
9.551182813739623967e+00
9.530583543009846892e+00
9.198739333590388867e+00
9.158700801774420697e+00
9.081117306915702514e+00
9.006685600836108918e+00
9.156109944669614364e+00
8.949217442140067647e+00
8.822010335952285232e+00
8.684819575326274688e+00
8.408930991710850122e+00
8.276905778951212156e+00
7.978347199253569499e+00
8.120332298632101597e+00
8.444716734854315732e+00
8.115195230700445350e+00
7.846558935259048795e+00
7.300817774668947102e+00
6.798073917381363351e+00
6.361008768530212798e+00
6.475932501583369749e+00
7.469823119018422553e+00
8.906803031723265818e+00
9.247231785181847741e+00
8.857694871669302472e+00
7.869081530601409469e+00
7.569584092101662165e+00
8.937367698214655931e+00
9.455322870115226763e+00
9.379145757840003483e+00
9.297196444687525485e+00
9.557719853096259044e+00
9.750187452083713069e+00
9.753708075261760868e+00
9.633962686843592138e+00
9.696190173691583425e+00
9.945012240327448794e+00
1.019354001147313760e+01
1.062133358450518372e+01
1.055802058712995795e+01
1.060251452240549419e+01
1.060488587112981129e+01
1.066812633893678530e+01
1.075770399565396573e+01
1.123737518519428136e+01
1.161656996793178465e+01
1.175621359181527659e+01
1.181539015950275662e+01
1.199477989542240941e+01
1.193978438100448081e+01
1.162281018127287879e+01
1.129561251388412124e+01
1.114735939658906005e+01
1.064386443809516436e+01
1.089884481444590669e+01
1.104253445074719409e+01
1.101480509044407974e+01
1.094873718894432102e+01
1.090146447761786064e+01
1.137619358312892359e+01
1.145314947322265908e+01
1.169615229918753485e+01
1.141967489480316722e+01
1.101199715990954253e+01
1.120538783219834933e+01
1.216755911938508028e+01
1.243410993818866217e+01
1.222655167660807152e+01
1.216900037427154935e+01
1.195105696114428007e+01
1.177310536887174486e+01
1.174734656815989986e+01
1.198220286200071527e+01
1.211549927939997140e+01
1.199374508603984957e+01
1.196634898544055225e+01
1.174063513009838644e+01
1.179932023684030717e+01
1.154492319273728107e+01
1.138898755680113517e+01
1.130652833778238708e+01
1.119596711921087717e+01
1.104283823423014432e+01
1.071509898670725391e+01
1.040564372124111792e+01
1.022198237242011132e+01
1.002027271332151059e+01
9.946969926994565725e+00
9.777627509936788641e+00
9.756734743276359367e+00
9.797832017844786634e+00
9.759052066741507048e+00
9.798069135615403269e+00
1.001191763411726043e+01
1.016707440180946520e+01
1.029014349335450440e+01
1.024975099081539831e+01
1.020136035222702020e+01
1.022380461472660862e+01
1.021758037080479298e+01
1.006866186484879044e+01
1.000716878615488348e+01
9.897202761470326848e+00
9.678282988027037348e+00
9.363433910015562134e+00
9.163363052841352996e+00
9.078189684127973891e+00
9.058946562359150079e+00
8.979029267687810290e+00
8.907977090348778049e+00
8.571430420160377039e+00
8.364899100480036154e+00
8.173865635109176964e+00
8.228680410166644421e+00
8.555053554962174900e+00
9.104957197961011772e+00
8.824929780931499934e+00
8.565493633041771915e+00
8.173306843124082732e+00
7.714096688077472841e+00
7.180214382837932341e+00
6.537393594326390556e+00
5.913248160798269204e+00
5.401316553658539021e+00
5.307482789837708381e+00
5.376663272182005571e+00
5.357977760617359309e+00
5.974672694006743612e+00
6.173877583918637058e+00
6.061107815446583835e+00
6.127791948679526257e+00
6.514076331573929401e+00
6.788209224382816487e+00
6.907608209000839494e+00
7.035696005938826048e+00
7.192015059870444205e+00
7.165766272591846509e+00
7.322860897459647411e+00
7.648806774329623970e+00
7.570249133964560784e+00
7.673757362894618517e+00
7.858105430590011764e+00
8.073615249027090712e+00
8.111609190661580371e+00
8.147411787304273290e+00
8.332804886249641996e+00
8.279628011068876248e+00
8.459284260349063445e+00
8.511915417006564510e+00
8.456165189473194843e+00
8.589619730988442114e+00
8.514805515158652582e+00
8.476893047203652998e+00
8.426135712715854709e+00
8.441814479605021404e+00
8.380020381513828553e+00
8.268260220359660906e+00
8.323237529496241294e+00
8.425008010204527054e+00
8.146387420085057229e+00
8.065971326814450393e+00
7.844333494252123451e+00
7.740070057614238053e+00
8.036376704692420603e+00
8.255693204102287908e+00
8.306912899604265377e+00
8.317578234393364411e+00
8.011982754674038532e+00
8.039319870509764598e+00
8.526349403382473824e+00
9.100982327153468887e+00
1.042360157701028456e+01
1.082275545857701360e+01
1.019533195578930318e+01
9.866911168358520001e+00
9.530211754992171436e+00
9.283019373690082787e+00
9.076290531194153743e+00
8.689923794316797512e+00
8.457478597960990996e+00
8.728269880586994489e+00
8.875635711427536378e+00
8.911916344850370209e+00
8.998858057370789254e+00
8.987542424837821287e+00
8.835542858143794476e+00
8.567046411610187207e+00
8.845313599925310299e+00
8.950493013867255598e+00
8.963520717787311298e+00
9.135983973409231851e+00
9.295621463955583863e+00
9.519753344075931878e+00
9.470642842238252257e+00
9.471658884993596317e+00
9.498457433544210460e+00
9.549874938069345731e+00
9.474892431888793709e+00
9.524258955252571823e+00
9.434984712384270722e+00
9.268437306957713062e+00
9.253518186402853729e+00
9.219659129920332319e+00
9.239243637615848215e+00
9.127299890271352467e+00
9.090894874095756251e+00
8.865202403679685261e+00
8.718432017053347138e+00
8.632923524926047421e+00
8.505680204740057704e+00
8.372588957258082942e+00
8.167243309479614410e+00
8.209817644755448285e+00
8.223139253812918881e+00
8.040440261846805825e+00
8.217863635731934124e+00
8.245635225584036831e+00
8.594006308108484760e+00
9.227671185491180594e+00
9.221479145173738345e+00
9.082984176028190859e+00
9.038830721614083075e+00
8.659290543705896681e+00
8.462435076024387826e+00
8.236429809335174212e+00
7.853120734339154474e+00
7.569161927648001331e+00
7.345381685728051835e+00
7.116538973999873896e+00
6.692167385932624057e+00
6.444051202619944796e+00
6.435932081874603305e+00
6.364484546508567320e+00
6.101065178030041558e+00
5.919906560610561641e+00
5.759910344536681492e+00
5.994940130744642381e+00
6.100545402353929170e+00
6.208259625837165174e+00
6.218890246825890422e+00
6.488269695213398691e+00
6.656595732146727507e+00
6.590417599063087550e+00
6.650591014276844959e+00
6.824274699822568735e+00
6.886962460317125334e+00
7.141526218664054682e+00
7.264713726909876712e+00
7.341699580892440125e+00
7.382105456014889988e+00
7.610462366646134846e+00
7.742148205576557807e+00
7.772867629804918188e+00
7.878949326224874206e+00
7.842954627281478075e+00
7.900543611231673147e+00
7.692522837293950033e+00
7.576795031534878433e+00
7.533489757270628751e+00
7.497791390931761057e+00
7.390422951957821951e+00
7.340202964258551788e+00
7.184373926252056286e+00
7.424645383525946052e+00
7.652039999749296939e+00
7.572400224377312306e+00
7.444955085991058041e+00
7.230844188374403458e+00
6.979245614368220885e+00
6.671729274954314448e+00
6.437703629842154385e+00
6.541462737764760504e+00
6.882278342175947472e+00
6.930767798413578262e+00
6.937396028641707346e+00
6.899581763120503197e+00
6.866627986618264678e+00
6.421478927651145696e+00
6.051417023545652363e+00
6.151884994579787325e+00
6.489936004105653744e+00
6.307573171702816062e+00
6.011018762234984436e+00
6.229452883029531485e+00
6.166026072285368365e+00
5.711798441440453011e+00
5.267163509965792301e+00
5.204737986511212888e+00
5.371734563276524987e+00
5.810889074168891888e+00
5.730765928989729474e+00
5.636486097741014056e+00
5.790274534505403636e+00
5.920175950549612764e+00
6.017729224555520062e+00
6.068674458454920817e+00
6.245423813920914391e+00
6.281550082462068474e+00
6.259696475039060459e+00
6.499333820111605320e+00
6.491016232458593826e+00
6.444917912418457462e+00
6.325984370778950705e+00
6.296799920691058539e+00
6.234140140751569525e+00
6.352333115022733345e+00
6.290844489455271749e+00
6.468828301532042246e+00
6.539142413675330445e+00
6.206538726945884044e+00
6.079669168319874473e+00
6.079156102373532988e+00
5.995710656651990433e+00
5.958195735234117052e+00
5.789566441744219638e+00
5.734934302657154426e+00
5.288741065306008515e+00
4.982736071863301142e+00
4.461951158473254964e+00
3.898522048697881548e+00
3.467100667603307595e+00
2.731588133536231311e+00
2.506859720788817469e+00
2.707477293384664918e+00
3.185201522806679453e+00
2.834595503582787224e+00
2.575557081632169787e+00
2.374072614177918705e+00
2.190166277784168170e+00
1.574486244890517250e+00
1.117571998265134425e+00
1.012686980104590351e+00
1.058605765973156254e+00
1.024683520974022821e+00
9.492713064883459007e-01
1.118442337682673760e+00
1.465923771855755176e+00
1.579736120223686147e+00
1.067219549615808560e+00
1.236513574355016631e+00
1.139592115347841883e+00
1.102496086017344057e+00
1.177914390277149836e+00
1.714386458995062146e+00
2.500658180961353505e+00
3.317973312248045037e+00
3.702455655952324065e+00
4.138881853715778547e+00
4.244631752626734311e+00
4.379713175833697569e+00
4.606301461606562064e+00
4.385998421751675203e+00
4.505946446292581342e+00
4.578222229061945647e+00
4.838432616998306735e+00
4.945923095298850214e+00
5.133284953821137364e+00
5.681850364016205468e+00
5.868857120839105157e+00
6.075221797144914504e+00
6.193849682380796473e+00
6.212037211958807426e+00
6.288904731431515849e+00
6.313534512264072696e+00
6.503607909961196754e+00
6.486538728577504465e+00
6.738459883928544336e+00
7.004582580498382782e+00
7.176831946498937853e+00
7.213878202338912971e+00
7.302272051212554516e+00
7.461744302539768725e+00
7.362124756540964654e+00
7.144329317697801329e+00
6.952574607692222131e+00
6.704563986218780691e+00
6.654314615664622679e+00
6.500160078890323767e+00
6.403839032219270422e+00
6.817310181288084969e+00
6.952523983769250293e+00
7.286031235855479515e+00
7.526193964259104696e+00
8.280254350678982078e+00
7.894908144210430301e+00
7.459047289379100221e+00
7.198268226748364640e+00
6.797217695677034044e+00
6.436034002413771660e+00
6.033562953551248498e+00
5.777699333325871045e+00
5.657199649009024611e+00
5.950311265889248524e+00
6.237213765672503740e+00
6.526978524277453175e+00
6.708518185044541227e+00
6.950574587371624702e+00
7.221266412399813817e+00
7.936343095301255701e+00
8.105738186529224620e+00
8.144721967647758021e+00
8.305918772696292862e+00
8.395875725119299915e+00
8.767967628336503338e+00
9.087431728777254136e+00
9.198947747110173268e+00
9.209531966224806965e+00
9.253030715667305728e+00
9.202429141772370258e+00
9.138469782984303791e+00
9.124057453686912567e+00
9.162027413824967326e+00
8.926605766892803828e+00
9.096407510412397812e+00
9.130539571861261194e+00
9.024180768734924030e+00
8.725013440281214727e+00
8.525107888139388024e+00
8.533044201317496302e+00
8.417949574969020077e+00
8.108048964188785845e+00
7.857117947621909515e+00
7.758494518622470970e+00
7.550895843807776231e+00
7.347426629392638908e+00
6.901154722818145792e+00
6.874473719168316066e+00
6.859114629992709489e+00
6.794973689998695221e+00
7.199954124069235739e+00
8.420559696096148627e+00
9.046671219264664998e+00
8.965527805195634414e+00
9.052928703553947187e+00
8.991169645034602809e+00
8.705531514770372681e+00
8.395876237633517647e+00
7.958121231186316535e+00
7.347845383535228869e+00
6.916768105745426887e+00
6.701300341171249286e+00
6.370219899236146510e+00
6.649617645316150849e+00
7.006501279360313639e+00
7.203674397774348037e+00
7.322509773183013770e+00
7.403759713035205969e+00
7.247884325416471540e+00
7.369081024537385005e+00
7.898993275585683982e+00
8.134481235804376098e+00
8.499911908239846881e+00
8.560535890762727362e+00
8.714795786681907686e+00
8.707669301405562834e+00
8.856095355230936050e+00
8.913036845569381583e+00
9.021054914337891972e+00
9.185941450535553443e+00
9.744788149657647836e+00
1.046437531641645791e+01
1.039931191350753359e+01
1.001085640636702578e+01
9.983405495788563400e+00
9.976817560028434784e+00
9.931387772737716446e+00
9.815506062132500986e+00
9.860246608682480485e+00
1.028356758870313037e+01
1.054192776085491623e+01
1.047074756552352248e+01
1.047918421895879959e+01
1.042488531402676344e+01
1.016979432369258340e+01
9.986545664271112344e+00
9.953093546185318274e+00
9.622237178309216432e+00
9.378064610526383404e+00
9.196302040663958621e+00
9.264836371064252063e+00
9.329727220059192305e+00
9.919979604659200589e+00
1.065736866268385441e+01
1.150200358229776221e+01
1.151548078478910142e+01
1.152383272738176068e+01
1.126035048087814161e+01
1.108416226417594785e+01
1.085593534946669436e+01
1.064160560936096545e+01
1.067580702908464474e+01
1.052497435414917248e+01
1.026363121747022689e+01
1.000036753903619591e+01
9.650817346560138787e+00
9.689701158399387282e+00
9.927028343055932069e+00
9.902572544515868103e+00
1.000648070954840030e+01
1.007078850278423410e+01
1.001121837644715562e+01
9.938032385972048743e+00
1.004637663610902010e+01
1.000752143853827292e+01
1.000659200942820171e+01
1.005205692371439952e+01
1.022466471253868470e+01
1.040024660895734598e+01
1.044107843463878993e+01
1.040631367504244764e+01
1.052682876594403538e+01
1.055500456687735955e+01
1.045451166376463448e+01
1.041628378509089181e+01
1.033661865971304472e+01
1.020623470932866361e+01
1.016150491233969788e+01
1.015280187263722489e+01
1.000531489051388512e+01
9.897137886678649465e+00
9.899703281235701979e+00
9.544143214729960079e+00
9.561382315405412058e+00
9.463506116883628749e+00
9.425926748939215116e+00
9.361648949951625553e+00
9.228214376217966475e+00
9.200815770795376380e+00
9.032790784584527444e+00
8.771881548343154478e+00
8.650240296625756997e+00
8.353031197894782878e+00
8.061711806832624561e+00
7.749216684815428025e+00
7.917673074790819499e+00
7.927268786077383389e+00
7.296121611937710583e+00
6.701370495535412530e+00
6.666797572515586801e+00
6.695020349662391013e+00
6.592056207446185034e+00
6.738167699892900764e+00
6.843497331011561435e+00
6.811138199423512063e+00
6.788107810644638640e+00
6.680903539638368471e+00
6.673456053754409645e+00
6.422192714979178874e+00
6.114323645595659329e+00
6.048487124027873030e+00
6.335751574123977825e+00
6.409637482002032982e+00
6.426672258250250458e+00
6.570456502942278121e+00
6.487522167536885043e+00
6.363781046937795338e+00
6.433242763430406796e+00
6.571058298861420788e+00
6.557706812870716107e+00
6.622600988763285734e+00
6.599431383250276895e+00
6.661241834759895397e+00
6.777580012589770497e+00
6.836637299555560432e+00
6.879989042734987237e+00
6.836088165260759020e+00
6.927104424463532695e+00
6.979323274029805901e+00
7.256065334264056865e+00
7.135487045116727600e+00
7.155616799111726323e+00
7.103692834950442681e+00
7.127503701925547830e+00
7.258325542277329845e+00
7.178796615972846240e+00
6.945127706857308958e+00
6.744236536072100385e+00
6.770435088725751172e+00
6.863582525618403096e+00
6.593719714703056844e+00
6.620060173567835271e+00
6.644147901383825605e+00
6.507599673822907604e+00
6.214068461656042430e+00
5.708185511744356511e+00
4.825078840239429567e+00
3.448008443842177417e+00
2.950557534398400961e+00
3.534935177345244206e+00
3.618869730297924914e+00
3.487791812179033446e+00
2.875201326383940437e+00
2.507001554603660143e+00
2.104828480039085292e+00
2.027502997621434044e+00
2.291461935926352389e+00
2.347222573622693265e+00
2.328051851946748130e+00
1.769495232840791799e+00
1.499829861441051682e+00
1.553676259802397430e+00
2.161756710113137192e+00
2.351191699478265562e+00
2.339115110789041552e+00
2.677804636893105439e+00
2.925651380885906150e+00
2.736842300415417206e+00
2.937623785443136626e+00
3.526380648915774962e+00
3.922887420791161261e+00
4.032273694682626086e+00
4.359222223152615427e+00
4.561550302180420680e+00
4.711116285398009751e+00
4.729089648039802363e+00
4.716353142664344134e+00
4.725529070302840751e+00
4.592304726124334380e+00
4.705382735951947559e+00
4.926273920773502901e+00
4.961374782660649352e+00
5.050065395032015125e+00
4.883126451927984668e+00
4.916937368197876523e+00
4.877322001402840002e+00
5.083515063010525914e+00
5.337472391217794154e+00
5.551350392433319847e+00
5.699317518147760886e+00
5.817886035640399633e+00
6.120479327868961761e+00
6.070184680581649950e+00
6.051319795057645834e+00
5.943819106602832747e+00
6.451091365936297173e+00
6.685040035841804062e+00
6.442875340278087393e+00
6.109570954082668592e+00
5.304954331364754694e+00
4.296775326885076574e+00
3.266407156690277702e+00
2.329490103239159282e+00
1.887882524621693925e+00
1.650145117599848721e+00
1.813150608597143387e+00
3.142156133211629676e+00
4.349240785554997935e+00
4.891196270651171574e+00
4.923368370282044104e+00
4.835745220434875868e+00
4.399154416504371667e+00
4.133319686253566161e+00
4.472764706725310013e+00
4.771841519071021054e+00
4.986318502277689468e+00
4.973957815232382451e+00
4.911868117591955851e+00
5.017355057258224171e+00
5.305517787096566629e+00
5.455180872131561109e+00
5.450273987017777877e+00
5.581579147508772820e+00
5.807363202496001797e+00
5.964335230056494019e+00
6.058020508475392418e+00
5.952181118236626212e+00
5.886999451903133007e+00
5.883870477449293368e+00
5.907486537635898038e+00
6.023857881836263140e+00
6.201990739848453948e+00
6.405368455466720512e+00
6.707319666670571223e+00
6.699049425632097154e+00
6.877802642881864159e+00
7.125640098936748323e+00
7.028169199185756000e+00
7.061368986553731020e+00
6.882386708952636489e+00
6.821034919599665791e+00
6.732062751954104307e+00
6.686249132958722363e+00
6.785056447703047056e+00
7.260184179327311860e+00
7.507825142154322506e+00
7.350493449484751807e+00
7.612667422288139640e+00
8.198261292496136221e+00
8.379666838230024339e+00
8.360315274281488129e+00
7.765067829713804493e+00
7.297482122833226725e+00
6.771699270387612657e+00
6.458528911662903660e+00
6.496218727569842422e+00
6.798302304660015061e+00
6.923716504750585976e+00
6.789349098500725432e+00
6.590652338333699234e+00
6.212242539929397900e+00
5.759612113824300828e+00
5.422246129945050619e+00
5.191060236254469551e+00
5.347052478269069375e+00
5.572033104549511506e+00
5.715808504067131146e+00
5.908889269042246539e+00
5.969504871187025330e+00
6.203784951525199709e+00
6.020992224450827379e+00
5.902146504321256870e+00
5.684464910243908875e+00
5.746265811130351508e+00
5.889941285283870620e+00
5.978366896703275479e+00
6.044496067569921749e+00
6.091625156080674230e+00
6.254183286378297346e+00
6.475819945282765389e+00
7.272428368358607287e+00
9.353835035757372296e+00
1.041555945613182388e+01
1.032405407260185548e+01
1.038258320080677066e+01
1.046093006166081807e+01
1.136860266877349979e+01
1.214883643410122360e+01
1.243276343590110500e+01
1.269250211273308970e+01
1.304026212341995183e+01
1.326964926256898103e+01
1.343404575666986922e+01
1.324441669575178437e+01
1.362314980250024377e+01
1.377163727402729165e+01
1.327886290762062771e+01
1.330382092823762541e+01
1.331387144189351801e+01
1.312246646705653852e+01
1.292685302481058329e+01
1.259844669910148163e+01
1.309847462720196454e+01
1.361558885445083256e+01
1.378773555779391202e+01
1.381574410384877893e+01
1.353647712567984307e+01
1.319752155655607417e+01
1.325212664319989386e+01
1.311363171135428729e+01
1.306436336940508802e+01
1.307796329828010329e+01
1.320620701526996399e+01
1.329959889214255142e+01
1.338976802056054005e+01
1.315018530950191966e+01
1.272880442123072342e+01
1.256204235517868462e+01
1.219200792789556687e+01
1.206781336253616210e+01
1.188756222840972931e+01
1.165025691947399800e+01
1.159739186530967459e+01
1.146329821441064567e+01
1.141770879502076674e+01
1.144605803070060013e+01
1.144630415997389683e+01
1.153191434829924766e+01
1.191866857177472738e+01
1.188672763844743052e+01
1.181160336730304827e+01
1.183343476320069065e+01
1.202984736376166985e+01
1.203831310140648547e+01
1.197097719901263346e+01
1.189969809040456461e+01
1.173067783172919576e+01
1.171790858645138478e+01
1.190111908325764034e+01
1.179918716424341518e+01
1.196324889453743268e+01
1.198046210277127521e+01
1.173591284118807287e+01
1.164441657897097571e+01
1.171252693417243940e+01
1.156598495524311687e+01
1.167186462062046282e+01
1.171770343574589468e+01
1.176587145876186469e+01
1.160201654457612364e+01
1.116966701827157493e+01
1.113053418538067518e+01
1.135638684983934787e+01
1.169217352028446655e+01
1.200594855022617047e+01
1.195032049733860902e+01
1.184087396859504437e+01
1.154719675262320955e+01
1.164215054114203518e+01
1.188810582764966739e+01
1.191202481377531797e+01
1.159034455141626552e+01
1.129504528346386394e+01
1.111102394449742725e+01
1.086192105683000797e+01
1.053537979858013252e+01
1.030852576483060723e+01
1.001781207796467932e+01
9.803819903018965221e+00
9.621132523591331420e+00
9.638772901898800427e+00
9.646901040502067204e+00
9.620938757472675462e+00
9.543831587156073937e+00
9.539987091959519105e+00
9.555459150235684262e+00
9.663083551981186403e+00
9.880395192731839416e+00
9.879031639125708253e+00
9.985635130409557192e+00
9.992842069454546561e+00
9.997436149586201637e+00
1.006443016053707495e+01
1.003085723038824817e+01
1.008210671956146598e+01
1.001310826050801772e+01
9.993630560258960571e+00
9.954188990618508370e+00
9.891255169292023197e+00
1.003371606827504259e+01
1.002351160214318604e+01
9.955105375156561465e+00
9.863163361810840968e+00
9.900924271638523066e+00
9.709175587231905880e+00
9.666473480336710722e+00
9.580708384891574170e+00
9.684734102179900717e+00
9.796761508484468806e+00
9.748293398264324949e+00
9.530529506668637296e+00
9.370110604545853761e+00
9.227781555407744918e+00
9.353409199925124540e+00
9.485617423802288783e+00
9.522731636220457929e+00
9.960078359743459231e+00
9.992978173799333064e+00
9.555814241389326114e+00
9.122102055190659087e+00
8.805617765097551342e+00
8.777448456997523962e+00
8.756141408575993879e+00
8.282010578493844477e+00
7.883990417413417440e+00
7.418760082716451265e+00
7.141265863567710426e+00
6.865039010962907362e+00
7.255676115373942636e+00
7.347086664590988470e+00
7.226708434231562173e+00
7.128508398155824821e+00
7.304956087467510351e+00
7.967330564484488065e+00
8.002720747284151059e+00
7.830440657220424150e+00
7.920110113470387070e+00
8.799476472863418053e+00
8.714416494204572317e+00
8.895787686505668646e+00
8.857674612190749031e+00
8.751176018023889114e+00
8.760490561454437497e+00
8.792087682389256642e+00
8.767940418969308425e+00
8.844054169229972118e+00
9.018125161451141736e+00
8.982592340439046197e+00
9.055812107349835216e+00
9.168728120262217729e+00
9.180866291391698297e+00
9.226414468883280762e+00
9.148957539719576815e+00
8.968695276526313265e+00
8.870544961233131076e+00
8.750831662974258407e+00
8.707776900268227038e+00
8.649930065416320701e+00
8.664571803753979395e+00
8.679919136051388762e+00
8.676982013914683378e+00
8.629203980665742790e+00
8.610186372073037830e+00
8.676107116630662475e+00
8.632730559559346872e+00
8.512726434388742547e+00
8.080530926971212224e+00
7.747714490987297253e+00
7.615430496453651443e+00
7.509212332404355372e+00
7.970736727297995650e+00
8.212054282202739586e+00
8.242757375244083917e+00
8.003702636823945227e+00
7.941088939224189680e+00
8.221449829602901715e+00
8.173938533854622435e+00
7.786928050348627117e+00
7.462182458106775051e+00
7.193446313361497424e+00
6.943113690849008535e+00
6.643526203827347487e+00
6.605211232413896738e+00
6.719450399158143128e+00
6.561363720433658564e+00
6.483648099589407465e+00
6.718562646808504901e+00
7.171444966649435315e+00
7.086655909014275778e+00
6.981112113097541538e+00
6.968685233941820378e+00
6.927549432126780538e+00
6.958325843670920996e+00
7.156117558837292947e+00
7.221052266076338100e+00
7.330354501333704142e+00
7.459419148773899444e+00
7.515786722625596994e+00
7.516817566007303775e+00
7.606162327284441638e+00
7.623087397880455640e+00
7.556610092440701365e+00
7.532433863996436330e+00
7.488705336272786894e+00
7.375054124288677571e+00
7.296605809369760998e+00
7.046976673975684058e+00
6.900717095725071637e+00
6.492527278274304869e+00
6.289614151414102849e+00
6.266664859364429851e+00
6.194199667547295896e+00
6.245138630599861962e+00
6.235947689805745320e+00
6.195274865811704501e+00
5.956884470245886298e+00
5.821682166819755366e+00
5.600351944921901470e+00
5.420983222621620357e+00
5.195016213439506814e+00
4.713290111376338132e+00
4.056356523287485416e+00
3.878783297361059201e+00
3.834294544891516665e+00
3.164630749129954790e+00
2.543004683048462944e+00
2.512713795750249890e+00
2.328236726137046464e+00
2.331373678260294735e+00
2.348482094186536973e+00
2.565541983882316579e+00
2.914850931232745079e+00
2.652054657755770872e+00
2.393936167120092495e+00
2.675638646647142682e+00
3.465901025994867712e+00
3.931547933917362236e+00
4.099422894343068613e+00
4.453225653511103665e+00
4.600163118953068953e+00
4.885914201562304271e+00
4.760475598238562256e+00
4.608374128477952247e+00
4.680697484298776523e+00
4.661634963215497862e+00
4.681950155247310619e+00
4.742273218527599532e+00
4.937815636740795711e+00
5.003466298057888118e+00
5.191624981677759543e+00
5.350904918497739082e+00
5.537667317042830994e+00
5.501065676233552360e+00
5.598361726414702311e+00
5.643218467933460047e+00
5.536996092412650228e+00
5.490339367971527551e+00
5.464828786579687403e+00
5.507702747298837131e+00
5.741217851513962245e+00
5.918164991631339689e+00
6.026186685838959001e+00
6.231392232888820715e+00
6.293381970499614120e+00
6.444860494062537803e+00
6.421686680901668609e+00
6.662870611627075945e+00
7.091591961160655266e+00
7.123417485420670658e+00
7.219553032943193394e+00
7.188442036123461776e+00
7.236612512102962746e+00
7.131813500945256123e+00
7.407874446149736336e+00
7.484582314064675224e+00
7.456318060433849482e+00
7.683722324307125540e+00
8.101203968353534179e+00
8.983517173687484814e+00
8.945978860996577353e+00
8.547230035764643574e+00
8.366678882899073244e+00
8.280506714625708753e+00
8.436555537641929448e+00
8.279996757826213027e+00
8.026039565917260532e+00
7.942129671014336978e+00
7.690953064649562521e+00
7.491222361787088779e+00
7.654536098415752221e+00
7.601112548240203104e+00
7.619154273912797315e+00
7.515481478829801887e+00
7.737578365387396850e+00
8.109191555017615016e+00
7.986371639436697478e+00
7.983510630460025403e+00
7.928922875738644294e+00
8.045336470208590995e+00
8.095031302913499260e+00
8.066358628064600467e+00
8.186214776290929862e+00
8.294588840652473039e+00
8.393383561307652840e+00
8.587974549029185667e+00
8.631849989154131819e+00
8.679242884576130024e+00
8.746676692623866600e+00
8.691074770761121115e+00
8.810648935127387560e+00
8.883548060637041388e+00
9.059518043732886383e+00
9.196982275601838452e+00
9.342660426089565817e+00
9.253726332966079937e+00
9.333586584870946723e+00
9.502960229111186763e+00
9.507377688156282147e+00
9.428101302501520564e+00
9.262898251009287875e+00
9.173174049021442400e+00
8.977325883614236446e+00
8.817294258104855231e+00
8.385252917646129234e+00
7.804869009742584574e+00
7.224198634734265489e+00
6.835182756175588459e+00
6.587536137661794022e+00
6.129819857473180811e+00
5.873423467563953615e+00
5.515406487714106909e+00
5.573764762216531388e+00
5.600837072309894360e+00
5.481844443451504567e+00
5.298272880524833361e+00
4.973490998292106724e+00
5.126537054762276391e+00
5.442708565667007115e+00
6.270218681253909132e+00
6.769754034975052015e+00
7.045128041078566383e+00
7.059194655274461994e+00
7.441632145768052098e+00
7.504867058335146446e+00
7.475707788343084026e+00
7.496759487685756618e+00
8.117194730613084275e+00
9.496746431519175857e+00
1.112377125992805915e+01
1.227787855074440948e+01
1.243018023663521276e+01
1.211283156798551097e+01
1.211034561644119911e+01
1.207130729251485413e+01
1.213982966779770223e+01
1.203243943492140211e+01
1.195321271626846560e+01
1.185597207022722976e+01
1.166853267891123380e+01
1.169335789474192744e+01
1.164667536834970463e+01
1.167086945747306537e+01
1.154103299516297731e+01
1.138449297754809741e+01
1.119461604865259119e+01
1.112019482249937141e+01
1.095617746071500420e+01
1.092756828725324425e+01
1.092215685543901493e+01
1.096009885895151648e+01
1.094179760750867558e+01
1.072251205746818137e+01
1.051990302280507095e+01
1.040565661219320326e+01
1.031556604873397553e+01
1.026204041307925152e+01
1.020201941552972613e+01
1.020888166188233015e+01
1.008053603148896293e+01
9.749777129525869057e+00
9.244581232997207465e+00
9.152720646806006499e+00
9.595910108122879478e+00
9.789297665782468627e+00
9.806456109296522783e+00
9.841278134140956979e+00
9.899565663633735468e+00
9.679506487491472910e+00
9.438042723792472444e+00
9.049792133123332860e+00
8.660660664388169394e+00
8.748300488702186684e+00
8.763766328482018864e+00
8.600420597983561066e+00
8.439109501599396879e+00
8.256285029056533276e+00
8.068082653003424198e+00
8.040815853043456585e+00
8.003951701886949266e+00
8.010346483658214112e+00
8.297925448172520646e+00
8.302210705127672341e+00
8.323386136930649215e+00
8.362037142896982189e+00
8.397999137616555032e+00
8.508707526582080405e+00
8.546183936744435883e+00
8.581474694370839984e+00
8.345217718783237260e+00
8.423855508361242528e+00
8.644084731619688711e+00
8.569955491553518101e+00
8.558395850497346302e+00
8.508381542546777254e+00
8.736543444370539646e+00
8.635767136629663554e+00
8.540415335753911208e+00
8.494062445551373131e+00
8.476726416545417919e+00
8.330163989579446593e+00
8.303694576950878314e+00
8.236411487571448475e+00
8.228728933674222645e+00
8.152603553352953725e+00
8.162741504076413079e+00
7.997301607061342743e+00
7.493994182605725918e+00
7.295420338638174407e+00
7.368764828229152464e+00
7.073670783996746536e+00
6.866801855702836299e+00
6.591159848002591026e+00
6.881140469809045257e+00
7.823013250079759118e+00
7.676291688117667711e+00
7.422540961948596916e+00
6.910633318752322118e+00
6.407453437367463422e+00
5.926005010739809897e+00
5.605937613449510692e+00
5.406104322171335852e+00
5.215020833831217395e+00
5.020431378441756465e+00
4.782274048260482857e+00
4.460953567460367530e+00
4.058224582419603266e+00
4.256279449884012855e+00
5.035601662933768097e+00
5.190439051933938508e+00
5.268236363832372149e+00
5.697995306347612754e+00
6.275453504426211637e+00
6.870141986870621054e+00
7.717281210990305063e+00
9.247440291696031878e+00
9.398332795304611409e+00
9.596614746371825433e+00
9.857595849610600425e+00
9.879393044081581365e+00
9.914620476830636520e+00
9.949517689075440430e+00
9.844238317037287800e+00
9.782922163935523940e+00
9.946887699306355302e+00
1.012866056927787994e+01
1.009308869813953713e+01
1.009461529932930901e+01
1.023833841552994173e+01
1.018371534669029721e+01
1.011751682473650860e+01
1.005448385432861969e+01
9.979879870844342804e+00
1.013794736999788881e+01
1.008360840760021482e+01
9.994558413240168804e+00
1.002070182079415517e+01
9.910569114175482142e+00
9.880639332499454142e+00
9.971033301108320757e+00
1.020900942034588788e+01
1.040123015383337801e+01
1.031452059771619645e+01
1.009310615404204370e+01
9.967490532030060635e+00
9.737659276055316226e+00
9.268078109885438565e+00
9.171338444406632817e+00
8.939609237313907997e+00
8.876694938766204857e+00
8.682252604893841763e+00
8.391073165571668824e+00
7.862888185086033488e+00
7.604347182668049321e+00
7.286202383429852603e+00
6.994493997219168868e+00
6.814902044789796776e+00
7.711816714723869204e+00
8.997953761158894892e+00
9.318863506196136015e+00
9.269038069984240735e+00
9.376119708024774013e+00
9.473463979727812401e+00
9.580039828482806996e+00
9.660163933178369078e+00
9.794183606645257001e+00
9.583345663126529246e+00
9.614031147860170989e+00
9.869803453282342431e+00
1.056589555019989923e+01
1.098730456872300287e+01
1.136885327474375806e+01
1.160657992198309074e+01
1.172153175876999143e+01
1.162154862040284264e+01
1.142979496209031609e+01
1.131366473670225581e+01
1.122649692374355723e+01
1.097481928200766710e+01
1.073538570914314327e+01
1.063247821007127669e+01
1.079445131986281403e+01
1.093917567990034634e+01
1.090322786085712181e+01
1.056800806380952906e+01
1.050620242686958328e+01
1.043106420663041511e+01
1.040923724473247347e+01
1.021775614350793582e+01
1.022183108404861152e+01
1.018958700559836394e+01
1.011405864165974045e+01
9.797348279798198334e+00
9.429270584076450135e+00
9.253060108293423625e+00
8.984420196688121862e+00
8.908254480986755652e+00
8.538193216388012985e+00
8.103924175268739205e+00
7.614939589955752375e+00
7.434486029265134022e+00
9.014736580463450721e+00
1.121063094264463089e+01
1.136962760853252341e+01
1.099350150527641290e+01
1.087913219994581659e+01
1.076918293899086621e+01
1.083090431592654390e+01
1.077054684983113830e+01
1.053236992914441039e+01
1.044469985102932519e+01
1.104780482348571979e+01
1.127203218910764804e+01
1.102078440737188103e+01
1.074306661793360185e+01
1.097122828004278539e+01
1.108356820291722400e+01
1.145862852263652343e+01
1.212799989871133732e+01
1.239084746277197802e+01
1.258629877514973217e+01
1.261819260882288241e+01
1.238477759355470731e+01
1.257845853897035759e+01
1.273075637689996498e+01
1.275344528773667996e+01
1.278307297995720226e+01
1.293141930419642449e+01
1.291979681664026991e+01
1.265448727595046385e+01
1.263529888786275102e+01
1.245534605377724091e+01
1.235092850347691673e+01
1.227843273749653719e+01
1.244277336617341234e+01
1.244351813839405807e+01
1.237685054327386780e+01
1.209300721981488635e+01
1.188386232560621636e+01
1.176316296992132493e+01
1.178431486394119965e+01
1.170799011362303155e+01
1.156147235004443807e+01
1.140735238014141117e+01
1.115506254968607891e+01
1.096852761360606543e+01
1.086898923045028020e+01
1.061002487112402015e+01
1.024906571455281323e+01
1.015403074022547258e+01
1.044304754084148179e+01
1.063886348501779722e+01
1.048302409616972675e+01
1.031279476154117525e+01
1.075166232837541180e+01
1.070551333089616186e+01
1.085359628973579404e+01
1.073529979101781429e+01
1.033475465879894628e+01
1.027498659180202267e+01
1.031802916073128351e+01
1.000886434938142777e+01
1.019689205388546860e+01
1.056114228395096610e+01
1.099561137718177228e+01
1.094029969714438266e+01
1.078633690012794055e+01
1.086357316166203013e+01
1.106145909624504498e+01
1.067868499579604347e+01
1.039060864057856115e+01
1.043759570533046599e+01
1.026426342472249686e+01
1.031739307723774601e+01
1.042553306644129307e+01
1.019684481416687660e+01
1.027275226222605475e+01
1.026312269860330240e+01
1.024847466026451848e+01
1.017128184683003767e+01
1.010051270535697299e+01
9.940759634616265217e+00
1.008627974441232311e+01
1.006391950663939916e+01
1.004706249525040107e+01
1.010933690378954353e+01
1.010970109043106646e+01
9.978686105651256355e+00
1.007411271512213169e+01
1.013279334301979873e+01
1.010514074264350093e+01
1.001314460588032240e+01
1.003831382684355766e+01
1.015913309819711330e+01
1.049025082968356948e+01
1.055888495500009761e+01
1.017400757537437350e+01
1.007042670550212193e+01
1.001705107697856789e+01
9.968792721101614518e+00
9.634847384260632808e+00
9.549197207008983668e+00
1.068739628266190955e+01
1.145177844815634849e+01
1.101849076335849453e+01
1.105110943131069767e+01
1.112474647182453680e+01
1.086926949983858215e+01
1.041655404835989529e+01
1.056973340609618539e+01
1.081137662695589974e+01
1.063724333744706918e+01
1.043524763785793930e+01
1.054053044420303564e+01
1.040527020614718445e+01
1.018080847364712405e+01
1.022422487353005671e+01
1.021328632907554912e+01
1.027401859109802196e+01
1.078718106010696687e+01
1.075282759212806027e+01
1.120951368550465155e+01
1.171720775078762955e+01
1.179058533580916190e+01
1.180262687130520760e+01
1.281430862958273309e+01
1.430791433408510827e+01
1.386573608258141022e+01
1.331898292532568995e+01
1.315123430658444192e+01
1.256623862032776096e+01
1.247076997742328786e+01
1.249927784238183648e+01
1.243535217124462200e+01
1.232459179088519541e+01
1.260125217057743541e+01
1.266593458524691940e+01
1.275513450134467774e+01
1.263919122090396208e+01
1.276174200145812598e+01
1.278163695016040080e+01
1.291892048852039743e+01
1.326753793236384382e+01
1.292514167157259486e+01
1.285931112493329032e+01
1.265079640717294929e+01
1.269563848741463197e+01
1.251771512466823388e+01
1.225463726712138879e+01
1.221921038956034877e+01
1.209795174678297514e+01
1.199135974662702253e+01
1.172983571292977523e+01
1.174123817386290014e+01
1.172575938891818659e+01
1.138354323994852990e+01
1.101212143910467312e+01
1.063673051520229684e+01
1.030549268655025763e+01
1.022478472632071878e+01
1.028768567873075845e+01
1.041172975725470629e+01
1.023714537337425945e+01
1.018885058256319631e+01
1.031010070829732150e+01
1.002331424910174462e+01
1.002816942779219112e+01
1.007453699286043225e+01
1.025245559836699627e+01
1.021057393881430109e+01
1.015697933990523794e+01
1.019238440686270764e+01
1.027448752782188102e+01
1.033338231312009725e+01
1.027196915213765394e+01
1.028442196657518792e+01
1.029699754249907606e+01
1.005385734301508016e+01
9.966660083626223354e+00
1.002886098761767464e+01
9.915815479111039110e+00
9.808447843604989558e+00
9.941019739952238865e+00
9.682582579130567524e+00
9.499155890561791438e+00
9.400039504527111234e+00
9.272324445105722290e+00
9.233293197986826684e+00
9.183613477395393687e+00
9.186838177700522579e+00
9.066912222145608879e+00
8.927482767450198864e+00
8.695629644208199949e+00
8.399282662711032188e+00
8.049128457340312792e+00
8.314427543307973067e+00
8.959158407275705116e+00
8.889848077418546879e+00
8.701623948797498898e+00
8.349304139740215902e+00
8.359876108264431949e+00
8.376107561726954032e+00
8.600085198924718455e+00
8.305072572066237058e+00
7.841395159646846302e+00
7.502018443865509312e+00
7.354348669552102535e+00
7.032769870379197208e+00
6.892611341477698161e+00
6.863068217994174880e+00
7.021459019134224100e+00
7.135673615291080019e+00
6.749385046555195444e+00
6.371124197042369985e+00
6.255534392753872908e+00
6.077110894709647049e+00
5.917948497322906398e+00
5.672909824257470923e+00
5.652945072353493750e+00
6.019377311889102522e+00
6.615094065969920223e+00
6.903853760934144823e+00
7.072343423931849671e+00
6.903589075108747863e+00
6.916798583163064507e+00
7.089404769713406829e+00
7.286649543117982297e+00
7.145702648865380091e+00
7.168567982874368028e+00
7.296488303270475484e+00
7.309258427048828999e+00
7.361771082722422754e+00
7.360163560641748148e+00
7.438654918884575196e+00
7.543003724768349016e+00
7.712593958878741773e+00
7.591174296105601016e+00
7.719288986311250156e+00
7.938464337151873274e+00
8.349960435550208615e+00
8.269830404049729466e+00
8.163258164897481350e+00
8.141236673981758543e+00
7.870389850876718718e+00
7.464199714592587576e+00
7.388468839827161183e+00
7.894986070839276060e+00
8.352538768621119658e+00
8.352891040841710080e+00
8.730797687607356750e+00
8.800135118922838728e+00
8.862877454465952098e+00
9.089047266005053416e+00
9.268881307255776747e+00
9.198117311513177796e+00
9.021458959561377000e+00
9.096380085000530968e+00
9.100085472059332048e+00
8.662411173457289948e+00
8.220629756583209158e+00
8.661817924844378069e+00
9.145229003936220735e+00
1.031140860030994943e+01
1.049587362219269870e+01
1.164235469663782219e+01
1.355480789013822651e+01
1.326339128954243840e+01
1.282882859799751785e+01
1.276236977519012683e+01
1.297409948562422777e+01
1.278793803266733775e+01
1.284357147623447126e+01
1.259702777343776958e+01
1.254207761681861122e+01
1.219456221809022622e+01
1.214712735011003808e+01
1.208421783870322130e+01
1.196040856156638199e+01
1.208784161950370439e+01
1.195980465532995218e+01
1.181132917239627211e+01
1.169053493396610577e+01
1.184143988473982212e+01
1.177082573717472691e+01
1.171657877348628141e+01
1.177511552353474400e+01
1.171032462192322932e+01
1.166374171786806002e+01
1.168167338656286169e+01
1.158726181952699541e+01
1.153572912559639541e+01
1.135863862470916885e+01
1.119226139861247837e+01
1.115080240509865206e+01
1.098482678366485032e+01
1.094612849522936138e+01
1.090931929276665358e+01
1.075959716958239731e+01
1.045687906029310277e+01
1.047365957759777366e+01
1.043819303983306668e+01
1.036419382158054070e+01
1.026205657887040523e+01
1.017768042865187539e+01
1.005011583486747107e+01
9.967404218065007981e+00
9.772371338135677377e+00
9.723742818509053976e+00
9.541465223942557472e+00
9.175255690248910412e+00
8.566807769136174144e+00
8.269173064579350196e+00
7.730631508032995924e+00
7.264663325997753773e+00
7.349817472303965538e+00
7.777428983963655895e+00
7.670878414852944971e+00
7.760375099511310992e+00
7.981961818193710201e+00
8.131950487461116595e+00
8.045673745719193803e+00
8.416417862521589299e+00
8.726153286460874625e+00
8.524511234888327849e+00
8.465278008127285148e+00
8.559606687767246314e+00
8.369810751704260809e+00
8.294628909954472107e+00
8.137779655787843680e+00
8.143616599118804089e+00
8.256643159689371458e+00
8.103366806509734843e+00
8.090084791918719986e+00
8.126681743946932102e+00
8.122434401753201527e+00
8.032364826089580134e+00
8.115539654914835310e+00
8.189136535398407801e+00
8.247441000068626238e+00
8.238336993923583762e+00
