8.418285714285714150e+00
8.260428571428573008e+00
8.426428571428571601e+00
8.426428571428571601e+00
8.511428571428570677e+00
9.057285714285715272e+00
9.251571428571427447e+00
9.704428571428570294e+00
9.688428571428572056e+00
9.789285714285712814e+00
9.850142857142856201e+00
9.870428571428572440e+00
1.016171428571428415e+01
1.001171428571428557e+01
1.005200000000000138e+01
1.013314285714285745e+01
1.028300000000000125e+01
1.033600000000000030e+01
1.021428571428571352e+01
1.009257142857142853e+01
1.024671428571428677e+01
1.044499999999999851e+01
1.039642857142857224e+01
1.037628571428571433e+01
1.043671428571428805e+01
1.043671428571428628e+01
1.029542857142857137e+01
1.015342857142857369e+01
9.991714285714285992e+00
9.789285714285712814e+00
9.850142857142857977e+00
9.708714285714284742e+00
9.628000000000000114e+00
9.372857142857142776e+00
9.174571428571429266e+00
9.032999999999999474e+00
8.855142857142856982e+00
8.576142857142857068e+00
8.414142857142858034e+00
8.931857142857143828e+00
9.235285714285714320e+00
9.150285714285715244e+00
9.138142857142856457e+00
9.348857142857143643e+00
9.150285714285715244e+00
9.271857142857143685e+00
9.223000000000000753e+00
9.223000000000000753e+00
9.105857142857143316e+00
8.996285714285715329e+00
8.810714285714286831e+00
8.640571428571428569e+00
8.935999999999999943e+00
8.895428571428571018e+00
8.955857142857142961e+00
9.085571428571428854e+00
9.231285714285714761e+00
9.247285714285714775e+00
9.230999999999999872e+00
9.230999999999999872e+00
9.255285714285715670e+00
9.656000000000000583e+00
9.425571428571428712e+00
9.230999999999999872e+00
9.230999999999999872e+00
9.247285714285714775e+00
9.296142857142857707e+00
9.230999999999999872e+00
9.182571428571430161e+00
9.198714285714286731e+00
9.118000000000000327e+00
9.118000000000000327e+00
9.057142857142856940e+00
8.955857142857142961e+00
8.846999999999999531e+00
8.721999999999999531e+00
8.656857142857145249e+00
8.608000000000002316e+00
8.624285714285717219e+00
8.608000000000002316e+00
8.467000000000000526e+00
8.446571428571427731e+00
8.426285714285715045e+00
8.228142857142858091e+00
8.325142857142855846e+00
8.507285714285714562e+00
8.224142857142856755e+00
8.082571428571428740e+00
7.791285714285714370e+00
7.742857142857142883e+00
7.759000000000000341e+00
7.661857142857142478e+00
7.354142857142856649e+00
7.402857142857142136e+00
7.289571428571428591e+00
6.933714285714286163e+00
6.593857142857141973e+00
6.225428571428571978e+00
5.934571428571429053e+00
5.712142857142857189e+00
5.533571428571429252e+00
5.545714285714287151e+00
5.760714285714286120e+00
5.954714285714286071e+00
6.399999999999999467e+00
6.383714285714285452e+00
6.456428571428570073e+00
6.625999999999999446e+00
6.593714285714285417e+00
6.512999999999999012e+00
6.545285714285713929e+00
6.836714285714286632e+00
6.853000000000000647e+00
6.853000000000000647e+00
6.982142857142856762e+00
7.184142857142856720e+00
7.435142857142856165e+00
7.451285714285712736e+00
7.589000000000000412e+00
7.662142857142858254e+00
7.645999999999999908e+00
7.629714285714285893e+00
7.531999999999998252e+00
7.515857142857141682e+00
7.418999999999998707e+00
7.418999999999998707e+00
7.322142857142856620e+00
7.686285714285714832e+00
7.580857142857142961e+00
7.580857142857141184e+00
7.451285714285712736e+00
7.338285714285713190e+00
7.176000000000000156e+00
7.103285714285713759e+00
7.127428571428572113e+00
6.982142857142856762e+00
6.755285714285713006e+00
6.775714285714285801e+00
6.816285714285713837e+00
6.496714285714284998e+00
6.391571428571428903e+00
6.140714285714286902e+00
5.740428571428572546e+00
5.416428571428570926e+00
5.525428571428571800e+00
5.692000000000000171e+00
5.692000000000000171e+00
5.379857142857142449e+00
4.935142857142857054e+00
4.526285714285713802e+00
4.203142857142856847e+00
4.017142857142856904e+00
3.972571428571427976e+00
3.818571428571428061e+00
3.596428571428571530e+00
3.588428571428571523e+00
3.725857142857143423e+00
4.477857142857142314e+00
4.684142857142857608e+00
4.684142857142857608e+00
4.623428571428570777e+00
4.623428571428570777e+00
4.854142857142856649e+00
5.137428571428571900e+00
5.335714285714286298e+00
5.493142857142858659e+00
5.452857142857142847e+00
5.626857142857142335e+00
5.692000000000000171e+00
5.728428571428572091e+00
5.857714285714285651e+00
5.889999999999999680e+00
5.938571428571428612e+00
5.975000000000000533e+00
5.975000000000000533e+00
5.975000000000000533e+00
6.185428571428571054e+00
6.416142857142856926e+00
6.512999999999999012e+00
6.529142857142856471e+00
6.569571428571428839e+00
6.480714285714284983e+00
6.448428571428570955e+00
6.432142857142856940e+00
6.286000000000000476e+00
6.249571428571428555e+00
6.104142857142856649e+00
5.942571428571428171e+00
6.039571428571428591e+00
5.950714285714285623e+00
5.606714285714285317e+00
5.505428571428571338e+00
5.157714285714286362e+00
5.282857142857143806e+00
5.209999999999999964e+00
5.044428571428571040e+00
5.522000000000000242e+00
5.647285714285715130e+00
5.299000000000000377e+00
4.850142857142856201e+00
4.538428571428570812e+00
4.126142857142856890e+00
3.653142857142857025e+00
3.430285714285715049e+00
3.661142857142857032e+00
3.312714285714285722e+00
3.859428571428570987e+00
3.867285714285713993e+00
3.765999999999999126e+00
3.863285714285713990e+00
4.231571428571428761e+00
4.732714285714284763e+00
4.829857142857142627e+00
4.817714285714285616e+00
4.720571428571427752e+00
5.020142857142857906e+00
5.453000000000000291e+00
5.728428571428572091e+00
5.809285714285714164e+00
5.926428571428571601e+00
5.857714285714285651e+00
5.918285714285715038e+00
5.889999999999999680e+00
5.889999999999999680e+00
5.926428571428571601e+00
5.938571428571428612e+00
5.889999999999999680e+00
6.007142857142857117e+00
6.007285714285714562e+00
6.318714285714285062e+00
7.010571428571426900e+00
7.677999999999999936e+00
7.823571428571428399e+00
7.662142857142858254e+00
7.645999999999999908e+00
7.597000000000000419e+00
7.531999999999998252e+00
7.645714285714285907e+00
7.694428571428572283e+00
7.775142857142857800e+00
7.775142857142857800e+00
7.759000000000000341e+00
7.694428571428572283e+00
8.078571428571427404e+00
9.174714285714285822e+00
9.506285714285715116e+00
9.275857142857143245e+00
9.259428571428571786e+00
9.012714285714285012e+00
8.705571428571429848e+00
8.341428571428574301e+00
7.936857142857142833e+00
7.499857142857142556e+00
7.127714285714286113e+00
6.787714285714285367e+00
6.642142857142856904e+00
6.561428571428570500e+00
6.338857142857143856e+00
6.104142857142856649e+00
6.039571428571428591e+00
5.878000000000000114e+00
5.541571428571429259e+00
5.663142857142856812e+00
6.241571428571427660e+00
6.739142857142856435e+00
6.738999999999998991e+00
7.220999999999999197e+00
7.305999999999999162e+00
7.418999999999998707e+00
7.515857142857141682e+00
7.499714285714284223e+00
7.418999999999998707e+00
7.827571428571427070e+00
8.329142857142857181e+00
8.660857142857143032e+00
8.640571428571428569e+00
8.721999999999999531e+00
8.721999999999999531e+00
8.624285714285715443e+00
8.608000000000002316e+00
8.608000000000002316e+00
8.624285714285715443e+00
8.903428571428571914e+00
8.839000000000000412e+00
8.705571428571428072e+00
8.738142857142857878e+00
8.721999999999999531e+00
8.656857142857143472e+00
8.624285714285715443e+00
8.486857142857143543e+00
8.308857142857144495e+00
8.131285714285715116e+00
8.131285714285715116e+00
8.260428571428573008e+00
8.406142857142857139e+00
8.567714285714288280e+00
8.567714285714286504e+00
8.467000000000000526e+00
8.268714285714287016e+00
7.815571428571429280e+00
7.354142857142856649e+00
7.378571428571427226e+00
7.402857142857142136e+00
7.257142857142857117e+00
6.949714285714285289e+00
6.435857142857143387e+00
5.881999999999999673e+00
5.626857142857142335e+00
5.970857142857142641e+00
6.176857142857143046e+00
6.144714285714285573e+00
6.415999999999998593e+00
6.545285714285713041e+00
6.787714285714286255e+00
6.998285714285714221e+00
7.030571428571428250e+00
7.095142857142858084e+00
7.014428571428571679e+00
6.966000000000000192e+00
7.014428571428571679e+00
7.078999999999999737e+00
6.917571428571428704e+00
6.853000000000000647e+00
6.853000000000000647e+00
6.787857142857141923e+00
6.738999999999998991e+00
6.820285714285715173e+00
6.853000000000000647e+00
6.966000000000000192e+00
6.966000000000000192e+00
6.966000000000000192e+00
6.966000000000000192e+00
6.868857142857142328e+00
6.593714285714285417e+00
6.496857142857142442e+00
6.318571428571429394e+00
6.286000000000000476e+00
6.205142857142857515e+00
6.027428571428571580e+00
5.768857142857142684e+00
5.898142857142858020e+00
5.853714285714285204e+00
5.521714285714286241e+00
5.509428571428571786e+00
5.565857142857143280e+00
5.481000000000000760e+00
5.177857142857143380e+00
4.696428571428571175e+00
4.170857142857142819e+00
4.077857142857142847e+00
4.012999999999999901e+00
3.499142857142857110e+00
2.969285714285714306e+00
2.517571428571428349e+00
2.133142857142857007e+00
2.089428571428571413e+00
2.274285714285714022e+00
2.777857142857143025e+00
2.641999999999999904e+00
2.078000000000000291e+00
1.658428571428571585e+00
1.918714285714285817e+00
2.839999999999999858e+00
3.021857142857142797e+00
3.717714285714285527e+00
4.174857142857142378e+00
5.242571428571428882e+00
5.991142857142857103e+00
6.023428571428572020e+00
6.075857142857143067e+00
6.213142857142856634e+00
6.071857142857142620e+00
6.160714285714285587e+00
6.654142857142857359e+00
7.046714285714285708e+00
7.143571428571428683e+00
7.078999999999999737e+00
7.159714285714286142e+00
7.192000000000000171e+00
7.192000000000000171e+00
7.192000000000000171e+00
7.192000000000000171e+00
7.402857142857142136e+00
7.847857142857143309e+00
9.522428571428573463e+00
9.413428571428571701e+00
9.546714285714287485e+00
9.951142857142857068e+00
1.007257142857143073e+01
9.769000000000000128e+00
9.789285714285714590e+00
9.931142857142857494e+00
9.931142857142857494e+00
9.910999999999999588e+00
9.931142857142857494e+00
1.014142857142857146e+01
1.001999999999999957e+01
9.971428571428571530e+00
9.890714285714285126e+00
9.999857142857141667e+00
1.016157142857142937e+01
1.001171428571428557e+01
9.898714285714286021e+00
9.870428571428572440e+00
9.575142857142855846e+00
9.506428571428571672e+00
9.348428571428572198e+00
9.198714285714286731e+00
9.057142857142858716e+00
9.016714285714286348e+00
8.895428571428571018e+00
8.636714285714285566e+00
8.519285714285713240e+00
8.224142857142856755e+00
8.082571428571428740e+00
7.661857142857142478e+00
7.888142857142857345e+00
8.107000000000001094e+00
8.296857142857144041e+00
8.446571428571429507e+00
8.547571428571430374e+00
8.575714285714285623e+00
8.507285714285714562e+00
8.406142857142857139e+00
8.313000000000000611e+00
8.260428571428573008e+00
8.365571428571428214e+00
8.325000000000001066e+00
8.462857142857142634e+00
8.624285714285715443e+00
8.640571428571430346e+00
8.746142857142856997e+00
8.673000000000000043e+00
8.673142857142858375e+00
8.640571428571430346e+00
8.608000000000002316e+00
8.624285714285715443e+00
8.608000000000002316e+00
8.583999999999999631e+00
8.673142857142858375e+00
8.834857142857142520e+00
8.855142857142856982e+00
9.045142857142858261e+00
9.125857142857144666e+00
9.198714285714286731e+00
9.008571428571427120e+00
8.895428571428572795e+00
8.931714285714285495e+00
9.118000000000000327e+00
8.996428571428571885e+00
9.190571428571429280e+00
9.534714285714287030e+00
9.607428571428570763e+00
9.575285714285714178e+00
9.514428571428572567e+00
9.166571428571428370e+00
9.142142857142857792e+00
8.608571428571428541e+00
8.268571428571430459e+00
7.952857142857142847e+00
7.621142857142856997e+00
7.321999999999998288e+00
7.321857142857142620e+00
6.925142857142856379e+00
6.383285714285714008e+00
5.853714285714285204e+00
5.768857142857143572e+00
6.496714285714285886e+00
7.208714285714285630e+00
7.305999999999999162e+00
7.240857142857143103e+00
7.289714285714285147e+00
7.216428571428571637e+00
7.378714285714285559e+00
7.678142857142857380e+00
7.759000000000000341e+00
7.791285714285714370e+00
7.969000000000000306e+00
8.115142857142858546e+00
8.171571428571429152e+00
8.212000000000001521e+00
8.268714285714285239e+00
8.567714285714288280e+00
8.640571428571430346e+00
8.689428571428573278e+00
8.738142857142857878e+00
8.681000000000000938e+00
8.705714285714286405e+00
8.640571428571428569e+00
8.600285714285714533e+00
8.762285714285713567e+00
8.863142857142857878e+00
8.818857142857144282e+00
9.142142857142859569e+00
9.417285714285714704e+00
9.546714285714287485e+00
9.628000000000000114e+00
9.647857142857144908e+00
9.628000000000000114e+00
9.526571428571429578e+00
9.566999999999998394e+00
9.486285714285713766e+00
9.279857142857142804e+00
9.166571428571430147e+00
9.057285714285715272e+00
9.417285714285714704e+00
1.023442857142857143e+01
1.035585714285714509e+01
1.021428571428571352e+01
9.696428571428571175e+00
9.356857142857140985e+00
9.105714285714286760e+00
8.652857142857143913e+00
8.446571428571427731e+00
8.252428571428572113e+00
8.082571428571428740e+00
8.099000000000001975e+00
7.879999999999999893e+00
7.580857142857142961e+00
7.532142857142856585e+00
7.370571428571428108e+00
7.159857142857142698e+00
7.467571428571427639e+00
7.613285714285714434e+00
7.839714285714285857e+00
7.952714285714285403e+00
8.058285714285714718e+00
8.292857142857142705e+00
8.244285714285714661e+00
8.212000000000001521e+00
8.228142857142858091e+00
8.212000000000001521e+00
8.131285714285715116e+00
8.115142857142858546e+00
8.115142857142858546e+00
8.099000000000001975e+00
8.115142857142858546e+00
8.099000000000001975e+00
8.050142857142857267e+00
7.920428571428571374e+00
7.807428571428571829e+00
7.467428571428570194e+00
7.289571428571428591e+00
7.143571428571428683e+00
6.917571428571428704e+00
6.909428571428571253e+00
6.901428571428572134e+00
6.723428571428571310e+00
6.237571428571428989e+00
5.970857142857142641e+00
5.626857142857143224e+00
5.432571428571428385e+00
5.290999999999999481e+00
5.501285714285715223e+00
5.157571428571428918e+00
4.817714285714285616e+00
4.882428571428571118e+00
4.429142857142857714e+00
4.380714285714285339e+00
3.806714285714285495e+00
2.825714285714284735e+00
2.845428571428571196e+00
3.551999999999999602e+00
4.122428571428572219e+00
3.936142857142856943e+00
3.353428571428572091e+00
2.767714285714285349e+00
2.819428571428571395e+00
4.449571428571428733e+00
5.246714285714285886e+00
5.995285714285714107e+00
6.177142857142857046e+00
6.176857142857143046e+00
6.173000000000000043e+00
6.545285714285713041e+00
6.755571428571427894e+00
6.820428571428571729e+00
7.030571428571428250e+00
7.192142857142856727e+00
7.516285714285714015e+00
7.888142857142857345e+00
8.017571428571429237e+00
8.155428571428572582e+00
8.309142857142857608e+00
8.567714285714286504e+00
8.604142857142857537e+00
8.899428571428570578e+00
8.915571428571428925e+00
9.093571428571429749e+00
9.247285714285712999e+00
9.057142857142858716e+00
9.077428571428573179e+00
9.118000000000000327e+00
9.150285714285715244e+00
9.118000000000000327e+00
9.118000000000000327e+00
9.049142857142857821e+00
8.766142857142856570e+00
8.754285714285716224e+00
8.689428571428573278e+00
8.656857142857145249e+00
8.317142857142858503e+00
8.066142857142857281e+00
7.823571428571428399e+00
7.386571428571429010e+00
7.014428571428571679e+00
6.990142857142856769e+00
7.115571428571429102e+00
8.576142857142857068e+00
1.014971428571428547e+01
1.061085714285714232e+01
9.837999999999999190e+00
9.453714285714287513e+00
9.470000000000000639e+00
9.563000000000002387e+00
9.073285714285713510e+00
8.919714285714286817e+00
8.810714285714286831e+00
8.705714285714286405e+00
8.648999999999999133e+00
8.653000000000000469e+00
8.802714285714285936e+00
8.600285714285714533e+00
8.487142857142856656e+00
8.608000000000002316e+00
8.446428571428571175e+00
8.329142857142857181e+00
8.296857142857144041e+00
8.531428571428573804e+00
8.648714285714287797e+00
8.466857142857142193e+00
8.410142857142856698e+00
8.656857142857143472e+00
8.794571428571428484e+00
8.818857142857144282e+00
9.020571428571429351e+00
9.223285714285713865e+00
9.247285714285714775e+00
9.166428571428571814e+00
9.118000000000000327e+00
9.118000000000000327e+00
9.077428571428573179e+00
9.247428571428571331e+00
9.134142857142858674e+00
9.166428571428571814e+00
9.215142857142856414e+00
9.162285714285715699e+00
8.935714285714285054e+00
9.053000000000000824e+00
9.437571428571427390e+00
9.648142857142858020e+00
9.627857142857141781e+00
9.696285714285712842e+00
9.466142857142857636e+00
9.486285714285713766e+00
9.445857142857141397e+00
9.514285714285716011e+00
1.035599999999999810e+01
1.051757142857142924e+01
1.049728571428571477e+01
1.049728571428571477e+01
1.041671428571428670e+01
1.026285714285714334e+01
9.878285714285713226e+00
9.409428571428572141e+00
9.971428571428573306e+00
1.029542857142857137e+01
1.076028571428571468e+01
1.070371428571428396e+01
1.121714285714285531e+01
1.212357142857142911e+01
1.260100000000000087e+01
1.148028571428571176e+01
1.115285714285714214e+01
1.105171428571428471e+01
1.095071428571428562e+01
1.102757142857142902e+01
1.094257142857142817e+01
1.096671428571428564e+01
1.105985714285714216e+01
1.164228571428571080e+01
1.232185714285714262e+01
1.334542857142857031e+01
1.403285714285714114e+01
1.304985714285714415e+01
1.303357142857142570e+01
1.283142857142857274e+01
1.268985714285714472e+01
1.262900000000000134e+01
1.259671428571428642e+01
1.252785714285714391e+01
1.236242857142856799e+01
1.229000000000000092e+01
1.224942857142857022e+01
1.214799999999999791e+01
1.214799999999999791e+01
1.218857142857142684e+01
1.231771428571428650e+01
1.212771428571428700e+01
1.216014285714285670e+01
1.220471428571428341e+01
1.190485714285714280e+01
1.171528571428571475e+01
1.152500000000000213e+01
1.150471428571428589e+01
1.127785714285714214e+01
1.114057142857142857e+01
1.082085714285714140e+01
1.074014285714285677e+01
1.072771428571428665e+01
1.069957142857142784e+01
1.052171428571428358e+01
1.060271428571428487e+01
1.100728571428571279e+01
1.087357142857142733e+01
1.078028571428571425e+01
1.053785714285714370e+01
1.028314285714285781e+01
1.007228571428571406e+01
9.728857142857142648e+00
9.546857142857145817e+00
9.486000000000002430e+00
9.445857142857144950e+00
9.012714285714285012e+00
8.491142857142857991e+00
9.065571428571429280e+00
9.279857142857142804e+00
9.113857142857144211e+00
9.591285714285714192e+00
9.870285714285714107e+00
1.027085714285714246e+01
1.039642857142857224e+01
1.046514285714285641e+01
1.047700000000000209e+01
1.047700000000000209e+01
1.047700000000000209e+01
1.067928571428571338e+01
1.091014285714285670e+01
1.099128571428571277e+01
1.100728571428571456e+01
1.101942857142857157e+01
1.161400000000000254e+01
1.135471428571428554e+01
1.167085714285714282e+01
1.166699999999999982e+01
1.158585714285714197e+01
1.152500000000000213e+01
1.139114285714285479e+01
1.133042857142856974e+01
1.118885714285714172e+01
1.107228571428571406e+01
1.176342857142857135e+01
1.190885714285714236e+01
1.204657142857142738e+01
1.195742857142857041e+01
1.169114285714285906e+01
1.166699999999999982e+01
1.166699999999999982e+01
1.154528571428571482e+01
1.143171428571428372e+01
1.153314285714285958e+01
1.146414285714285697e+01
1.127371428571428602e+01
1.149257142857142888e+01
1.179600000000000115e+01
1.184842857142857220e+01
1.188942857142857079e+01
1.299714285714285822e+01
1.261300000000000132e+01
1.258057142857142985e+01
1.230157142857142638e+01
1.190900000000000070e+01
1.190900000000000070e+01
1.152499999999999680e+01
1.144385714285714428e+01
1.137899999999999956e+01
1.107200000000000095e+01
1.101128571428571412e+01
1.062685714285714411e+01
1.042457142857142749e+01
1.039642857142857224e+01
1.033571428571428719e+01
1.039642857142857224e+01
1.046514285714285641e+01
1.030357142857142883e+01
1.047700000000000209e+01
1.043685714285714106e+01
1.027514285714285691e+01
1.016157142857142937e+01
1.021014285714285741e+01
1.021428571428571708e+01
1.015342857142857191e+01
1.019400000000000084e+01
1.033600000000000030e+01
1.021428571428571708e+01
1.019400000000000084e+01
1.017371428571428638e+01
1.024271428571428544e+01
1.014128571428571490e+01
1.013314285714285745e+01
9.914714285714286035e+00
9.688428571428572056e+00
9.668285714285714150e+00
9.668285714285714150e+00
9.647999999999999687e+00
9.340571428571427859e+00
9.065428571428572724e+00
8.762285714285715343e+00
9.016857142857144680e+00
9.182714285714284941e+00
9.101714285714287200e+00
8.879428571428572781e+00
9.012571428571428456e+00
9.251428571428570891e+00
9.757142857142856229e+00
9.769142857142856684e+00
1.048942857142857221e+01
1.152500000000000036e+01
1.174742857142857133e+01
1.193371428571428616e+01
1.222899999999999743e+01
1.176342857142857135e+01
1.103542857142857159e+01
1.063514285714285634e+01
1.034385714285714464e+01
1.051757142857142924e+01
1.136714285714285566e+01
1.072799999999999976e+01
1.053800000000000026e+01
1.014128571428571490e+01
9.850142857142856201e+00
9.809714285714283832e+00
9.789285714285712814e+00
9.939285714285714946e+00
9.708571428571428186e+00
9.777428571428572468e+00
9.951285714285715400e+00
1.018585714285714339e+01
1.027500000000000213e+01
1.044499999999999851e+01
1.085728571428571243e+01
1.160185714285714198e+01
1.141557142857142715e+01
1.121328571428571408e+01
1.158542857142857407e+01
1.148042857142857187e+01
1.148842857142857099e+01
1.178414285714285725e+01
1.212371428571428567e+01
1.182028571428571517e+01
1.162642857142857267e+01
1.172728571428571342e+01
1.197814285714285631e+01
1.200628571428571156e+01
1.229757142857142860e+01
1.228942857142857115e+01
1.243942857142856973e+01
1.245542857142856974e+01
1.205471428571428483e+01
1.183600000000000030e+01
1.171914285714285775e+01
1.141557142857142537e+01
1.134257142857142675e+01
1.137500000000000000e+01
1.139528571428571446e+01
1.218000000000000149e+01
1.329671428571428748e+01
1.361199999999999832e+01
1.298914285714285732e+01
1.248785714285714121e+01
1.222914285714285576e+01
1.193314285714285639e+01
1.183600000000000030e+01
1.167085714285714282e+01
1.146014285714285563e+01
1.146428571428571352e+01
1.119714285714285573e+01
1.088171428571428478e+01
1.074000000000000021e+01
1.059842857142857220e+01
1.034385714285714286e+01
1.001185714285714212e+01
9.728857142857142648e+00
9.587428571428571189e+00
9.567142857142858503e+00
9.389142857142857679e+00
9.437571428571429166e+00
9.611571428571428655e+00
9.753000000000000114e+00
9.696428571428571175e+00
9.607714285714285651e+00
9.389285714285716011e+00
9.324428571428571288e+00
9.405428571428570805e+00
9.728999999999999204e+00
1.025485714285714245e+01
1.033557142857142885e+01
1.025485714285714423e+01
1.031571428571428406e+01
1.033600000000000030e+01
1.033600000000000030e+01
1.035614285714285643e+01
1.031571428571428406e+01
1.028328571428571259e+01
1.013314285714285745e+01
9.931142857142857494e+00
9.769285714285715017e+00
9.890714285714285126e+00
9.850285714285714533e+00
9.850142857142856201e+00
9.829714285714285182e+00
9.648142857142858020e+00
9.623571428571429109e+00
9.312428571428570834e+00
9.247428571428571331e+00
9.198857142857145064e+00
9.016571428571428015e+00
9.113857142857144211e+00
8.935714285714286831e+00
8.935714285714286831e+00
8.855142857142856982e+00
8.583999999999999631e+00
8.203857142857144069e+00
8.066428571428572170e+00
8.025857142857145021e+00
8.381571428571430005e+00
8.329142857142857181e+00
8.179714285714286603e+00
7.718571428571428861e+00
7.265142857142857125e+00
6.698999999999999844e+00
6.472571428571428420e+00
6.609999999999999432e+00
7.592999999999999083e+00
9.385285714285714675e+00
9.215142857142856414e+00
8.243999999999999773e+00
7.257142857142857117e+00
7.427000000000000490e+00
8.798428571428571487e+00
9.332571428571428740e+00
9.345000000000000639e+00
9.530714285714285694e+00
9.769000000000000128e+00
9.769000000000000128e+00
9.587428571428571189e+00
9.486285714285713766e+00
9.878428571428571558e+00
9.906714285714285140e+00
1.014528571428571624e+01
1.062299999999999933e+01
1.061899999999999977e+01
1.061899999999999977e+01
1.061899999999999977e+01
1.062699999999999889e+01
1.095071428571428385e+01
1.141585714285714381e+01
1.172728571428571520e+01
1.173942857142857221e+01
1.193314285714285639e+01
1.200600000000000023e+01
1.176342857142857312e+01
1.142357142857142627e+01
1.121728571428571364e+01
1.060671428571428621e+01
1.064685714285714369e+01
1.105157142857142638e+01
1.105171428571428471e+01
1.111228571428571499e+01
1.080071428571428704e+01
1.103542857142856981e+01
1.103942857142857115e+01
1.177171428571428535e+01
1.160571428571428498e+01
1.107199999999999918e+01
1.100342857142857156e+01
1.096671428571428564e+01
1.246342857142857063e+01
1.252785714285714391e+01
1.245914285714285619e+01
1.209114285714285764e+01
1.194542857142856995e+01
1.174328571428571522e+01
1.173542857142857088e+01
1.191314285714285681e+01
1.220457142857142685e+01
1.209928571428571331e+01
1.193742857142857083e+01
1.192928571428571338e+01
1.177571428571428669e+01
1.158971428571428497e+01
1.140328571428571180e+01
1.136685714285714255e+01
1.121299999999999741e+01
1.086942857142857122e+01
1.058642857142857174e+01
1.033557142857142885e+01
1.012114285714285700e+01
9.951285714285715400e+00
9.769285714285713240e+00
9.708428571428571630e+00
9.809571428571429053e+00
9.769000000000000128e+00
9.769000000000000128e+00
9.910857142857143032e+00
9.959285714285714519e+00
1.027485714285714380e+01
1.033600000000000030e+01
1.029542857142857137e+01
1.021428571428571708e+01
1.033585714285714197e+01
1.013314285714285745e+01
1.001171428571428557e+01
9.971428571428571530e+00
9.829857142857141739e+00
9.486285714285715542e+00
9.345000000000000639e+00
9.198999999999999844e+00
9.057142857142856940e+00
9.073428571428573619e+00
8.964000000000000412e+00
8.693428571428571061e+00
8.543857142857142151e+00
8.236142857142857210e+00
8.106857142857142762e+00
8.195857142857144950e+00
8.834857142857142520e+00
9.004571428571429337e+00
8.996428571428571885e+00
8.511285714285712345e+00
8.289000000000001478e+00
7.544285714285714484e+00
7.058999999999999275e+00
6.294142857142857927e+00
5.768714285714286127e+00
5.392428571428570017e+00
5.440571428571430168e+00
5.299285714285714377e+00
5.331428571428571850e+00
6.080142857142857515e+00
6.233571428571429429e+00
5.987000000000000988e+00
6.047714285714286042e+00
6.715142857142857302e+00
6.885142857142857231e+00
6.885142857142858119e+00
7.224857142857142200e+00
7.175857142857142712e+00
7.208428571428570741e+00
7.564714285714286390e+00
7.613428571428570990e+00
7.597142857142857864e+00
7.637428571428571900e+00
7.908714285714286696e+00
8.034000000000000696e+00
8.066428571428572170e+00
8.228142857142858091e+00
8.308857142857144495e+00
8.515285714285713681e+00
8.547571428571428598e+00
8.426428571428571601e+00
8.426428571428571601e+00
8.495000000000000995e+00
8.389857142857144012e+00
8.438571428571426836e+00
8.487142857142856656e+00
8.426428571428571601e+00
8.264571428571429124e+00
8.292714285714286149e+00
8.410000000000000142e+00
8.292714285714286149e+00
8.244285714285714661e+00
8.066285714285713837e+00
7.904285714285713915e+00
7.823571428571428399e+00
8.167571428571429593e+00
8.224000000000000199e+00
8.478857142857142648e+00
8.260428571428573008e+00
7.871999999999999886e+00
8.034000000000000696e+00
8.693285714285714505e+00
9.194714285714285396e+00
1.090199999999999925e+01
1.051771428571428579e+01
9.991857142857144325e+00
9.850142857142856201e+00
9.567000000000001947e+00
9.251571428571429223e+00
8.951999999999999957e+00
8.640571428571430346e+00
8.620428571428572440e+00
8.814714285714286390e+00
8.851142857142857423e+00
9.085571428571430630e+00
8.996285714285713553e+00
8.911857142857142478e+00
8.778428571428571914e+00
8.563857142857141724e+00
8.665285714285714036e+00
8.754285714285714448e+00
8.903428571428571914e+00
9.020714285714285907e+00
9.421428571428574372e+00
9.465857142857144524e+00
9.506285714285715116e+00
9.486000000000002430e+00
9.538714285714286589e+00
9.546857142857145817e+00
9.546857142857145817e+00
9.506285714285715116e+00
9.365142857142856769e+00
9.328714285714285737e+00
9.316285714285713837e+00
9.247285714285714775e+00
9.150285714285715244e+00
9.166428571428571814e+00
9.016857142857142904e+00
8.612428571428571544e+00
8.652714285714285580e+00
8.656857142857145249e+00
8.587857142857144410e+00
8.280714285714285694e+00
8.228142857142858091e+00
8.203857142857144069e+00
8.212000000000001521e+00
8.114857142857143657e+00
8.292714285714286149e+00
8.349428571428573420e+00
8.551714285714286490e+00
9.138285714285714789e+00
9.150285714285715244e+00
9.190857142857142392e+00
9.037000000000000810e+00
8.543571428571429038e+00
8.567999999999999616e+00
8.098571428571428754e+00
7.787142857142858254e+00
7.661714285714284145e+00
7.354285714285714093e+00
7.062857142857143167e+00
6.755428571428571338e+00
6.359000000000000874e+00
6.529142857142856471e+00
6.448428571428570955e+00
6.116428571428571992e+00
5.926428571428571601e+00
5.849714285714285644e+00
5.926428571428572489e+00
6.241571428571428548e+00
6.164714285714285147e+00
6.201285714285714512e+00
6.512999999999999012e+00
6.601857142857141980e+00
6.476428571428570535e+00
6.601857142857142868e+00
6.755285714285713006e+00
6.885142857142857231e+00
7.062999999999999723e+00
7.224571428571429088e+00
7.322000000000000064e+00
7.531999999999998252e+00
7.613428571428571878e+00
7.791142857142856926e+00
7.815428571428570947e+00
7.742857142857142883e+00
8.013571428571427901e+00
7.771142857142857352e+00
7.742857142857142883e+00
7.431285714285713162e+00
7.625428571428571445e+00
7.467428571428570194e+00
7.435142857142856165e+00
7.249000000000000554e+00
7.159857142857142698e+00
7.451428571428571956e+00
7.609285714285713986e+00
7.653857142857142470e+00
7.402857142857143025e+00
7.183999999999999275e+00
6.982142857142856762e+00
6.549142857142856933e+00
6.322714285714285509e+00
6.597857142857142421e+00
7.054857142857143160e+00
6.998285714285714221e+00
6.901428571428572134e+00
7.111428571428571210e+00
6.909285714285713809e+00
6.391428571428571459e+00
5.837428571428572077e+00
6.120714285714285552e+00
6.674428571428570933e+00
6.258142857142857451e+00
5.869857142857143550e+00
6.241571428571428548e+00
6.063714285714286056e+00
5.586285714285715187e+00
5.133285714285714008e+00
5.076714285714285957e+00
5.355714285714285872e+00
5.667571428571428704e+00
5.647285714285715130e+00
5.521714285714286241e+00
5.853714285714285204e+00
5.938571428571428612e+00
6.023428571428572020e+00
5.995142857142857551e+00
6.225285714285713645e+00
6.237428571428571544e+00
6.351142857142856535e+00
6.424142857142856933e+00
6.432285714285713496e+00
6.367285714285714882e+00
6.351142857142858311e+00
6.225285714285713645e+00
6.168714285714285595e+00
6.265857142857143458e+00
6.391714285714285460e+00
6.537142857142858254e+00
6.265857142857142570e+00
6.217285714285714526e+00
6.088000000000000078e+00
6.104142857142856649e+00
5.979000000000000092e+00
5.744571428571428662e+00
5.780999999999999694e+00
5.659428571428572141e+00
5.190000000000000391e+00
4.740857142857143103e+00
4.332571428571428740e+00
3.871285714285714441e+00
3.296571428571428708e+00
2.837571428571428633e+00
2.490285714285714658e+00
2.661714285714285477e+00
3.102571428571428758e+00
2.640428571428572013e+00
2.547999999999999599e+00
2.491857142857142549e+00
2.037142857142856922e+00
1.345571428571428640e+00
1.204285714285714182e+00
8.482857142857144206e-01
7.500000000000000000e-01
8.515714285714285348e-01
8.531428571428572027e-01
7.950000000000000400e-01
1.119714285714285662e+00
1.171285714285714485e+00
9.431428571428570606e-01
1.070428571428571507e+00
1.266428571428571459e+00
1.135714285714285676e+00
1.207857142857142962e+00
1.675999999999999934e+00
2.580571428571428516e+00
3.337142857142857189e+00
3.887714285714285456e+00
4.106142857142857316e+00
4.163000000000000256e+00
4.199285714285714732e+00
4.320428571428571729e+00
4.429142857142857714e+00
4.408999999999999808e+00
4.570999999999999730e+00
4.890571428571427681e+00
4.894571428571429017e+00
5.290999999999999481e+00
5.586285714285714299e+00
5.982857142857143096e+00
6.148571428571428577e+00
6.273857142857143465e+00
6.277999999999999581e+00
6.261714285714285566e+00
6.310571428571427610e+00
6.440285714285714391e+00
6.472428571428571864e+00
6.771714285714286241e+00
7.119428571428571217e+00
7.305999999999999162e+00
7.228714285714285204e+00
7.346142857142856641e+00
7.370571428571428108e+00
7.305857142857142605e+00
7.216428571428571637e+00
6.787857142857141923e+00
6.650428571428570912e+00
6.642142857142856904e+00
6.508714285714284564e+00
6.468285714285713972e+00
6.739142857142856435e+00
6.860857142857142321e+00
7.289428571428572035e+00
7.354142857142856649e+00
7.981142857142857316e+00
7.819428571428572283e+00
7.447285714285714064e+00
7.103428571428572091e+00
6.755571428571427894e+00
6.270000000000000462e+00
5.889857142857143124e+00
5.869857142857142662e+00
5.565857142857143280e+00
5.954428571428571182e+00
6.310571428571427610e+00
6.432000000000000384e+00
6.820285714285714285e+00
6.933714285714286163e+00
7.342285714285714526e+00
7.952857142857142847e+00
7.944857142857143728e+00
8.195857142857144950e+00
8.292714285714286149e+00
8.377714285714285225e+00
8.996714285714286774e+00
9.166571428571430147e+00
9.198714285714286731e+00
9.247428571428571331e+00
9.296142857142855931e+00
9.218999999999999417e+00
9.150285714285715244e+00
9.206999999999998963e+00
9.036857142857142478e+00
8.960142857142857409e+00
9.057285714285715272e+00
9.182571428571430161e+00
8.859142857142858318e+00
8.665000000000000924e+00
8.616142857142859768e+00
8.446428571428572951e+00
8.301000000000001933e+00
8.066428571428572170e+00
7.839714285714285857e+00
7.807428571428571829e+00
7.548285714285713155e+00
7.103285714285713759e+00
6.933571428571428719e+00
6.868999999999999773e+00
6.869142857142857217e+00
6.779714285714284472e+00
7.054999999999999716e+00
8.397999999999999687e+00
8.830857142857142961e+00
9.012857142857145121e+00
9.065285714285716168e+00
9.012571428571428456e+00
8.661142857142857920e+00
8.369714285714286106e+00
7.783142857142856919e+00
7.200571428571429067e+00
6.941714285714285282e+00
6.674428571428570933e+00
6.476857142857142868e+00
6.694714285714285396e+00
6.966000000000001080e+00
7.273285714285713688e+00
7.418999999999998707e+00
7.354428571428570649e+00
7.043000000000000149e+00
7.143857142857142684e+00
7.876285714285714334e+00
8.337285714285712857e+00
8.470714285714285197e+00
8.632714285714286007e+00
8.660999999999999588e+00
8.729857142857143870e+00
8.830857142857142961e+00
8.814571428571428058e+00
8.899428571428570578e+00
9.243285714285716992e+00
9.947142857142855732e+00
1.057042857142857351e+01
1.002014285714285791e+01
9.931285714285715827e+00
1.002014285714285613e+01
9.890571428571428569e+00
9.785571428571429919e+00
9.773285714285714576e+00
9.902857142857142136e+00
1.023028571428571531e+01
1.057042857142856995e+01
1.053414285714285725e+01
1.048142857142857132e+01
1.021428571428571708e+01
1.007257142857142718e+01
1.020614285714285963e+01
9.789285714285712814e+00
9.405285714285714249e+00
9.247428571428573107e+00
9.271714285714285353e+00
9.093571428571427973e+00
9.344571428571429195e+00
9.684571428571429053e+00
1.060699999999999932e+01
1.132299999999999685e+01
1.171914285714285775e+01
1.153714285714285559e+01
1.131471428571428639e+01
1.093457142857142905e+01
1.078471428571428525e+01
1.065914285714285548e+01
1.076457142857142735e+01
1.057842857142857085e+01
1.022642857142857231e+01
9.801714285714284713e+00
9.672142857142857153e+00
9.797714285714283378e+00
9.850142857142856201e+00
1.003628571428571625e+01
1.003200000000000003e+01
1.004414285714285704e+01
9.999857142857141667e+00
1.004000000000000092e+01
1.004442857142857015e+01
1.005642857142857061e+01
1.000771428571428601e+01
1.016971428571428682e+01
1.035599999999999987e+01
1.047728571428571520e+01
1.046100000000000030e+01
1.047314285714285909e+01
1.052957142857142792e+01
1.048557142857142921e+01
1.042057142857142615e+01
1.039228571428571613e+01
1.029928571428571438e+01
1.021028571428571396e+01
1.028714285714285559e+01
1.004814285714285838e+01
9.967714285714285083e+00
9.915142857142857480e+00
9.692428571428569839e+00
9.668000000000001037e+00
9.538714285714286589e+00
9.450000000000001066e+00
9.465857142857142748e+00
9.352714285714286646e+00
9.284000000000000696e+00
9.182714285714286717e+00
9.004571428571429337e+00
8.846999999999999531e+00
8.660999999999999588e+00
8.333285714285713297e+00
8.005714285714285339e+00
7.815142857142858723e+00
7.851714285714286312e+00
7.689999999999999503e+00
7.034857142857142698e+00
6.508857142857143785e+00
6.686714285714285388e+00
6.706999999999998963e+00
6.634142857142856897e+00
6.658428571428571807e+00
6.706857142857141518e+00
6.917428571428572148e+00
6.909285714285713809e+00
6.815999999999999837e+00
6.545428571428572262e+00
6.169142857142857039e+00
6.051571428571429045e+00
6.027428571428571580e+00
6.440142857142856947e+00
6.427999999999999936e+00
6.537285714285713922e+00
6.517142857142856904e+00
6.383428571428571452e+00
6.383571428571428008e+00
6.585857142857142854e+00
6.573714285714285843e+00
6.618285714285714327e+00
6.654428571428570471e+00
6.621999999999999886e+00
6.710999999999999410e+00
6.808285714285714718e+00
6.937857142857142279e+00
6.970142857142856307e+00
6.933714285714286163e+00
6.958000000000000185e+00
7.002428571428572113e+00
7.091285714285715081e+00
7.196428571428572063e+00
7.156142857142858027e+00
7.224714285714285644e+00
7.334142857142857075e+00
7.317857142857142172e+00
7.224857142857142200e+00
6.763571428571428790e+00
6.779714285714285360e+00
7.002428571428572113e+00
6.597999999999999865e+00
6.569571428571427951e+00
6.731285714285713873e+00
6.630142857142856450e+00
6.472142857142857864e+00
6.023428571428572020e+00
5.651285714285713802e+00
4.288000000000000256e+00
3.482857142857142652e+00
2.818285714285714505e+00
3.446571428571428175e+00
3.498999999999999666e+00
3.390000000000000124e+00
2.918285714285713706e+00
2.521285714285714352e+00
2.055000000000000160e+00
2.419857142857142929e+00
2.241571428571428548e+00
2.258428571428571008e+00
2.218857142857143305e+00
2.010428571428571676e+00
1.832571428571428518e+00
1.944428571428571173e+00
2.366571428571428992e+00
2.402999999999999581e+00
2.357142857142857206e+00
2.350714285714285534e+00
2.827571428571428847e+00
2.851999999999999869e+00
2.930714285714285161e+00
3.555857142857143049e+00
3.814571428571428946e+00
4.033000000000000362e+00
4.377000000000000668e+00
4.551000000000000156e+00
4.801857142857143046e+00
4.805714285714286049e+00
4.732999999999999652e+00
4.490285714285714214e+00
4.777571428571428136e+00
4.939142857142856613e+00
5.011999999999999567e+00
4.979571428571428093e+00
4.979714285714286426e+00
4.894571428571427241e+00
4.789714285714285147e+00
4.874428571428571999e+00
5.076714285714285957e+00
5.376428571428571779e+00
5.590571428571428747e+00
5.647142857142857686e+00
5.797000000000001485e+00
6.071714285714286063e+00
6.156857142857142584e+00
5.906142857142858027e+00
6.011285714285715009e+00
6.500857142857142890e+00
6.666857142857142371e+00
6.318714285714285950e+00
5.801000000000000156e+00
5.068714285714285950e+00
4.105999999999999872e+00
3.148428571428570688e+00
2.074857142857142289e+00
1.388428571428571567e+00
1.614571428571428546e+00
1.917571428571428260e+00
3.911857142857143366e+00
4.571142857142857174e+00
4.825999999999999623e+00
4.854285714285714981e+00
4.672285714285714597e+00
4.397000000000000242e+00
4.187000000000000277e+00
4.477999999999999758e+00
4.753142857142856670e+00
4.959428571428571964e+00
4.996000000000000441e+00
4.866285714285714548e+00
5.044428571428571040e+00
5.186142857142857387e+00
5.339714285714285857e+00
5.335714285714286298e+00
5.606571428571428761e+00
5.821142857142858063e+00
6.014857142857143124e+00
5.987000000000000988e+00
5.922142857142857153e+00
5.918000000000000149e+00
5.910142857142857586e+00
5.881857142857143117e+00
5.987000000000000099e+00
6.197285714285714064e+00
6.338714285714284635e+00
6.626285714285714334e+00
6.662285714285713922e+00
7.046857142857142264e+00
7.055000000000000604e+00
7.051000000000000156e+00
7.075285714285714178e+00
6.901285714285714690e+00
6.747428571428571331e+00
6.763714285714285346e+00
6.601999999999999424e+00
6.678714285714285381e+00
7.447428571428571509e+00
7.500000000000000000e+00
7.475857142857142534e+00
7.508142857142857451e+00
8.244428571428571217e+00
8.446571428571427731e+00
8.244142857142858105e+00
7.811428571428571388e+00
7.152000000000000135e+00
6.727285714285713425e+00
6.464571428571427525e+00
6.719285714285715194e+00
6.909285714285715585e+00
7.055142857142856272e+00
6.735285714285713432e+00
6.424000000000000377e+00
6.003142857142856670e+00
5.691428571428572170e+00
5.291285714285714370e+00
5.157714285714285474e+00
5.283285714285713475e+00
5.554142857142856826e+00
5.675571428571428712e+00
5.804999999999999716e+00
6.144714285714284685e+00
6.059714285714285609e+00
5.990857142857143103e+00
5.748428571428571665e+00
5.643000000000000682e+00
5.736142857142857210e+00
5.881857142857143117e+00
5.979000000000000092e+00
6.059714285714284721e+00
6.250142857142857444e+00
6.375428571428571445e+00
6.553285714285713048e+00
7.519857142857142129e+00
9.910857142857143032e+00
1.026685714285714290e+01
1.036414285714285732e+01
1.021814285714285653e+01
1.015771428571428636e+01
1.146028571428571574e+01
1.231771428571428473e+01
1.260099999999999909e+01
1.294885714285714151e+01
1.292457142857142749e+01
1.319957142857142962e+01
1.328471428571428525e+01
1.343457142857142905e+01
1.403714285714285737e+01
1.374585714285714388e+01
1.331699999999999839e+01
1.343414285714285583e+01
1.327242857142857169e+01
1.319171428571428351e+01
1.258885714285714208e+01
1.249571428571428555e+01
1.306628571428571384e+01
1.351514285714285712e+01
1.371357142857142719e+01
1.385928571428571665e+01
1.374971428571428511e+01
1.333314285714285674e+01
1.319971428571428440e+01
1.318757142857142917e+01
1.304600000000000115e+01
1.321171428571428486e+01
1.324428571428571466e+01
1.340599999999999703e+01
1.341042857142857159e+01
1.311071428571428577e+01
1.272642857142857231e+01
1.248757142857142810e+01
1.222885714285714265e+01
1.204685714285714049e+01
1.184042857142857308e+01
1.171899999999999942e+01
1.160599999999999810e+01
1.156942857142857228e+01
1.156128571428571483e+01
1.149257142857142888e+01
1.154128571428571526e+01
1.161799999999999855e+01
1.176742857142856913e+01
1.183628571428571341e+01
1.186457142857142699e+01
1.188900000000000112e+01
1.197385714285714009e+01
1.191714285714285460e+01
1.199828571428571422e+01
1.180400000000000027e+01
1.181199999999999939e+01
1.188485714285714323e+01
1.179200000000000159e+01
1.178785714285714370e+01
1.190514285714285769e+01
1.178385714285714236e+01
1.165857142857142570e+01
1.169885714285714506e+01
1.162185714285714155e+01
1.167028571428571482e+01
1.174714285714285644e+01
1.167871428571428716e+01
1.177171428571428713e+01
1.141157142857142581e+01
1.125800000000000090e+01
1.114871428571428602e+01
1.134285714285714164e+01
1.196999999999999886e+01
1.175142857142857089e+01
1.198214285714285765e+01
1.180785714285714327e+01
1.155742857142857183e+01
1.159399999999999942e+01
1.189314285714285724e+01
1.179971428571428582e+01
1.157757142857142973e+01
1.135914285714285654e+01
1.111628571428571455e+01
1.080485714285714138e+01
1.054185714285714326e+01
1.025457142857142756e+01
1.002400000000000091e+01
9.769428571428571573e+00
9.692285714285715059e+00
9.603285714285716423e+00
9.656142857142855362e+00
9.591142857142855860e+00
9.574999999999999289e+00
9.542714285714286149e+00
9.554857142857141383e+00
9.741142857142857991e+00
9.822000000000000952e+00
9.894999999999999574e+00
9.943428571428571061e+00
9.983999999999999986e+00
1.002400000000000091e+01
1.004000000000000092e+01
1.005614285714285749e+01
1.002400000000000091e+01
1.004014285714285748e+01
1.005614285714285749e+01
9.959571428571431184e+00
9.915142857142855704e+00
9.951428571428570180e+00
1.000399999999999956e+01
9.947142857142855732e+00
9.910999999999999588e+00
9.842285714285713638e+00
9.708714285714284742e+00
9.583285714285713297e+00
9.522571428571428243e+00
9.789571428571429479e+00
9.591142857142857636e+00
9.595285714285713752e+00
9.502428571428570336e+00
9.381285714285713340e+00
9.271571428571428797e+00
9.182571428571426608e+00
9.486000000000000654e+00
9.530714285714283918e+00
1.004042857142857237e+01
9.862714285714286433e+00
9.563000000000000611e+00
9.049142857142857821e+00
8.846857142857142975e+00
8.923714285714286376e+00
8.616571428571427660e+00
8.292714285714286149e+00
7.912571428571429699e+00
7.410714285714285587e+00
7.139857142857143124e+00
7.099571428571428200e+00
7.330142857142855739e+00
7.362428571428571544e+00
7.208714285714286518e+00
7.164142857142857146e+00
7.338142857142856634e+00
7.847857142857144197e+00
7.940714285714285836e+00
7.868000000000000327e+00
7.892142857142856904e+00
8.325142857142855846e+00
8.665000000000000924e+00
8.766142857142856570e+00
8.745857142857143884e+00
8.721571428571428086e+00
8.733857142857143430e+00
8.709571428571427631e+00
8.782285714285714917e+00
8.859142857142858318e+00
8.976142857142857423e+00
8.919714285714286817e+00
9.146285714285713908e+00
9.202857142857142847e+00
9.283857142857142364e+00
9.198999999999999844e+00
9.045142857142858261e+00
8.923571428571428044e+00
8.806571428571428939e+00
8.661142857142857920e+00
8.592142857142857082e+00
8.551714285714284713e+00
8.685428571428571942e+00
8.786428571428571033e+00
8.648714285714286021e+00
8.604142857142857537e+00
8.766142857142856570e+00
8.693428571428571061e+00
8.636714285714285566e+00
8.406000000000000583e+00
7.989428571428571324e+00
7.912571428571427923e+00
7.653714285714285026e+00
7.370428571428569775e+00
8.114714285714285325e+00
8.078428571428570848e+00
8.228142857142856315e+00
8.062142857142855945e+00
7.872285714285714775e+00
8.268428571428572127e+00
8.199857142857144510e+00
7.847714285714286753e+00
7.325857142857143955e+00
7.160000000000001030e+00
6.925571428571428712e+00
6.812142857142857721e+00
6.715000000000000746e+00
6.678714285714285381e+00
6.492571428571428882e+00
6.533142857142856030e+00
6.747571428571428775e+00
7.046857142857143153e+00
7.075285714285714178e+00
7.002285714285713780e+00
6.909285714285713809e+00
6.860714285714284877e+00
7.107714285714286540e+00
7.265142857142856236e+00
7.289428571428571146e+00
7.435285714285713610e+00
7.479571428571428093e+00
7.491999999999999105e+00
7.536285714285713588e+00
7.596999999999999531e+00
7.653857142857142470e+00
7.637714285714285900e+00
7.552571428571427603e+00
7.451428571428571956e+00
7.370428571428571551e+00
7.261142857142857565e+00
7.087428571428572077e+00
6.812142857142856833e+00
6.375285714285715777e+00
6.213428571428571523e+00
6.383571428571428896e+00
6.371571428571428442e+00
6.294285714285714484e+00
6.213428571428571523e+00
6.152714285714286468e+00
6.116142857142856215e+00
5.732142857142858539e+00
5.614714285714286213e+00
5.424714285714286710e+00
5.121142857142856997e+00
4.801571428571429045e+00
4.162714285714285367e+00
3.883285714285714452e+00
3.879428571428571448e+00
3.406285714285714583e+00
2.677857142857142936e+00
2.508285714285714452e+00
2.584857142857142964e+00
2.471714285714285531e+00
2.597142857142856975e+00
2.597000000000000419e+00
2.876142857142857334e+00
2.613142857142856990e+00
2.370571428571428108e+00
2.677857142857142936e+00
3.474714285714285644e+00
3.879428571428571448e+00
4.093857142857142861e+00
4.356571428571428761e+00
4.664571428571428591e+00
4.801999999999999602e+00
4.700571428571429067e+00
4.607714285714285651e+00
4.591285714285713304e+00
4.652000000000000135e+00
4.664285714285713702e+00
4.712857142857143522e+00
4.834142857142857075e+00
5.085142857142856521e+00
5.246714285714285886e+00
5.323428571428570955e+00
5.517571428571430125e+00
5.546000000000000263e+00
5.554142857142856826e+00
5.554142857142857714e+00
5.521571428571427909e+00
5.562285714285714278e+00
5.525571428571430133e+00
5.549999999999999822e+00
5.748428571428570777e+00
5.865714285714285658e+00
6.043571428571428150e+00
6.172857142857141710e+00
6.294285714285715372e+00
6.492714285714285438e+00
6.423857142857142932e+00
6.755428571428572226e+00
7.148000000000000576e+00
7.152285714285715024e+00
7.216571428571429081e+00
7.330142857142858404e+00
7.172142857142858041e+00
7.200285714285714178e+00
7.325857142857141291e+00
7.475714285714284202e+00
7.528285714285713581e+00
7.823428571428571843e+00
7.912428571428572255e+00
8.927857142857142492e+00
8.838857142857142080e+00
8.640714285714285126e+00
8.499142857142855334e+00
8.592142857142855306e+00
8.438285714285713723e+00
8.236142857142855433e+00
8.122857142857142776e+00
7.859857142857142875e+00
7.702142857142857402e+00
7.621285714285714441e+00
7.750571428571428889e+00
7.528285714285714469e+00
7.596857142857142087e+00
7.532428571428570585e+00
7.734428571428571431e+00
7.900571428571429244e+00
7.936857142857143721e+00
7.936714285714286277e+00
7.888285714285714789e+00
8.038142857142856812e+00
8.062285714285716054e+00
8.139428571428570791e+00
8.224142857142856755e+00
8.353428571428571203e+00
8.385714285714284344e+00
8.515285714285713681e+00
8.494999999999999218e+00
8.790285714285714036e+00
8.766285714285714903e+00
8.758285714285715784e+00
8.810571428571428498e+00
8.992428571428572326e+00
9.073714285714286731e+00
9.194857142857143728e+00
9.316285714285713837e+00
9.340714285714284415e+00
9.280000000000001137e+00
9.558857142857140943e+00
9.526428571428571246e+00
9.376857142857142335e+00
9.284142857142857252e+00
9.146285714285713908e+00
9.057428571428571829e+00
8.766142857142856570e+00
8.256285714285715116e+00
7.580857142857142073e+00
7.285571428571429031e+00
6.933714285714286163e+00
6.484571428571427987e+00
6.257857142857143451e+00
6.019428571428570685e+00
5.582428571428572184e+00
5.732142857142856762e+00
5.877714285714285225e+00
5.614714285714285325e+00
5.254857142857143337e+00
5.036285714285713588e+00
5.157714285714285474e+00
5.525857142857142357e+00
6.104285714285714981e+00
6.897285714285713354e+00
7.018571428571428683e+00
7.067142857142857615e+00
7.483714285714285097e+00
7.516285714285713127e+00
7.374428571428572887e+00
7.528285714285714469e+00
7.835714285714286298e+00
9.870571428571427219e+00
1.220057142857142729e+01
1.218428571428571239e+01
1.225714285714285623e+01
1.205885714285714450e+01
1.211957142857142777e+01
1.214799999999999791e+01
1.210371428571428609e+01
1.205485714285714494e+01
1.189714285714285680e+01
1.185657142857142965e+01
1.179185714285714326e+01
1.176757142857142746e+01
1.173900000000000077e+01
1.166257142857142881e+01
1.154128571428571526e+01
1.137514285714285833e+01
1.121328571428571585e+01
1.106399999999999828e+01
1.100300000000000011e+01
1.095857142857142819e+01
1.086557142857142821e+01
1.086542857142857166e+01
1.085742857142857076e+01
1.074799999999999933e+01
1.055428571428571338e+01
1.040857142857142925e+01
1.036799999999999855e+01
1.025871428571428723e+01
1.023842857142857277e+01
1.019799999999999862e+01
1.004028571428571404e+01
9.639999999999998792e+00
9.158428571428570919e+00
9.166571428571430147e+00
9.668142857142855817e+00
9.773285714285714576e+00
9.846285714285714974e+00
1.000000000000000000e+01
9.915000000000000924e+00
9.692285714285713283e+00
9.385142857142856343e+00
9.085428571428572297e+00
8.721571428571428086e+00
8.741714285714284216e+00
8.754142857142857892e+00
8.596285714285713198e+00
8.385714285714284344e+00
8.215999999999999304e+00
8.102999999999999758e+00
7.985428571428571765e+00
7.871999999999999886e+00
8.131285714285713340e+00
8.264714285714285680e+00
8.373571428571427333e+00
8.410000000000000142e+00
8.397999999999999687e+00
8.515142857142857125e+00
8.531428571428572027e+00
8.580000000000000071e+00
8.377571428571428669e+00
8.426000000000000156e+00
8.527571428571429024e+00
8.579714285714285182e+00
8.612428571428569768e+00
8.506999999999999673e+00
8.580000000000000071e+00
8.717714285714285083e+00
8.664857142857142591e+00
8.608428571428570208e+00
8.523285714285714576e+00
8.401999999999999247e+00
8.349571428571428200e+00
8.304857142857143160e+00
8.232428571428570763e+00
8.118857142857143216e+00
8.115000000000000213e+00
8.110857142857144098e+00
7.875999999999999446e+00
7.326142857142857068e+00
7.443428571428571061e+00
7.265285714285715457e+00
6.986142857142858098e+00
6.836428571428570855e+00
6.529000000000001691e+00
6.804285714285713382e+00
7.682000000000000384e+00
7.625142857142857444e+00
7.265285714285714569e+00
6.929571428571428271e+00
6.395571428571429351e+00
5.922285714285714597e+00
5.493571428571428328e+00
5.517857142857143238e+00
5.283428571428571807e+00
4.939285714285714946e+00
4.749142857142857110e+00
4.401142857142857245e+00
4.069714285714285396e+00
4.583142857142857629e+00
5.064714285714286390e+00
5.222714285714286753e+00
5.246714285714284998e+00
5.954428571428571182e+00
6.282285714285713141e+00
6.966000000000000192e+00
7.868000000000001215e+00
9.130000000000000782e+00
9.178428571428570493e+00
9.651857142857140914e+00
9.830000000000000071e+00
9.971571428571428086e+00
9.914857142857142591e+00
9.826000000000002288e+00
9.837999999999999190e+00
9.785428571428571587e+00
9.975428571428571090e+00
1.008071428571428818e+01
1.010899999999999999e+01
1.032342857142857007e+01
1.024285714285714377e+01
1.018200000000000038e+01
9.947285714285714064e+00
9.987857142857142989e+00
1.008885714285714208e+01
1.010500000000000043e+01
1.010500000000000043e+01
1.010899999999999999e+01
1.005628571428571583e+01
9.939428571428569725e+00
9.854428571428570649e+00
1.010085714285714253e+01
1.027114285714285735e+01
1.039642857142857224e+01
1.031557142857142750e+01
1.027885714285714336e+01
9.906999999999998252e+00
9.566857142857143614e+00
9.219142857142857750e+00
8.972285714285714420e+00
8.927857142857144268e+00
9.073428571428571843e+00
8.717714285714285083e+00
8.308714285714286163e+00
7.936714285714286277e+00
7.613285714285713546e+00
7.285571428571429919e+00
7.075285714285714178e+00
6.998285714285714221e+00
7.766857142857142016e+00
8.952142857142858290e+00
9.291857142857143259e+00
9.373142857142855888e+00
9.510142857142856343e+00
9.470000000000000639e+00
9.570857142857141397e+00
9.789428571428571146e+00
9.647857142857143131e+00
9.611571428571426878e+00
9.611285714285715542e+00
1.002428571428571402e+01
1.091414285714285803e+01
1.104757142857143037e+01
1.139157142857142802e+01
1.156971428571428540e+01
1.176771428571428579e+01
1.151685714285714468e+01
1.144814285714285695e+01
1.127799999999999692e+01
1.108414285714285619e+01
1.082914285714285718e+01
1.061485714285714366e+01
1.090600000000000058e+01
1.107599999999999874e+01
1.096257142857142775e+01
1.074000000000000021e+01
1.071585714285714275e+01
1.049342857142857000e+01
1.043271428571428494e+01
1.028299999999999947e+01
1.021842857142857319e+01
1.012542857142857322e+01
1.016557142857142892e+01
1.006057142857143027e+01
9.765285714285713681e+00
9.393285714285713794e+00
9.073428571428571843e+00
8.903571428571428470e+00
8.851000000000000867e+00
8.483000000000000540e+00
8.037857142857143700e+00
7.593000000000000860e+00
7.354428571428571537e+00
1.043671428571428628e+01
1.114085714285714346e+01
1.118528571428571361e+01
1.109228571428571186e+01
1.093428571428571239e+01
1.086542857142856988e+01
1.097885714285714265e+01
1.071199999999999974e+01
1.044099999999999895e+01
1.043685714285714106e+01
1.129028571428571404e+01
1.102328571428571458e+01
1.093414285714285761e+01
1.089814285714285802e+01
1.106385714285714172e+01
1.106371428571428517e+01
1.155328571428571571e+01
1.198200000000000109e+01
1.262942857142857278e+01
1.261328571428571443e+01
1.247942857142857243e+01
1.248357142857142854e+01
1.260914285714285654e+01
1.284385714285714286e+01
1.265799999999999947e+01
1.303371428571428403e+01
1.294900000000000162e+01
1.273042857142857187e+01
1.276285714285714334e+01
1.258485714285714252e+01
1.246728571428571364e+01
1.236628571428571455e+01
1.230171428571428471e+01
1.245542857142857152e+01
1.245542857142857152e+01
1.225699999999999967e+01
1.193771428571428395e+01
1.187685714285714411e+01
1.188499999999999979e+01
1.183628571428571341e+01
1.167471428571428582e+01
1.151285714285714334e+01
1.143185714285714205e+01
1.118500000000000050e+01
1.110457142857142898e+01
1.090614285714285714e+01
1.051771428571428757e+01
1.022642857142857231e+01
1.031528571428571617e+01
1.056614285714285550e+01
1.076442857142857079e+01
1.045714285714285552e+01
1.030742857142857183e+01
1.064714285714285680e+01
1.080100000000000016e+01
1.083328571428571330e+01
1.054999999999999893e+01
1.034771428571428586e+01
1.032742857142857140e+01
1.013728571428571357e+01
1.004428571428571537e+01
1.016157142857142937e+01
1.038414285714285867e+01
1.081685714285714361e+01
1.093828571428571372e+01
1.084128571428571419e+01
1.101957142857142813e+01
1.088571428571428790e+01
1.043671428571428450e+01
1.044899999999999984e+01
1.024657142857142844e+01
1.033571428571428541e+01
1.042085714285714282e+01
1.023871428571428410e+01
1.030728571428571350e+01
1.034800000000000075e+01
1.031528571428571617e+01
1.029114285714285870e+01
1.018614285714285650e+01
9.898999999999999133e+00
1.001200000000000045e+01
1.003242857142857147e+01
1.004028571428571404e+01
1.010914285714285654e+01
1.014142857142857146e+01
1.006442857142857328e+01
1.010514285714285698e+01
1.012500000000000000e+01
1.004042857142857237e+01
1.012928571428571445e+01
9.931285714285715827e+00
9.959285714285714519e+00
1.023857142857143110e+01
1.066728571428571293e+01
1.033957142857143019e+01
1.008471428571428596e+01
1.000414285714285789e+01
1.010085714285714253e+01
9.878714285714284671e+00
9.623571428571427333e+00
9.886714285714285566e+00
1.097900000000000098e+01
1.186485714285714366e+01
1.060657142857142787e+01
1.109628571428571497e+01
1.108814285714285752e+01
1.071599999999999930e+01
1.049771428571428444e+01
1.098699999999999832e+01
1.077257142857143002e+01
1.066714285714285815e+01
1.052585714285714324e+01
1.053799999999999848e+01
1.025871428571428723e+01
1.021028571428571574e+01
1.024657142857142844e+01
1.011299999999999955e+01
1.019799999999999862e+01
1.086142857142857210e+01
1.092614285714285849e+01
1.099514285714285755e+01
1.176757142857142746e+01
1.166657142857142837e+01
1.167471428571428582e+01
1.331699999999999839e+01
1.440100000000000158e+01
1.417042857142857315e+01
1.336142857142857032e+01
1.267800000000000082e+01
1.254028571428571404e+01
1.254414285714285704e+01
1.250785714285714434e+01
1.246742857142857197e+01
1.247971428571428554e+01
1.248371428571428510e+01
1.266171428571428592e+01
1.272657142857143064e+01
1.261314285714285788e+01
1.273828571428571443e+01
1.286400000000000077e+01
1.324828571428571422e+01
1.317128571428571426e+01
1.297728571428571520e+01
1.288814285714285646e+01
1.283971428571428852e+01
1.266571428571428548e+01
1.252814285714285703e+01
1.230557142857142949e+01
1.212771428571428523e+01
1.214000000000000057e+01
1.204285714285714270e+01
1.187271428571428267e+01
1.192128571428571426e+01
1.169085714285714417e+01
1.135899999999999999e+01
1.091000000000000014e+01
1.058242857142857041e+01
1.033542857142857407e+01
1.011714285714285566e+01
1.043271428571428672e+01
1.040442857142856958e+01
1.027914285714285647e+01
1.029114285714285870e+01
1.026271428571428501e+01
1.014557142857142757e+01
1.010085714285714253e+01
1.017385714285714293e+01
1.033571428571428541e+01
1.033971428571428497e+01
1.022228571428571620e+01
1.018999999999999950e+01
1.036828571428571522e+01
1.032757142857142973e+01
1.031557142857142750e+01
1.033971428571428497e+01
1.013342857142857056e+01
9.995999999999998664e+00
1.002814285714285703e+01
1.001600000000000001e+01
9.830142857142856627e+00
9.907000000000000028e+00
9.838142857142855746e+00
9.692285714285715059e+00
9.457999999999998408e+00
9.388999999999999346e+00
9.360714285714285765e+00
9.259857142857143231e+00
9.255714285714287115e+00
9.138285714285714789e+00
8.867285714285715770e+00
8.835000000000000853e+00
8.681142857142855718e+00
8.309000000000001052e+00
8.111000000000002430e+00
8.911428571428571033e+00
9.028999999999999915e+00
8.948000000000000398e+00
8.673142857142858375e+00
8.393714285714287016e+00
8.361428571428572099e+00
8.474857142857143089e+00
8.592142857142855306e+00
8.308857142857142719e+00
7.790999999999999481e+00
7.685999999999999943e+00
7.394571428571429017e+00
6.982142857142855874e+00
7.123714285714285666e+00
6.775714285714284912e+00
7.317999999999999616e+00
7.123714285714285666e+00
6.654714285714285360e+00
6.504857142857142449e+00
6.318714285714285062e+00
6.245714285714285552e+00
5.950571428571429067e+00
5.813142857142857167e+00
5.817000000000000171e+00
6.124571428571428555e+00
6.573571428571428399e+00
6.961999999999998856e+00
6.982142857142856762e+00
6.933714285714286163e+00
6.945857142857143174e+00
7.160142857142857586e+00
7.091571428571428193e+00
7.123714285714285666e+00
7.305571428571428605e+00
7.317857142857142172e+00
7.342142857142856194e+00
7.342142857142857970e+00
7.402999999999998693e+00
7.459428571428572852e+00
7.459428571428571964e+00
7.471714285714285531e+00
7.584857142857143408e+00
7.689999999999999503e+00
8.151285714285714690e+00
8.244285714285714661e+00
8.264714285714285680e+00
8.179714285714284827e+00
8.030000000000001137e+00
7.673857142857142932e+00
7.382571428571429450e+00
7.176428571428571601e+00
7.997571428571428775e+00
8.115000000000000213e+00
8.446285714285716395e+00
8.693142857142856172e+00
8.838857142857142080e+00
8.955999999999999517e+00
9.138285714285714789e+00
9.255714285714287115e+00
9.134000000000002117e+00
9.016714285714286348e+00
9.053285714285715713e+00
9.097857142857142421e+00
8.442285714285715059e+00
8.454428571428570294e+00
8.612428571428571544e+00
9.219142857142855974e+00
1.035185714285714198e+01
1.019785714285714384e+01
1.201028571428571468e+01
1.378214285714285658e+01
1.294471428571428540e+01
1.278700000000000081e+01
1.272242857142857453e+01
1.279899999999999771e+01
1.275457142857142934e+01
1.277485714285714202e+01
1.270614285714285607e+01
1.247957142857142721e+01
1.230999999999999872e+01
1.219642857142857117e+01
1.209128571428571597e+01
1.201857142857142868e+01
1.200628571428571334e+01
1.188899999999999935e+01
1.178400000000000070e+01
1.185242857142857176e+01
1.183642857142856997e+01
1.183614285714285685e+01
1.177999999999999936e+01
1.175142857142857089e+01
1.171499999999999986e+01
1.169500000000000206e+01
1.164628571428571391e+01
1.160599999999999810e+01
1.142371428571428460e+01
1.125785714285713901e+01
1.125371428571428645e+01
1.118528571428571361e+01
1.112057142857142900e+01
1.105571428571428605e+01
1.092214285714285893e+01
1.059471428571428575e+01
1.057842857142857085e+01
1.055014285714285727e+01
1.044899999999999984e+01
1.038814285714285646e+01
1.025871428571428723e+01
1.013728571428571357e+01
1.011700000000000088e+01
1.002785714285714214e+01
9.874714285714285111e+00
9.712714285714284301e+00
9.526714285714286135e+00
8.976571428571428868e+00
8.579999999999998295e+00
8.284714285714287030e+00
7.795285714285713929e+00
7.443285714285713617e+00
7.495857142857142108e+00
7.790999999999999481e+00
7.782999999999999474e+00
7.952857142857142847e+00
8.308857142857144495e+00
8.232142857142857650e+00
8.207999999999998408e+00
8.499142857142857110e+00
8.616571428571427660e+00
8.563714285714285168e+00
8.563571428571430388e+00
8.486999999999998323e+00
8.406142857142857139e+00
8.264571428571429124e+00
8.171428571428572596e+00
8.200000000000001066e+00
8.151142857142858134e+00
8.086571428571430076e+00
8.107000000000001094e+00
8.082428571428572184e+00
8.058000000000001606e+00
8.090571428571427859e+00
8.098714285714285310e+00
8.131000000000002004e+00
8.187857142857142279e+00
8.248571428571427333e+00
