8.417912483215332031e+00
8.260078430175781250e+00
8.426239967346191406e+00
8.426394462585449219e+00
8.511606216430664062e+00
9.057068824768066406e+00
9.251531600952148438e+00
9.704236984252929688e+00
9.688758850097656250e+00
9.789271354675292969e+00
9.849964141845703125e+00
9.869791030883789062e+00
1.016152477264404297e+01
1.001169967651367188e+01
1.005224609375000000e+01
1.013356971740722656e+01
1.028287982940673828e+01
1.033631038665771484e+01
1.021443462371826172e+01
1.009293937683105469e+01
1.024582004547119141e+01
1.044509792327880859e+01
1.039602279663085938e+01
1.037659645080566406e+01
1.043662548065185547e+01
1.043492126464843750e+01
1.029580211639404297e+01
1.015351295471191406e+01
9.991034507751464844e+00
9.789483070373535156e+00
9.849839210510253906e+00
9.708654403686523438e+00
9.628367424011230469e+00
9.372431755065917969e+00
9.174482345581054688e+00
9.033028602600097656e+00
8.855162620544433594e+00
8.575456619262695312e+00
8.413949966430664062e+00
8.931981086730957031e+00
9.235551834106445312e+00
9.149605751037597656e+00
9.138440132141113281e+00
9.348676681518554688e+00
9.150465965270996094e+00
9.271249771118164062e+00
9.223476409912109375e+00
9.222015380859375000e+00
9.105460166931152344e+00
8.995326042175292969e+00
8.810394287109375000e+00
8.641574859619140625e+00
8.935846328735351562e+00
8.895846366882324219e+00
8.955896377563476562e+00
9.085984230041503906e+00
9.231897354125976562e+00
9.247276306152343750e+00
9.230488777160644531e+00
9.231180191040039062e+00
9.254668235778808594e+00
9.655488967895507812e+00
9.425098419189453125e+00
9.230990409851074219e+00
9.230233192443847656e+00
9.247245788574218750e+00
9.295571327209472656e+00
9.231262207031250000e+00
9.184234619140625000e+00
9.198049545288085938e+00
9.117975234985351562e+00
9.117820739746093750e+00
9.058053016662597656e+00
8.954010963439941406e+00
8.846371650695800781e+00
8.722390174865722656e+00
8.656380653381347656e+00
8.609843254089355469e+00
8.625147819519042969e+00
8.606091499328613281e+00
8.467491149902343750e+00
8.446814537048339844e+00
8.426775932312011719e+00
8.229331970214843750e+00
8.324811935424804688e+00
8.508294105529785156e+00
8.224514007568359375e+00
8.080989837646484375e+00
7.790259361267089844e+00
7.742576599121093750e+00
7.758123874664306641e+00
7.661671161651611328e+00
7.355837345123291016e+00
7.402033329010009766e+00
7.290783882141113281e+00
6.933732032775878906e+00
6.592822551727294922e+00
6.224350929260253906e+00
5.934451103210449219e+00
5.712783813476562500e+00
5.533204078674316406e+00
5.545486927032470703e+00
5.761025428771972656e+00
5.954667091369628906e+00
6.399833202362060547e+00
6.383350372314453125e+00
6.456799983978271484e+00
6.626374721527099609e+00
6.593071460723876953e+00
6.512985706329345703e+00
6.544452190399169922e+00
6.835718154907226562e+00
6.852818012237548828e+00
6.853720664978027344e+00
6.981708049774169922e+00
7.184935569763183594e+00
7.434977531433105469e+00
7.452136993408203125e+00
7.589266777038574219e+00
7.663052558898925781e+00
7.645839214324951172e+00
7.629963397979736328e+00
7.532022953033447266e+00
7.516194820404052734e+00
7.419366359710693359e+00
7.419640064239501953e+00
7.321649074554443359e+00
7.686132907867431641e+00
7.580849647521972656e+00
7.580323219299316406e+00
7.451955795288085938e+00
7.338639736175537109e+00
7.175636291503906250e+00
7.102474212646484375e+00
7.126586437225341797e+00
6.981670856475830078e+00
6.755537986755371094e+00
6.774389266967773438e+00
6.816303253173828125e+00
6.497484207153320312e+00
6.392621040344238281e+00
6.141176700592041016e+00
5.740502357482910156e+00
5.416670799255371094e+00
5.526072502136230469e+00
5.692374229431152344e+00
5.692237854003906250e+00
5.378517150878906250e+00
4.936364650726318359e+00
4.524735450744628906e+00
4.203765869140625000e+00
4.017246246337890625e+00
3.972308874130249023e+00
3.817705869674682617e+00
3.596955537796020508e+00
3.588607311248779297e+00
3.725826025009155273e+00
4.477684974670410156e+00
4.684117794036865234e+00
4.683465003967285156e+00
4.623261451721191406e+00
4.622821807861328125e+00
4.854271411895751953e+00
5.136850357055664062e+00
5.335982799530029297e+00
5.492642402648925781e+00
5.452744483947753906e+00
5.627076625823974609e+00
5.692706584930419922e+00
5.728970527648925781e+00
5.857741355895996094e+00
5.889603137969970703e+00
5.937010765075683594e+00
5.976040363311767578e+00
5.974842548370361328e+00
5.974683761596679688e+00
6.186287879943847656e+00
6.416421413421630859e+00
6.512770175933837891e+00
6.528866767883300781e+00
6.569560527801513672e+00
6.480792999267578125e+00
6.448783397674560547e+00
6.431032180786132812e+00
6.286065101623535156e+00
6.249845027923583984e+00
6.104534149169921875e+00
5.941867828369140625e+00
6.039361476898193359e+00
5.950693607330322266e+00
5.606705665588378906e+00
5.505352973937988281e+00
5.157905101776123047e+00
5.282814025878906250e+00
5.209919452667236328e+00
5.044783592224121094e+00
5.521989822387695312e+00
5.647103309631347656e+00
5.298735141754150391e+00
4.849738597869873047e+00
4.537828445434570312e+00
4.125657081604003906e+00
3.653639793395996094e+00
3.431015491485595703e+00
3.661197423934936523e+00
3.312511205673217773e+00
3.859406948089599609e+00
3.867432594299316406e+00
3.766942262649536133e+00
3.863213539123535156e+00
4.231737613677978516e+00
4.732766628265380859e+00
4.829922676086425781e+00
4.816946983337402344e+00
4.720819950103759766e+00
5.019547939300537109e+00
5.452906608581542969e+00
5.728727340698242188e+00
5.809084415435791016e+00
5.927047729492187500e+00
5.857642173767089844e+00
5.918513298034667969e+00
5.890252113342285156e+00
5.890021324157714844e+00
5.925947189331054688e+00
5.940302848815917969e+00
5.889967918395996094e+00
6.007298946380615234e+00
6.007331848144531250e+00
6.318500041961669922e+00
7.010231971740722656e+00
7.677817344665527344e+00
7.823147773742675781e+00
7.662471294403076172e+00
7.646050930023193359e+00
7.596841335296630859e+00
7.531395435333251953e+00
7.645466327667236328e+00
7.694162368774414062e+00
7.774994850158691406e+00
7.774041652679443359e+00
7.757017135620117188e+00
7.695208072662353516e+00
8.079684257507324219e+00
9.174354553222656250e+00
9.506108283996582031e+00
9.276374816894531250e+00
9.258423805236816406e+00
9.012364387512207031e+00
8.706769943237304688e+00
8.341801643371582031e+00
7.937561511993408203e+00
7.500370979309082031e+00
7.127281665802001953e+00
6.788004398345947266e+00
6.641576290130615234e+00
6.560748100280761719e+00
6.338973999023437500e+00
6.104349613189697266e+00
6.039731025695800781e+00
5.877879619598388672e+00
5.542041301727294922e+00
5.663231849670410156e+00
6.241467952728271484e+00
6.738903999328613281e+00
6.738114356994628906e+00
7.221576690673828125e+00
7.306596755981445312e+00
7.418901443481445312e+00
7.514811038970947266e+00
7.500305175781250000e+00
7.420475959777832031e+00
7.827993392944335938e+00
8.328924179077148438e+00
8.660949707031250000e+00
8.640169143676757812e+00
8.720857620239257812e+00
8.721794128417968750e+00
8.623144149780273438e+00
8.607942581176757812e+00
8.607501983642578125e+00
8.623863220214843750e+00
8.902846336364746094e+00
8.839410781860351562e+00
8.705180168151855469e+00
8.738494873046875000e+00
8.722297668457031250e+00
8.657502174377441406e+00
8.624811172485351562e+00
8.487169265747070312e+00
8.309174537658691406e+00
8.131723403930664062e+00
8.131085395812988281e+00
8.259989738464355469e+00
8.406085014343261719e+00
8.566628456115722656e+00
8.567601203918457031e+00
8.467875480651855469e+00
8.268255233764648438e+00
7.815297603607177734e+00
7.355783462524414062e+00
7.378375530242919922e+00
7.402775764465332031e+00
7.257265090942382812e+00
6.948870658874511719e+00
6.435796737670898438e+00
5.882299900054931641e+00
5.626916408538818359e+00
5.971407413482666016e+00
6.176233291625976562e+00
6.144667625427246094e+00
6.415852546691894531e+00
6.545720100402832031e+00
6.787315845489501953e+00
6.998095512390136719e+00
7.030223846435546875e+00
7.096451282501220703e+00
7.015535354614257812e+00
6.966225624084472656e+00
7.014032840728759766e+00
7.079474925994873047e+00
6.917658805847167969e+00
6.852936267852783203e+00
6.853514671325683594e+00
6.788451671600341797e+00
6.739315032958984375e+00
6.820445060729980469e+00
6.852934360504150391e+00
6.966291427612304688e+00
6.966096878051757812e+00
6.966305732727050781e+00
6.964701652526855469e+00
6.868753910064697266e+00
6.593450546264648438e+00
6.496492862701416016e+00
6.318560600280761719e+00
6.285914897918701172e+00
6.205057621002197266e+00
6.026498317718505859e+00
5.768548965454101562e+00
5.898214340209960938e+00
5.853694438934326172e+00
5.521602630615234375e+00
5.509100437164306641e+00
5.565664768218994141e+00
5.481001377105712891e+00
5.178141117095947266e+00
4.696547031402587891e+00
4.170500755310058594e+00
4.077902317047119141e+00
4.012922286987304688e+00
3.499082088470458984e+00
2.969012498855590820e+00
2.517693519592285156e+00
2.133145570755004883e+00
2.089505195617675781e+00
2.275134563446044922e+00
2.777578353881835938e+00
2.642258882522583008e+00
2.078371524810791016e+00
1.658109426498413086e+00
1.918894171714782715e+00
2.840311050415039062e+00
3.021690130233764648e+00
3.717567205429077148e+00
4.175192832946777344e+00
5.242686748504638672e+00
5.991505622863769531e+00
6.024058341979980469e+00
6.075799465179443359e+00
6.212844371795654297e+00
6.072318553924560547e+00
6.160033226013183594e+00
6.653764247894287109e+00
7.046634197235107422e+00
7.143916606903076172e+00
7.078589916229248047e+00
7.159735679626464844e+00
7.191418170928955078e+00
7.191850185394287109e+00
7.192553997039794922e+00
7.193518161773681641e+00
7.403096199035644531e+00
7.847201824188232422e+00
9.522388458251953125e+00
9.413197517395019531e+00
9.546498298645019531e+00
9.951079368591308594e+00
1.007222747802734375e+01
9.768638610839843750e+00
9.788433074951171875e+00
9.930442810058593750e+00
9.930718421936035156e+00
9.911186218261718750e+00
9.929851531982421875e+00
1.014077758789062500e+01
1.001992416381835938e+01
9.971670150756835938e+00
9.889678955078125000e+00
1.000085449218750000e+01
1.016215419769287109e+01
1.001268768310546875e+01
9.898314476013183594e+00
9.869982719421386719e+00
9.573841094970703125e+00
9.506183624267578125e+00
9.348716735839843750e+00
9.199769973754882812e+00
9.056629180908203125e+00
9.016721725463867188e+00
8.894959449768066406e+00
8.637303352355957031e+00
8.519138336181640625e+00
8.224665641784667969e+00
8.082493782043457031e+00
7.661759376525878906e+00
7.887503623962402344e+00
8.107576370239257812e+00
8.295799255371093750e+00
8.445926666259765625e+00
8.547204017639160156e+00
8.575795173645019531e+00
8.507406234741210938e+00
8.405995368957519531e+00
8.312642097473144531e+00
8.260575294494628906e+00
8.365410804748535156e+00
8.325604438781738281e+00
8.462659835815429688e+00
8.624536514282226562e+00
8.641211509704589844e+00
8.745495796203613281e+00
8.673274993896484375e+00
8.673614501953125000e+00
8.640241622924804688e+00
8.607625961303710938e+00
8.624248504638671875e+00
8.609034538269042969e+00
8.584453582763671875e+00
8.673072814941406250e+00
8.835002899169921875e+00
8.854701042175292969e+00
9.044429779052734375e+00
9.127024650573730469e+00
9.198173522949218750e+00
9.008721351623535156e+00
8.895541191101074219e+00
8.931282043457031250e+00
9.118363380432128906e+00
8.996535301208496094e+00
9.190929412841796875e+00
9.534720420837402344e+00
9.607792854309082031e+00
9.575416564941406250e+00
9.513991355895996094e+00
9.165952682495117188e+00
9.142659187316894531e+00
8.606070518493652344e+00
8.268451690673828125e+00
7.952809333801269531e+00
7.620970249176025391e+00
7.322800636291503906e+00
7.321294784545898438e+00
6.925118446350097656e+00
6.384218692779541016e+00
5.853689193725585938e+00
5.768890857696533203e+00
6.496527671813964844e+00
7.208799362182617188e+00
7.306334018707275391e+00
7.241481304168701172e+00
7.289066314697265625e+00
7.216512203216552734e+00
7.379076004028320312e+00
7.677536010742187500e+00
7.758440494537353516e+00
7.790798187255859375e+00
7.968751430511474609e+00
8.114585876464843750e+00
8.171700477600097656e+00
8.210904121398925781e+00
8.268601417541503906e+00
8.567983627319335938e+00
8.641022682189941406e+00
8.689981460571289062e+00
8.737874031066894531e+00
8.680824279785156250e+00
8.706051826477050781e+00
8.639925956726074219e+00
8.600377082824707031e+00
8.761488914489746094e+00
8.862460136413574219e+00
8.819087982177734375e+00
9.142814636230468750e+00
9.417233467102050781e+00
9.546767234802246094e+00
9.627906799316406250e+00
9.648066520690917969e+00
9.627381324768066406e+00
9.527462005615234375e+00
9.567229270935058594e+00
9.484919548034667969e+00
9.280131340026855469e+00
9.168483734130859375e+00
9.058577537536621094e+00
9.416729927062988281e+00
1.023483467102050781e+01
1.035532665252685547e+01
1.021509170532226562e+01
9.696862220764160156e+00
9.356269836425781250e+00
9.106989860534667969e+00
8.652632713317871094e+00
8.446516036987304688e+00
8.254995346069335938e+00
8.082878112792968750e+00
8.098742485046386719e+00
7.879790782928466797e+00
7.580971240997314453e+00
7.532299995422363281e+00
7.371271610260009766e+00
7.158869743347167969e+00
7.467489242553710938e+00
7.613193988800048828e+00
7.839303970336914062e+00
7.952967643737792969e+00
8.058952331542968750e+00
8.293025970458984375e+00
8.244077682495117188e+00
8.212191581726074219e+00
8.228121757507324219e+00
8.212285041809082031e+00
8.131542205810546875e+00
8.115209579467773438e+00
8.115468978881835938e+00
8.098934173583984375e+00
8.115760803222656250e+00
8.098758697509765625e+00
8.050602912902832031e+00
7.920564174652099609e+00
7.807225704193115234e+00
7.467695713043212891e+00
7.288497924804687500e+00
7.143251419067382812e+00
6.916741371154785156e+00
6.908976078033447266e+00
6.901684761047363281e+00
6.722987651824951172e+00
6.237353801727294922e+00
5.971863269805908203e+00
5.627974987030029297e+00
5.432152271270751953e+00
5.290321826934814453e+00
5.501338958740234375e+00
5.157466411590576172e+00
4.817646026611328125e+00
4.882393836975097656e+00
4.429131031036376953e+00
4.381003379821777344e+00
3.805878400802612305e+00
2.825482845306396484e+00
2.844651937484741211e+00
3.551283359527587891e+00
4.122512817382812500e+00
3.936454057693481445e+00
3.353514432907104492e+00
2.767156362533569336e+00
2.819957256317138672e+00
4.449378490447998047e+00
5.247522830963134766e+00
5.995275974273681641e+00
6.177412986755371094e+00
6.176048278808593750e+00
6.173119068145751953e+00
6.545600414276123047e+00
6.755304336547851562e+00
6.820906639099121094e+00
7.030529499053955078e+00
7.191478252410888672e+00
7.516078472137451172e+00
7.888241291046142578e+00
8.016968727111816406e+00
8.154908180236816406e+00
8.309926033020019531e+00
8.567791938781738281e+00
8.603701591491699219e+00
8.899874687194824219e+00
8.915454864501953125e+00
9.093142509460449219e+00
9.247158050537109375e+00
9.058073997497558594e+00
9.077766418457031250e+00
9.118029594421386719e+00
9.151473999023437500e+00
9.119030952453613281e+00
9.117957115173339844e+00
9.048852920532226562e+00
8.769809722900390625e+00
8.755182266235351562e+00
8.689236640930175781e+00
8.658101081848144531e+00
8.316234588623046875e+00
8.066296577453613281e+00
7.823757648468017578e+00
7.388170242309570312e+00
7.014132499694824219e+00
6.990605354309082031e+00
7.115496158599853516e+00
8.575834274291992188e+00
1.014968872070312500e+01
1.061133670806884766e+01
9.838162422180175781e+00
9.454163551330566406e+00
9.469859123229980469e+00
9.562644958496093750e+00
9.073587417602539062e+00
8.918985366821289062e+00
8.810125350952148438e+00
8.705966949462890625e+00
8.649664878845214844e+00
8.652256965637207031e+00
8.802405357360839844e+00
8.600728988647460938e+00
8.487458229064941406e+00
8.608277320861816406e+00
8.445471763610839844e+00
8.328527450561523438e+00
8.296929359436035156e+00
8.530797004699707031e+00
8.648925781250000000e+00
8.466912269592285156e+00
8.410279273986816406e+00
8.657154083251953125e+00
8.794843673706054688e+00
8.818385124206542969e+00
9.020226478576660156e+00
9.223752975463867188e+00
9.247119903564453125e+00
9.166219711303710938e+00
9.117998123168945312e+00
9.117817878723144531e+00
9.077305793762207031e+00
9.247530937194824219e+00
9.134247779846191406e+00
9.166965484619140625e+00
9.215102195739746094e+00
9.162034034729003906e+00
8.935585021972656250e+00
9.053006172180175781e+00
9.437305450439453125e+00
9.647943496704101562e+00
9.628596305847167969e+00
9.694467544555664062e+00
9.466515541076660156e+00
9.485474586486816406e+00
9.445895195007324219e+00
9.513700485229492188e+00
1.035699272155761719e+01
1.051803493499755859e+01
1.049703311920166016e+01
1.049736881256103516e+01
1.041687488555908203e+01
1.026326084136962891e+01
9.878366470336914062e+00
9.409257888793945312e+00
9.971230506896972656e+00
1.029556083679199219e+01
1.076018524169921875e+01
1.070383930206298828e+01
1.121711158752441406e+01
1.212365055084228516e+01
1.260115337371826172e+01
1.148072814941406250e+01
1.115252304077148438e+01
1.105172729492187500e+01
1.094940948486328125e+01
1.102837467193603516e+01
1.094307994842529297e+01
1.096645832061767578e+01
1.105953025817871094e+01
1.164217948913574219e+01
1.232215976715087891e+01
1.334514045715332031e+01
1.403251647949218750e+01
1.305020999908447266e+01
1.303354072570800781e+01
1.283138084411621094e+01
1.269016170501708984e+01
1.262864017486572266e+01
1.259675407409667969e+01
1.252753734588623047e+01
1.236300182342529297e+01
1.229017257690429688e+01
1.224954032897949219e+01
1.214815902709960938e+01
1.214675045013427734e+01
1.218831539154052734e+01
1.231842231750488281e+01
1.212754631042480469e+01
1.216065120697021484e+01
1.220463752746582031e+01
1.190462779998779297e+01
1.171482563018798828e+01
1.152457904815673828e+01
1.150500488281250000e+01
1.127831172943115234e+01
1.114076137542724609e+01
1.082074260711669922e+01
1.073998641967773438e+01
1.072799682617187500e+01
1.069961166381835938e+01
1.052183151245117188e+01
1.060291481018066406e+01
1.100688838958740234e+01
1.087317276000976562e+01
1.078007411956787109e+01
1.053811359405517578e+01
1.028312110900878906e+01
1.007213973999023438e+01
9.729047775268554688e+00
9.547709465026855469e+00
9.486501693725585938e+00
9.445330619812011719e+00
9.013837814331054688e+00
8.491108894348144531e+00
9.065804481506347656e+00
9.279968261718750000e+00
9.113197326660156250e+00
9.591937065124511719e+00
9.870506286621093750e+00
1.027088546752929688e+01
1.039567470550537109e+01
1.046480751037597656e+01
1.047663974761962891e+01
1.047687816619873047e+01
1.047763347625732422e+01
1.067863845825195312e+01
1.091009044647216797e+01
1.099142074584960938e+01
1.100642490386962891e+01
1.101923370361328125e+01
1.161351966857910156e+01
1.135501289367675781e+01
1.167154407501220703e+01
1.166709899902343750e+01
1.158572387695312500e+01
1.152509212493896484e+01
1.139089393615722656e+01
1.133005523681640625e+01
1.118790721893310547e+01
1.107214450836181641e+01
1.176311016082763672e+01
1.190918731689453125e+01
1.204660797119140625e+01
1.195742416381835938e+01
1.169089698791503906e+01
1.166722297668457031e+01
1.166771793365478516e+01
1.154519462585449219e+01
1.143179988861083984e+01
1.153277015686035156e+01
1.146410274505615234e+01
1.127344894409179688e+01
1.149289703369140625e+01
1.179589080810546875e+01
1.184850692749023438e+01
1.188992977142333984e+01
1.299728870391845703e+01
1.261267185211181641e+01
1.258120155334472656e+01
1.230061531066894531e+01
1.190948486328125000e+01
1.190912342071533203e+01
1.152523994445800781e+01
1.144407844543457031e+01
1.137893867492675781e+01
1.107173061370849609e+01
1.101147460937500000e+01
1.062814617156982422e+01
1.042430686950683594e+01
1.039551067352294922e+01
1.033609008789062500e+01
1.039789676666259766e+01
1.046360778808593750e+01
1.030332279205322266e+01
1.047634506225585938e+01
1.043671703338623047e+01
1.027493572235107422e+01
1.016131019592285156e+01
1.021001434326171875e+01
1.021452140808105469e+01
1.015240573883056641e+01
1.019371986389160156e+01
1.033660793304443359e+01
1.021459674835205078e+01
1.019447326660156250e+01
1.017338371276855469e+01
1.024278354644775391e+01
1.014158916473388672e+01
1.013332366943359375e+01
9.914870262145996094e+00
9.687665939331054688e+00
9.667914390563964844e+00
9.668613433837890625e+00
9.647337913513183594e+00
9.340365409851074219e+00
9.065677642822265625e+00
8.761795997619628906e+00
9.016122817993164062e+00
9.181533813476562500e+00
9.100470542907714844e+00
8.878597259521484375e+00
9.012084007263183594e+00
9.251067161560058594e+00
9.756918907165527344e+00
9.768578529357910156e+00
1.048920631408691406e+01
1.152581119537353516e+01
1.174760723114013672e+01
1.193349647521972656e+01
1.222877025604248047e+01
1.176395797729492188e+01
1.103550624847412109e+01
1.063471126556396484e+01
1.034238433837890625e+01
1.051755619049072266e+01
1.136686325073242188e+01
1.072810173034667969e+01
1.053891181945800781e+01
1.013935661315917969e+01
9.848933219909667969e+00
9.808817863464355469e+00
9.789555549621582031e+00
9.938486099243164062e+00
9.707630157470703125e+00
9.777005195617675781e+00
9.951324462890625000e+00
1.018634796142578125e+01
1.027507972717285156e+01
1.044540405273437500e+01
1.085716342926025391e+01
1.160255718231201172e+01
1.141534423828125000e+01
1.121290969848632812e+01
1.158517456054687500e+01
1.148026275634765625e+01
1.148855495452880859e+01
1.178408908843994141e+01
1.212395000457763672e+01
1.182014369964599609e+01
1.162581157684326172e+01
1.172719573974609375e+01
1.197849750518798828e+01
1.200656509399414062e+01
1.229786586761474609e+01
1.228940010070800781e+01
1.244020938873291016e+01
1.245591640472412109e+01
1.205569171905517578e+01
1.183669853210449219e+01
1.171956062316894531e+01
1.141519737243652344e+01
1.134293651580810547e+01
1.137394046783447266e+01
1.139485168457031250e+01
1.218054866790771484e+01
1.329663372039794922e+01
1.361254215240478516e+01
1.298870277404785156e+01
1.248768424987792969e+01
1.222885322570800781e+01
1.193267154693603516e+01
1.183651447296142578e+01
1.167046356201171875e+01
1.146001148223876953e+01
1.146443462371826172e+01
1.119755554199218750e+01
1.088145256042480469e+01
1.073745536804199219e+01
1.059907436370849609e+01
1.034382343292236328e+01
1.001278114318847656e+01
9.730528831481933594e+00
9.587387084960937500e+00
9.566958427429199219e+00
9.388584136962890625e+00
9.438404083251953125e+00
9.612723350524902344e+00
9.753639221191406250e+00
9.696940422058105469e+00
9.605886459350585938e+00
9.389258384704589844e+00
9.324350357055664062e+00
9.405131340026855469e+00
9.728985786437988281e+00
1.025519847869873047e+01
1.033504199981689453e+01
1.025457477569580078e+01
1.031525993347167969e+01
1.033688354492187500e+01
1.033601379394531250e+01
1.035568237304687500e+01
1.031490039825439453e+01
1.028280448913574219e+01
1.013359451293945312e+01
9.931077003479003906e+00
9.769317626953125000e+00
9.890646934509277344e+00
9.851102828979492188e+00
9.850120544433593750e+00
9.828901290893554688e+00
9.648174285888671875e+00
9.622980117797851562e+00
9.313676834106445312e+00
9.247474670410156250e+00
9.198840141296386719e+00
9.017632484436035156e+00
9.114316940307617188e+00
8.936717987060546875e+00
8.935395240783691406e+00
8.854908943176269531e+00
8.582781791687011719e+00
8.204732894897460938e+00
8.066699981689453125e+00
8.026332855224609375e+00
8.380996704101562500e+00
8.328924179077148438e+00
8.180492401123046875e+00
7.717947006225585938e+00
7.264695167541503906e+00
6.699406147003173828e+00
6.474084854125976562e+00
6.608646392822265625e+00
7.592495441436767578e+00
9.384884834289550781e+00
9.215708732604980469e+00
8.250688552856445312e+00
7.256980419158935547e+00
7.428318500518798828e+00
8.798682212829589844e+00
9.332460403442382812e+00
9.346141815185546875e+00
9.531104087829589844e+00
9.768126487731933594e+00
9.768368721008300781e+00
9.589458465576171875e+00
9.487177848815917969e+00
9.878300666809082031e+00
9.907237052917480469e+00
1.014540481567382812e+01
1.062259006500244141e+01
1.061872196197509766e+01
1.061973285675048828e+01
1.061888790130615234e+01
1.062654876708984375e+01
1.095090007781982422e+01
1.141631221771240234e+01
1.172762870788574219e+01
1.173899173736572266e+01
1.193272495269775391e+01
1.200644302368164062e+01
1.176292419433593750e+01
1.142349720001220703e+01
1.121772480010986328e+01
1.060695934295654297e+01
1.064679813385009766e+01
1.105129241943359375e+01
1.105134582519531250e+01
1.111260509490966797e+01
1.080129528045654297e+01
1.103545761108398438e+01
1.103999328613281250e+01
1.177170276641845703e+01
1.160572814941406250e+01
1.107161331176757812e+01
1.100421142578125000e+01
1.096660041809082031e+01
1.246303176879882812e+01
1.252849960327148438e+01
1.245896720886230469e+01
1.209082221984863281e+01
1.194534492492675781e+01
1.174364757537841797e+01
1.173521709442138672e+01
1.191302967071533203e+01
1.220475387573242188e+01
1.209914684295654297e+01
1.193750286102294922e+01
1.192897129058837891e+01
1.177534484863281250e+01
1.158956909179687500e+01
1.140292358398437500e+01
1.136650657653808594e+01
1.121274566650390625e+01
1.086887168884277344e+01
1.058684062957763672e+01
1.033477497100830078e+01
1.012094688415527344e+01
9.951784133911132812e+00
9.770312309265136719e+00
9.708109855651855469e+00
9.809803962707519531e+00
9.769251823425292969e+00
9.768692016601562500e+00
9.910050392150878906e+00
9.959362983703613281e+00
1.027529144287109375e+01
1.033588218688964844e+01
1.029537582397460938e+01
1.021390914916992188e+01
1.033509826660156250e+01
1.013329410552978516e+01
1.001110172271728516e+01
9.971445083618164062e+00
9.830772399902343750e+00
9.486471176147460938e+00
9.345016479492187500e+00
9.199645996093750000e+00
9.057231903076171875e+00
9.073960304260253906e+00
8.963150024414062500e+00
8.693062782287597656e+00
8.542880058288574219e+00
8.236427307128906250e+00
8.106561660766601562e+00
8.196743965148925781e+00
8.833932876586914062e+00
9.005081176757812500e+00
8.996059417724609375e+00
8.511469841003417969e+00
8.287827491760253906e+00
7.543153762817382812e+00
7.058596134185791016e+00
6.294167041778564453e+00
5.768644332885742188e+00
5.393353939056396484e+00
5.440882205963134766e+00
5.299322128295898438e+00
5.331562042236328125e+00
6.080275058746337891e+00
6.233422756195068359e+00
5.986792564392089844e+00
6.047942638397216797e+00
6.715508460998535156e+00
6.885111331939697266e+00
6.885412216186523438e+00
7.225375175476074219e+00
7.175923824310302734e+00
7.208090782165527344e+00
7.564183712005615234e+00
7.613080978393554688e+00
7.596817970275878906e+00
7.637415409088134766e+00
7.909302711486816406e+00
8.033495903015136719e+00
8.066287994384765625e+00
8.228450775146484375e+00
8.308545112609863281e+00
8.515297889709472656e+00
8.547309875488281250e+00
8.425663948059082031e+00
8.426179885864257812e+00
8.495515823364257812e+00
8.390025138854980469e+00
8.438811302185058594e+00
8.487795829772949219e+00
8.426629066467285156e+00
8.264366149902343750e+00
8.292489051818847656e+00
8.409342765808105469e+00
8.292839050292968750e+00
8.244528770446777344e+00
8.064686775207519531e+00
7.903864860534667969e+00
7.824043273925781250e+00
8.167472839355468750e+00
8.224232673645019531e+00
8.477871894836425781e+00
8.260568618774414062e+00
7.872097969055175781e+00
8.032830238342285156e+00
8.693336486816406250e+00
9.195123672485351562e+00
1.090193557739257812e+01
1.051664257049560547e+01
9.991436004638671875e+00
9.850132942199707031e+00
9.567766189575195312e+00
9.250879287719726562e+00
8.952220916748046875e+00
8.640676498413085938e+00
8.620271682739257812e+00
8.814649581909179688e+00
8.851133346557617188e+00
9.085089683532714844e+00
8.995506286621093750e+00
8.911974906921386719e+00
8.779063224792480469e+00
8.563708305358886719e+00
8.664863586425781250e+00
8.754200935363769531e+00
8.903098106384277344e+00
9.021065711975097656e+00
9.421196937561035156e+00
9.466170310974121094e+00
9.506229400634765625e+00
9.486105918884277344e+00
9.538981437683105469e+00
9.546142578125000000e+00
9.547494888305664062e+00
9.506665229797363281e+00
9.366635322570800781e+00
9.327746391296386719e+00
9.316406250000000000e+00
9.247258186340332031e+00
9.149436950683593750e+00
9.166554450988769531e+00
9.017637252807617188e+00
8.612592697143554688e+00
8.653022766113281250e+00
8.657058715820312500e+00
8.588662147521972656e+00
8.279798507690429688e+00
8.228341102600097656e+00
8.204175949096679688e+00
8.211900711059570312e+00
8.115309715270996094e+00
8.291883468627929688e+00
8.349572181701660156e+00
8.551678657531738281e+00
9.138360023498535156e+00
9.150157928466796875e+00
9.190256118774414062e+00
9.037549018859863281e+00
8.544568061828613281e+00
8.567992210388183594e+00
8.098484992980957031e+00
7.788096427917480469e+00
7.661263465881347656e+00
7.354660511016845703e+00
7.062785625457763672e+00
6.754914760589599609e+00
6.357970237731933594e+00
6.528958797454833984e+00
6.448097229003906250e+00
6.117415904998779297e+00
5.925990581512451172e+00
5.849668502807617188e+00
5.926747322082519531e+00
6.241509914398193359e+00
6.163958549499511719e+00
6.201691150665283203e+00
6.512440681457519531e+00
6.602444648742675781e+00
6.476591110229492188e+00
6.601875782012939453e+00
6.755485534667968750e+00
6.885011196136474609e+00
7.062561988830566406e+00
7.225034713745117188e+00
7.322116851806640625e+00
7.531791210174560547e+00
7.613376140594482422e+00
7.790876865386962891e+00
7.815699100494384766e+00
7.742853641510009766e+00
8.013302803039550781e+00
7.771388053894042969e+00
7.742254734039306641e+00
7.431715965270996094e+00
7.625296115875244141e+00
7.466673851013183594e+00
7.435594558715820312e+00
7.249336719512939453e+00
7.159049034118652344e+00
7.452203750610351562e+00
7.609116077423095703e+00
7.653161525726318359e+00
7.403993129730224609e+00
7.184203624725341797e+00
6.982569694519042969e+00
6.548872947692871094e+00
6.322909832000732422e+00
6.597527980804443359e+00
7.055143833160400391e+00
6.998013019561767578e+00
6.900485038757324219e+00
7.110898017883300781e+00
6.909751892089843750e+00
6.391475677490234375e+00
5.836928367614746094e+00
6.120992660522460938e+00
6.674680709838867188e+00
6.258234977722167969e+00
5.870160102844238281e+00
6.241883277893066406e+00
6.063856601715087891e+00
5.586242675781250000e+00
5.132696628570556641e+00
5.077015399932861328e+00
5.355433940887451172e+00
5.667644023895263672e+00
5.646949768066406250e+00
5.521596431732177734e+00
5.854619503021240234e+00
5.938872814178466797e+00
6.024709701538085938e+00
5.995873451232910156e+00
6.225140094757080078e+00
6.237464904785156250e+00
6.350901603698730469e+00
6.424380779266357422e+00
6.432681083679199219e+00
6.367204189300537109e+00
6.351045131683349609e+00
6.225245475769042969e+00
6.168962955474853516e+00
6.265774726867675781e+00
6.392015933990478516e+00
6.537480831146240234e+00
6.266235351562500000e+00
6.217814922332763672e+00
6.087674617767333984e+00
6.104182720184326172e+00
5.979211807250976562e+00
5.744677543640136719e+00
5.780994892120361328e+00
5.659312725067138672e+00
5.189452648162841797e+00
4.740646839141845703e+00
4.332641124725341797e+00
3.871772766113281250e+00
3.296460866928100586e+00
2.837706327438354492e+00
2.490719556808471680e+00
2.662137269973754883e+00
3.102432966232299805e+00
2.640585422515869141e+00
2.549101829528808594e+00
2.491861581802368164e+00
2.036662578582763672e+00
1.345875263214111328e+00
1.203768730163574219e+00
8.485841155052185059e-01
7.503182291984558105e-01
8.514959216117858887e-01
8.527579307556152344e-01
7.944801449775695801e-01
1.119840979576110840e+00
1.171541094779968262e+00
9.430719017982482910e-01
1.070757269859313965e+00
1.266857385635375977e+00
1.135510921478271484e+00
1.207705736160278320e+00
1.675960421562194824e+00
2.580158948898315430e+00
3.337408065795898438e+00
3.887562036514282227e+00
4.105435371398925781e+00
4.163460254669189453e+00
4.199061393737792969e+00
4.321080684661865234e+00
4.429046630859375000e+00
4.408920288085937500e+00
4.571310997009277344e+00
4.890410900115966797e+00
4.894753456115722656e+00
5.291467189788818359e+00
5.586175918579101562e+00
5.982384204864501953e+00
6.148251056671142578e+00
6.274759769439697266e+00
6.277822017669677734e+00
6.262228965759277344e+00
6.310741424560546875e+00
6.439087867736816406e+00
6.473270893096923828e+00
6.771549701690673828e+00
7.119142532348632812e+00
7.306111812591552734e+00
7.228852272033691406e+00
7.346214771270751953e+00
7.369697570800781250e+00
7.305846691131591797e+00
7.216677665710449219e+00
6.788754940032958984e+00
6.650055885314941406e+00
6.642419338226318359e+00
6.508086681365966797e+00
6.467447280883789062e+00
6.739513397216796875e+00
6.860742568969726562e+00
7.289608001708984375e+00
7.354362964630126953e+00
7.981030941009521484e+00
7.818560600280761719e+00
7.447078227996826172e+00
7.104131698608398438e+00
6.755039215087890625e+00
6.269314289093017578e+00
5.890014648437500000e+00
5.870077133178710938e+00
5.565886020660400391e+00
5.954435348510742188e+00
6.310678958892822266e+00
6.431528091430664062e+00
6.820383548736572266e+00
6.933596611022949219e+00
7.342795372009277344e+00
7.952840805053710938e+00
7.945087432861328125e+00
8.195751190185546875e+00
8.293082237243652344e+00
8.378047943115234375e+00
8.996269226074218750e+00
9.166527748107910156e+00
9.198298454284667969e+00
9.245662689208984375e+00
9.296866416931152344e+00
9.218799591064453125e+00
9.150180816650390625e+00
9.206753730773925781e+00
9.038357734680175781e+00
8.960488319396972656e+00
9.057434082031250000e+00
9.182188034057617188e+00
8.858545303344726562e+00
8.664893150329589844e+00
8.612626075744628906e+00
8.447746276855468750e+00
8.300189971923828125e+00
8.066344261169433594e+00
7.838516235351562500e+00
7.807429790496826172e+00
7.548342227935791016e+00
7.104172706604003906e+00
6.933979988098144531e+00
6.868566989898681641e+00
6.868978023529052734e+00
6.779402256011962891e+00
7.055273056030273438e+00
8.398160934448242188e+00
8.830862045288085938e+00
9.013144493103027344e+00
9.065453529357910156e+00
9.012496948242187500e+00
8.661607742309570312e+00
8.371300697326660156e+00
7.784416198730468750e+00
7.200515270233154297e+00
6.941504955291748047e+00
6.673539638519287109e+00
6.475588798522949219e+00
6.695828914642333984e+00
6.966617584228515625e+00
7.273308753967285156e+00
7.419201374053955078e+00
7.354464054107666016e+00
7.042467594146728516e+00
7.143553733825683594e+00
7.876584529876708984e+00
8.337209701538085938e+00
8.471579551696777344e+00
8.632453918457031250e+00
8.661761283874511719e+00
8.729476928710937500e+00
8.830834388732910156e+00
8.815102577209472656e+00
8.899424552917480469e+00
9.242902755737304688e+00
9.947433471679687500e+00
1.057043170928955078e+01
1.002026367187500000e+01
9.931220054626464844e+00
1.002002334594726562e+01
9.890669822692871094e+00
9.785227775573730469e+00
9.772809982299804688e+00
9.902681350708007812e+00
1.023012828826904297e+01
1.057012271881103516e+01
1.053414535522460938e+01
1.048223400115966797e+01
1.021454524993896484e+01
1.007274532318115234e+01
1.020884227752685547e+01
9.789669990539550781e+00
9.405318260192871094e+00
9.247362136840820312e+00
9.271997451782226562e+00
9.094716072082519531e+00
9.344479560852050781e+00
9.684264183044433594e+00
1.060675811767578125e+01
1.132356643676757812e+01
1.171892070770263672e+01
1.153760910034179688e+01
1.131445693969726562e+01
1.093493461608886719e+01
1.078473377227783203e+01
1.065843200683593750e+01
1.076403617858886719e+01
1.057820796966552734e+01
1.022725582122802734e+01
9.802124977111816406e+00
9.671533584594726562e+00
9.797478675842285156e+00
9.851479530334472656e+00
1.003577899932861328e+01
1.003330612182617188e+01
1.004445075988769531e+01
9.999534606933593750e+00
1.003904533386230469e+01
1.004442787170410156e+01
1.005682468414306641e+01
1.000715923309326172e+01
1.017008781433105469e+01
1.035562705993652344e+01
1.047733402252197266e+01
1.046145343780517578e+01
1.047353076934814453e+01
1.052893733978271484e+01
1.048590564727783203e+01
1.042092227935791016e+01
1.039232635498046875e+01
1.029966735839843750e+01
1.020975494384765625e+01
1.028705692291259766e+01
1.004882621765136719e+01
9.967658996582031250e+00
9.914798736572265625e+00
9.692143440246582031e+00
9.667508125305175781e+00
9.541934013366699219e+00
9.449448585510253906e+00
9.464782714843750000e+00
9.352318763732910156e+00
9.282552719116210938e+00
9.182975769042968750e+00
9.004184722900390625e+00
8.847584724426269531e+00
8.661380767822265625e+00
8.333738327026367188e+00
8.004448890686035156e+00
7.813830375671386719e+00
7.851334095001220703e+00
7.691315174102783203e+00
7.035004615783691406e+00
6.508769512176513672e+00
6.687050819396972656e+00
6.707867145538330078e+00
6.634426116943359375e+00
6.658368110656738281e+00
6.706195831298828125e+00
6.917922973632812500e+00
6.909706592559814453e+00
6.816002845764160156e+00
6.545863151550292969e+00
6.170366287231445312e+00
6.051268100738525391e+00
6.027363300323486328e+00
6.439298629760742188e+00
6.428751945495605469e+00
6.536002159118652344e+00
6.517181396484375000e+00
6.383369445800781250e+00
6.383647918701171875e+00
6.587160587310791016e+00
6.573961257934570312e+00
6.618333339691162109e+00
6.653400421142578125e+00
6.622688293457031250e+00
6.711413383483886719e+00
6.808291912078857422e+00
6.938351154327392578e+00
6.970202445983886719e+00
6.933316707611083984e+00
6.957487583160400391e+00
7.002694129943847656e+00
7.091744899749755859e+00
7.196341037750244141e+00
7.156348228454589844e+00
7.224468708038330078e+00
7.332558155059814453e+00
7.318829536437988281e+00
7.224825859069824219e+00
6.764714717864990234e+00
6.778581142425537109e+00
7.002087593078613281e+00
6.598491191864013672e+00
6.569253444671630859e+00
6.730428695678710938e+00
6.629721641540527344e+00
6.472178936004638672e+00
6.022404670715332031e+00
5.651444911956787109e+00
4.288066387176513672e+00
3.482850313186645508e+00
2.818451642990112305e+00
3.446855306625366211e+00
3.498994112014770508e+00
3.390040636062622070e+00
2.918651580810546875e+00
2.521037340164184570e+00
2.055198192596435547e+00
2.420342445373535156e+00
2.241189479827880859e+00
2.257947921752929688e+00
2.219302892684936523e+00
2.010516643524169922e+00
1.832071065902709961e+00
1.944827318191528320e+00
2.366372823715209961e+00
2.403459548950195312e+00
2.356645584106445312e+00
2.350230932235717773e+00
2.827502250671386719e+00
2.851682186126708984e+00
2.930930376052856445e+00
3.555591821670532227e+00
3.813884735107421875e+00
4.032630920410156250e+00
4.377282142639160156e+00
4.550505161285400391e+00
4.801924705505371094e+00
4.805788516998291016e+00
4.732465267181396484e+00
4.490513801574707031e+00
4.777775287628173828e+00
4.939489841461181641e+00
5.011187553405761719e+00
4.979860782623291016e+00
4.979069232940673828e+00
4.893244743347167969e+00
4.790037155151367188e+00
4.874885559082031250e+00
5.076645851135253906e+00
5.376282691955566406e+00
5.590898036956787109e+00
5.647462844848632812e+00
5.796526908874511719e+00
6.071821212768554688e+00
6.157069206237792969e+00
5.905598640441894531e+00
6.011569499969482422e+00
6.500794410705566406e+00
6.666760921478271484e+00
6.319820880889892578e+00
5.800674438476562500e+00
5.068805694580078125e+00
4.106300354003906250e+00
3.148868799209594727e+00
2.074889183044433594e+00
1.388101220130920410e+00
1.614639639854431152e+00
1.917301058769226074e+00
3.912038564682006836e+00
4.571044921875000000e+00
4.826058387756347656e+00
4.854674339294433594e+00
4.671580314636230469e+00
4.397129535675048828e+00
4.187044143676757812e+00
4.477748870849609375e+00
4.753696441650390625e+00
4.959722995758056641e+00
4.996264934539794922e+00
4.866506576538085938e+00
5.043540477752685547e+00
5.186554908752441406e+00
5.339619159698486328e+00
5.335404872894287109e+00
5.606386184692382812e+00
5.820874691009521484e+00
6.015124797821044922e+00
5.986357212066650391e+00
5.922503471374511719e+00
5.918413639068603516e+00
5.909561157226562500e+00
5.881740570068359375e+00
5.987476348876953125e+00
6.198246002197265625e+00
6.338946342468261719e+00
6.626512527465820312e+00
6.662427902221679688e+00
7.046829700469970703e+00
7.055165290832519531e+00
7.050927162170410156e+00
7.075379848480224609e+00
6.901316642761230469e+00
6.747504234313964844e+00
6.764376163482666016e+00
6.601653575897216797e+00
6.678287029266357422e+00
7.447096347808837891e+00
7.500313282012939453e+00
7.475191593170166016e+00
7.508217334747314453e+00
8.244735717773437500e+00
8.446516036987304688e+00
8.243855476379394531e+00
7.811848163604736328e+00
7.152784347534179688e+00
6.727831840515136719e+00
6.464148998260498047e+00
6.719831943511962891e+00
6.909313201904296875e+00
7.054449081420898438e+00
6.735284805297851562e+00
6.423397064208984375e+00
6.002981185913085938e+00
5.690468788146972656e+00
5.291041851043701172e+00
5.157580375671386719e+00
5.282844066619873047e+00
5.553662776947021484e+00
5.675601005554199219e+00
5.804906845092773438e+00
6.144543647766113281e+00
6.060251235961914062e+00
5.991387367248535156e+00
5.748138904571533203e+00
5.643626689910888672e+00
5.736444950103759766e+00
5.882580757141113281e+00
5.979321956634521484e+00
6.059716224670410156e+00
6.250796794891357422e+00
6.376335620880126953e+00
6.553696632385253906e+00
7.519865036010742188e+00
9.911284446716308594e+00
1.026660060882568359e+01
1.036462783813476562e+01
1.021800994873046875e+01
1.015733432769775391e+01
1.146045017242431641e+01
1.231749248504638672e+01
1.260136890411376953e+01
1.294901084899902344e+01
1.292461872100830078e+01
1.319932365417480469e+01
1.328493118286132812e+01
1.343482971191406250e+01
1.403780746459960938e+01
1.374557399749755859e+01
1.331693840026855469e+01
1.343385505676269531e+01
1.327264881134033203e+01
1.319234085083007812e+01
1.258872032165527344e+01
1.249573421478271484e+01
1.306647109985351562e+01
1.351550483703613281e+01
1.371379566192626953e+01
1.385912609100341797e+01
1.374995994567871094e+01
1.333353805541992188e+01
1.319931602478027344e+01
1.318733787536621094e+01
1.304588317871093750e+01
1.321262454986572266e+01
1.324412059783935547e+01
1.340598297119140625e+01
1.340935802459716797e+01
1.311041450500488281e+01
1.272621059417724609e+01
1.248770046234130859e+01
1.222927474975585938e+01
1.204632759094238281e+01
1.183989906311035156e+01
1.171933269500732422e+01
1.160573291778564453e+01
1.156782436370849609e+01
1.156239032745361328e+01
1.149231624603271484e+01
1.154069900512695312e+01
1.161775779724121094e+01
1.176789188385009766e+01
1.183630847930908203e+01
1.186457729339599609e+01
1.188868236541748047e+01
1.197368144989013672e+01
1.191797447204589844e+01
1.199783420562744141e+01
1.180301094055175781e+01
1.181224250793457031e+01
1.188453292846679688e+01
1.179189491271972656e+01
1.178823375701904297e+01
1.190491294860839844e+01
1.178409385681152344e+01
1.165855312347412109e+01
1.169853305816650391e+01
1.162252807617187500e+01
1.167008781433105469e+01
1.174679660797119141e+01
1.167837333679199219e+01
1.177255916595458984e+01
1.141147327423095703e+01
1.125784683227539062e+01
1.114869213104248047e+01
1.134337806701660156e+01
1.196987438201904297e+01
1.175204944610595703e+01
1.198260498046875000e+01
1.180777454376220703e+01
1.155635738372802734e+01
1.159379577636718750e+01
1.189328861236572266e+01
1.180048942565917969e+01
1.157760906219482422e+01
1.135900306701660156e+01
1.111667633056640625e+01
1.080450439453125000e+01
1.054126453399658203e+01
1.025439834594726562e+01
1.002449512481689453e+01
9.769077301025390625e+00
9.691599845886230469e+00
9.603666305541992188e+00
9.656787872314453125e+00
9.591158866882324219e+00
9.575475692749023438e+00
9.541938781738281250e+00
9.555138587951660156e+00
9.741462707519531250e+00
9.821503639221191406e+00
9.895277023315429688e+00
9.943849563598632812e+00
9.984416961669921875e+00
1.002415561676025391e+01
1.004088687896728516e+01
1.005523777008056641e+01
1.002430438995361328e+01
1.003981208801269531e+01
1.005525207519531250e+01
9.959584236145019531e+00
9.915458679199218750e+00
9.951843261718750000e+00
1.000286483764648438e+01
9.947788238525390625e+00
9.911148071289062500e+00
9.842181205749511719e+00
9.707738876342773438e+00
9.584049224853515625e+00
9.522029876708984375e+00
9.789755821228027344e+00
9.591534614562988281e+00
9.594881057739257812e+00
9.502655029296875000e+00
9.381706237792968750e+00
9.273268699645996094e+00
9.183090209960937500e+00
9.485736846923828125e+00
9.530209541320800781e+00
1.004031276702880859e+01
9.862622261047363281e+00
9.563319206237792969e+00
9.049395561218261719e+00
8.846378326416015625e+00
8.923395156860351562e+00
8.616710662841796875e+00
8.292581558227539062e+00
7.913650989532470703e+00
7.410929203033447266e+00
7.138974666595458984e+00
7.099443912506103516e+00
7.329933166503906250e+00
7.362368106842041016e+00
7.207917213439941406e+00
7.164002895355224609e+00
7.338108062744140625e+00
7.848816394805908203e+00
7.940477371215820312e+00
7.867953300476074219e+00
7.891800880432128906e+00
8.324244499206542969e+00
8.664942741394042969e+00
8.766175270080566406e+00
8.745359420776367188e+00
8.720781326293945312e+00
8.732904434204101562e+00
8.711131095886230469e+00
8.781680107116699219e+00
8.858404159545898438e+00
8.976555824279785156e+00
8.919476509094238281e+00
9.146429061889648438e+00
9.202783584594726562e+00
9.283771514892578125e+00
9.198958396911621094e+00
9.046214103698730469e+00
8.923829078674316406e+00
8.806330680847167969e+00
8.659808158874511719e+00
8.591279029846191406e+00
8.551987648010253906e+00
8.685116767883300781e+00
8.786561965942382812e+00
8.648459434509277344e+00
8.603531837463378906e+00
8.766085624694824219e+00
8.693983078002929688e+00
8.636325836181640625e+00
8.406845092773437500e+00
7.989365100860595703e+00
7.913155078887939453e+00
7.653886318206787109e+00
7.371350288391113281e+00
8.114861488342285156e+00
8.078210830688476562e+00
8.227111816406250000e+00
8.062684059143066406e+00
7.871581077575683594e+00
8.267208099365234375e+00
8.200204849243164062e+00
7.846661090850830078e+00
7.326226711273193359e+00
7.160131931304931641e+00
6.925231933593750000e+00
6.811813831329345703e+00
6.715404033660888672e+00
6.678801059722900391e+00
6.492685317993164062e+00
6.533498287200927734e+00
6.748349666595458984e+00
7.046628952026367188e+00
7.075164794921875000e+00
7.001965999603271484e+00
6.909516811370849609e+00
6.860911369323730469e+00
7.107747554779052734e+00
7.265594005584716797e+00
7.290900707244873047e+00
7.435787200927734375e+00
7.480055332183837891e+00
7.493419647216796875e+00
7.535981655120849609e+00
7.595938205718994141e+00
7.653978824615478516e+00
7.637365818023681641e+00
7.552614212036132812e+00
7.450561046600341797e+00
7.370634555816650391e+00
7.260703086853027344e+00
7.087244033813476562e+00
6.812796592712402344e+00
6.375312805175781250e+00
6.212991237640380859e+00
6.383148670196533203e+00
6.371230125427246094e+00
6.294906139373779297e+00
6.214031696319580078e+00
6.152379035949707031e+00
6.115508079528808594e+00
5.731284618377685547e+00
5.614835262298583984e+00
5.425223827362060547e+00
5.120519638061523438e+00
4.802109718322753906e+00
4.161986351013183594e+00
3.883369684219360352e+00
3.878981828689575195e+00
3.405701398849487305e+00
2.677704811096191406e+00
2.508491516113281250e+00
2.585106611251831055e+00
2.471158981323242188e+00
2.597300767898559570e+00
2.596925973892211914e+00
2.875902891159057617e+00
2.613723754882812500e+00
2.371153831481933594e+00
2.678423643112182617e+00
3.474293947219848633e+00
3.879128932952880859e+00
4.093689441680908203e+00
4.356362342834472656e+00
4.664188385009765625e+00
4.801976680755615234e+00
4.700919151306152344e+00
4.608088016510009766e+00
4.591161727905273438e+00
4.651853561401367188e+00
4.664140224456787109e+00
4.712955951690673828e+00
4.834475517272949219e+00
5.084876060485839844e+00
5.247187137603759766e+00
5.323044776916503906e+00
5.517902851104736328e+00
5.546465873718261719e+00
5.554812431335449219e+00
5.553908824920654297e+00
5.520280838012695312e+00
5.562215805053710938e+00
5.525881767272949219e+00
5.549535751342773438e+00
5.748229980468750000e+00
5.865825653076171875e+00
6.043612957000732422e+00
6.172902584075927734e+00
6.294329166412353516e+00
6.492841720581054688e+00
6.423913955688476562e+00
6.755587577819824219e+00
7.148182392120361328e+00
7.152100086212158203e+00
7.217269420623779297e+00
7.330384254455566406e+00
7.172126770019531250e+00
7.200208187103271484e+00
7.325673103332519531e+00
7.475688934326171875e+00
7.528336048126220703e+00
7.823954582214355469e+00
7.912195682525634766e+00
8.928201675415039062e+00
8.838734626770019531e+00
8.639811515808105469e+00
8.497116088867187500e+00
8.590841293334960938e+00
8.438026428222656250e+00
8.236562728881835938e+00
8.122538566589355469e+00
7.859262466430664062e+00
7.701112270355224609e+00
7.621726989746093750e+00
7.750496864318847656e+00
7.527692317962646484e+00
7.597470760345458984e+00
7.531749248504638672e+00
7.733862876892089844e+00
7.900318145751953125e+00
7.936688423156738281e+00
7.936104774475097656e+00
7.891315460205078125e+00
8.038440704345703125e+00
8.062861442565917969e+00
8.139352798461914062e+00
8.224211692810058594e+00
8.353160858154296875e+00
8.385577201843261719e+00
8.515392303466796875e+00
8.494830131530761719e+00
8.790246009826660156e+00
8.766416549682617188e+00
8.756846427917480469e+00
8.811032295227050781e+00
8.993206024169921875e+00
9.073162078857421875e+00
9.194103240966796875e+00
9.315976142883300781e+00
9.340004920959472656e+00
9.280008316040039062e+00
9.558848381042480469e+00
9.526374816894531250e+00
9.377060890197753906e+00
9.284008979797363281e+00
9.146099090576171875e+00
9.057382583618164062e+00
8.766150474548339844e+00
8.255773544311523438e+00
7.582682609558105469e+00
7.284688472747802734e+00
6.932024955749511719e+00
6.486898899078369141e+00
6.258563995361328125e+00
6.019659042358398438e+00
5.582445144653320312e+00
5.732348442077636719e+00
5.877307415008544922e+00
5.615057468414306641e+00
5.255743503570556641e+00
5.036233425140380859e+00
5.158637046813964844e+00
5.525948047637939453e+00
6.104091644287109375e+00
6.897522926330566406e+00
7.018621921539306641e+00
7.066189289093017578e+00
7.482418060302734375e+00
7.515682220458984375e+00
7.373337745666503906e+00
7.528321266174316406e+00
7.835946559906005859e+00
9.870462417602539062e+00
1.220055198669433594e+01
1.218415546417236328e+01
1.225804138183593750e+01
1.205890178680419922e+01
1.211981868743896484e+01
1.214773273468017578e+01
1.210420227050781250e+01
1.205419921875000000e+01
1.189653873443603516e+01
1.185731410980224609e+01
1.179208850860595703e+01
1.176690864562988281e+01
1.173949050903320312e+01
1.166270828247070312e+01
1.154175853729248047e+01
1.137464714050292969e+01
1.121278381347656250e+01
1.106547737121582031e+01
1.100242900848388672e+01
1.095712947845458984e+01
1.086550998687744141e+01
1.086567783355712891e+01
1.085732746124267578e+01
1.074712371826171875e+01
1.055426216125488281e+01
1.040830039978027344e+01
1.036804199218750000e+01
1.025830459594726562e+01
1.023880577087402344e+01
1.019759273529052734e+01
1.004049873352050781e+01
9.640747070312500000e+00
9.158563613891601562e+00
9.165947914123535156e+00
9.667756080627441406e+00
9.773390769958496094e+00
9.847180366516113281e+00
9.998709678649902344e+00
9.915083885192871094e+00
9.692129135131835938e+00
9.385015487670898438e+00
9.085436820983886719e+00
8.721824645996093750e+00
8.741150856018066406e+00
8.753420829772949219e+00
8.595801353454589844e+00
8.386797904968261719e+00
8.216679573059082031e+00
8.103614807128906250e+00
7.987773895263671875e+00
7.871910095214843750e+00
8.130495071411132812e+00
8.265699386596679688e+00
8.372685432434082031e+00
8.409738540649414062e+00
8.398300170898437500e+00
8.514421463012695312e+00
8.531427383422851562e+00
8.580160140991210938e+00
8.377811431884765625e+00
8.425706863403320312e+00
8.527648925781250000e+00
8.579627037048339844e+00
8.611461639404296875e+00
8.506908416748046875e+00
8.580191612243652344e+00
8.717908859252929688e+00
8.664625167846679688e+00
8.608014106750488281e+00
8.522901535034179688e+00
8.401971817016601562e+00
8.349892616271972656e+00
8.304151535034179688e+00
8.233310699462890625e+00
8.118815422058105469e+00
8.115862846374511719e+00
8.110637664794921875e+00
7.876016616821289062e+00
7.326622962951660156e+00
7.444075584411621094e+00
7.266579151153564453e+00
6.985483169555664062e+00
6.836016178131103516e+00
6.529610157012939453e+00
6.804708003997802734e+00
7.681970596313476562e+00
7.624978542327880859e+00
7.266777515411376953e+00
6.931544780731201172e+00
6.395351886749267578e+00
5.922275066375732422e+00
5.493744850158691406e+00
5.517916202545166016e+00
5.283427715301513672e+00
4.939440250396728516e+00
4.749347686767578125e+00
4.401244163513183594e+00
4.069766521453857422e+00
4.583158016204833984e+00
5.065536499023437500e+00
5.222011089324951172e+00
5.246764659881591797e+00
5.954185962677001953e+00
6.282422065734863281e+00
6.965867519378662109e+00
7.867648601531982422e+00
9.130110740661621094e+00
9.177965164184570312e+00
9.651720046997070312e+00
9.830377578735351562e+00
9.971858024597167969e+00
9.915145874023437500e+00
9.825829505920410156e+00
9.838241577148437500e+00
9.785365104675292969e+00
9.975765228271484375e+00
1.008110904693603516e+01
1.010929107666015625e+01
1.032381725311279297e+01
1.024234008789062500e+01
1.018562221527099609e+01
9.948067665100097656e+00
9.986923217773437500e+00
1.008852863311767578e+01
1.010523319244384766e+01
1.010523700714111328e+01
1.010816764831542969e+01
1.005630016326904297e+01
9.939519882202148438e+00
9.853878021240234375e+00
1.010035514831542969e+01
1.027073574066162109e+01
1.039625644683837891e+01
1.031566333770751953e+01
1.027857589721679688e+01
9.906602859497070312e+00
9.567221641540527344e+00
9.219910621643066406e+00
8.971559524536132812e+00
8.927718162536621094e+00
9.072974205017089844e+00
8.717609405517578125e+00
8.309039115905761719e+00
7.936525821685791016e+00
7.613883018493652344e+00
7.285988330841064453e+00
7.076010704040527344e+00
6.998428344726562500e+00
7.766367912292480469e+00
8.951831817626953125e+00
9.291212081909179688e+00
9.372602462768554688e+00
9.510174751281738281e+00
9.469780921936035156e+00
9.569802284240722656e+00
9.788990974426269531e+00
9.647418975830078125e+00
9.610360145568847656e+00
9.611327171325683594e+00
1.002371311187744141e+01
1.091311454772949219e+01
1.104797649383544922e+01
1.139201068878173828e+01
1.156949424743652344e+01
1.176764202117919922e+01
1.151693630218505859e+01
1.144825077056884766e+01
1.127801990509033203e+01
1.108569335937500000e+01
1.082957458496093750e+01
1.061489295959472656e+01
1.090616226196289062e+01
1.107627868652343750e+01
1.096286582946777344e+01
1.074026870727539062e+01
1.071567726135253906e+01
1.049297714233398438e+01
1.043326663970947266e+01
1.028248691558837891e+01
1.021786499023437500e+01
1.012520503997802734e+01
1.016492843627929688e+01
1.006128597259521484e+01
9.765861511230468750e+00
9.394047737121582031e+00
9.073526382446289062e+00
8.903404235839843750e+00
8.851873397827148438e+00
8.483757019042968750e+00
8.038279533386230469e+00
7.593506336212158203e+00
7.353090286254882812e+00
1.043696594238281250e+01
1.114065837860107422e+01
1.118548870086669922e+01
1.109262180328369141e+01
1.093490886688232422e+01
1.086523342132568359e+01
1.097925281524658203e+01
1.071142196655273438e+01
1.044124412536621094e+01
1.043600559234619141e+01
1.129056549072265625e+01
1.102304172515869141e+01
1.093400955200195312e+01
1.089826107025146484e+01
1.106390285491943359e+01
1.106326293945312500e+01
1.155341529846191406e+01
1.198197174072265625e+01
1.262919330596923828e+01
1.261321163177490234e+01
1.247872638702392578e+01
1.248432159423828125e+01
1.261002159118652344e+01
1.284389781951904297e+01
1.265819454193115234e+01
1.303406047821044922e+01
1.294935894012451172e+01
1.273000335693359375e+01
1.276295852661132812e+01
1.258534526824951172e+01
1.246735191345214844e+01
1.236522197723388672e+01
1.230134296417236328e+01
1.245608425140380859e+01
1.245487689971923828e+01
1.225672626495361328e+01
1.193858432769775391e+01
1.187626075744628906e+01
1.188628768920898438e+01
1.183626651763916016e+01
1.167618560791015625e+01
1.151230049133300781e+01
1.143159866333007812e+01
1.118440723419189453e+01
1.110463333129882812e+01
1.090701675415039062e+01
1.051805210113525391e+01
1.022664070129394531e+01
1.031446743011474609e+01
1.056595706939697266e+01
1.076493740081787109e+01
1.045750904083251953e+01
1.030720233917236328e+01
1.064725494384765625e+01
1.080122184753417969e+01
1.083355808258056641e+01
1.054871368408203125e+01
1.034850311279296875e+01
1.032823467254638672e+01
1.013723373413085938e+01
1.004416275024414062e+01
1.016162967681884766e+01
1.038372898101806641e+01
1.081669235229492188e+01
1.093808841705322266e+01
1.084158420562744141e+01
1.101972675323486328e+01
1.088644409179687500e+01
1.043661880493164062e+01
1.044827461242675781e+01
1.024701118469238281e+01
1.033549880981445312e+01
1.042079162597656250e+01
1.023932933807373047e+01
1.030735588073730469e+01
1.034672260284423828e+01
1.031487178802490234e+01
1.029199123382568359e+01
1.018618297576904297e+01
9.898222923278808594e+00
1.001303195953369141e+01
1.003186607360839844e+01
1.004032802581787109e+01
1.010868358612060547e+01
1.014125442504882812e+01
1.006438159942626953e+01
1.010457706451416016e+01
1.012481975555419922e+01
1.004150009155273438e+01
1.012884426116943359e+01
9.931344032287597656e+00
9.959530830383300781e+00
1.023866748809814453e+01
1.066776752471923828e+01
1.033983325958251953e+01
1.008379745483398438e+01
1.000458717346191406e+01
1.009937858581542969e+01
9.879414558410644531e+00
9.622869491577148438e+00
9.886751174926757812e+00
1.097886276245117188e+01
1.186546611785888672e+01
1.060663700103759766e+01
1.109606361389160156e+01
1.108792400360107422e+01
1.071556663513183594e+01
1.049752521514892578e+01
1.098597526550292969e+01
1.077252006530761719e+01
1.066733169555664062e+01
1.052622032165527344e+01
1.053802299499511719e+01
1.025870990753173828e+01
1.021048355102539062e+01
1.024629688262939453e+01
1.011466693878173828e+01
1.019797325134277344e+01
1.086153888702392578e+01
1.092625427246093750e+01
1.099480819702148438e+01
1.176756381988525391e+01
1.166670227050781250e+01
1.167465019226074219e+01
1.331742572784423828e+01
1.440114593505859375e+01
1.417004966735839844e+01
1.336184597015380859e+01
1.267800426483154297e+01
1.254070663452148438e+01
1.254385185241699219e+01
1.250811767578125000e+01
1.246753597259521484e+01
1.248004150390625000e+01
1.248395347595214844e+01
1.266224193572998047e+01
1.272704792022705078e+01
1.261322307586669922e+01
1.273788452148437500e+01
1.286361408233642578e+01
1.324790954589843750e+01
1.317138195037841797e+01
1.297642707824707031e+01
1.288758182525634766e+01
1.283973407745361328e+01
1.266455650329589844e+01
1.252822399139404297e+01
1.230587196350097656e+01
1.212788105010986328e+01
1.214029216766357422e+01
1.204242038726806641e+01
1.187263584136962891e+01
1.192055416107177734e+01
1.169072914123535156e+01
1.135837268829345703e+01
1.091165924072265625e+01
1.058232402801513672e+01
1.033494949340820312e+01
1.011763095855712891e+01
1.043276023864746094e+01
1.040477371215820312e+01
1.027888774871826172e+01
1.029026412963867188e+01
1.026277160644531250e+01
1.014546585083007812e+01
1.010049247741699219e+01
1.017479896545410156e+01
1.033542823791503906e+01
1.033990192413330078e+01
1.022272014617919922e+01
1.019013118743896484e+01
1.036888790130615234e+01
1.032776832580566406e+01
1.031579589843750000e+01
1.033898544311523438e+01
1.013388061523437500e+01
9.996025085449218750e+00
1.002782917022705078e+01
1.001570510864257812e+01
9.829862594604492188e+00
9.907135009765625000e+00
9.838644027709960938e+00
9.692503929138183594e+00
9.457780838012695312e+00
9.387951850891113281e+00
9.361539840698242188e+00
9.259438514709472656e+00
9.254547119140625000e+00
9.137953758239746094e+00
8.868713378906250000e+00
8.835430145263671875e+00
8.681879997253417969e+00
8.308691024780273438e+00
8.110958099365234375e+00
8.911126136779785156e+00
9.030010223388671875e+00
8.947406768798828125e+00
8.673512458801269531e+00
8.393769264221191406e+00
8.361745834350585938e+00
8.475132942199707031e+00
8.591841697692871094e+00
8.309283256530761719e+00
7.792130947113037109e+00
7.686679363250732422e+00
7.394782543182373047e+00
6.982158184051513672e+00
7.123101234436035156e+00
6.775352954864501953e+00
7.316177845001220703e+00
7.123635768890380859e+00
6.654812812805175781e+00
6.504987239837646484e+00
6.318083763122558594e+00
6.245043277740478516e+00
5.950587749481201172e+00
5.812685966491699219e+00
5.816549777984619141e+00
6.123857975006103516e+00
6.574186325073242188e+00
6.962519168853759766e+00
6.982070446014404297e+00
6.933278560638427734e+00
6.944395542144775391e+00
7.161307811737060547e+00
7.091728210449218750e+00
7.123189926147460938e+00
7.305652618408203125e+00
7.317884445190429688e+00
7.342849254608154297e+00
7.342864990234375000e+00
7.402204036712646484e+00
7.458837032318115234e+00
7.459252357482910156e+00
7.470531940460205078e+00
7.584814548492431641e+00
7.690598964691162109e+00
8.151424407958984375e+00
8.243900299072265625e+00
8.264661788940429688e+00
8.180981636047363281e+00
8.029603004455566406e+00
7.674772739410400391e+00
7.381998538970947266e+00
7.176868438720703125e+00
7.997529983520507812e+00
8.114801406860351562e+00
8.446644783020019531e+00
8.693352699279785156e+00
8.838953971862792969e+00
8.956979751586914062e+00
9.138356208801269531e+00
9.255594253540039062e+00
9.134347915649414062e+00
9.017224311828613281e+00
9.053332328796386719e+00
9.097552299499511719e+00
8.442506790161132812e+00
8.454832077026367188e+00
8.612241744995117188e+00
9.219395637512207031e+00
1.035220718383789062e+01
1.019814109802246094e+01
1.201021385192871094e+01
1.378201866149902344e+01
1.294456386566162109e+01
1.278694152832031250e+01
1.272218322753906250e+01
1.279863548278808594e+01
1.275486660003662109e+01
1.277471828460693359e+01
1.270687961578369141e+01
1.247949409484863281e+01
1.231056022644042969e+01
1.219625568389892578e+01
1.209148883819580078e+01
1.201849460601806641e+01
1.200588989257812500e+01
1.188887691497802734e+01
1.178430843353271484e+01
1.185127544403076172e+01
1.183662605285644531e+01
1.183613491058349609e+01
1.178023624420166016e+01
1.175156688690185547e+01
1.171512889862060547e+01
1.169456672668457031e+01
1.164692401885986328e+01
1.160623836517333984e+01
1.142322349548339844e+01
1.125767517089843750e+01
1.125376319885253906e+01
1.118446540832519531e+01
1.111967849731445312e+01
1.105438327789306641e+01
1.092303466796875000e+01
1.059477138519287109e+01
1.057883167266845703e+01
1.055009078979492188e+01
1.044845199584960938e+01
1.038874149322509766e+01
1.025897121429443359e+01
1.013977241516113281e+01
1.011731529235839844e+01
1.002808570861816406e+01
9.873683929443359375e+00
9.714385032653808594e+00
9.526736259460449219e+00
8.976927757263183594e+00
8.579115867614746094e+00
8.284906387329101562e+00
7.796071052551269531e+00
7.442426204681396484e+00
7.496518611907958984e+00
7.791569232940673828e+00
7.783027172088623047e+00
7.953059673309326172e+00
8.308222770690917969e+00
8.232682228088378906e+00
8.208452224731445312e+00
8.500026702880859375e+00
8.616624832153320312e+00
8.563296318054199219e+00
8.563460350036621094e+00
8.486781120300292969e+00
8.406065940856933594e+00
8.264904975891113281e+00
8.171129226684570312e+00
8.197329521179199219e+00
8.154108047485351562e+00
8.087300300598144531e+00
8.106988906860351562e+00
8.082757949829101562e+00
8.060408592224121094e+00
8.086612701416015625e+00
8.097858428955078125e+00
8.131214141845703125e+00
8.187747001647949219e+00
8.248692512512207031e+00
