5.711571428571427411e+00
5.541571428571430147e+00
5.372142857142857331e+00
5.270857142857143351e+00
5.209999999999999964e+00
5.396142857142858240e+00
5.638714285714286234e+00
6.460285714285713077e+00
6.921142857142855931e+00
6.678285714285713048e+00
6.848285714285713865e+00
6.726857142857141980e+00
6.799714285714284934e+00
7.018285714285714683e+00
6.921142857142855931e+00
6.751142857142856890e+00
6.718857142857141973e+00
6.796000000000000263e+00
6.755428571428571338e+00
6.653999999999998138e+00
6.653999999999998138e+00
6.945428571428571729e+00
7.212571428571429522e+00
6.969714285714284863e+00
6.654142857142856471e+00
6.557428571428571829e+00
6.460714285714286298e+00
6.339285714285714413e+00
6.314999999999999503e+00
6.266428571428571459e+00
6.217857142857142527e+00
6.290714285714286369e+00
6.242142857142856549e+00
6.145000000000000462e+00
6.051857142857143046e+00
5.853285714285712871e+00
5.711571428571427411e+00
5.452714285714286291e+00
5.331571428571429294e+00
5.331428571428571850e+00
5.735857142857142321e+00
5.392000000000001236e+00
5.112857142857142989e+00
5.088571428571428079e+00
5.015714285714286014e+00
5.064285714285714946e+00
4.991428571428571104e+00
5.040000000000000036e+00
5.015714285714286014e+00
4.833857142857143074e+00
4.365142857142857657e+00
4.405142857142857693e+00
4.465857142857143636e+00
4.324285714285714732e+00
4.364857142857142769e+00
4.486285714285713766e+00
4.466142857142855860e+00
4.364857142857142769e+00
4.223428571428571310e+00
4.263714285714286234e+00
4.203285714285714292e+00
4.324285714285714732e+00
4.304285714285714270e+00
4.324285714285714732e+00
4.324285714285714732e+00
4.223428571428571310e+00
4.259857142857143231e+00
4.102142857142857757e+00
4.020999999999999908e+00
4.020999999999999908e+00
4.061428571428571388e+00
4.041285714285715258e+00
3.960142857142857853e+00
3.879000000000000448e+00
3.846999999999999975e+00
3.790142857142857036e+00
3.741999999999999993e+00
3.697285714285714509e+00
3.818571428571428505e+00
3.778285714285714469e+00
3.838714285714285968e+00
3.778285714285714469e+00
3.737857142857142545e+00
3.677142857142857046e+00
3.697428571428571065e+00
3.818571428571428505e+00
3.737999999999999989e+00
3.677142857142857046e+00
3.596000000000000085e+00
3.482857142857143096e+00
3.495285714285714107e+00
3.329000000000000625e+00
3.171428571428571264e+00
3.053999999999999826e+00
3.030000000000000249e+00
3.017999999999999794e+00
3.042285714285714260e+00
3.025857142857142801e+00
3.191714285714285726e+00
3.074428571428571733e+00
3.102714285714285314e+00
3.114999999999999325e+00
3.325000000000000622e+00
3.418142857142857594e+00
4.142714285714285793e+00
4.020999999999999908e+00
4.615428571428571658e+00
5.015714285714286014e+00
4.769285714285714128e+00
4.647857142857142243e+00
4.405285714285715137e+00
4.263857142857142790e+00
4.041285714285715258e+00
3.960142857142857853e+00
3.919571428571428928e+00
3.879000000000000448e+00
3.899285714285714466e+00
3.778285714285714469e+00
3.778285714285714469e+00
3.737999999999999989e+00
3.717714285714285971e+00
3.596000000000000085e+00
3.616285714285714104e+00
3.596000000000000085e+00
3.555714285714285605e+00
3.422428571428571598e+00
3.454999999999999183e+00
3.495285714285714107e+00
3.980571428571428871e+00
3.495285714285714107e+00
3.389857142857142680e+00
3.495285714285714107e+00
3.596000000000000085e+00
3.575857142857142623e+00
3.616428571428571104e+00
3.596000000000000085e+00
3.596000000000000085e+00
3.636571428571428566e+00
3.616285714285714104e+00
3.555714285714285161e+00
3.596000000000000085e+00
3.656857142857142584e+00
3.596000000000000085e+00
3.555714285714285605e+00
3.515428571428571569e+00
3.555714285714285605e+00
3.385857142857143121e+00
3.078428571428571292e+00
2.815714285714285392e+00
2.799285714285713933e+00
2.763000000000000345e+00
2.900571428571428356e+00
2.831714285714285406e+00
2.758857142857142453e+00
2.702000000000000401e+00
2.661857142857142033e+00
2.459571428571428520e+00
2.491999999999999993e+00
2.431142857142857050e+00
2.366571428571428548e+00
2.285571428571429031e+00
2.257000000000000561e+00
2.297714285714286042e+00
2.435285714285714498e+00
2.451571428571428068e+00
2.443285714285714505e+00
2.443428571428571505e+00
2.423142857142857043e+00
2.399000000000000021e+00
2.475714285714285534e+00
2.451428571428571512e+00
2.467571428571428527e+00
2.427000000000000046e+00
2.382857142857143007e+00
2.354285714285714537e+00
2.390857142857143014e+00
2.386857142857142566e+00
2.370571428571428552e+00
2.382714285714286007e+00
2.443428571428571949e+00
2.427285714285714047e+00
2.483714285714285985e+00
2.467857142857142971e+00
2.515999999999999570e+00
2.629571428571428005e+00
2.649571428571428466e+00
2.657571428571428473e+00
2.771142857142857796e+00
2.908428571428571363e+00
2.924714285714285378e+00
2.952999999999999847e+00
2.855999999999999428e+00
2.843714285714285417e+00
2.706142857142857405e+00
2.625428571428571445e+00
2.560714285714285943e+00
3.288714285714285701e+00
3.317142857142857615e+00
3.183285714285713830e+00
2.945142857142857284e+00
2.746714285714285442e+00
2.957285714285714295e+00
2.689999999999999947e+00
2.544571428571428040e+00
2.665857142857142481e+00
2.585142857142856965e+00
2.653571428571428470e+00
2.576999999999999513e+00
2.532571428571428473e+00
2.609285714285713986e+00
2.730428571428570983e+00
2.952999999999999847e+00
2.952999999999999847e+00
2.932714285714285829e+00
2.888142857142856901e+00
2.993428571428570883e+00
3.094428571428571750e+00
2.993428571428570883e+00
2.835857142857142854e+00
2.823571428571428843e+00
2.807285714285714384e+00
2.925000000000000266e+00
2.965142857142857302e+00
2.912571428571428367e+00
2.803285714285714381e+00
2.787142857142856922e+00
2.722285714285714420e+00
3.272428571428571242e+00
3.596000000000000085e+00
3.859142857142856986e+00
4.870428571428571551e+00
5.582428571428571296e+00
5.412428571428571367e+00
5.226285714285714867e+00
4.922714285714286042e+00
4.749142857142857110e+00
4.668142857142856705e+00
4.586999999999998856e+00
4.797571428571428598e+00
4.688428571428572056e+00
4.647857142857142243e+00
4.546714285714285708e+00
4.445999999999998842e+00
4.486285714285713766e+00
6.913571428571428257e+00
6.314999999999999503e+00
6.415999999999998593e+00
6.630285714285713894e+00
6.217857142857141639e+00
6.023571428571429465e+00
5.853285714285712871e+00
5.735857142857142321e+00
5.638714285714286234e+00
5.436714285714286277e+00
5.250571428571428889e+00
5.185714285714285054e+00
5.112857142857142989e+00
4.918571428571428150e+00
4.769285714285714128e+00
4.627571428571428669e+00
4.506428571428570784e+00
4.304000000000001158e+00
4.283857142857144140e+00
4.203285714285714292e+00
4.223428571428572198e+00
4.102142857142857757e+00
4.199142857142858176e+00
3.903571428571428470e+00
3.701285714285714512e+00
3.943999999999999950e+00
3.822999999999999954e+00
3.826714285714285513e+00
4.635714285714286120e+00
5.614428571428571324e+00
5.687285714285715166e+00
5.760142857142857231e+00
5.663000000000001144e+00
5.565857142857143280e+00
5.472857142857143309e+00
5.331714285714285850e+00
5.185714285714285943e+00
5.040000000000000036e+00
5.040000000000000036e+00
5.040000000000000036e+00
5.064285714285714057e+00
5.040000000000000036e+00
5.088571428571428079e+00
5.270857142857143351e+00
5.250571428571428889e+00
5.230285714285714427e+00
5.052285714285714491e+00
4.753142857142856670e+00
4.518571428571427795e+00
4.809428571428571608e+00
4.894285714285714128e+00
4.870000000000000107e+00
4.729000000000000092e+00
4.809571428571429053e+00
4.870000000000000107e+00
4.627571428571428669e+00
4.546857142857143153e+00
4.813714285714285168e+00
4.607285714285714207e+00
4.506428571428570784e+00
4.324285714285714732e+00
4.263714285714286234e+00
4.163000000000000256e+00
4.163000000000000256e+00
4.142714285714285793e+00
4.061571428571428832e+00
4.020999999999999908e+00
3.899285714285714466e+00
3.818571428571428950e+00
3.798428571428571932e+00
3.737999999999999989e+00
3.737999999999999989e+00
3.737999999999999989e+00
3.677142857142857046e+00
3.596000000000000085e+00
3.454999999999999183e+00
3.341000000000000636e+00
3.272428571428572130e+00
3.377857142857143113e+00
3.337000000000000188e+00
3.300571428571429156e+00
3.155428571428571694e+00
3.151142857142857245e+00
3.199714285714285733e+00
3.167285714285714260e+00
3.138999999999999790e+00
3.070428571428571729e+00
2.985571428571428765e+00
2.900428571428570912e+00
2.843857142857142861e+00
2.750857142857142890e+00
2.766999999999999460e+00
2.766999999999999904e+00
2.783142857142856919e+00
2.855999999999999428e+00
2.884142857142857341e+00
3.001571428571428335e+00
3.155000000000000249e+00
3.135000000000000231e+00
3.147142857142857242e+00
3.102857142857142758e+00
2.985571428571428321e+00
2.936999999999999833e+00
2.872285714285714331e+00
2.864142857142856879e+00
2.827571428571428402e+00
2.969285714285714306e+00
2.803285714285713937e+00
2.661714285714285477e+00
2.588999999999999524e+00
2.536571428571428477e+00
2.358428571428571541e+00
2.318142857142857061e+00
2.423142857142857043e+00
2.414857142857143479e+00
2.354142857142857093e+00
2.281571428571428584e+00
2.382714285714286007e+00
2.459571428571428520e+00
2.524428571428571466e+00
2.669999999999999485e+00
2.718285714285713972e+00
2.969142857142856862e+00
3.224000000000000643e+00
3.219857142857143195e+00
3.284571428571428253e+00
3.454999999999999183e+00
3.389857142857143124e+00
3.454999999999999183e+00
3.737999999999999989e+00
4.163000000000000256e+00
4.263714285714286234e+00
4.304000000000001158e+00
4.223428571428572198e+00
4.122428571428572219e+00
3.960142857142857853e+00
3.899285714285714466e+00
3.899285714285714466e+00
4.020999999999999908e+00
4.809714285714285609e+00
8.256142857142856784e+00
7.851714285714285424e+00
7.629142857142857004e+00
7.475428571428571978e+00
7.066857142857142726e+00
6.993999999999999773e+00
6.993999999999999773e+00
6.702571428571427070e+00
6.533285714285713475e+00
6.605714285714284983e+00
6.557428571428571829e+00
6.485000000000000320e+00
6.485000000000000320e+00
6.436428571428571388e+00
6.412142857142858254e+00
6.654142857142856471e+00
6.726857142857141980e+00
6.702571428571427070e+00
6.751142857142856890e+00
6.722857142857142421e+00
6.694571428571427951e+00
6.472428571428571864e+00
6.306714285714285495e+00
6.290714285714286369e+00
6.266428571428570571e+00
5.982999999999999652e+00
5.646999999999999353e+00
5.278857142857143359e+00
4.991428571428571992e+00
4.829714285714286071e+00
4.668142857142856705e+00
4.586999999999998856e+00
4.688428571428571168e+00
4.586999999999998856e+00
4.586999999999998856e+00
4.445999999999998842e+00
4.445999999999998842e+00
4.364857142857142769e+00
4.163000000000000256e+00
4.142714285714285793e+00
4.081857142857143295e+00
4.142714285714285793e+00
4.061571428571428832e+00
3.980428571428571871e+00
4.000714285714286333e+00
4.122428571428572219e+00
4.102142857142857757e+00
4.000714285714286333e+00
3.939857142857143391e+00
3.879000000000000448e+00
3.778285714285714469e+00
3.737999999999999989e+00
3.737999999999999989e+00
3.737999999999999989e+00
3.575999999999999623e+00
3.636714285714286454e+00
3.939857142857142946e+00
4.020999999999999908e+00
4.020999999999999908e+00
4.162714285714285367e+00
4.364857142857141881e+00
4.445999999999998842e+00
4.445999999999998842e+00
4.740857142857143103e+00
5.181714285714286383e+00
5.064285714285714057e+00
5.250428571428571445e+00
5.472857142857144197e+00
5.796714285714285708e+00
6.363571428571428434e+00
6.485000000000000320e+00
6.387857142857142456e+00
6.145000000000000462e+00
5.975000000000000533e+00
5.711571428571427411e+00
5.351857142857143756e+00
5.173714285714285488e+00
5.209999999999999964e+00
4.967142857142857970e+00
4.749142857142857110e+00
4.607285714285714207e+00
4.587285714285713745e+00
4.586999999999998856e+00
4.405428571428571694e+00
4.344571428571428306e+00
4.304000000000001158e+00
4.223428571428572198e+00
4.304142857142857714e+00
4.263714285714286234e+00
4.364857142857142769e+00
4.385142857142858119e+00
4.243571428571429216e+00
4.243571428571429216e+00
4.102142857142857757e+00
4.122428571428572219e+00
4.122428571428572219e+00
3.980428571428571871e+00
3.976285714285714423e+00
4.389000000000000234e+00
4.316142857142858169e+00
4.223428571428572198e+00
4.263714285714286234e+00
4.405428571428571694e+00
4.486285714285713766e+00
4.445999999999998842e+00
4.425714285714285268e+00
4.506428571428570784e+00
4.789428571428572035e+00
4.870000000000000107e+00
5.088571428571428079e+00
5.355714285714284983e+00
5.760142857142857231e+00
5.832999999999999297e+00
5.808714285714285275e+00
5.832999999999999297e+00
5.853285714285713759e+00
5.958714285714285630e+00
6.096428571428570642e+00
6.145000000000000462e+00
6.072142857142856620e+00
6.557428571428571829e+00
7.265142857142856236e+00
7.887999999999999901e+00
7.803142857142856492e+00
7.475428571428571978e+00
7.212571428571429522e+00
7.091142857142856748e+00
6.896857142857141909e+00
6.751142857142856890e+00
6.605714285714284983e+00
6.193571428571426729e+00
6.096428571428570642e+00
5.934428571428570720e+00
5.687285714285713389e+00
5.541571428571430147e+00
5.250571428571428889e+00
5.161428571428571033e+00
5.040000000000000036e+00
5.137142857142857011e+00
5.291142857142856926e+00
5.351999999999999424e+00
5.541571428571430147e+00
5.412428571428571367e+00
5.493000000000001215e+00
5.493000000000001215e+00
5.372142857142857331e+00
5.185714285714285943e+00
5.185714285714285943e+00
5.209999999999999964e+00
5.015714285714286014e+00
4.789428571428571146e+00
4.607285714285714207e+00
4.526571428571427802e+00
4.486285714285713766e+00
4.324285714285714732e+00
4.304000000000001158e+00
4.163000000000000256e+00
4.081857142857143295e+00
4.041285714285714370e+00
4.081857142857143295e+00
4.142714285714285793e+00
4.061571428571428832e+00
3.899428571428571466e+00
3.737999999999999989e+00
3.616285714285714104e+00
3.636571428571428566e+00
3.596000000000000085e+00
3.475142857142857089e+00
3.555714285714285605e+00
3.535571428571429031e+00
3.495285714285714107e+00
3.515428571428571569e+00
3.381857142857142673e+00
3.276428571428571690e+00
3.406142857142857583e+00
3.292714285714285705e+00
3.135142857142857231e+00
3.102571428571428758e+00
3.147142857142857242e+00
3.074428571428571733e+00
2.908571428571428363e+00
2.758857142857142897e+00
2.811285714285713500e+00
2.819571428571428839e+00
3.228000000000000203e+00
3.341000000000000636e+00
3.325000000000000178e+00
3.276571428571428690e+00
3.272571428571429131e+00
3.110714285714285321e+00
2.961142857142856855e+00
3.066285714285714281e+00
2.961142857142857299e+00
2.977285714285714313e+00
2.985571428571428765e+00
3.126999999999999780e+00
3.183571428571429163e+00
3.155285714285714249e+00
3.211857142857143632e+00
3.381571428571428672e+00
3.717714285714285527e+00
3.960428571428571409e+00
5.331428571428571850e+00
5.711571428571427411e+00
5.663000000000001144e+00
5.663000000000001144e+00
5.517285714285715237e+00
5.392285714285715237e+00
5.270857142857143351e+00
5.040000000000000036e+00
4.991428571428571992e+00
4.894285714285715017e+00
4.967142857142857970e+00
4.991428571428571104e+00
4.708714285714285630e+00
4.526571428571427802e+00
4.405428571428571694e+00
4.344571428571429195e+00
4.364857142857142769e+00
4.364857142857142769e+00
4.344571428571428306e+00
4.304000000000001158e+00
4.364857142857141881e+00
4.344571428571428306e+00
4.720714285714286085e+00
4.967142857142857970e+00
4.991428571428571104e+00
4.789428571428571146e+00
4.789428571428572035e+00
4.833857142857143074e+00
4.894285714285715017e+00
4.870000000000000107e+00
4.870000000000000107e+00
4.849857142857142200e+00
4.627571428571428669e+00
4.586999999999998856e+00
4.546714285714285708e+00
4.385142857142857231e+00
4.445999999999998842e+00
4.425714285714285268e+00
4.344571428571428306e+00
4.324285714285714732e+00
4.183142857142857274e+00
4.061571428571428832e+00
4.037285714285713922e+00
3.818714285714285950e+00
3.681285714285714050e+00
3.677428571428571491e+00
4.122285714285714775e+00
4.045285714285713929e+00
4.041285714285714370e+00
4.150571428571429244e+00
4.352571428571428314e+00
4.534714285714286142e+00
4.546999999999999709e+00
4.595428571428571196e+00
4.542714285714285261e+00
4.514714285714284792e+00
4.559142857142856720e+00
4.550857142857142712e+00
4.575142857142856734e+00
4.676571428571428157e+00
4.745142857142856663e+00
4.955142857142857515e+00
4.999714285714285111e+00
5.250714285714285445e+00
5.412857142857141923e+00
5.429000000000000270e+00
5.489571428571428768e+00
5.732285714285715095e+00
5.902142857142856691e+00
5.873857142857142222e+00
5.728000000000000647e+00
5.825142857142856734e+00
5.930571428571428605e+00
6.007142857142858006e+00
6.095999999999999197e+00
5.966857142857143081e+00
5.922428571428571153e+00
5.772571428571427354e+00
5.715999999999999304e+00
6.436000000000000831e+00
6.278142857142857913e+00
6.399714285714286355e+00
6.221571428571428086e+00
6.573714285714285843e+00
7.333857142857142186e+00
6.609999999999999432e+00
6.541285714285713482e+00
6.411714285714286810e+00
6.270000000000000462e+00
6.140571428571428569e+00
5.978857142857143536e+00
5.865714285714285658e+00
5.667428571428571260e+00
5.493428571428571772e+00
5.712000000000000632e+00
5.764571428571428235e+00
6.383428571428572340e+00
8.652714285714285580e+00
8.519142857142858460e+00
8.304857142857143160e+00
8.110714285714285765e+00
7.900428571428571800e+00
7.762571428571428456e+00
7.520142857142857906e+00
7.253142857142856670e+00
7.055142857142857160e+00
6.840428571428570415e+00
6.613999999999998991e+00
6.330857142857142961e+00
6.091999999999999638e+00
5.873857142857142222e+00
5.889714285714285680e+00
5.825285714285714178e+00
5.667285714285713816e+00
5.594714285714284863e+00
5.355857142857142428e+00
5.230571428571429315e+00
5.064714285714285502e+00
5.093000000000000860e+00
5.125285714285714889e+00
5.097000000000000419e+00
4.951142857142857068e+00
4.918857142857142151e+00
4.810000000000000497e+00
4.769571428571429017e+00
4.716857142857143081e+00
5.032428571428570585e+00
5.809000000000000163e+00
5.586571428571427411e+00
5.452857142857142847e+00
5.287142857142856478e+00
5.121285714285714441e+00
5.012142857142857011e+00
4.878571428571428115e+00
4.737285714285713212e+00
4.607428571428570763e+00
4.449714285714285289e+00
4.211285714285714299e+00
4.020999999999999908e+00
4.344571428571428306e+00
4.360571428571429209e+00
4.251714285714286667e+00
4.239571428571428768e+00
4.320285714285715173e+00
4.712714285714285189e+00
5.242857142857142883e+00
5.214428571428571857e+00
5.092999999999999083e+00
4.987714285714285545e+00
4.890428571428572013e+00
4.825999999999999623e+00
4.979714285714286426e+00
5.182000000000000384e+00
5.327714285714285403e+00
5.473285714285714754e+00
6.945571428571428285e+00
6.816285714285713837e+00
6.763571428571428790e+00
6.666285714285714370e+00
6.626142857142857778e+00
6.513142857142857345e+00
6.525142857142857800e+00
6.500857142857142890e+00
6.176999999999999602e+00
6.128428571428570670e+00
7.932714285714284941e+00
7.596857142857142087e+00
7.366142857142857103e+00
7.196285714285714619e+00
7.075285714285714178e+00
7.014571428571429124e+00
6.739428571428571324e+00
6.525142857142857800e+00
6.444000000000000838e+00
6.452285714285713958e+00
6.173000000000000931e+00
5.958571428571429074e+00
6.864714285714285325e+00
7.079142857142857181e+00
7.346000000000000973e+00
7.653428571428571914e+00
8.535428571428571587e+00
7.989571428571429657e+00
8.515285714285715457e+00
8.349428571428571644e+00
8.308999999999999275e+00
8.179428571428571715e+00
7.851857142857142868e+00
7.661714285714284145e+00
7.362428571428571544e+00
7.341999999999999638e+00
7.184285714285714164e+00
6.917571428571428704e+00
6.755571428571427894e+00
6.670714285714284486e+00
6.290142857142856592e+00
6.148714285714285133e+00
5.962857142857143522e+00
5.857714285714286540e+00
5.792714285714285261e+00
5.703714285714285737e+00
5.667285714285713816e+00
5.756428571428571672e+00
5.970714285714286085e+00
5.679428571428571715e+00
5.533571428571429252e+00
5.477142857142857757e+00
5.392428571428571793e+00
5.275142857142857800e+00
5.141571428571428903e+00
5.040428571428571480e+00
5.040428571428571480e+00
4.931000000000000050e+00
4.741285714285714548e+00
4.813999999999999169e+00
4.793428571428570706e+00
4.692428571428571615e+00
4.777571428571428136e+00
4.530714285714284806e+00
4.223428571428571310e+00
4.247571428571428775e+00
4.190999999999999837e+00
4.073571428571428399e+00
3.911714285714285921e+00
4.045142857142857373e+00
3.766142857142857014e+00
3.628571428571428559e+00
3.563714285714285612e+00
5.096999999999999531e+00
4.882714285714286007e+00
5.125285714285714000e+00
6.027428571428571580e+00
5.801000000000000156e+00
6.209571428571428520e+00
6.990142857142857657e+00
7.184285714285714164e+00
7.273285714285713688e+00
7.136000000000001009e+00
6.897428571428571686e+00
6.941714285714285282e+00
7.269285714285715017e+00
7.188571428571427724e+00
6.804142857142856826e+00
6.245857142857142996e+00
6.031285714285714583e+00
6.096285714285713198e+00
6.035428571428570699e+00
6.023285714285713688e+00
5.950714285714285623e+00
5.958714285714286518e+00
5.857857142857143096e+00
5.796857142857143153e+00
5.740285714285714214e+00
5.752142857142857224e+00
6.330857142857142961e+00
7.366428571428571104e+00
7.973285714285714754e+00
7.936857142857143721e+00
7.952857142857142847e+00
7.997285714285713887e+00
7.892142857142856904e+00
7.973000000000000753e+00
8.086428571428571743e+00
8.013714285714284458e+00
7.969000000000000306e+00
7.868000000000000327e+00
7.847571428571428420e+00
7.718285714285713972e+00
7.803142857142857380e+00
7.916571428571428370e+00
8.272571428571428243e+00
8.499142857142855334e+00
8.434285714285712388e+00
8.389857142857142236e+00
8.207857142857143629e+00
7.973142857142856421e+00
7.702428571428571402e+00
7.528428571428570137e+00
7.160285714285714143e+00
7.285714285714285587e+00
8.414142857142856258e+00
8.321142857142858063e+00
7.944714285714285396e+00
7.774857142857142023e+00
7.657857142857142030e+00
7.625428571428571445e+00
7.358142857142857984e+00
7.152000000000000135e+00
6.982285714285714207e+00
6.723285714285714754e+00
6.601714285714284536e+00
6.439999999999999503e+00
6.120428571428571551e+00
6.019285714285714128e+00
5.809000000000000163e+00
5.728000000000000647e+00
5.546000000000000263e+00
5.416714285714285815e+00
5.368000000000000327e+00
5.279142857142857359e+00
5.226571428571429756e+00
5.230714285714285872e+00
5.206571428571428406e+00
5.020142857142857018e+00
4.878428571428571558e+00
4.611571428571429543e+00
4.376857142857143224e+00
4.186857142857142833e+00
4.061571428571428832e+00
4.308142857142857274e+00
4.315999999999999837e+00
4.260000000000000675e+00
4.097999999999999865e+00
4.000857142857143778e+00
3.887571428571428900e+00
3.762285714285714455e+00
3.758142857142857451e+00
3.568000000000000504e+00
3.592142857142857082e+00
3.507428571428571562e+00
3.414428571428572035e+00
3.389857142857142680e+00
3.414285714285714146e+00
3.394000000000000572e+00
3.382142857142857562e+00
3.385714285714285676e+00
3.341428571428571637e+00
3.410000000000000142e+00
3.264428571428571235e+00
3.167428571428571704e+00
3.086428571428571299e+00
3.135142857142857231e+00
3.240142857142857213e+00
3.494999999999999662e+00
3.438714285714285612e+00
3.325285714285714622e+00
3.329142857142857626e+00
3.321142857142857174e+00
3.361714285714286099e+00
3.616428571428571104e+00
3.539428571428570702e+00
3.442571428571428616e+00
3.244428571428571217e+00
3.215999999999999748e+00
2.993428571428571328e+00
2.880142857142857338e+00
2.876285714285714334e+00
3.211999999999999744e+00
3.268428571428571239e+00
3.171428571428571264e+00
3.090428571428571303e+00
3.098571428571428310e+00
3.228142857142857203e+00
3.673285714285714487e+00
3.883428571428571008e+00
3.713571428571429411e+00
3.628714285714285559e+00
3.580285714285714072e+00
3.450571428571429067e+00
3.349285714285714644e+00
3.215857142857142748e+00
3.438714285714285612e+00
3.471142857142857530e+00
3.794285714285714484e+00
4.061428571428571388e+00
4.073571428571428399e+00
3.948142857142857398e+00
3.850999999999999979e+00
3.806571428571428495e+00
4.445714285714285730e+00
5.068571428571428505e+00
5.343714285714286305e+00
5.093000000000000860e+00
4.991857142857143437e+00
5.938142857142857167e+00
5.914285714285713702e+00
6.011428571428571566e+00
6.205285714285714072e+00
6.253857142857143003e+00
6.225571428571428534e+00
6.880857142857143671e+00
6.901285714285713802e+00
6.783714285714284919e+00
6.492571428571428882e+00
6.678571428571428825e+00
7.229000000000000092e+00
7.597000000000000419e+00
7.483999999999999986e+00
7.342142857142856194e+00
7.176285714285713269e+00
6.949857142857142733e+00
6.990142857142856769e+00
6.743285714285713439e+00
6.492714285714286326e+00
6.237857142857143877e+00
6.083999999999998742e+00
5.934428571428570720e+00
5.768428571428571239e+00
5.893857142857142684e+00
6.367142857142857437e+00
6.116142857142856215e+00
6.059714285714285609e+00
5.720142857142856307e+00
5.687571428571429166e+00
5.432714285714285829e+00
5.121285714285714441e+00
5.133428571428572340e+00
4.918857142857143039e+00
4.676428571428571601e+00
4.728857142857141760e+00
4.720857142857142641e+00
4.575285714285714178e+00
4.328428571428571736e+00
4.138428571428571345e+00
4.065428571428571836e+00
4.190999999999999837e+00
4.081571428571428406e+00
4.020857142857142463e+00
4.037285714285713922e+00
3.859285714285713986e+00
3.883428571428571452e+00
3.960142857142856521e+00
3.915999999999999925e+00
3.895428571428571463e+00
3.871285714285714885e+00
3.802571428571428491e+00
3.770142857142857018e+00
3.762285714285714455e+00
3.867285714285714437e+00
3.863142857142857434e+00
3.782142857142857029e+00
3.644714285714285573e+00
3.511285714285714565e+00
3.410142857142857586e+00
3.337428571428571633e+00
3.325000000000000622e+00
3.268571428571429127e+00
3.232000000000000206e+00
3.195714285714285285e+00
3.223999999999999755e+00
3.834857142857143408e+00
4.340714285714286191e+00
4.377000000000000668e+00
4.283999999999999808e+00
4.195142857142856840e+00
4.138428571428571345e+00
4.215142857142857302e+00
4.024999999999999467e+00
3.923857142857142488e+00
3.855142857142856538e+00
3.750000000000000000e+00
3.689571428571428946e+00
3.750142857142857000e+00
3.827000000000000401e+00
3.673142857142857043e+00
3.580285714285714516e+00
3.426285714285714601e+00
3.875285714285714445e+00
3.830857142857143405e+00
3.843142857142857416e+00
3.887428571428571900e+00
3.729714285714285982e+00
3.754000000000000004e+00
3.774285714285714466e+00
3.628857142857143003e+00
3.616428571428571104e+00
3.559999999999999609e+00
3.523571428571428577e+00
3.507285714285714118e+00
3.669285714285714484e+00
3.604428571428571093e+00
3.717857142857142527e+00
3.665142857142857480e+00
3.579999999999999627e+00
3.454571428571429070e+00
3.422285714285714153e+00
3.681142857142857938e+00
3.745714285714285996e+00
3.604285714285714537e+00
3.507285714285714118e+00
3.555857142857142605e+00
3.466714285714286081e+00
3.406000000000000139e+00
3.499142857142857554e+00
3.745999999999999996e+00
3.754000000000000448e+00
3.745999999999999996e+00
3.689571428571428946e+00
3.782285714285714029e+00
3.887571428571428012e+00
3.963999999999999524e+00
3.959999999999999520e+00
3.943857142857142062e+00
3.923714285714285488e+00
4.021142857142856464e+00
4.094000000000000306e+00
4.902857142857143025e+00
9.028999999999999915e+00
9.324428571428571288e+00
8.842999999999999972e+00
8.499000000000000554e+00
8.110857142857144098e+00
7.665714285714285481e+00
7.414999999999999147e+00
7.107428571428570763e+00
6.799999999999998934e+00
6.569571428571427951e+00
6.484714285714285431e+00
6.270142857142857906e+00
6.136428571428571566e+00
5.958571428571429074e+00
5.845428571428571196e+00
5.659428571428571253e+00
5.557999999999999829e+00
5.485428571428571765e+00
5.319571428571428839e+00
5.157714285714286362e+00
5.097000000000000419e+00
5.008142857142857451e+00
4.918857142857142151e+00
4.793571428571428150e+00
4.692857142857143060e+00
4.664285714285713702e+00
4.619857142857142662e+00
4.700714285714284735e+00
4.636000000000000121e+00
4.494142857142856329e+00
4.360857142857143209e+00
4.300000000000000711e+00
4.182857142857143273e+00
4.146428571428571352e+00
4.069714285714285396e+00
3.960285714285713965e+00
3.911857142857142922e+00
3.830857142857142517e+00
3.737857142857142545e+00
3.741999999999999549e+00
3.717857142857142971e+00
3.677142857142857491e+00
3.523571428571428132e+00
3.531857142857142584e+00
3.510999999999999677e+00
3.483000000000000096e+00
3.470857142857142641e+00
4.069571428571428839e+00
4.198999999999999844e+00
3.988571428571428434e+00
3.851142857142857423e+00
3.693428571428571505e+00
3.665000000000000036e+00
3.709714285714285520e+00
3.669142857142857483e+00
3.612571428571428100e+00
3.624571428571428555e+00
3.636857142857142566e+00
3.608571428571428985e+00
3.527571428571428136e+00
3.539571428571428591e+00
3.402285714285714580e+00
3.377857142857142669e+00
3.341571428571429525e+00
3.462714285714285634e+00
3.458714285714286074e+00
3.478857142857143092e+00
3.369857142857143106e+00
3.410000000000001030e+00
3.446428571428572063e+00
3.349571428571429088e+00
3.280714285714285694e+00
3.316857142857142282e+00
3.248285714285714665e+00
3.268428571428571683e+00
3.486857142857142655e+00
3.454571428571428182e+00
3.321000000000000174e+00
3.317142857142857171e+00
3.373857142857143110e+00
3.422428571428571598e+00
3.325285714285714622e+00
3.155142857142856805e+00
3.272571428571428687e+00
3.207857142857143185e+00
3.231999999999999762e+00
3.284571428571428697e+00
3.430285714285715049e+00
3.515285714285714125e+00
3.551714285714285602e+00
3.616571428571428548e+00
3.887285714285714011e+00
4.413428571428570812e+00
4.821857142857142620e+00
4.797714285714285154e+00
4.680571428571428605e+00
4.490142857142855881e+00
4.340428571428572191e+00
4.195000000000000284e+00
4.304142857142857714e+00
4.773285714285713688e+00
5.190000000000000391e+00
5.044428571428571040e+00
5.008000000000000007e+00
4.995857142857142108e+00
5.020142857142857018e+00
5.064714285714286390e+00
4.955285714285714072e+00
5.036142857142857032e+00
4.955285714285714960e+00
4.841999999999999638e+00
4.696571428571428619e+00
4.651857142857141802e+00
4.514428571428570791e+00
4.389285714285714235e+00
4.195000000000000284e+00
4.158571428571428363e+00
4.065428571428570947e+00
4.227142857142856869e+00
3.964285714285713969e+00
3.903571428571428470e+00
3.936000000000000387e+00
3.786428571428571921e+00
3.778285714285714469e+00
3.750142857142857444e+00
3.754000000000000004e+00
3.758000000000000007e+00
3.802571428571428935e+00
3.701571428571428957e+00
3.717714285714285971e+00
3.734000000000000430e+00
3.717714285714285527e+00
3.657142857142857029e+00
3.713857142857142968e+00
3.669142857142856595e+00
3.584285714285714075e+00
3.600285714285714533e+00
3.632714285714285563e+00
3.527571428571428580e+00
3.333142857142857185e+00
3.377857142857143113e+00
3.248285714285714665e+00
3.317142857142857171e+00
3.280714285714286138e+00
3.131000000000000227e+00
3.066428571428571281e+00
3.098571428571428310e+00
2.961285714285714299e+00
3.001714285714285335e+00
2.888428571428571789e+00
2.908571428571428363e+00
2.738571428571428878e+00
2.783142857142856919e+00
2.819428571428570951e+00
2.819428571428570951e+00
2.880285714285713450e+00
2.989571428571427880e+00
2.750857142857142890e+00
2.681999999999999496e+00
2.572714285714285953e+00
2.471857142857142975e+00
2.423285714285714487e+00
2.253142857142857558e+00
2.123714285714286110e+00
1.990285714285714436e+00
2.216714285714286081e+00
2.148000000000000131e+00
2.087000000000000188e+00
2.095142857142857640e+00
2.018428571428571239e+00
1.994285714285714439e+00
2.058857142857142719e+00
2.119714285714285662e+00
2.293714285714286039e+00
2.503857142857143003e+00
2.694142857142857395e+00
2.811428571428571832e+00
2.815428571428571836e+00
2.734428571428570987e+00
2.795285714285714374e+00
2.831857142857143295e+00
2.859999999999999876e+00
2.932714285714285385e+00
3.385857142857143565e+00
3.450714285714285179e+00
3.632714285714285563e+00
3.462857142857143078e+00
3.972428571428571864e+00
3.980428571428571427e+00
4.017285714285713460e+00
4.098142857142856421e+00
4.166857142857142371e+00
4.372857142857142776e+00
4.498285714285714221e+00
4.425571428571427823e+00
4.635857142857142676e+00
4.672285714285714597e+00
4.781571428571427695e+00
4.732999999999999652e+00
4.866285714285714548e+00
4.822000000000000064e+00
4.757285714285713674e+00
4.571285714285714619e+00
4.421428571428570820e+00
4.482000000000000206e+00
4.332428571428571296e+00
4.093857142857142861e+00
5.315571428571428392e+00
5.040428571428571480e+00
5.647142857142857686e+00
6.444142857142857395e+00
6.880857142857143671e+00
7.184285714285714164e+00
6.605857142857142428e+00
6.759714285714286675e+00
6.371428571428571885e+00
5.934285714285714164e+00
5.683571428571427830e+00
5.537999999999999368e+00
5.396571428571427909e+00
5.408571428571428363e+00
5.307571428571428385e+00
5.165857142857142925e+00
5.040428571428571480e+00
4.813999999999999169e+00
4.575285714285714178e+00
4.611571428571428655e+00
4.474000000000000199e+00
4.474000000000000199e+00
4.595571428571427752e+00
4.640142857142856236e+00
4.821714285714285175e+00
7.471428571428572418e+00
7.059142857142854943e+00
7.131857142857143117e+00
6.896999999999999353e+00
6.779714285714285360e+00
6.610142857142855988e+00
6.464428571428570081e+00
6.302714285714285936e+00
5.938285714285713723e+00
5.788857142857142257e+00
5.905999999999999694e+00
5.602571428571428314e+00
5.545999999999999375e+00
5.549999999999999822e+00
5.578285714285714292e+00
5.412571428571427923e+00
5.182000000000000384e+00
4.971571428571428974e+00
4.753142857142855782e+00
4.744999999999999218e+00
4.656285714285713695e+00
4.469999999999999751e+00
4.550857142857142712e+00
4.923000000000000043e+00
5.643285714285714683e+00
5.784857142857142698e+00
5.938428571428571168e+00
6.751428571428570891e+00
7.196285714285714619e+00
7.285428571428570699e+00
7.136000000000000121e+00
6.961999999999998856e+00
6.783857142857142364e+00
6.658428571428571807e+00
6.484571428571427987e+00
6.246000000000000441e+00
5.970714285714286085e+00
5.905999999999999694e+00
5.711714285714285744e+00
5.513857142857142790e+00
5.408571428571428363e+00
5.372285714285713887e+00
5.076714285714285957e+00
5.072571428571428065e+00
5.048285714285714043e+00
4.995571428571428996e+00
5.533857142857143252e+00
5.711857142857142300e+00
5.570142857142856840e+00
5.319857142857142840e+00
5.214428571428571857e+00
5.096857142857142087e+00
4.947142857142857508e+00
4.741142857142856215e+00
4.757285714285713674e+00
5.263142857142857345e+00
7.232999999999999652e+00
7.641285714285713127e+00
7.362285714285714100e+00
7.172285714285714597e+00
6.876857142857142335e+00
6.593714285714285417e+00
6.306571428571428939e+00
5.922428571428571153e+00
5.760571428571428676e+00
6.468428571428572305e+00
7.115571428571428214e+00
7.317857142857143060e+00
7.107714285714284763e+00
7.026714285714286135e+00
6.646428571428572241e+00
6.387428571428571900e+00
6.197285714285714064e+00
5.970857142857142641e+00
5.821285714285714619e+00
5.707857142857143629e+00
5.360000000000000320e+00
5.469285714285715194e+00
5.541999999999999815e+00
9.538714285714286589e+00
1.131442857142856973e+01
1.127814285714285703e+01
1.007271428571428551e+01
9.579142857142855405e+00
9.288000000000000256e+00
9.477999999999997982e+00
9.963571428571428967e+00
9.583285714285713297e+00
9.166571428571430147e+00
8.855000000000000426e+00
8.563999999999998280e+00
8.357571428571429095e+00
8.118999999999997996e+00
7.920571428571428818e+00
7.556714285714285495e+00
7.228857142857143536e+00
6.929571428571428271e+00
6.492571428571427994e+00
6.213428571428571523e+00
5.849428571428570756e+00
5.651142857142856357e+00
5.541857142857142371e+00
5.537857142857141923e+00
5.448999999999999844e+00
5.784714285714285253e+00
6.088000000000000078e+00
5.857571428571428207e+00
5.796857142857143153e+00
5.695571428571429173e+00
5.388428571428571345e+00
5.267142857142857792e+00
4.910714285714285587e+00
4.857999999999999652e+00
4.748999999999999666e+00
4.737000000000000099e+00
4.639857142857143124e+00
4.704571428571428626e+00
4.635857142857142676e+00
4.619714285714285218e+00
4.546857142857143153e+00
4.530857142857142250e+00
4.437571428571428278e+00
4.336285714285714299e+00
4.296000000000000263e+00
4.344285714285715194e+00
4.292142857142857260e+00
4.223285714285714754e+00
4.280000000000000249e+00
4.211428571428571743e+00
4.243571428571428328e+00
4.166714285714285815e+00
4.737142857142856656e+00
4.506428571428570784e+00
4.292142857142858148e+00
4.170857142857142819e+00
4.178857142857142826e+00
4.057285714285713496e+00
3.936000000000000387e+00
3.754000000000000004e+00
3.693428571428571949e+00
3.632714285714286007e+00
3.495000000000000107e+00
3.458571428571428630e+00
3.495142857142856663e+00
3.426142857142856712e+00
3.337142857142857633e+00
3.312714285714286166e+00
3.276571428571428690e+00
3.365571428571429102e+00
3.418000000000000149e+00
3.386000000000000121e+00
3.357571428571429095e+00
3.349285714285714644e+00
3.361714285714286099e+00
3.353428571428572091e+00
3.337000000000000188e+00
3.312999999999999723e+00
3.280571428571428694e+00
3.240000000000000657e+00
3.252142857142857224e+00
3.232000000000000206e+00
3.224000000000000643e+00
3.219999999999999751e+00
3.199999999999999734e+00
3.199999999999999734e+00
3.212000000000000188e+00
3.223999999999999755e+00
3.175142857142856823e+00
3.151000000000000245e+00
3.175142857142856823e+00
3.171142857142856819e+00
3.147000000000000686e+00
3.106857142857143206e+00
3.066285714285714281e+00
3.091000000000000192e+00
3.050142857142856823e+00
3.021999999999999353e+00
3.151285714285714246e+00
3.216000000000000192e+00
3.199999999999999734e+00
3.191714285714285726e+00
3.191714285714285726e+00
3.159142857142856808e+00
3.086571428571428743e+00
3.041999999999999371e+00
3.094714285714285751e+00
3.123000000000000664e+00
3.094714285714285751e+00
3.013999999999999346e+00
2.960999999999999410e+00
2.904571428571428804e+00
2.879999999999999893e+00
2.856000000000000316e+00
2.832000000000000295e+00
2.782999999999999918e+00
2.694142857142856951e+00
2.597000000000000419e+00
2.508142857142857007e+00
2.443285714285714505e+00
2.411000000000000476e+00
2.370714285714285552e+00
2.273142857142857576e+00
2.341999999999999638e+00
2.350000000000000089e+00
2.366571428571428548e+00
2.314000000000000057e+00
2.306000000000000050e+00
2.269142857142857572e+00
2.346428571428571086e+00
2.395000000000000018e+00
2.443285714285714505e+00
2.463714285714285968e+00
2.310000000000000053e+00
2.265000000000000124e+00
2.362428571428571100e+00
2.415000000000000036e+00
2.383000000000000007e+00
2.374857142857142556e+00
2.358428571428571541e+00
2.358285714285714096e+00
2.382857142857143007e+00
2.451571428571428957e+00
2.492142857142856993e+00
2.597000000000000419e+00
2.657714285714285474e+00
2.750714285714285445e+00
2.864142857142856879e+00
2.952999999999999847e+00
3.005714285714285783e+00
3.017999999999999794e+00
3.127142857142856780e+00
3.495142857142857107e+00
3.777999999999999581e+00
3.774000000000000021e+00
3.770000000000000018e+00
3.681285714285714050e+00
3.588000000000000522e+00
3.491142857142857547e+00
3.385857142857143565e+00
3.357571428571429095e+00
3.332999999999999741e+00
3.312999999999999723e+00
3.758285714285714452e+00
3.992999999999999439e+00
3.992999999999999439e+00
3.899571428571428022e+00
3.790285714285713592e+00
3.673285714285714487e+00
3.547714285714285598e+00
3.479000000000000092e+00
3.519428571428570685e+00
3.495000000000000551e+00
3.454999999999999183e+00
3.353428571428572091e+00
3.329142857142858070e+00
3.357571428571429095e+00
3.337000000000000188e+00
3.309000000000000163e+00
3.361714285714285655e+00
3.483000000000000096e+00
3.470999999999999641e+00
3.434285714285715052e+00
3.394000000000000572e+00
3.365857142857143547e+00
3.332999999999999741e+00
3.276857142857143135e+00
3.256285714285714228e+00
4.429714285714285715e+00
5.121285714285714441e+00
5.267000000000000348e+00
5.286999999999999922e+00
5.428571428571429713e+00
5.513714285714285346e+00
5.521999999999999353e+00
5.513714285714286234e+00
5.464999999999998970e+00
5.424999999999998934e+00
5.493142857142857771e+00
5.476999999999999424e+00
5.505714285714285339e+00
5.926428571428571601e+00
6.103999999999999204e+00
6.115999999999999659e+00
6.096142857142857530e+00
6.229857142857142094e+00
6.367000000000001769e+00
6.363000000000001322e+00
6.306571428571429827e+00
6.201428571428571956e+00
6.124285714285713667e+00
6.079857142857142627e+00
5.995000000000000107e+00
5.942714285714285616e+00
5.881999999999999673e+00
5.776714285714285246e+00
5.683571428571427830e+00
5.610714285714285765e+00
5.505428571428573115e+00
5.420857142857143707e+00
5.331857142857141518e+00
5.307428571428571829e+00
5.202285714285714846e+00
5.056571428571428939e+00
4.906714285714286028e+00
4.749285714285713667e+00
4.562999999999999723e+00
4.389000000000000234e+00
4.219285714285714306e+00
4.158714285714285808e+00
4.110000000000000320e+00
4.065571428571428392e+00
4.041000000000000369e+00
4.012999999999999901e+00
3.992999999999999439e+00
3.928000000000000380e+00
3.883142857142857451e+00
5.558142857142857274e+00
1.066742857142857126e+01
1.089799999999999791e+01
1.083328571428571330e+01
1.071571428571428442e+01
1.065099999999999980e+01
1.106385714285714350e+01
1.165014285714285691e+01
1.187299999999999933e+01
1.186471428571428532e+01
1.216442857142857115e+01
1.248385714285714343e+01
1.275900000000000034e+01
1.271442857142857186e+01
1.258471428571428596e+01
1.242300000000000004e+01
1.226928571428571502e+01
1.207114285714285806e+01
1.188899999999999935e+01
1.167057142857142615e+01
1.145214285714285829e+01
1.122157142857143164e+01
1.149685714285714333e+01
1.190099999999999980e+01
1.185257142857142831e+01
1.186071428571428577e+01
1.175542857142857223e+01
1.158171428571428585e+01
1.138328571428571578e+01
1.113257142857142767e+01
1.079685714285714404e+01
1.047328571428571209e+01
1.010899999999999999e+01
9.692714285714286504e+00
9.118000000000000327e+00
8.523142857142858020e+00
8.114857142857143657e+00
7.960999999999999410e+00
7.762714285714285900e+00
7.576857142857143401e+00
7.390714285714286014e+00
7.208571428571429074e+00
7.026714285714285246e+00
6.852714285714285758e+00
6.674571428571427489e+00
6.577714285714285403e+00
6.415857142857142925e+00
6.286428571428571921e+00
6.209285714285714519e+00
6.140571428571428569e+00
6.031428571428571139e+00
5.926285714285714157e+00
5.889999999999999680e+00
5.861714285714285211e+00
5.805000000000000604e+00
5.735999999999999766e+00
5.659285714285713809e+00
5.606857142857143650e+00
5.554000000000000270e+00
5.509428571428571786e+00
5.521999999999999353e+00
5.505428571428572226e+00
5.493000000000001215e+00
5.509571428571428342e+00
5.541999999999999815e+00
5.558000000000000718e+00
5.622857142857141888e+00
5.634999999999998899e+00
5.634999999999998899e+00
5.562285714285714278e+00
5.469142857142856862e+00
5.388285714285714789e+00
5.817285714285715059e+00
6.355142857142856982e+00
6.399999999999999467e+00
6.408000000000000362e+00
6.359142857142857430e+00
6.262142857142857899e+00
6.160857142857142144e+00
6.181428571428570606e+00
6.371000000000001329e+00
6.346999999999999531e+00
6.249857142857143444e+00
6.120428571428571551e+00
5.954571428571428626e+00
5.809142857142857608e+00
5.651142857142857245e+00
5.509571428571429230e+00
5.388428571428570457e+00
5.287285714285713922e+00
5.222428571428571864e+00
5.161714285714286810e+00
4.664142857142856258e+00
4.607571428571428207e+00
4.542857142857142705e+00
4.501999999999999780e+00
4.538571428571428257e+00
4.578999999999999737e+00
4.538714285714285701e+00
4.493999999999999773e+00
4.453999999999999737e+00
4.425285714285714711e+00
4.381000000000000227e+00
4.344428571428571750e+00
4.288000000000000256e+00
4.252000000000000668e+00
4.215142857142857302e+00
4.179000000000000270e+00
4.126000000000000334e+00
4.069571428571427951e+00
4.049000000000000377e+00
4.025000000000000355e+00
3.992714285714284994e+00
3.959999999999999964e+00
3.935999999999999943e+00
3.916000000000000369e+00
3.887285714285714455e+00
3.879000000000000448e+00
3.875000000000000000e+00
3.842999999999999972e+00
3.822999999999999954e+00
3.810571428571428498e+00
3.794000000000000039e+00
3.786000000000000476e+00
3.842999999999999527e+00
3.875285714285714000e+00
4.017000000000000348e+00
3.976428571428570979e+00
3.939999999999999947e+00
3.895428571428571463e+00
3.866999999999999993e+00
3.867000000000000437e+00
3.830857142857143405e+00
3.758000000000000007e+00
3.685285714285714498e+00
3.636714285714286010e+00
3.576000000000000512e+00
3.547999999999999599e+00
3.539714285714286035e+00
3.543714285714285150e+00
3.510999999999999677e+00
3.499000000000000110e+00
3.483000000000000096e+00
3.510999999999999677e+00
3.510999999999999677e+00
3.491000000000000103e+00
3.483000000000000096e+00
3.568000000000000060e+00
3.636857142857142566e+00
3.863285714285713990e+00
3.976428571428571423e+00
4.073571428571428399e+00
4.215142857142857302e+00
4.259857142857144119e+00
4.178857142857142826e+00
4.130428571428571338e+00
4.114142857142857324e+00
4.134285714285715230e+00
4.591428571428571637e+00
4.696714285714286063e+00
4.639714285714285680e+00
4.502285714285714668e+00
4.283857142857143252e+00
4.089857142857143302e+00
4.008999999999999453e+00
4.142571428571428349e+00
4.118142857142857771e+00
4.110142857142856876e+00
4.207142857142857295e+00
4.417285714285713816e+00
4.542857142857142705e+00
4.692571428571428171e+00
4.890714285714284237e+00
4.652000000000000135e+00
4.542857142857142705e+00
4.409285714285714697e+00
4.252000000000000668e+00
4.239714285714286213e+00
4.190999999999999837e+00
4.130000000000000782e+00
5.582428571428572184e+00
5.918285714285714150e+00
5.938428571428572056e+00
5.906285714285714583e+00
5.776571428571428690e+00
5.545857142857142819e+00
5.291285714285713482e+00
5.129428571428571892e+00
5.024000000000000021e+00
5.020142857142857018e+00
4.793571428571427262e+00
4.712714285714285189e+00
4.623857142857143110e+00
4.603571428571428648e+00
4.437571428571429166e+00
4.486142857142856322e+00
4.312285714285715166e+00
4.113999999999999879e+00
4.122000000000000774e+00
4.016857142857142904e+00
3.935857142857142943e+00
3.943999999999999950e+00
4.117999999999999439e+00
4.150571428571428356e+00
3.996714285714285886e+00
3.931999999999999940e+00
3.846999999999999975e+00
3.733857142857142986e+00
3.722000000000000419e+00
3.661142857142857032e+00
3.640999999999999570e+00
3.499142857142857110e+00
3.373571428571428665e+00
3.248428571428571665e+00
3.175285714285714267e+00
3.102857142857142758e+00
3.078857142857143181e+00
3.041999999999999371e+00
2.997714285714284888e+00
3.005857142857142339e+00
3.041999999999999371e+00
3.082857142857142740e+00
3.037999999999999812e+00
3.037999999999999812e+00
2.969142857142856418e+00
2.920714285714285818e+00
2.823571428571429287e+00
2.766999999999999904e+00
2.859857142857142431e+00
2.855999999999999428e+00
2.851999999999999869e+00
2.779142857142857359e+00
2.730428571428571427e+00
2.702142857142856958e+00
2.678000000000000380e+00
2.657857142857142474e+00
2.625000000000000000e+00
2.532428571428571473e+00
2.419000000000000483e+00
2.342000000000000082e+00
2.314000000000000057e+00
2.253000000000000558e+00
2.220999999999999641e+00
2.184428571428571608e+00
2.269428571428571129e+00
2.556571428571428495e+00
3.017714285714285349e+00
3.098857142857142755e+00
3.114999999999999769e+00
3.094999999999999751e+00
3.074571428571428289e+00
3.066285714285714281e+00
3.062142857142856833e+00
3.001714285714285335e+00
2.920714285714285818e+00
2.811571428571428388e+00
2.637428571428571455e+00
2.463857142857142968e+00
2.459571428571428520e+00
2.504000000000000004e+00
2.520142857142857018e+00
2.589142857142856968e+00
2.710285714285714409e+00
2.795285714285714818e+00
2.892428571428571349e+00
2.795285714285713929e+00
2.786999999999999478e+00
2.706142857142857405e+00
2.665999999999999481e+00
2.734571428571427987e+00
2.835999999999999854e+00
2.957142857142856407e+00
3.062285714285714278e+00
3.224000000000000199e+00
3.337142857142857189e+00
3.304857142857142716e+00
3.588142857142857078e+00
3.903714285714285914e+00
3.822857142857142954e+00
4.049428571428571821e+00
4.878571428571428115e+00
4.845999999999999197e+00
4.935285714285714498e+00
5.279142857142857359e+00
5.744285714285713773e+00
5.861571428571429543e+00
7.734428571428571431e+00
8.167285714285714704e+00
9.332428571428570407e+00
9.150571428571428356e+00
8.858857142857141653e+00
8.693428571428571061e+00
8.446571428571427731e+00
8.062285714285712501e+00
7.778857142857142470e+00
7.730571428571429315e+00
7.406999999999999140e+00
7.107285714285714207e+00
6.767714285714284905e+00
6.617857142857142883e+00
6.294571428571429372e+00
6.168857142857142151e+00
5.784714285714285253e+00
5.744285714285714661e+00
5.691714285714286170e+00
5.513714285714286234e+00
5.331999999999999851e+00
5.226285714285714867e+00
5.149714285714286355e+00
4.991857142857142549e+00
4.874142857142857110e+00
4.830142857142857515e+00
4.660142857142856698e+00
4.587428571428570301e+00
4.724857142857142200e+00
4.785571428571428143e+00
4.846000000000000973e+00
4.858285714285714540e+00
4.765285714285712793e+00
4.785428571428570699e+00
4.983714285714285985e+00
5.092999999999999083e+00
5.355857142857142428e+00
5.614857142857142769e+00
5.679571428571428271e+00
5.659285714285714697e+00
6.007285714285714562e+00
6.108285714285714540e+00
6.128285714285714114e+00
6.039571428571429479e+00
5.825142857142856734e+00
5.614714285714286213e+00
5.428714285714286270e+00
5.206285714285714405e+00
4.967285714285713638e+00
4.939000000000000057e+00
4.801857142857143046e+00
4.660142857142856698e+00
4.785571428571429031e+00
4.749142857142856222e+00
4.449714285714285289e+00
4.465857142857141859e+00
4.623714285714285666e+00
4.522571428571427354e+00
4.328285714285714292e+00
4.247857142857143664e+00
4.207142857142857295e+00
4.134285714285714342e+00
4.194714285714286284e+00
4.959571428571428520e+00
4.814000000000000057e+00
4.874714285714285111e+00
5.643142857142857238e+00
5.804999999999999716e+00
5.873714285714285666e+00
6.011000000000000121e+00
6.350857142857143423e+00
9.098000000000000753e+00
1.112857142857142989e+01
1.062314285714285589e+01
1.048942857142857221e+01
1.055828571428571472e+01
1.045300000000000118e+01
1.042071428571428449e+01
1.037199999999999989e+01
1.010099999999999909e+01
9.724571428571426424e+00
9.409285714285713809e+00
9.134142857142858674e+00
8.875285714285714889e+00
8.628571428571428115e+00
8.454571428571428626e+00
8.232142857142857650e+00
7.960999999999999410e+00
7.629428571428571004e+00
7.342142857142856194e+00
6.986142857142858098e+00
6.642428571428572681e+00
6.375428571428571445e+00
6.043428571428571594e+00
5.950857142857143067e+00
5.744428571428571217e+00
5.436857142857141945e+00
5.299428571428570933e+00
5.194285714285713951e+00
5.109142857142856542e+00
5.016000000000000014e+00
5.117285714285713993e+00
5.100999999999999979e+00
5.044285714285713595e+00
4.995857142857142996e+00
4.979714285714286426e+00
5.351999999999999424e+00
5.299285714285714377e+00
5.174142857142856045e+00
5.105142857142856982e+00
4.963571428571428967e+00
4.732999999999999652e+00
4.449571428571429621e+00
4.239571428571428768e+00
4.089714285714285857e+00
3.915857142857142925e+00
3.774000000000000021e+00
3.725857142857142978e+00
3.616428571428571548e+00
3.560000000000000941e+00
3.539714285714285591e+00
3.337428571428571633e+00
3.203714285714285293e+00
3.171285714285713819e+00
3.062285714285713834e+00
3.062285714285714278e+00
3.135000000000000231e+00
3.264571428571428680e+00
3.377714285714285669e+00
3.386000000000000121e+00
3.345428571428571196e+00
3.268571428571429127e+00
3.175428571428571711e+00
3.139000000000000234e+00
3.103000000000000203e+00
3.106857142857142318e+00
3.131000000000000227e+00
3.147428571428570798e+00
3.260285714285714675e+00
3.268285714285714239e+00
3.232000000000000206e+00
3.280571428571428694e+00
3.252142857142857224e+00
3.284571428571428697e+00
3.272571428571428687e+00
3.207857142857142740e+00
3.187571428571428278e+00
3.142999999999999794e+00
3.162999999999999812e+00
3.256571428571428672e+00
3.219714285714285751e+00
3.377857142857142669e+00
3.491000000000000103e+00
3.499285714285714111e+00
3.483000000000000540e+00
3.321142857142857174e+00
3.705571428571428516e+00
5.453000000000000291e+00
5.432714285714285829e+00
5.153571428571429358e+00
4.700571428571428179e+00
4.377142857142857224e+00
4.061571428571427944e+00
3.895428571428571463e+00
3.701571428571428957e+00
3.584142857142857519e+00
3.515428571428571125e+00
3.417999999999999705e+00
3.325142857142857178e+00
3.191714285714285726e+00
3.126999999999999780e+00
3.078571428571428292e+00
3.123000000000000220e+00
3.232142857142857206e+00
3.272571428571428243e+00
3.252285714285715112e+00
3.280857142857143138e+00
3.976428571428571423e+00
6.432000000000000384e+00
6.464428571428571857e+00
6.436142857142856499e+00
6.533428571428570919e+00
6.359285714285713986e+00
6.213571428571428967e+00
6.031285714285714583e+00
6.217571428571429415e+00
6.355285714285714427e+00
6.565571428571428392e+00
6.812285714285714278e+00
6.917571428571427816e+00
7.034857142857141810e+00
7.148000000000000576e+00
7.293571428571428150e+00
7.330000000000000071e+00
7.261142857142856677e+00
7.269285714285713240e+00
7.406857142857142584e+00
7.560428571428571054e+00
7.576857142857143401e+00
7.532285714285714029e+00
7.374428571428572887e+00
7.043142857142856705e+00
6.824428571428570400e+00
6.589857142857142414e+00
6.650285714285714356e+00
6.719285714285713418e+00
6.686714285714285388e+00
6.359142857142857430e+00
6.128428571428571558e+00
5.881857142857142229e+00
5.687714285714285722e+00
5.642857142857144126e+00
5.549999999999999822e+00
5.481428571428572205e+00
5.287285714285713922e+00
5.210285714285714853e+00
5.116999999999999993e+00
5.072714285714286397e+00
4.927142857142856158e+00
4.854142857142856649e+00
5.197999999999999510e+00
6.322857142857143842e+00
6.096142857142857530e+00
6.035571428571429031e+00
5.813142857142857167e+00
5.610571428571428321e+00
5.651142857142857245e+00
5.719857142857142307e+00
5.667142857142858148e+00
5.525714285714284912e+00
5.408571428571428363e+00
5.829285714285714626e+00
8.325285714285715954e+00
8.365428571428569882e+00
8.652857142857142136e+00
9.142142857142857792e+00
9.457857142857141852e+00
9.146428571428572241e+00
9.029000000000001691e+00
8.919571428571428484e+00
8.782285714285714917e+00
8.681142857142857494e+00
8.466571428571429081e+00
8.215999999999999304e+00
7.989285714285713880e+00
8.041999999999999815e+00
7.847714285714284976e+00
7.653714285714285914e+00
7.317714285714286504e+00
6.998285714285714221e+00
6.702999999999998515e+00
6.436142857142856499e+00
6.189142857142857501e+00
6.019142857142857572e+00
5.853571428571428648e+00
5.691714285714285282e+00
5.631142857142856784e+00
5.493428571428570883e+00
5.416857142857142371e+00
5.279142857142857359e+00
5.064571428571428058e+00
4.911000000000000476e+00
4.745142857142856663e+00
4.571142857142857174e+00
6.876857142857142335e+00
8.470714285714285197e+00
8.858999999999999986e+00
9.004714285714287669e+00
9.028999999999999915e+00
8.923714285714286376e+00
8.790428571428572369e+00
8.721857142857144751e+00
8.470857142857141753e+00
8.167428571428573036e+00
8.397999999999999687e+00
8.401857142857142691e+00
8.175714285714287044e+00
7.904428571428572248e+00
7.621285714285713553e+00
7.358285714285715429e+00
7.605142857142857871e+00
7.803285714285713937e+00
9.732857142857142208e+00
9.514428571428570791e+00
9.360714285714285765e+00
9.186857142857144609e+00
9.130142857142859114e+00
9.166428571428570038e+00
8.887428571428571900e+00
8.944000000000000838e+00
9.053142857142857380e+00
9.004714285714287669e+00
9.033142857142857807e+00
8.879428571428572781e+00
8.862999999999999545e+00
8.818714285714285950e+00
8.851000000000000867e+00
8.782285714285714917e+00
8.596142857142856641e+00
8.673000000000000043e+00
8.478714285714286092e+00
8.377714285714285225e+00
8.312857142857142279e+00
8.272571428571428243e+00
8.058285714285714718e+00
7.843714285714286305e+00
7.689999999999999503e+00
7.338000000000000078e+00
7.212714285714286078e+00
7.059000000000000163e+00
6.763428571428571345e+00
6.488714285714284991e+00
6.573428571428571843e+00
6.622285714285714775e+00
6.521000000000000796e+00
6.476714285714285424e+00
6.460285714285713077e+00
6.448142857142856954e+00
6.241857142857143437e+00
5.974857142857143977e+00
5.663428571428570812e+00
5.582285714285712963e+00
5.562285714285714278e+00
5.461285714285714299e+00
5.331857142857143295e+00
5.238714285714285879e+00
5.351999999999999424e+00
5.578428571428571736e+00
5.489142857142858212e+00
5.436857142857143721e+00
5.372285714285715663e+00
5.396428571428572241e+00
5.254714285714285893e+00
5.064714285714286390e+00
4.943142857142857949e+00
4.971571428571428086e+00
4.910857142857143920e+00
4.749142857142856222e+00
4.680571428571427717e+00
4.631714285714285673e+00
4.575285714285714178e+00
4.490142857142856769e+00
4.388857142857142790e+00
4.445857142857143174e+00
4.465857142857141859e+00
4.462000000000000632e+00
4.474142857142856755e+00
4.433571428571428719e+00
4.429285714285713382e+00
4.344428571428571750e+00
4.284000000000000696e+00
4.320285714285714285e+00
4.195142857142857729e+00
4.211142857142856855e+00
4.283857142857143252e+00
4.259857142857144119e+00
4.288142857142857700e+00
4.409142857142858141e+00
4.579285714285714626e+00
4.704714285714286071e+00
4.854142857142856649e+00
4.995714285714285552e+00
5.133571428571428896e+00
5.080714285714285516e+00
5.056428571428570606e+00
6.116428571428571104e+00
6.674857142857142378e+00
6.549428571428570933e+00
7.293714285714285595e+00
7.653714285714285914e+00
7.443285714285713617e+00
7.232714285714285651e+00
7.119857142857142662e+00
6.852571428571428314e+00
6.529285714285714803e+00
6.237571428571428989e+00
6.128285714285714114e+00
5.938428571428572056e+00
5.772714285714284799e+00
5.582285714285714739e+00
5.351857142857142868e+00
5.263142857142858233e+00
5.230428571428570983e+00
5.064571428571428058e+00
5.092857142857143415e+00
6.666285714285714370e+00
6.884999999999999787e+00
6.957857142857143629e+00
7.770999999999999019e+00
9.696428571428571175e+00
1.025071428571428633e+01
1.048942857142857221e+01
1.048957142857142699e+01
1.029514285714285826e+01
1.004028571428571581e+01
9.886571428571429010e+00
9.457714285714287072e+00
9.162571428571428811e+00
9.118000000000000327e+00
9.057142857142856940e+00
9.158285714285714363e+00
8.790285714285714036e+00
8.660999999999999588e+00
8.624428571428571999e+00
8.591999999999998749e+00
8.494999999999999218e+00
8.571999999999999176e+00
8.572142857142855732e+00
8.563857142857141724e+00
8.333142857142856741e+00
8.167571428571429593e+00
8.001571428571429223e+00
7.860000000000000320e+00
7.762857142857142456e+00
7.471714285714285531e+00
7.087571428571426857e+00
7.613142857142856990e+00
7.265428571428571125e+00
6.791999999999999815e+00
6.379285714285714448e+00
6.250000000000000000e+00
5.910142857142856698e+00
5.910142857142857586e+00
5.954714285714286071e+00
5.821285714285713730e+00
5.663285714285713368e+00
5.545857142857142819e+00
5.460857142857142854e+00
5.335857142857143742e+00
5.210285714285714853e+00
5.097000000000000419e+00
5.198142857142856954e+00
5.262999999999999012e+00
5.125285714285714889e+00
5.125428571428571445e+00
5.092857142857142527e+00
4.939142857142857501e+00
4.741142857142856215e+00
4.664428571428571146e+00
4.473999999999999311e+00
4.312428571428571722e+00
4.275857142857143245e+00
4.146428571428571352e+00
4.065571428571428392e+00
4.061428571428571388e+00
4.073714285714285843e+00
4.061428571428571388e+00
4.037142857142857366e+00
3.920000000000000373e+00
3.830714285714285960e+00
3.766000000000000458e+00
3.734000000000000430e+00
3.640857142857143014e+00
3.592142857142857526e+00
3.673285714285714487e+00
3.689428571428571502e+00
3.685285714285714498e+00
3.624857142857142556e+00
3.612428571428571100e+00
3.559999999999999609e+00
3.418285714285713706e+00
3.317000000000000171e+00
3.195714285714286174e+00
3.317142857142857171e+00
3.507285714285714118e+00
3.665000000000000036e+00
3.450714285714286067e+00
3.394000000000000572e+00
3.349428571428571644e+00
3.256142857142857228e+00
3.223999999999999755e+00
3.139285714285714679e+00
3.126999999999999336e+00
3.224000000000000199e+00
3.082428571428571296e+00
3.009857142857142343e+00
2.965142857142857302e+00
2.908714285714285364e+00
2.880428571428571338e+00
2.839857142857142858e+00
2.701999999999999513e+00
2.669714285714285484e+00
2.633428571428571008e+00
2.596999999999999975e+00
2.629000000000000004e+00
2.649571428571428022e+00
2.665857142857142925e+00
2.657714285714285030e+00
2.722571428571428420e+00
2.742714285714285438e+00
2.758999999999999897e+00
2.763000000000000345e+00
2.799285714285714821e+00
2.832000000000000295e+00
2.790999999999999925e+00
2.799285714285713933e+00
2.763000000000000345e+00
2.754857142857142893e+00
2.872142857142856887e+00
2.896428571428571352e+00
3.199999999999999734e+00
5.105142857142857871e+00
5.093000000000000860e+00
4.947285714285714064e+00
4.817999999999999616e+00
4.761285714285713233e+00
4.777428571428571580e+00
4.749285714285713667e+00
4.874428571428571999e+00
5.833285714285715073e+00
6.140571428571428569e+00
6.435999999999999943e+00
6.504857142857143337e+00
6.460285714285715741e+00
6.193285714285714505e+00
6.152571428571428136e+00
6.104142857142856649e+00
5.995142857142858439e+00
5.752428571428572113e+00
5.736142857142857210e+00
6.876714285714285779e+00
7.018571428571428683e+00
6.787999999999999368e+00
7.127714285714286113e+00
7.305714285714286049e+00
7.500000000000000000e+00
7.706142857142856961e+00
8.187428571428570834e+00
1.114471428571428469e+01
1.177185714285714191e+01
1.180814285714285639e+01
1.197814285714285809e+01
1.202242857142857169e+01
1.203471428571428703e+01
1.182814285714285596e+01
1.127814285714285703e+01
1.086142857142857210e+01
1.029100000000000037e+01
9.781428571428572027e+00
9.130142857142855561e+00
8.584142857142856187e+00
8.317000000000000171e+00
8.179571428571428271e+00
7.993571428571429216e+00
7.794999999999999929e+00
7.552571428571427603e+00
7.289428571428572035e+00
7.071142857142857174e+00
6.881000000000000227e+00
6.646428571428571352e+00
6.375428571428571445e+00
6.108285714285713652e+00
5.978857142857143536e+00
5.760428571428571232e+00
5.566285714285713837e+00
5.420571428571428818e+00
5.287142857142858254e+00
5.145571428571428463e+00
5.117285714285713993e+00
5.008142857142857451e+00
5.000000000000000888e+00
4.902714285714284692e+00
4.813857142857142613e+00
4.805857142857142605e+00
4.838000000000000078e+00
4.729142857142856649e+00
4.437714285714285722e+00
4.215285714285714747e+00
4.142571428571428349e+00
3.992428571428571882e+00
3.834714285714285520e+00
3.777999999999999581e+00
3.802428571428571047e+00
3.790285714285713592e+00
3.713571428571428523e+00
3.770285714285714906e+00
3.640857142857143014e+00
3.721714285714285975e+00
3.810571428571428498e+00
3.725999999999999979e+00
3.673000000000000487e+00
3.636857142857142566e+00
3.580000000000000515e+00
3.462714285714286522e+00
3.458571428571428630e+00
3.510999999999999677e+00
3.426285714285714157e+00
3.361571428571429099e+00
3.272714285714286131e+00
3.219857142857142751e+00
3.150999999999999801e+00
3.119000000000000661e+00
3.054285714285714270e+00
3.017999999999999794e+00
2.985428571428570876e+00
2.977142857142856425e+00
2.940999999999999837e+00
2.921000000000000263e+00
2.908714285714285364e+00
2.859999999999999876e+00
2.819571428571428395e+00
2.774999999999999467e+00
2.803000000000000380e+00
