5.764731996429060423e+00
5.531518744271822108e+00
5.361971092332630917e+00
5.273606608595385659e+00
5.291582897042539813e+00
5.485942129457293426e+00
5.705353966939125776e+00
6.402232685237028598e+00
6.783087985901520511e+00
6.729886421789057493e+00
6.737775394504005533e+00
6.791965164183834780e+00
6.879120430331563618e+00
6.882539986887294070e+00
6.899583124933558409e+00
6.865628789020581380e+00
6.738618748466207009e+00
6.759620768485437914e+00
6.710257426656203172e+00
6.640143427389632258e+00
6.505425713268129684e+00
6.798407281733840790e+00
6.991784111241434729e+00
7.054092423490605057e+00
6.821535638458247064e+00
6.457764092583788695e+00
6.421673827569407855e+00
6.311862311014114546e+00
6.177635343562466019e+00
6.150026087586074830e+00
6.124243192449092099e+00
6.104499277309043848e+00
6.110028823745320636e+00
6.108872415438549197e+00
6.012584571534098643e+00
5.885713832806199974e+00
5.726915885309231236e+00
5.520897787809554202e+00
5.327424001492176764e+00
5.353059618926041097e+00
5.820848198127389850e+00
5.638438307295058571e+00
5.224712236864036186e+00
5.235121808558143464e+00
5.017800866152877681e+00
5.024203578558307903e+00
4.958569167275840961e+00
4.892542086715839567e+00
4.895189997474354016e+00
4.845724051634120677e+00
4.685528136732275861e+00
4.271963028706170284e+00
4.273360519343412101e+00
4.405561273281327850e+00
4.267263979977035326e+00
4.279086152396708975e+00
4.409474362478880138e+00
4.385204491235788815e+00
4.320397273551329853e+00
4.209690894177454901e+00
4.184345785617439972e+00
4.304338719924619028e+00
4.403516261148332944e+00
4.245425433350038524e+00
4.271506143877569883e+00
4.254831392132964574e+00
4.165708593776397350e+00
4.162305944258606338e+00
4.039038570937526273e+00
4.006826149174544049e+00
4.005431062007239085e+00
4.061037244075808239e+00
4.000160967177193605e+00
3.907543535969779214e+00
3.867886219532347347e+00
3.813984331056904153e+00
3.773840743788882790e+00
3.758180249351804392e+00
3.733649926456395818e+00
3.758876033770208736e+00
3.733107081052389642e+00
3.781472325781431998e+00
3.751287453847262032e+00
3.724796564295972612e+00
3.710307456031415541e+00
3.762365251403759103e+00
3.691905125215547034e+00
3.688701482593154779e+00
3.618659942969437715e+00
3.590758878691043599e+00
3.536830723568927581e+00
3.388430358621249638e+00
3.191333496684276572e+00
3.129386616642531038e+00
3.034606564553809172e+00
2.967053711812210004e+00
2.966742770069149326e+00
2.980105576591037142e+00
3.006126712498586429e+00
3.092324690628542427e+00
3.021212764780124793e+00
3.078961776356664792e+00
3.120300889441486980e+00
3.371016555164385586e+00
3.755903496923924223e+00
3.977028135632354022e+00
4.386444770804212467e+00
4.878830463455369859e+00
4.872363068506601280e+00
4.650424004232471376e+00
4.497195297000054381e+00
4.326181917331545002e+00
4.158101315418965882e+00
4.042251315102086906e+00
3.932144779928120393e+00
3.985652828332740594e+00
3.938263265866863705e+00
3.779167776524134048e+00
3.768291058453292486e+00
3.743846393441756959e+00
3.740262951648991141e+00
3.676969144406999845e+00
3.564621530097628721e+00
3.512724511961656582e+00
3.545102500440119542e+00
3.490412382139733261e+00
3.409124428337088286e+00
3.513164498507169498e+00
3.766153402822628671e+00
3.750441189926339902e+00
3.540837384911338148e+00
3.391380105387226784e+00
3.449776074279315541e+00
3.599869283345002557e+00
3.607280186520204879e+00
3.564559673893817227e+00
3.556209441482958145e+00
3.572776612926884088e+00
3.568704296576878932e+00
3.542024362879322652e+00
3.493587618062471645e+00
3.522055095189480678e+00
3.549874525330408481e+00
3.520462890424842506e+00
3.461594578998496097e+00
3.512285091475034093e+00
3.536813283979102440e+00
3.263306742828997464e+00
2.973085474159460340e+00
2.825757426986074350e+00
2.745158452879881583e+00
2.785661780713008184e+00
2.854626355613470778e+00
2.764687588230251958e+00
2.720858007977676962e+00
2.659664530435040586e+00
2.604763510417817507e+00
2.539990662301304436e+00
2.507309453471977978e+00
2.406887897295456380e+00
2.314418461843890995e+00
2.300641264001510589e+00
2.285955939923243641e+00
2.371287449528001190e+00
2.433193905734897911e+00
2.438577477938502991e+00
2.437790133006673354e+00
2.408305046771568758e+00
2.411177794477231018e+00
2.458375882675895241e+00
2.466276754527868320e+00
2.469055452390156002e+00
2.412905808900583260e+00
2.399438295638217422e+00
2.376608396432755566e+00
2.357555645438441871e+00
2.472411558180986013e+00
2.454215304171848189e+00
2.443548081425117591e+00
2.392163426534551274e+00
2.428712692009197482e+00
2.463185825491430059e+00
2.504477416356566177e+00
2.524672324722302630e+00
2.536659247248663096e+00
2.631927833677675910e+00
2.652081053707100011e+00
2.675706532272547289e+00
2.819889154081698823e+00
2.928436018226070026e+00
2.943882653074766154e+00
2.906602251167793138e+00
2.868994797636231109e+00
2.866584518424208028e+00
2.705171309912683064e+00
2.607562914133097820e+00
3.222358704201804258e+00
3.323670477192268713e+00
3.192381720964505565e+00
3.072840234048340946e+00
2.875987078755415371e+00
2.793268524317882751e+00
2.766575892442631801e+00
2.653399520985211257e+00
2.549204584260214013e+00
2.572718771365676282e+00
2.604558519076646039e+00
2.540837067604467592e+00
2.539773987503548547e+00
2.599779314682669096e+00
2.757248858614030240e+00
2.925189519151706552e+00
2.933505544282420718e+00
2.902454780713755067e+00
2.898406296813155869e+00
2.948898609287355921e+00
3.100918336838168532e+00
3.123640115314347376e+00
2.990752690937763525e+00
2.864450354531774767e+00
2.793052733044513847e+00
2.840845779163553075e+00
2.913242832173894570e+00
2.934470273234813131e+00
2.917686011534682766e+00
2.838455960715996707e+00
2.798959302028107832e+00
3.101772138025824965e+00
3.549981849863969252e+00
3.782649981405333151e+00
4.629864130137865352e+00
5.587137184880393015e+00
5.466331855118984784e+00
5.363605909830283736e+00
5.124800222336617139e+00
4.896378584345393747e+00
4.647693953520130705e+00
4.713578086976534465e+00
4.831886283707761187e+00
4.913960493111085626e+00
4.721061065835961301e+00
4.584748533298131257e+00
4.531761807235390904e+00
4.591193671134880638e+00
6.408666106873462276e+00
6.511938575583318567e+00
6.483256436121513921e+00
6.610334171673807546e+00
6.352827942696741559e+00
6.070868822997131709e+00
5.876360406565720673e+00
5.680171918132784548e+00
5.650717900013866313e+00
5.444962940996935785e+00
5.299979184698103474e+00
5.124927087543531989e+00
5.067353928969401622e+00
4.914018103631168088e+00
4.770934591418731330e+00
4.598898602647113698e+00
4.478899082520223729e+00
4.374018771954537144e+00
4.294294030194068412e+00
4.249246093572024208e+00
4.208609913785976708e+00
4.142211107309378804e+00
4.162656178365479853e+00
4.029357743758993138e+00
3.832193921894357924e+00
3.795336955791383193e+00
3.914492848614075093e+00
3.793316242535074156e+00
4.544087015552223718e+00
5.637257862935832087e+00
5.696580693583160659e+00
5.656980272352972960e+00
5.742670503353596523e+00
5.509899605265821343e+00
5.444368049109057139e+00
5.360164333305062812e+00
5.212080626711926179e+00
5.133696312085432645e+00
5.052475936221819452e+00
5.038851389175112772e+00
5.154442262336499603e+00
5.082387542751391152e+00
5.020904723944625836e+00
5.000628465879411344e+00
5.191333990884157146e+00
5.243962166180891948e+00
5.136643027605931167e+00
4.937655542333102332e+00
4.692969750035029364e+00
4.620957967631865060e+00
4.941025447897231082e+00
4.934443116967096365e+00
4.798817252156156066e+00
4.662978756170148564e+00
4.726177420963329823e+00
4.778085592220600475e+00
4.571818744655503863e+00
4.722719858418377825e+00
4.667230376460679508e+00
4.479769348440051147e+00
4.398715572930867346e+00
4.199780407167866159e+00
4.152611089438281944e+00
4.190755183203469514e+00
4.225886844074207005e+00
4.170008472346321327e+00
4.043944524690060049e+00
3.984880326063840350e+00
3.910671719623112885e+00
3.823982650977367115e+00
3.699548226862532374e+00
3.696003960082783202e+00
3.742048781215166819e+00
3.706493609667039557e+00
3.638448876438443058e+00
3.540655238038016073e+00
3.419389574740443472e+00
3.332157663397257608e+00
3.251765234320718179e+00
3.352779657478012876e+00
3.305378369037073938e+00
3.253206851274018874e+00
3.174327868666365404e+00
3.124585867658087324e+00
3.174071505264486781e+00
3.090445764165999254e+00
3.077179574860244848e+00
3.028994118993457718e+00
2.941710219294970230e+00
2.893481652841475071e+00
2.803362971950884130e+00
2.748114814571409159e+00
2.762056209835960452e+00
2.776959895721912819e+00
2.789618718986248247e+00
2.833290353780193005e+00
2.908439954027616903e+00
2.954890586306440081e+00
3.109297931003039750e+00
3.126141697829065258e+00
3.183364878382929142e+00
3.062215902049882921e+00
2.986656834009832728e+00
2.891861350601340863e+00
2.918338101640034932e+00
2.877738633934559420e+00
2.906284525946977837e+00
2.847790299230220423e+00
2.741203425966802776e+00
2.627138366218525256e+00
2.537055196450127781e+00
2.514651905561874567e+00
2.353722183855843753e+00
2.341102834808889366e+00
2.328478161026912296e+00
2.323676845448621187e+00
2.277994725642891183e+00
2.315565607548625504e+00
2.390805517681444670e+00
2.463454604150946192e+00
2.548441015005504351e+00
2.635980441780118255e+00
2.987452641495883743e+00
3.181616245527518316e+00
3.242844158605584504e+00
3.236359480369263686e+00
3.340223703914283249e+00
3.391759365151942429e+00
3.418762432908575288e+00
3.747294992143563874e+00
4.232000839309725038e+00
4.120695814902850529e+00
4.162310879890187998e+00
4.203955703504636432e+00
4.146613183404880942e+00
4.085971980971030426e+00
3.919713196693172641e+00
3.844152034799133588e+00
3.983682598237929362e+00
4.853283966094849688e+00
8.143229110611674315e+00
7.849838909383588970e+00
7.792495118833016932e+00
7.505202210437707855e+00
7.232397084837579371e+00
7.087341141212206708e+00
6.877373695199331394e+00
6.854625951866373690e+00
6.651924353360421094e+00
6.422924337780671067e+00
6.404404623602573565e+00
6.528566544347197187e+00
6.426004752831059541e+00
6.397381596682968130e+00
6.309293865841848259e+00
6.535799041482714955e+00
6.770306049464942078e+00
6.638793215030156958e+00
6.687626150546525317e+00
6.681365313250369198e+00
6.601347297789088131e+00
6.676135404176152477e+00
6.442067362247290596e+00
6.197642137969840981e+00
6.119195036706607027e+00
6.052355547637590760e+00
5.810675192074199913e+00
5.421409040895527554e+00
5.125432786491010084e+00
4.949651281200283748e+00
4.743863075628231840e+00
4.522379695520850618e+00
4.550603373340447177e+00
4.636496390783736210e+00
4.562815977689958835e+00
4.524945877823743245e+00
4.417291412215447188e+00
4.382026227017595588e+00
4.283836250721909877e+00
4.136446557217559494e+00
4.073704243496200306e+00
4.051394790080049546e+00
4.081186953714771803e+00
3.997903806456553077e+00
4.115238028378730206e+00
4.106570514874071876e+00
4.137222719036254048e+00
4.080432021425246525e+00
3.938874435123905116e+00
3.896138323398496084e+00
3.751155010901945808e+00
3.786711410402110900e+00
3.711058049665749703e+00
3.736568603459964777e+00
3.664118476324896179e+00
3.658371709242111081e+00
3.902675565786815959e+00
3.898152873537033436e+00
4.074199847888732684e+00
4.213636089815187447e+00
4.330907561397527417e+00
4.364105652637465305e+00
4.433237595950735965e+00
4.709934366762889901e+00
5.108890506328433112e+00
5.101257427685085055e+00
5.155701802858422056e+00
5.411906672280957231e+00
5.730585470868246212e+00
6.340009766476588204e+00
6.264692767659703954e+00
6.416399683451835756e+00
6.250228570327418964e+00
5.977629563137593749e+00
5.820280300189107692e+00
5.465637913635024603e+00
5.186011280858813244e+00
5.078375519369736857e+00
4.990189301701811075e+00
4.839631849587635593e+00
4.564601802634008720e+00
4.533004372582992936e+00
4.519185691571956376e+00
4.554842622134808394e+00
4.342630658006815025e+00
4.266841739915057552e+00
4.204132996953855894e+00
4.170663227703408360e+00
4.186674048934958314e+00
4.246435742616866627e+00
4.316631422817668984e+00
4.270645294205335674e+00
4.278252219027347536e+00
4.216839492084383245e+00
4.076029341823269370e+00
4.174792236729595096e+00
4.172934023925892966e+00
4.099306765913011574e+00
4.348769525408863856e+00
4.292947120289532847e+00
4.191853679240426622e+00
4.293835231407543418e+00
4.306190295151530734e+00
4.427058701109112704e+00
4.416786413182905768e+00
4.426748647413183413e+00
4.458441029456217564e+00
4.577175947442337467e+00
4.757286010542561172e+00
4.992097246993923321e+00
5.258719737189421650e+00
5.512946151254800142e+00
5.817643444199582348e+00
5.822671340627397996e+00
5.718016103894946411e+00
5.782895448410375394e+00
5.887007423115661275e+00
5.974457926294960863e+00
6.057194345733559970e+00
6.009263458547302150e+00
6.575108842920749375e+00
7.147351867703537032e+00
7.814734875280999304e+00
7.711465983456021078e+00
7.559158270992030637e+00
7.173351892565634103e+00
7.040876118985734067e+00
6.766146236739059461e+00
6.641620050085027316e+00
6.577139308603719314e+00
6.362647854454858809e+00
6.055483656654359059e+00
5.884478712098014874e+00
5.753340518933946157e+00
5.499236436709941778e+00
5.358735758572747976e+00
5.186774092705086048e+00
5.025152285843937250e+00
4.981338909838016527e+00
5.323389566873013123e+00
5.297797452110593497e+00
5.328758501771893030e+00
5.464607294917600555e+00
5.428958072765291298e+00
5.505650490436252653e+00
5.364658784802231573e+00
5.253668242776936559e+00
5.123245972584851593e+00
5.024355463815265210e+00
5.060122507520200763e+00
4.946302486359031469e+00
4.697764921078372069e+00
4.526025639037043469e+00
4.438232182547660720e+00
4.342351797215028064e+00
4.238865571446702951e+00
4.175852170971838362e+00
4.102349151015586948e+00
4.021876349349947866e+00
4.007909670667771707e+00
4.022940951327271364e+00
4.189654282074101843e+00
4.079304715902079437e+00
3.846897221464440797e+00
3.721857525477147099e+00
3.580136066983961918e+00
3.570081087153389454e+00
3.572245507841036449e+00
3.486646713939896003e+00
3.525654059279897723e+00
3.501482277218166406e+00
3.431030002261803880e+00
3.455634759010471235e+00
3.362011117186822773e+00
3.272448722472399929e+00
3.355090284686143676e+00
3.188279780503036065e+00
3.101217103471515912e+00
3.115633326743952214e+00
3.092652727818719693e+00
2.958198217161873256e+00
2.845244592619407431e+00
2.724150161420423988e+00
2.727236038039392962e+00
3.135138106385566559e+00
3.363544003448214692e+00
3.360298344619643274e+00
3.216840842660542599e+00
3.239444896207011038e+00
3.222348959956494951e+00
3.010984753062126096e+00
3.051492116982954528e+00
3.005567398710816462e+00
2.995979521337484019e+00
2.923069182424650414e+00
2.985413442986792454e+00
3.193275216459948496e+00
3.182331387672935996e+00
3.121795119145719610e+00
3.205253871880147543e+00
3.471891793755598421e+00
4.019231518412624382e+00
5.294375603926202878e+00
5.579678927865062477e+00
5.604668516477461893e+00
5.551852076297468130e+00
5.557483732419106204e+00
5.429874091348504628e+00
5.306055259841605753e+00
5.151985660733661376e+00
4.988207040518485513e+00
4.940214155678659402e+00
4.834456881928721472e+00
4.868890558681809644e+00
4.887092319996527046e+00
4.616464329126340971e+00
4.429030863165604792e+00
4.297701726139818490e+00
4.264552598212865142e+00
4.299555254650528013e+00
4.297517684574974517e+00
4.306221020964837720e+00
4.259083714868063808e+00
4.403849156040169355e+00
4.801026145911690080e+00
5.141199961131335705e+00
4.981506058497057410e+00
4.879511482903446939e+00
4.755932588675031880e+00
4.800233384790843161e+00
4.856146092969994221e+00
4.791777565338493972e+00
4.842044170939431069e+00
4.817817200273863953e+00
4.769526641177834314e+00
4.453772012947933234e+00
4.493351439783881851e+00
4.473877731726383367e+00
4.324498494933886050e+00
4.487427202002753468e+00
4.358583207994576547e+00
4.235963219950078518e+00
4.222419201220396268e+00
4.175729051761459587e+00
4.046580917344982709e+00
3.967065700558704222e+00
3.728629847905369221e+00
3.767770079520142090e+00
4.038883570685388058e+00
4.095344921568912611e+00
4.040117220873993276e+00
4.093633481180446232e+00
4.269054537255743575e+00
4.393945539091702379e+00
4.493892584140226631e+00
4.512275900737054535e+00
4.510044206598752936e+00
4.459034242948545668e+00
4.581105715014339275e+00
4.563291928334614056e+00
4.546660888674852075e+00
4.600957776675050681e+00
4.606873931833180613e+00
4.798241661181976703e+00
5.132302657477747054e+00
5.252914255185847203e+00
5.352480633930364107e+00
5.308840579562674300e+00
5.350968419006568944e+00
5.615045020870625514e+00
5.861257335898999443e+00
5.860641951350132217e+00
5.787274180096842358e+00
5.851210122329606911e+00
5.911844573474400732e+00
5.931072385803027203e+00
6.060499127078860404e+00
6.055682318989076052e+00
5.825022890835938050e+00
5.792467810907224290e+00
5.627782592921835914e+00
6.360274215887879556e+00
6.499662255989878901e+00
6.425631781295329858e+00
6.355353396630182061e+00
6.614975583162941319e+00
7.191706662388405391e+00
6.705653729527682572e+00
6.481464336482380517e+00
6.344880444606572745e+00
6.287401936729123619e+00
6.055711793634465323e+00
5.970651249692236817e+00
5.867735065269927830e+00
5.666442590352405162e+00
5.493206031399681777e+00
5.673015572629264369e+00
5.841222237663671990e+00
6.273338295181084767e+00
8.329161266547339793e+00
8.562455824814188432e+00
8.439919259383017902e+00
8.098610186506359554e+00
7.950811024450575637e+00
7.729377913333319583e+00
7.551046497252261958e+00
7.344014888615195247e+00
7.135401782846587437e+00
6.871444393793939120e+00
6.637360572732715625e+00
6.422658658007625476e+00
6.175421212640126001e+00
5.943834927503716337e+00
5.902135944864850714e+00
5.934199172810184386e+00
5.721943019283578735e+00
5.563830552397591944e+00
5.466442628220016253e+00
5.267149154245305276e+00
5.133773208201985128e+00
5.045319721968017923e+00
5.022896393265193993e+00
5.146539220689296812e+00
4.945362678758320030e+00
4.868671703369209958e+00
4.816763965204688525e+00
4.738161895197277040e+00
4.777455407826665557e+00
4.991166330419200214e+00
5.856178469742495452e+00
5.599282710756642523e+00
5.442045156762356228e+00
5.376245534383762958e+00
5.251272485143624991e+00
5.109714816270970239e+00
4.892649907809394350e+00
4.799384899895628109e+00
4.596599150736618178e+00
4.453103712119986568e+00
4.327192838966417376e+00
4.141551292560579967e+00
4.398142620656878776e+00
4.359911468298049542e+00
4.287880261530877313e+00
4.302148995784587981e+00
4.214086367191626437e+00
4.602474820287329571e+00
5.046137598666667223e+00
5.141716316693953459e+00
5.041220259192677133e+00
4.930093362608866769e+00
4.919230478321302336e+00
4.854135183041462298e+00
5.035576297361036069e+00
5.269487994334514980e+00
5.302634334764765534e+00
5.493923428129489750e+00
6.918712215653769704e+00
6.852125362434537514e+00
6.737883814625433843e+00
6.679176743188252274e+00
6.574176470962219909e+00
6.548054367753816329e+00
6.494842444508916124e+00
6.419461027518180707e+00
6.352324356719615928e+00
6.170465799206998447e+00
7.772517819742009948e+00
7.715528255891021203e+00
7.452714386236638511e+00
7.210470139240106491e+00
6.994189035408143518e+00
6.916796817284832422e+00
6.841003799003067876e+00
6.617068522626042615e+00
6.418951673626144938e+00
6.453486601216651408e+00
6.359313609808407541e+00
6.055637636794442002e+00
6.667910643497288348e+00
7.126636896819785072e+00
7.374821306937578314e+00
7.706523239803682479e+00
8.464666438948958316e+00
8.042009359372098487e+00
8.257149990819662833e+00
8.378246490824505344e+00
8.290245292253743514e+00
8.310301968503463144e+00
7.970910748072538077e+00
7.673927578488719092e+00
7.391259845049583888e+00
7.180794673522474802e+00
6.987947675812057113e+00
6.890548959643385984e+00
6.660122183532707574e+00
6.629598762813285973e+00
6.325865495346348233e+00
6.154258338237919901e+00
6.012516828423783544e+00
5.831383895775982928e+00
5.670273300969752128e+00
5.595477815658874476e+00
5.535540149071045413e+00
5.757864517755617584e+00
5.955970287922448314e+00
5.939318736826006528e+00
5.513589351223018298e+00
5.428666595593771405e+00
5.380825012637028948e+00
5.293789692949591341e+00
5.143536255040221050e+00
5.094631746383724291e+00
5.081304902367892673e+00
5.079982908349212956e+00
4.783142821953420665e+00
4.621432645446264864e+00
4.739955670344506267e+00
4.703960856168715843e+00
4.621597010728290655e+00
4.641681811978245698e+00
4.453706442147772115e+00
4.229196064782151154e+00
4.230452744990582659e+00
4.194031927264101789e+00
4.053999184676872147e+00
3.874853898018861820e+00
3.985822068465173729e+00
3.766145332934605960e+00
3.829233007562602875e+00
4.739934807572315556e+00
4.955745326511413751e+00
5.115791018940157642e+00
5.798538419872100391e+00
5.960247553404578902e+00
5.905522207289507719e+00
6.720064639013850538e+00
7.082087381065818477e+00
7.099228116394877830e+00
6.976004864411294193e+00
6.898531010543923259e+00
6.835370960299504972e+00
7.329089110815994346e+00
7.293701559801713863e+00
6.893142650605649457e+00
6.501492075962065798e+00
6.032579128841998539e+00
5.939813719264337877e+00
5.920051029797029685e+00
5.926945919587462974e+00
5.934055125162534416e+00
5.837819714309027574e+00
5.867446280122574187e+00
5.879958359034041848e+00
5.909623335139237099e+00
5.919354690442537148e+00
6.473847158986567152e+00
7.327763525066204764e+00
7.776778950981741545e+00
7.829711317144568028e+00
7.960706797456428063e+00
7.997809216887022288e+00
7.909813566807764929e+00
7.905040823246483939e+00
7.921389502535763683e+00
7.943885639189684156e+00
7.871603687802554816e+00
7.787372897694136320e+00
7.756118908982369220e+00
7.785480118855560683e+00
7.750525882994965698e+00
7.838262035764062219e+00
8.126001271533965564e+00
8.401519827270016449e+00
8.386797850081716632e+00
8.400620537725060899e+00
8.116766689011040370e+00
8.010832155213300609e+00
7.835420355494042255e+00
7.539060842260170148e+00
7.316612143907529564e+00
7.323022826604267621e+00
8.395758326042852104e+00
8.431965655030273510e+00
7.976647946422442459e+00
7.815406086106353456e+00
7.744441828934594874e+00
7.692748257563226666e+00
7.383220680586690676e+00
7.081552877306085847e+00
6.958254666795221866e+00
6.870584239715999963e+00
6.596916031799839431e+00
6.385786119594880184e+00
6.191786161325230076e+00
5.941939797500142895e+00
5.817257768551065134e+00
5.619042457540986746e+00
5.583359034470339211e+00
5.385365042806204983e+00
5.285920147531678381e+00
5.199557533807332987e+00
5.168834834167200576e+00
5.097528669546966817e+00
5.062418122910651519e+00
5.060875903772767970e+00
4.925015008190974264e+00
4.736521337723099023e+00
4.485458202166157982e+00
4.314938111101779938e+00
4.129862582382192393e+00
4.126698248100789890e+00
4.181962348284644193e+00
4.242333718834737866e+00
4.199726717382402441e+00
4.071159745637023875e+00
3.931303050801170151e+00
3.807669389838319596e+00
3.721449413491022096e+00
3.690130239209120866e+00
3.551330325805539090e+00
3.521264897359194457e+00
3.468409747389255671e+00
3.383952800313623221e+00
3.476001634403520502e+00
3.489089232638851179e+00
3.404832010670276521e+00
3.375292287250197809e+00
3.368629776397156661e+00
3.354159587122977015e+00
3.397963977049805351e+00
3.234803955027997446e+00
3.136757125337904295e+00
3.128761844962568706e+00
3.194354657587767488e+00
3.310359735861799102e+00
3.458855278743219408e+00
3.393456201083311363e+00
3.285808610011909714e+00
3.296744744166219654e+00
3.334061101827199280e+00
3.527921185543406057e+00
3.548912370584245579e+00
3.489181809633176812e+00
3.327971089131646742e+00
3.178456600599147031e+00
3.082445432373751792e+00
2.929358354173849488e+00
2.859785381838367613e+00
3.042519762350672785e+00
3.194883810770229537e+00
3.219905973781267416e+00
3.085791231590786499e+00
3.095029149066485630e+00
3.095044774934920806e+00
3.610384550511722246e+00
3.933365338644733367e+00
3.783857319116628926e+00
3.697612615738178121e+00
3.574413793976371601e+00
3.524577225827583149e+00
3.411784810474888019e+00
3.323612651871377999e+00
3.365290519191532326e+00
3.538115084088899742e+00
3.714405691008020760e+00
4.024858773804844247e+00
4.009251999669881883e+00
4.007329421867206420e+00
3.873432064018309529e+00
3.881456567279343073e+00
4.519646800953337262e+00
5.134650077456140771e+00
5.290003195415261317e+00
5.220013272321372355e+00
5.064902454891345940e+00
5.477874780435916691e+00
6.026751168187518992e+00
6.043818412431159359e+00
6.125954918119549397e+00
6.237233613917495312e+00
6.204114720977130126e+00
6.651624369311315732e+00
7.043980808284460160e+00
6.870115121116641355e+00
6.576063086561974025e+00
6.547731650314001506e+00
6.873132519222654224e+00
7.440358239059996492e+00
7.379220004445953052e+00
7.239551056520298289e+00
7.185427361006884617e+00
7.050756715877703584e+00
6.950910200976623265e+00
6.832219143420813268e+00
6.599330619983819979e+00
6.267479189442156873e+00
6.124472129994362746e+00
5.972478648958202463e+00
5.834656190590906455e+00
5.923596732545462373e+00
6.426072741671476685e+00
6.185435231147691226e+00
5.946674277494377492e+00
5.832605872667732783e+00
5.607827432212210361e+00
5.503795930698762717e+00
5.240157364242747029e+00
5.105397212798421513e+00
4.943818378418290749e+00
4.762229039398673258e+00
4.517995274091850533e+00
4.603557770997203313e+00
4.568561461842895355e+00
4.445088001217855300e+00
4.235256248426587433e+00
4.111518665092912528e+00
4.040406430639487567e+00
4.074820939219051752e+00
4.008292554310808775e+00
3.999280063308488842e+00
4.002532727893838072e+00
3.860986745526976627e+00
3.909250330781733229e+00
3.920315939759285495e+00
3.819039088176976016e+00
3.846501800219107814e+00
3.789411855380000027e+00
3.799575635791103245e+00
3.769646293812224158e+00
3.769901589740267678e+00
3.762320238149137630e+00
3.751985448052378658e+00
3.741246424568910545e+00
3.627146568973778518e+00
3.562787624625435079e+00
3.452939099390979649e+00
3.314666013542109546e+00
3.265931306826025171e+00
3.281167423361246893e+00
3.284198477391953919e+00
3.226529959370766587e+00
3.757559827075380277e+00
4.426311112674003567e+00
4.403806898262212499e+00
4.293695035339862187e+00
4.196406423200813585e+00
4.156563774206760264e+00
4.136685931327815702e+00
4.050795145708912415e+00
3.979795273492083840e+00
3.852128524453313219e+00
3.710024035264702924e+00
3.706558607378482417e+00
3.648795453230534225e+00
3.702910383788053039e+00
3.716220764567039758e+00
3.608761816677390044e+00
3.587063063487238246e+00
3.779378299799835084e+00
3.750329389257502477e+00
3.757777245370155672e+00
3.764058853796934834e+00
3.745414644299928764e+00
3.736114570501718468e+00
3.719373323053053682e+00
3.736804793609569408e+00
3.597938924747309919e+00
3.583996402315394292e+00
3.585009769097831089e+00
3.618302940360786923e+00
3.571759092994620133e+00
3.588389037060082387e+00
3.582968559024032551e+00
3.665599357000242975e+00
3.575676195036260552e+00
3.548149576692554152e+00
3.414954170718051074e+00
3.588087588473554135e+00
3.701539608495925116e+00
3.716045448619275327e+00
3.627670753219507382e+00
3.538179826953919083e+00
3.478894160379425671e+00
3.456921051807919643e+00
3.516780756864145374e+00
3.585563576947379261e+00
3.651930752528532054e+00
3.717540046111111884e+00
3.718141396125326459e+00
3.679274473185860206e+00
3.783507474099494505e+00
3.916970778808321008e+00
3.955482595847491734e+00
3.930458037453072873e+00
3.986797877670294810e+00
3.967503679380783410e+00
4.162258840574002861e+00
4.954073212587596586e+00
8.959179935326448074e+00
9.337270555029922647e+00
9.059570439198951775e+00
8.621268719582790396e+00
8.312926003360560756e+00
7.813817735983731083e+00
7.458554193752993555e+00
7.183837945644006240e+00
6.784112368884072097e+00
6.588362061328167485e+00
6.378439696371676071e+00
6.290876646348250389e+00
6.041908655627378444e+00
6.041174288046189389e+00
5.780000891478472624e+00
5.667540486223166418e+00
5.584534234884807269e+00
5.513642476187756714e+00
5.387158390561147314e+00
5.193932829368379522e+00
5.071323258148992430e+00
4.999640045601075222e+00
4.958288568797993179e+00
4.818124647424091300e+00
4.689579205292871755e+00
4.594317606785847552e+00
4.574699067638566596e+00
4.523077412660350127e+00
4.604466375096421871e+00
4.506061094056192040e+00
4.430499790580944008e+00
4.281722406242431944e+00
4.210399239203401756e+00
4.120718371066084629e+00
4.090151982582454160e+00
4.039723831305010115e+00
3.990298638846560664e+00
3.887689024033835317e+00
3.766512172316083706e+00
3.740421102677463416e+00
3.731554376871920820e+00
3.734357898189506031e+00
3.682054133776776261e+00
3.550599761152105405e+00
3.557220505150589851e+00
3.557600658285796413e+00
3.475361347543469037e+00
3.996064789640245252e+00
4.230893683871305377e+00
4.136718218252614321e+00
3.926254343886700582e+00
3.788324570408766689e+00
3.683292875664337274e+00
3.607661506443105015e+00
3.662452964361631480e+00
3.599871200281741679e+00
3.534615499207186762e+00
3.523945790246808318e+00
3.532655797098065875e+00
3.566194842347913063e+00
3.473036873892776377e+00
3.396910927878251663e+00
3.329048210192188328e+00
3.307451787463513426e+00
3.291774909922666303e+00
3.363288209999531375e+00
3.374867631133333656e+00
3.381843152065912683e+00
3.338139672091854138e+00
3.401182053449023357e+00
3.382856827816172363e+00
3.331586419739095639e+00
3.262189973622746209e+00
3.294215376787591687e+00
3.259640754587491696e+00
3.294846818642593433e+00
3.502876914240059314e+00
3.423219731844777236e+00
3.258873524932952570e+00
3.276550211878916041e+00
3.438763525553758083e+00
3.390352251915497384e+00
3.266028805397740875e+00
3.196131620086775982e+00
3.227256616353650465e+00
3.215785283017997820e+00
3.223999858989479161e+00
3.336822960013006600e+00
3.480772649133009988e+00
3.489005609177638245e+00
3.450985837531014511e+00
3.666827269830261748e+00
4.348006644957892242e+00
4.885610158697606842e+00
4.829564800657599299e+00
4.717316870530178008e+00
4.581995285628258863e+00
4.401358544948021922e+00
4.242485448058189057e+00
4.214116971737777995e+00
4.795232307340391742e+00
5.152579185578787246e+00
5.128582408498078671e+00
4.954501168936263689e+00
4.999396228499803918e+00
5.122276303018088228e+00
5.070019347344711491e+00
4.927527799702106748e+00
4.946104681426930050e+00
4.952214754634615801e+00
4.775115750479385746e+00
4.703030728011652783e+00
4.629097515205287117e+00
4.517732301453041721e+00
4.374611452525463129e+00
4.241965608995528214e+00
4.149821358520997094e+00
4.103753167312733652e+00
4.262681921177859934e+00
4.241229014860772750e+00
3.993409222318336838e+00
3.826644080293438499e+00
3.861237245418045916e+00
3.730720421977006040e+00
3.773384230436495290e+00
3.786891894437404815e+00
3.735107332854576079e+00
3.767680094279075576e+00
3.766391834963915830e+00
3.668467524175486716e+00
3.715410423632171444e+00
3.700156251145190200e+00
3.613164806861060896e+00
3.585485416423520810e+00
3.703834970197998899e+00
3.616473034250663243e+00
3.613182500837393007e+00
3.554638580497806455e+00
3.602085862453557219e+00
3.509672793880030728e+00
3.336203080211041172e+00
3.330687434348249099e+00
3.285350376954186302e+00
3.290428387295489809e+00
3.282384449941956106e+00
3.141942982004684026e+00
3.092594331519122441e+00
3.057636018684567691e+00
2.960788970410505705e+00
2.942111560855097618e+00
2.911060431128352999e+00
2.864907483055316728e+00
2.820472777428815636e+00
2.795063748403824100e+00
2.784046313558765195e+00
2.818578015558245387e+00
2.873950053654514392e+00
2.824069468204569500e+00
2.762143659441928634e+00
2.572843516506437833e+00
2.517467261125624578e+00
2.400676438886967023e+00
2.349382376305022113e+00
2.233228716616551868e+00
2.046811857298901582e+00
2.127315720691879797e+00
2.204042287745715978e+00
2.070284590495893973e+00
2.137267247583206853e+00
2.059501872621992469e+00
2.081264988184264642e+00
2.108253955734266771e+00
2.145767758338346098e+00
2.269485944472259042e+00
2.470842588019050545e+00
2.671226046863262926e+00
2.752062832842732565e+00
2.748862274648048221e+00
2.807549686803648026e+00
2.785343520776547344e+00
2.805596889365121527e+00
2.846627893280140320e+00
2.862466738492589258e+00
3.085252078208794657e+00
3.382760715361747828e+00
3.558074794646145289e+00
3.617817661753442771e+00
3.709315589682875114e+00
3.869739012832947189e+00
3.960831187193820213e+00
3.961407938609115664e+00
4.052003527502209046e+00
4.239165058311170853e+00
4.379157490353313698e+00
4.479829893153010723e+00
4.429082895064123448e+00
4.626025205672521956e+00
4.635586655910162612e+00
4.670588373955554040e+00
4.781031997043704962e+00
4.843956831495772164e+00
4.809809941409287859e+00
4.676815076595080001e+00
4.501564629443888244e+00
4.360270655492993086e+00
4.465683699529481743e+00
4.239601277430153914e+00
4.979624446799863158e+00
5.078612477403559033e+00
5.564610783098102864e+00
6.406392171787627099e+00
6.893264541588965066e+00
7.034544351728570177e+00
6.680754559139677973e+00
6.560509703258149194e+00
6.510490172885272209e+00
6.115533973978767079e+00
5.747001515668447524e+00
5.530286475864024887e+00
5.354437624095307768e+00
5.286865797825847757e+00
5.302409333789769086e+00
5.161320054950072844e+00
5.037094210889184964e+00
4.964253952163175221e+00
4.731537556481337781e+00
4.546378733710120024e+00
4.564894976733883780e+00
4.489114778726775334e+00
4.456257432958290465e+00
4.525720657222057852e+00
4.876694743668881671e+00
7.466399901376648884e+00
7.144231732985346639e+00
7.193456744183415630e+00
6.889587648300361522e+00
6.714919855212944100e+00
6.572029440907178000e+00
6.461638306643544993e+00
6.426989877057714295e+00
6.166670072767090893e+00
5.850600337109956861e+00
5.746826129021620488e+00
5.764351560304923794e+00
5.464691542199902052e+00
5.423567573548648824e+00
5.464226023679629840e+00
5.469888595823653610e+00
5.306334859495594358e+00
5.084029664181101360e+00
4.862033756999498024e+00
4.708668146312099623e+00
4.665124542831746268e+00
4.516087657323358151e+00
4.511622588024269298e+00
5.076476022133453725e+00
5.726052126046013768e+00
5.703309368346454633e+00
6.039657204452759665e+00
6.766962588661646905e+00
7.095926288896137635e+00
7.178422937789525449e+00
7.022985756622972531e+00
6.892350262630318802e+00
6.761298522194183924e+00
6.595788351881760825e+00
6.395894372164345754e+00
6.286940940657658849e+00
6.018851493630240412e+00
5.884430701367955763e+00
5.757875420493380858e+00
5.631247148151616422e+00
5.431539750392951227e+00
5.496631841699833210e+00
5.271643098874760902e+00
5.073568836900906653e+00
5.044120336072774435e+00
5.138459805171959438e+00
5.575898011745977101e+00
5.550558961819456627e+00
5.681655553803771852e+00
5.449516658817818104e+00
5.229681752158944263e+00
5.115797438220434756e+00
5.035456128368614337e+00
4.876176091391076994e+00
4.782294623761930374e+00
5.080461170406813665e+00
7.074880654671090952e+00
7.601709651736620721e+00
7.438582852496779196e+00
7.228960844863255630e+00
6.958701950213409759e+00
6.739377522359568218e+00
6.385120942887485995e+00
6.169661626935270426e+00
5.861109371159172632e+00
6.284028456786550088e+00
7.006812056624250218e+00
7.197045214100427302e+00
7.096157278415673453e+00
7.023038995458319889e+00
6.824296910375078795e+00
6.475765706472742522e+00
6.288921522092300265e+00
6.040888151990849053e+00
5.943980841347035415e+00
5.843570276985816214e+00
5.641922627534706969e+00
5.398657303748614744e+00
5.635770365643690383e+00
9.384475612056080607e+00
1.135394792852472889e+01
1.130938869941638991e+01
1.021237076948137101e+01
9.665343091258058905e+00
9.400422114604477741e+00
9.350467962403321565e+00
9.600594647659779213e+00
9.524172572166014206e+00
9.185246134854899935e+00
8.907361671301705641e+00
8.523373047039939365e+00
8.329952509554786388e+00
7.989623570817064646e+00
7.921253865043837550e+00
7.656260910133551256e+00
7.394269843882502968e+00
7.055035216890049199e+00
6.670055559539422418e+00
6.267249809645491609e+00
6.012472610962954711e+00
5.671357440778260539e+00
5.496381426777113610e+00
5.475424299892869051e+00
5.405538694078671824e+00
5.521004227074508108e+00
5.957063613162731031e+00
6.026284545054757302e+00
5.780116564145174607e+00
5.773799754222080693e+00
5.583553617579688044e+00
5.268647327431050797e+00
5.133376704032260207e+00
4.851556498817264362e+00
4.759317017681810036e+00
4.662077545071234397e+00
4.628312094889649231e+00
4.613888139165386093e+00
4.627975606930812447e+00
4.575023964851579805e+00
4.516202335630109310e+00
4.624649274211178884e+00
4.550325462586627623e+00
4.404797897887640978e+00
4.279847569061419499e+00
4.244136540797939006e+00
4.272957713245258304e+00
4.328776919804743883e+00
4.233988266552525914e+00
4.222750394062160240e+00
4.294580561327150825e+00
4.282376004159652361e+00
4.301339543461022430e+00
4.519852657115064787e+00
4.385869348268647272e+00
4.243623901024888845e+00
4.160690640664275186e+00
4.112842508626055604e+00
4.014205713760932603e+00
3.818706195433226647e+00
3.707360934894031956e+00
3.628017524662443538e+00
3.529516117460413938e+00
3.484691591501950736e+00
3.337328632488817171e+00
3.410415833063263680e+00
3.342063392082231132e+00
3.354561967285060398e+00
3.239373839115379461e+00
3.291707361182357516e+00
3.381120100206088885e+00
3.388917349096900011e+00
3.338774248864303740e+00
3.345467899712284421e+00
3.339464396225793497e+00
3.332726854165589891e+00
3.345022184185818759e+00
3.311674386817269777e+00
3.242305878107958783e+00
3.289873526619569333e+00
3.257863348045551000e+00
3.270006695760365290e+00
3.229514515139584763e+00
3.178939964958417352e+00
3.257403672007065154e+00
3.240860719887874719e+00
3.306375626972439363e+00
3.313170010573669888e+00
3.195813351608518982e+00
3.170813444828857186e+00
3.112958443928903307e+00
3.133743229340266279e+00
3.126052882536991095e+00
3.168109181645435868e+00
3.143518916021300846e+00
3.104541152016508043e+00
3.064278028464051840e+00
3.106678804210093237e+00
3.140841667796109959e+00
3.229910627818180835e+00
3.202879710270004399e+00
3.192154260796422172e+00
3.183250055248305177e+00
3.149198847727212147e+00
3.055629191960218094e+00
3.044258632876689852e+00
3.085078857866316859e+00
3.091396630718844740e+00
3.068015608947963990e+00
2.998882200730223158e+00
2.993897141132638051e+00
2.885540387180105526e+00
2.885759738501826099e+00
2.849286816983917170e+00
2.870349317022609092e+00
2.789499319480398754e+00
2.731188323418836550e+00
2.654893884049185360e+00
2.534015112619209642e+00
2.515370871823912502e+00
2.401020579370713115e+00
2.354514904571735734e+00
2.329985291588659191e+00
2.301336060654828319e+00
2.325344568955240998e+00
2.329104321321209259e+00
2.359033841784061725e+00
2.351066184035053741e+00
2.345435581227344191e+00
2.307426898248267300e+00
2.364015465354330825e+00
2.405934233409491974e+00
2.404543792987788642e+00
2.401617887489492009e+00
2.363758489214062841e+00
2.340321028841390039e+00
2.352331462508918669e+00
2.430239225778968670e+00
2.348866216633112458e+00
2.413474062877383197e+00
2.435165467441408271e+00
2.404880238868517761e+00
2.381719437349930857e+00
2.468121750572382478e+00
2.586630349346286106e+00
2.637379329325745925e+00
2.702854310415126804e+00
2.802755114561427785e+00
2.874023717408104250e+00
2.973024971763066571e+00
2.979769731721637616e+00
3.077202458373071270e+00
3.346101170117226076e+00
3.626744719653482996e+00
3.682762595419874607e+00
3.702832488549612222e+00
3.700057298867355904e+00
3.625600689255557008e+00
3.535052069874397240e+00
3.439925666583914854e+00
3.322417271263682803e+00
3.314240113120079378e+00
3.399214786185422277e+00
3.739879894229898305e+00
3.963814601925687242e+00
3.946060586172278395e+00
3.914210508693972024e+00
3.801356402785967425e+00
3.727779573617157283e+00
3.608738183283194623e+00
3.477078374751036982e+00
3.676626468026577665e+00
3.434311302173691516e+00
3.380197570872871093e+00
3.345171420720929767e+00
3.367352432597180201e+00
3.331388584305265965e+00
3.335134886936193865e+00
3.320092380792399211e+00
3.334231821636424620e+00
3.494030755106788177e+00
3.447731157192034601e+00
3.380674409927844071e+00
3.391877062803674292e+00
3.379108135341081010e+00
3.340419279413804343e+00
3.309582318865217143e+00
3.422628020746789623e+00
4.293125744575161384e+00
5.035614481151096555e+00
5.240461006362958862e+00
5.298707294915933730e+00
5.317020874710128631e+00
5.341986003256813831e+00
5.417969115451784390e+00
5.519555637610435106e+00
5.407628623712781746e+00
5.505836623083107284e+00
5.415941027911656214e+00
5.421299447501662705e+00
5.522409195109513114e+00
5.809500476290471838e+00
6.149483538875736066e+00
6.055272185527035056e+00
6.064372441420171178e+00
6.200013778535351960e+00
6.274229244294247110e+00
6.199962046750560063e+00
6.219495762293642649e+00
6.108635250751574652e+00
6.200975434327502533e+00
6.142870205585663435e+00
5.985409049416272609e+00
6.027697382873643761e+00
5.940541930903451728e+00
5.755757392774668801e+00
5.674743871253858707e+00
5.525868855183691863e+00
5.529961666472780202e+00
5.374459637261161049e+00
5.289446179262712988e+00
5.212213920981541015e+00
5.197510889924742195e+00
5.085183722975495257e+00
4.940170284646726806e+00
4.851617735730391345e+00
4.672878996621718350e+00
4.434918352469728653e+00
4.271514217819405879e+00
4.151224176221541384e+00
4.123480732341506361e+00
4.017175497103597337e+00
4.031468056270685274e+00
3.999155398648102544e+00
3.954928242931051052e+00
3.943518225847401304e+00
3.908468582965943128e+00
5.485243452888042270e+00
1.065819811622792201e+01
1.090141667400773429e+01
1.086976985519716798e+01
1.066230582910123736e+01
1.081202603935605211e+01
1.104247947620938319e+01
1.161514985484133433e+01
1.182583389271760055e+01
1.191367784042005162e+01
1.215952881830472876e+01
1.253522920143105068e+01
1.273515954758861923e+01
1.257908627832689952e+01
1.250341974917199828e+01
1.238514146660223147e+01
1.217174857159584178e+01
1.212858171865352475e+01
1.198370524698595219e+01
1.178901119812613629e+01
1.140256793081011111e+01
1.124172955820530717e+01
1.151777592238671666e+01
1.180634114866272100e+01
1.180166488798544933e+01
1.187967402695665164e+01
1.182492781707240681e+01
1.142268487657455012e+01
1.122523460614315205e+01
1.110476596513983694e+01
1.076974686404870951e+01
1.059044517442820599e+01
1.023731797251541664e+01
9.802355204551265189e+00
9.211641241025994020e+00
8.705862399123949658e+00
8.194421864940400368e+00
7.972727152066427792e+00
7.768163061248914758e+00
7.546128195848852194e+00
7.338557154396376347e+00
7.168472564839980521e+00
6.888480325287183348e+00
6.724657539651685667e+00
6.559867305063372456e+00
6.556083927203760098e+00
6.520031592703853462e+00
6.336219982713663157e+00
6.245833520422864993e+00
6.301609920438265178e+00
6.106276622791067865e+00
5.989135312581479909e+00
5.961441163107324748e+00
5.886489594956616500e+00
5.787593700624294790e+00
5.668532044170190964e+00
5.641530079891928118e+00
5.618313275602455192e+00
5.589569501506606031e+00
5.572957334253210604e+00
5.484617620331380117e+00
5.485545629124032985e+00
5.592927183059898333e+00
5.557010946499710613e+00
5.483988415049182663e+00
5.567358932230077606e+00
5.671236469398674096e+00
5.707703836003575226e+00
5.631723544854628116e+00
5.568500696030808328e+00
5.417846243630909164e+00
5.421402826174150036e+00
5.898991720927399207e+00
6.325640559918774386e+00
6.487272364413090742e+00
6.356110378243800874e+00
6.303194680242622638e+00
6.206079660276905052e+00
6.264890452748577587e+00
6.396801352280821362e+00
6.249093133292864977e+00
6.268034438722160040e+00
6.189636430376332932e+00
6.023426218652256026e+00
5.926529749909811073e+00
5.781346036258590892e+00
5.647012866809888898e+00
5.467090741236455109e+00
5.355080816411767586e+00
5.290806949452831809e+00
5.101464599781460052e+00
5.063679446663753581e+00
4.970821533060999720e+00
4.515048036945228382e+00
4.496610208435714462e+00
4.452997163077901277e+00
4.679601920251553082e+00
4.656583612015134932e+00
4.580662761678730099e+00
4.502953004319585339e+00
4.423266656476630310e+00
4.396132400040401400e+00
4.283908762033902917e+00
4.301543347063581990e+00
4.272347128279953665e+00
4.218206615375610369e+00
4.218471957197645672e+00
4.122618599323708999e+00
4.092573983929309378e+00
4.138593088811481024e+00
4.048907737850640842e+00
4.053814598799055702e+00
4.065772197661310372e+00
3.978424636034004092e+00
4.026100519951421930e+00
3.982153289981250843e+00
3.880904805125999779e+00
3.947534864915819952e+00
3.928790659297281884e+00
3.797534154146521956e+00
3.794357422610341146e+00
3.776095048520955011e+00
3.768485478286919488e+00
3.814825093753852148e+00
3.930393150356354504e+00
3.993377641496229646e+00
4.102209955819970943e+00
3.972483503897996648e+00
3.970630439780455490e+00
3.936458029502516442e+00
3.845976163873928932e+00
3.834596894305615677e+00
3.862249375776813487e+00
3.717563896878653296e+00
3.705498964493196823e+00
3.627074844913829477e+00
3.514189094566244620e+00
3.518380591325292350e+00
3.510940722599655395e+00
3.499321575541281426e+00
3.452177814834942460e+00
3.453228392923625378e+00
3.438776539509931229e+00
3.586370451390369141e+00
3.526288480422659077e+00
3.424492159241499856e+00
3.506384980904282855e+00
3.579994303595234406e+00
3.640214139517380154e+00
3.936990357413638897e+00
3.983953784118269059e+00
4.027846032115719233e+00
4.061827465761290945e+00
4.097535497163381280e+00
4.185101169256185472e+00
4.180966497726872788e+00
4.254801622459819299e+00
4.234663324922042449e+00
4.503031731233269497e+00
4.738571339401451255e+00
4.621079617732159583e+00
4.539429582432846999e+00
4.454543338087712634e+00
4.199308407346153516e+00
4.110457951274700150e+00
3.980255709763190985e+00
4.125023308120882248e+00
4.136018376404262398e+00
4.199870668090537329e+00
4.277905322362386187e+00
4.431418397261051467e+00
4.531385845844035920e+00
4.726915183105194096e+00
4.930204928676660714e+00
4.548032889415262403e+00
4.472894765337900758e+00
4.366521328283075931e+00
4.252920876944996209e+00
4.217925589067873737e+00
4.176849797456100077e+00
5.302685319832145971e+00
6.082058668271649537e+00
5.894568816416910551e+00
5.871342390180259940e+00
5.732424342614255153e+00
5.678623626980086492e+00
5.396104972390189936e+00
5.169276307604276255e+00
5.023253058657842551e+00
4.942280937701815091e+00
4.898442969801288349e+00
4.658220669138170678e+00
4.568526211986683627e+00
4.557464186874255141e+00
4.517969745465618914e+00
4.398048965471885730e+00
4.405249208337497890e+00
4.150048840461634470e+00
4.118292599117449271e+00
4.020649832978652860e+00
3.917480490358626888e+00
3.887937573908033517e+00
4.038163654378672085e+00
4.201353197242720938e+00
4.119009778910748487e+00
3.943386459496329266e+00
3.883905185303934360e+00
3.758001781722637880e+00
3.780433425922554491e+00
3.698468805303598117e+00
3.643708693792302888e+00
3.575003347881574367e+00
3.439813787194506034e+00
3.323781122582710523e+00
3.203803513822007787e+00
3.156612078657502707e+00
3.087162883647605938e+00
3.071097549756832024e+00
3.030243314983314118e+00
2.974343150804943825e+00
2.997574315801388778e+00
3.025723766750315846e+00
3.069115686454863212e+00
3.052173482774148905e+00
3.051841419711047276e+00
2.991109494626607912e+00
2.907493108889851907e+00
2.820863247003636332e+00
2.810003239617597792e+00
2.839853829486894021e+00
2.824586677830165371e+00
2.805188058919086735e+00
2.766895702293866499e+00
2.775368253139022467e+00
2.707066650161276122e+00
2.639310044046984327e+00
2.646236343832543358e+00
2.548947303580828549e+00
2.510878664110777869e+00
2.375379934457671371e+00
2.253030089453416540e+00
2.271809746191562063e+00
2.208414513690962089e+00
2.243433033591275105e+00
2.283348965847539880e+00
2.564284595865554017e+00
3.000247215756406405e+00
2.972618966278129271e+00
3.095055950629517216e+00
3.141611260071685230e+00
3.116143760485742931e+00
3.059588364450498865e+00
3.064243648468084391e+00
3.086494849947277075e+00
2.994700453244292682e+00
2.931529564135513688e+00
2.815247980076532208e+00
2.647519797034120881e+00
2.535063487082306111e+00
2.519378379435178505e+00
2.496900572860256684e+00
2.548826656212525688e+00
2.627329658197254503e+00
2.736374502875888570e+00
2.782228442660959367e+00
2.837589495890201263e+00
2.823361700725549817e+00
2.785526376265794912e+00
2.731139151898751560e+00
2.726336265792089097e+00
2.840234615251230554e+00
2.887553885701230172e+00
2.952825905285496155e+00
3.137923395499110590e+00
3.264961499757232488e+00
3.356782875221943740e+00
3.610701583953358274e+00
3.989001570763962334e+00
3.783707280670908446e+00
4.092490013125270387e+00
4.553429067431125077e+00
4.904305651259794452e+00
4.916458449968492239e+00
5.133660571927014971e+00
5.432426294387386001e+00
5.901303204928730395e+00
7.446683950482979597e+00
8.223559284492669263e+00
9.251569616480825431e+00
9.164283512978592228e+00
8.883821371473349160e+00
8.614200839415769195e+00
8.443596994151395307e+00
8.173111717662425946e+00
7.850227701801294700e+00
7.758383903425764672e+00
7.487994933632982963e+00
7.182479832376005291e+00
6.830576119644089061e+00
6.642264046400785382e+00
6.378600036313340382e+00
6.082546682536404958e+00
5.966576044107674726e+00
5.889205153150429695e+00
5.819502746500314849e+00
5.550851692217850797e+00
5.337584299002783084e+00
5.297704334831351503e+00
5.262770345825923179e+00
5.116306880670277835e+00
4.927856833308613460e+00
4.817931538814195669e+00
4.759713609254478506e+00
4.665069524559139147e+00
4.725954680292349330e+00
4.740491327044513703e+00
4.765509269063319842e+00
4.813166564121740265e+00
4.776494097309279319e+00
4.739453783649740792e+00
4.792310117472136533e+00
5.050592036232270488e+00
5.274795039294326138e+00
5.483210577494508797e+00
5.579170849493656270e+00
5.634274321259422180e+00
5.671887576981985646e+00
6.096522127961989668e+00
6.106359189236966856e+00
6.013575433552703409e+00
5.932838916329790102e+00
5.679477710870776797e+00
5.500598541127776464e+00
5.271486667138651327e+00
5.061210406966109687e+00
4.899058644056936807e+00
4.818399001840449891e+00
4.686803586446114167e+00
4.581002078526146271e+00
4.643201032885461821e+00
4.573123748794540866e+00
4.517157449399458180e+00
4.541663675007152179e+00
4.509446186788360400e+00
4.414730861034850129e+00
4.213344984665288173e+00
4.202903923503799710e+00
4.142833555611652230e+00
4.229352216350290128e+00
4.829710351980882166e+00
4.807557545265106036e+00
4.900322556537055618e+00
5.672691893020694209e+00
5.795362477740491514e+00
5.736822704022644714e+00
5.868335167759600957e+00
6.305658307787185279e+00
9.121457792428135036e+00
1.111279795610047749e+01
1.059580643104766295e+01
1.050348005148548225e+01
1.045824420489343431e+01
1.049212489463534936e+01
1.037249719086768174e+01
1.035433460183234011e+01
1.005194498930154268e+01
9.759740622526095422e+00
9.473870355573197344e+00
9.095588588725812329e+00
8.934075279025160299e+00
8.663848658438316974e+00
8.492581547530249964e+00
8.340085360157686978e+00
8.081801643739989771e+00
7.831173916128316037e+00
7.417724655471820583e+00
7.050959779659439874e+00
6.810572401305629242e+00
6.431531145059128818e+00
6.290474595944091085e+00
6.068751787023995092e+00
5.894400801109410892e+00
5.638008759051987617e+00
5.401794699971778968e+00
5.220930349161453599e+00
5.106828063467640177e+00
5.041300652504423496e+00
4.975921418762694337e+00
5.130627245736851805e+00
5.042052750056653210e+00
5.023277542480277802e+00
5.061302929867219191e+00
5.457894743611187316e+00
5.339912406911675902e+00
5.221178183821741925e+00
5.104878043537996568e+00
4.955468264518972710e+00
4.842463534175695195e+00
4.570820667801764436e+00
4.346669552463104935e+00
4.184955448130216915e+00
4.013830128622496218e+00
3.784453926219960351e+00
3.703367804736735103e+00
3.676514121403838598e+00
3.565894474609591747e+00
3.515862447563147253e+00
3.446204648293181627e+00
3.282763207841024489e+00
3.180557614810857636e+00
3.124366510642413886e+00
3.066178997863580058e+00
3.067414909101013887e+00
3.169420681474118151e+00
3.271592708087033508e+00
3.354324046919356483e+00
3.341327061400371612e+00
3.322542241700362275e+00
3.241551378883565704e+00
3.154434495411257977e+00
3.208119502865414141e+00
3.175131672575232766e+00
3.126883261965658800e+00
3.142898507888181481e+00
3.211873142766738631e+00
3.262452765861091564e+00
3.259547856502126528e+00
3.316099027163572188e+00
3.301055909739501359e+00
3.244878882305686219e+00
3.324796959931895390e+00
3.319460444376148178e+00
3.222379528924942171e+00
3.152636605955255078e+00
3.162051783805107874e+00
3.187827388622451963e+00
3.230989616690586708e+00
3.525921685708122588e+00
3.578460376411096266e+00
3.550635906242313400e+00
3.441300722134384316e+00
3.423414700099181029e+00
3.713045176137302228e+00
5.249806507352743346e+00
5.389171753708598800e+00
5.265270203485441058e+00
4.991881883997767666e+00
4.497466802799591434e+00
4.222091975521641061e+00
4.005793066542715941e+00
3.786772159041679409e+00
3.666871683577953789e+00
3.510597741728006760e+00
3.416317900743833569e+00
3.337945151451427339e+00
3.250193646055298480e+00
3.154971161550745418e+00
3.131430126017318294e+00
3.088506042703033305e+00
3.185848533166341312e+00
3.334721735315641311e+00
3.375767394816627132e+00
3.393528296601719063e+00
3.827653466399244309e+00
6.183810281819569710e+00
6.549581318344507963e+00
6.583188959711081978e+00
6.454824611831478265e+00
6.345749486189769861e+00
6.165711461793925707e+00
6.081104543582915412e+00
6.074749101650041894e+00
6.233237784095604361e+00
6.489749247805089105e+00
6.641900644111059293e+00
6.820939846719431543e+00
6.902591192495392214e+00
6.869115662603369366e+00
7.064091523582605170e+00
7.171358811393648836e+00
7.253332483443853285e+00
7.161977782161596195e+00
7.330611704626933900e+00
7.335281242549015701e+00
7.458682446597762805e+00
7.375507847035223108e+00
7.265910436238045556e+00
7.223406843120161014e+00
6.977676673297796839e+00
6.807486496987637636e+00
6.700958718317109764e+00
6.554279531866874287e+00
6.722205181218005698e+00
6.636260744785783317e+00
6.252889129943977053e+00
5.948328176115778021e+00
5.771588302291958961e+00
5.756370223420395504e+00
5.554092157066380153e+00
5.385780707988192972e+00
5.290259962896299406e+00
5.172628574343300478e+00
5.080721887861123776e+00
5.028425707723595650e+00
4.916472720764996751e+00
4.837852421227509581e+00
5.188784860163789148e+00
6.353389911964403503e+00
6.114832672249255197e+00
5.960828464116884717e+00
5.940363470101938326e+00
5.647602026145959186e+00
5.569282789255465715e+00
5.622676728257830270e+00
5.645514584162004468e+00
5.499988840052826511e+00
5.397531491687306726e+00
5.618150715469401035e+00
7.692601728736994104e+00
8.341567758544428557e+00
8.536757358715243882e+00
9.081819237345140294e+00
9.317939526047027243e+00
9.157752893613315237e+00
8.978416089709472914e+00
8.892335110937990450e+00
8.699363708710098564e+00
8.609435684344710182e+00
8.561442320755721980e+00
8.347653405981105834e+00
8.118432948489608947e+00
7.959054980588803119e+00
7.841734830948881019e+00
7.699130668472989214e+00
7.405990757937656710e+00
7.092769968499988309e+00
6.823751036487697874e+00
6.653493367467292252e+00
6.339610592489458796e+00
6.079095626547812437e+00
5.881012577112930018e+00
5.695833722259674659e+00
5.570328838131581861e+00
5.484113307936071990e+00
5.364965660154449090e+00
5.379063335527223266e+00
5.139043731829211481e+00
4.988596831623279826e+00
4.771008109702886912e+00
4.698626836450606525e+00
6.814984742472487866e+00
8.330304727597081182e+00
8.878340585849604949e+00
8.850230429665355558e+00
8.998298898905783716e+00
8.944886181140951464e+00
8.704034976926394052e+00
8.517768742010261462e+00
8.411462438523415130e+00
8.220692877517947750e+00
8.301780569877687199e+00
8.325832629735694823e+00
8.255737275190817570e+00
7.980512555880238779e+00
7.648286568847490585e+00
7.424063231351649250e+00
7.718234288326332404e+00
8.048302759349803992e+00
9.451673949827117838e+00
9.557683397449348917e+00
9.428720972766132746e+00
9.158153055144003574e+00
9.156341440886123451e+00
9.158679456148369979e+00
9.014674293244627989e+00
8.821997255125900494e+00
8.839328762395599171e+00
9.003843303636644535e+00
8.970234135496976791e+00
8.928130241496933905e+00
8.704407083180520033e+00
8.717678637678401898e+00
8.662912562524796911e+00
8.843468656453682186e+00
8.694322153588517565e+00
8.645858897375173768e+00
8.495189667336353168e+00
8.408667512125227006e+00
8.103123124531279586e+00
8.045111008634910021e+00
8.021366587914739554e+00
7.845657047057108535e+00
7.627352003019965743e+00
7.395785238139999329e+00
7.204823889796806213e+00
7.013059034612746601e+00
6.750983240357727233e+00
6.512833619309426503e+00
6.544680393140344776e+00
6.595001617163328334e+00
6.475910836030334572e+00
6.386489217181675393e+00
6.310172966174340203e+00
6.332408277855867240e+00
6.307074752255206640e+00
6.036157077466081766e+00
5.801349159260306365e+00
5.455977938422505780e+00
5.439569376545764889e+00
5.368045699017023331e+00
5.299485942714273534e+00
5.170676135151115460e+00
5.408466697040654303e+00
5.717632148954550964e+00
5.522311950812047066e+00
5.356537750755126837e+00
5.380025248612430033e+00
5.324453393934468259e+00
5.283442928947554407e+00
5.109262686417539001e+00
4.973928690378479622e+00
4.829580425969839830e+00
4.927008243488579353e+00
4.862247466842358534e+00
4.688667153984267699e+00
4.592538135241429842e+00
4.510736202726707944e+00
4.498715595379586318e+00
4.406657456365770997e+00
4.296036383750378995e+00
4.478127903712741720e+00
4.555279562640099478e+00
4.470659496721003379e+00
4.473971449441169312e+00
4.518253123769657265e+00
4.493247886595506557e+00
4.329423972502482343e+00
4.305644066284041394e+00
4.328773412666283349e+00
4.241190951220795036e+00
4.182619295014848859e+00
4.231084020432811066e+00
4.300243582740313819e+00
4.293388572879504039e+00
4.438785459221473495e+00
4.515565947536622993e+00
4.680983701290510446e+00
4.911033356315000376e+00
5.060003686108247578e+00
5.107267254067073381e+00
5.014279299107092136e+00
5.985973096799403592e+00
6.624395181210417149e+00
6.611220100989868342e+00
6.973289039304463088e+00
7.427034709506576959e+00
7.292465696203631609e+00
7.205495829746311642e+00
7.065245185025517571e+00
6.841110617851420272e+00
6.566072824081245152e+00
6.297926751266627932e+00
6.140698349670110190e+00
6.033893948905713067e+00
5.866672376650792664e+00
5.691387448165433405e+00
5.401367214279511941e+00
5.365377433660882822e+00
5.248629510796949837e+00
5.162921600894897267e+00
5.190364526624472674e+00
6.327625794842573370e+00
6.794850566277302661e+00
6.927487411863556765e+00
7.656561448035338557e+00
9.707234734771734708e+00
1.024083979137408207e+01
1.034613591246387720e+01
1.023520666670679091e+01
1.034919709752880657e+01
9.975988409079011632e+00
9.728113615205153053e+00
9.678806176297545250e+00
9.226382278885555621e+00
9.130276972731001806e+00
9.114331002274955296e+00
9.176165852195939721e+00
8.997101919000797920e+00
8.705379112251611318e+00
8.754121487228532672e+00
8.723428131101712779e+00
8.600914764195767503e+00
8.389720490873946446e+00
8.369678085008120050e+00
8.507978759971082994e+00
8.332760035502003504e+00
8.103319390336093164e+00
7.973400650650521726e+00
7.825499565574087768e+00
7.708079379059050495e+00
7.424490372995132148e+00
7.284915914317045882e+00
7.398666948350727246e+00
7.356670471527458233e+00
6.986132132044103216e+00
6.515285254583878860e+00
6.205396330078650990e+00
6.040253609250829214e+00
5.873163226086276723e+00
5.928550082049920178e+00
5.806619664032107941e+00
5.600958254648310763e+00
5.543449164110284322e+00
5.428990211537626287e+00
5.302489661654510300e+00
5.222942426289269413e+00
5.114518083000557880e+00
5.000909512571078075e+00
5.043066308813037857e+00
5.016826447697343205e+00
5.035005392373562927e+00
5.080746861693688388e+00
4.996385157205049943e+00
4.838626488502739242e+00
4.627038498196244021e+00
4.515184436127926304e+00
4.397219764927305263e+00
4.317331401199994367e+00
4.253035428698687781e+00
4.137065249284807678e+00
4.019287087539749059e+00
3.990993315844403533e+00
3.977059824908530494e+00
3.980044107501365058e+00
3.981998106887077338e+00
3.810151074794609904e+00
3.732033562535874260e+00
3.719773397531658254e+00
3.718065598418816897e+00
3.609023468877973428e+00
3.576769977528020839e+00
3.593193783443729750e+00
3.644419148421191412e+00
3.651027197399396851e+00
3.582828889737605493e+00
3.591415022816092595e+00
3.509367299750672409e+00
3.408699525463924296e+00
3.327177530622555057e+00
3.377472113607500326e+00
3.550509793133255876e+00
3.721909616839703006e+00
3.516567160214865595e+00
3.460700328133230919e+00
3.376048986319707623e+00
3.267844972080969690e+00
3.243459679685911645e+00
3.211540737146588498e+00
3.108390841216616352e+00
3.151966820223841559e+00
3.124094764828083903e+00
3.028427047604139943e+00
2.977383753651771325e+00
2.895218190717976370e+00
2.861735176563624972e+00
2.794878319354440421e+00
2.782540827741144973e+00
2.704709713132950277e+00
2.655605328120632436e+00
2.656886266831229637e+00
2.634090538096298673e+00
2.595134908521589345e+00
2.607507800148284538e+00
2.648556526265174682e+00
2.773348102350027045e+00
2.807004553558829052e+00
2.821620463461945061e+00
2.760773046120334584e+00
2.774488043511892155e+00
2.780679938651112959e+00
2.835200450946117279e+00
2.780747186464715970e+00
2.784322518026908444e+00
2.877909270666820785e+00
2.972566397265696381e+00
3.019337819607184059e+00
3.279410208868351440e+00
5.037428357215771868e+00
5.177016225416119610e+00
5.024727998915945015e+00
4.880490175317590662e+00
4.708571120976878355e+00
4.636837812078315579e+00
4.660214060713424367e+00
4.804688737372954321e+00
5.563487353868854512e+00
6.057832286833905400e+00
6.451217291608483784e+00
6.719414107068939934e+00
6.595641345393069344e+00
6.356274320100574471e+00
6.129548911075104023e+00
6.139417604655470484e+00
6.074711553991274826e+00
5.916503848978919677e+00
5.840382006139365423e+00
6.082635980111566809e+00
6.918982345539309797e+00
6.842841537094251692e+00
7.040488217156877226e+00
7.343518747709330441e+00
7.508101955782111148e+00
7.720045695390521878e+00
8.158389238204980742e+00
1.084671588107409512e+01
1.160138793817893799e+01
1.172471998362391687e+01
1.195937724638300104e+01
1.198093805455891214e+01
1.199228936848133920e+01
1.182757574974823100e+01
1.136310680867703837e+01
1.091815441728618552e+01
1.037180934702523594e+01
9.764749721273016547e+00
9.233451624120675660e+00
8.748129559938748301e+00
8.419841197427144763e+00
8.104598837502402731e+00
7.969663427627303065e+00
7.805955238615137404e+00
7.715634202684142906e+00
7.405823215722794117e+00
7.111519095869685003e+00
6.919987855836508217e+00
6.714689422221178816e+00
6.442883722954151793e+00
6.174011422066460142e+00
6.000047885951181215e+00
5.867803305084656529e+00
5.673299535021001816e+00
5.455030683245849943e+00
5.293284414282088512e+00
5.200135199553265863e+00
5.082274035242909882e+00
5.010912014323809949e+00
4.950797183070452689e+00
5.048382374732097944e+00
5.021662697782209861e+00
4.815562049608264950e+00
4.751868415490020148e+00
4.756180245129475459e+00
4.683490893359324225e+00
4.436768682115247664e+00
4.217400848119065238e+00
4.123495863304915687e+00
3.993183227705845439e+00
3.760329981637142716e+00
3.691984763641889433e+00
3.695108913885571944e+00
3.700386191835014049e+00
3.644931907186009568e+00
3.690467708603190289e+00
3.627376568596453410e+00
3.697530517752264601e+00
3.675925331314982003e+00
3.665309397777159361e+00
3.599640620827061710e+00
3.554182425977086446e+00
3.556748443831693862e+00
3.509035406811077618e+00
3.404744803654112140e+00
3.414288994959348233e+00
3.329864703565241335e+00
3.321560281098669520e+00
3.223650484622406331e+00
3.147153147980422894e+00
3.093838459800233753e+00
3.125831335871630756e+00
3.083152684419495415e+00
3.058679965617712604e+00
2.969978008963912064e+00
2.906945036072390742e+00
2.911154049705293012e+00
2.921391078844752354e+00
2.906836767478498285e+00
2.848831942738931922e+00
2.806692894334883004e+00
2.804044135331698495e+00
